Performing C++ SOURCE FILE Test COMPILER_SUPPORTS_MEMACCESS failed with the following output:
Change Dir: /Users/jmattiello/Workspace/Provenance/Provenance/Cores/DuckStation/cmake/CMakeFiles/CMakeScratch/TryCompile-ysmEHk

Run Build Command(s):/usr/bin/xcodebuild -project CMAKE_TRY_COMPILE.xcodeproj build -target cmTC_27025 -parallelizeTargets -configuration Debug -hideShellScriptEnvironment && Command line invocation:
    /Applications/Xcode.app/Contents/Developer/usr/bin/xcodebuild -project CMAKE_TRY_COMPILE.xcodeproj build -target cmTC_27025 -parallelizeTargets -configuration Debug -hideShellScriptEnvironment

User defaults from command line:
    HideShellScriptEnvironment = YES
    IDEPackageSupportUseBuiltinSCM = YES

Computing target dependency graph and provisioning inputs

Create build description
Build description signature: 2403696bdd8f2a176332d5d5c7a89433
Build description path: /Users/jmattiello/Workspace/Provenance/Provenance/Cores/DuckStation/cmake/CMakeFiles/CMakeScratch/TryCompile-ysmEHk/build/XCBuildData/2403696bdd8f2a176332d5d5c7a89433-desc.xcbuild

note: Building targets in dependency order
CreateBuildDirectory /Users/jmattiello/Workspace/Provenance/Provenance/Cores/DuckStation/cmake/CMakeFiles/CMakeScratch/TryCompile-ysmEHk/build
    cd /Users/jmattiello/Workspace/Provenance/Provenance/Cores/DuckStation/cmake/CMakeFiles/CMakeScratch/TryCompile-ysmEHk/CMAKE_TRY_COMPILE.xcodeproj
    builtin-create-build-directory /Users/jmattiello/Workspace/Provenance/Provenance/Cores/DuckStation/cmake/CMakeFiles/CMakeScratch/TryCompile-ysmEHk/build

CreateBuildDirectory /Users/jmattiello/Workspace/Provenance/Provenance/Cores/DuckStation/cmake/CMakeFiles/CMakeScratch/TryCompile-ysmEHk/Debug
    cd /Users/jmattiello/Workspace/Provenance/Provenance/Cores/DuckStation/cmake/CMakeFiles/CMakeScratch/TryCompile-ysmEHk/CMAKE_TRY_COMPILE.xcodeproj
    builtin-create-build-directory /Users/jmattiello/Workspace/Provenance/Provenance/Cores/DuckStation/cmake/CMakeFiles/CMakeScratch/TryCompile-ysmEHk/Debug

CreateBuildDirectory /Users/jmattiello/Workspace/Provenance/Provenance/Cores/DuckStation/cmake/CMakeFiles/CMakeScratch/TryCompile-ysmEHk/build/EagerLinkingTBDs
    cd /Users/jmattiello/Workspace/Provenance/Provenance/Cores/DuckStation/cmake/CMakeFiles/CMakeScratch/TryCompile-ysmEHk/CMAKE_TRY_COMPILE.xcodeproj
    builtin-create-build-directory /Users/jmattiello/Workspace/Provenance/Provenance/Cores/DuckStation/cmake/CMakeFiles/CMakeScratch/TryCompile-ysmEHk/build/EagerLinkingTBDs

WriteAuxiliaryFile /Users/jmattiello/Workspace/Provenance/Provenance/Cores/DuckStation/cmake/CMakeFiles/CMakeScratch/TryCompile-ysmEHk/build/cmTC_27025.build/Debug-iphoneos/Objects-normal/arm64/cmTC_27025.LinkFileList (in target 'cmTC_27025' from project 'CMAKE_TRY_COMPILE')
    cd /Users/jmattiello/Workspace/Provenance/Provenance/Cores/DuckStation/cmake/CMakeFiles/CMakeScratch/TryCompile-ysmEHk
    write-file /Users/jmattiello/Workspace/Provenance/Provenance/Cores/DuckStation/cmake/CMakeFiles/CMakeScratch/TryCompile-ysmEHk/build/cmTC_27025.build/Debug-iphoneos/Objects-normal/arm64/cmTC_27025.LinkFileList

CompileC /Users/jmattiello/Workspace/Provenance/Provenance/Cores/DuckStation/cmake/CMakeFiles/CMakeScratch/TryCompile-ysmEHk/build/cmTC_27025.build/Debug-iphoneos/Objects-normal/arm64/src.o /Users/jmattiello/Workspace/Provenance/Provenance/Cores/DuckStation/cmake/CMakeFiles/CMakeScratch/TryCompile-ysmEHk/src.cxx normal arm64 c++ com.apple.compilers.llvm.clang.1_0.compiler (in target 'cmTC_27025' from project 'CMAKE_TRY_COMPILE')
    cd /Users/jmattiello/Workspace/Provenance/Provenance/Cores/DuckStation/cmake/CMakeFiles/CMakeScratch/TryCompile-ysmEHk
    /Applications/Xcode.app/Contents/Developer/Toolchains/XcodeDefault.xctoolchain/usr/bin/clang -x c++ -target arm64-apple-ios13.0 -fmessage-length\=0 -fdiagnostics-show-note-include-stack -fmacro-backtrace-limit\=0 -Wno-trigraphs -fpascal-strings -O0 -Wno-missing-field-initializers -Wno-missing-prototypes -Wno-return-type -Wno-non-virtual-dtor -Wno-overloaded-virtual -Wno-exit-time-destructors -Wno-missing-braces -Wparentheses -Wswitch -Wno-unused-function -Wno-unused-label -Wno-unused-parameter -Wno-unused-variable -Wunused-value -Wno-empty-body -Wno-uninitialized -Wno-unknown-pragmas -Wno-shadow -Wno-four-char-constants -Wno-conversion -Wno-constant-conversion -Wno-int-conversion -Wno-bool-conversion -Wno-enum-conversion -Wno-float-conversion -Wno-non-literal-null-conversion -Wno-objc-literal-conversion -Wshorten-64-to-32 -Wno-newline-eof -Wno-c++11-extensions -Wno-implicit-fallthrough -DCMAKE_INTDIR\=\"Debug-iphoneos\" -DCOMPILER_SUPPORTS_MEMACCESS -isysroot /Applications/Xcode.app/Contents/Developer/Platforms/iPhoneOS.platform/Developer/SDKs/iPhoneOS16.2.sdk -fstrict-aliasing -Wdeprecated-declarations -Winvalid-offsetof -g -Wno-sign-conversion -Wno-infinite-recursion -Wno-move -Wno-comma -Wno-block-capture-autoreleasing -Wno-strict-prototypes -Wno-range-loop-analysis -Wno-semicolon-before-method-body -I/Users/jmattiello/Workspace/Provenance/Provenance/Cores/DuckStation/cmake/CMakeFiles/CMakeScratch/TryCompile-ysmEHk/Debug/include -I/Users/jmattiello/Workspace/Provenance/Provenance/Cores/DuckStation/cmake/CMakeFiles/CMakeScratch/TryCompile-ysmEHk/build/cmTC_27025.build/Debug-iphoneos/DerivedSources-normal/arm64 -I/Users/jmattiello/Workspace/Provenance/Provenance/Cores/DuckStation/cmake/CMakeFiles/CMakeScratch/TryCompile-ysmEHk/build/cmTC_27025.build/Debug-iphoneos/DerivedSources/arm64 -I/Users/jmattiello/Workspace/Provenance/Provenance/Cores/DuckStation/cmake/CMakeFiles/CMakeScratch/TryCompile-ysmEHk/build/cmTC_27025.build/Debug-iphoneos/DerivedSources -F/Users/jmattiello/Workspace/Provenance/Provenance/Cores/DuckStation/cmake/CMakeFiles/CMakeScratch/TryCompile-ysmEHk/Debug -Wall -Wno-switch -D_DEBUG -std\=gnu++17 -Werror -Wno-class-memaccess -MMD -MT dependencies -MF /Users/jmattiello/Workspace/Provenance/Provenance/Cores/DuckStation/cmake/CMakeFiles/CMakeScratch/TryCompile-ysmEHk/build/cmTC_27025.build/Debug-iphoneos/Objects-normal/arm64/src.d --serialize-diagnostics /Users/jmattiello/Workspace/Provenance/Provenance/Cores/DuckStation/cmake/CMakeFiles/CMakeScratch/TryCompile-ysmEHk/build/cmTC_27025.build/Debug-iphoneos/Objects-normal/arm64/src.dia -c /Users/jmattiello/Workspace/Provenance/Provenance/Cores/DuckStation/cmake/CMakeFiles/CMakeScratch/TryCompile-ysmEHk/src.cxx -o /Users/jmattiello/Workspace/Provenance/Provenance/Cores/DuckStation/cmake/CMakeFiles/CMakeScratch/TryCompile-ysmEHk/build/cmTC_27025.build/Debug-iphoneos/Objects-normal/arm64/src.o
error: unknown warning option '-Wno-class-memaccess'; did you mean '-Wno-class-varargs'? [-Werror,-Wunknown-warning-option]
/Users/jmattiello/Workspace/Provenance/Provenance/Cores/DuckStation/cmake/CMakeFiles/CMakeScratch/TryCompile-ysmEHk/build/cmTC_27025.build/Debug-iphoneos/Objects-normal/arm64/src.dia:1:1: warning: Could not read serialized diagnostics file: error("Failed to open diagnostics file") (in target 'cmTC_27025' from project 'CMAKE_TRY_COMPILE')
Command CompileC failed with a nonzero exit code

** BUILD FAILED **


The following build commands failed:
	CompileC /Users/jmattiello/Workspace/Provenance/Provenance/Cores/DuckStation/cmake/CMakeFiles/CMakeScratch/TryCompile-ysmEHk/build/cmTC_27025.build/Debug-iphoneos/Objects-normal/arm64/src.o /Users/jmattiello/Workspace/Provenance/Provenance/Cores/DuckStation/cmake/CMakeFiles/CMakeScratch/TryCompile-ysmEHk/src.cxx normal arm64 c++ com.apple.compilers.llvm.clang.1_0.compiler (in target 'cmTC_27025' from project 'CMAKE_TRY_COMPILE')
(1 failure)


Source file was:
int main() { return 0; }

Checking whether the ASM compiler is GNU using "--version" did not match "(GNU assembler)|(GCC)|(Free Software Foundation)":
Apple clang version 14.0.0 (clang-1400.0.29.202)
Target: arm64-apple-darwin22.2.0
Thread model: posix
InstalledDir: /Applications/Xcode.app/Contents/Developer/Toolchains/XcodeDefault.xctoolchain/usr/bin
