This file contains any messages produced by compilers while
running configure, to aid debugging if configure makes a mistake.

It was created by libpng configure 1.6.26, which was
generated by GNU Autoconf 2.69.  Invocation command line was

  $ ./configure 

## --------- ##
## Platform. ##
## --------- ##

hostname = JosephMllosMBP5
uname -m = x86_64
uname -r = 16.1.0
uname -s = Darwin
uname -v = Darwin Kernel Version 16.1.0: Thu Oct 13 21:26:57 PDT 2016; root:xnu-3789.21.3~60/RELEASE_X86_64

/usr/bin/uname -p = i386
/bin/uname -X     = unknown

/bin/arch              = unknown
/usr/bin/arch -k       = unknown
/usr/convex/getsysinfo = unknown
/usr/bin/hostinfo      = Mach kernel version:
	 Darwin Kernel Version 16.1.0: Thu Oct 13 21:26:57 PDT 2016; root:xnu-3789.21.3~60/RELEASE_X86_64
Kernel configured for up to 8 processors.
4 processors are physically available.
8 processors are logically available.
Processor type: i486 (Intel 80486)
Processors active: 0 1 2 3 4 5 6 7
Primary memory available: 16.00 gigabytes
Default processor set: 580 tasks, 3841 threads, 8 processors
Load average: 1.89, Mach factor: 6.10
/bin/machine           = unknown
/usr/bin/oslevel       = unknown
/bin/universe          = unknown

PATH: /Users/jmattiello/.rvm/gems/ruby-2.2.1/bin
PATH: /Users/jmattiello/.rvm/gems/ruby-2.2.1@global/bin
PATH: /Users/jmattiello/.rvm/rubies/ruby-2.2.1/bin
PATH: /opt/wine-staging/bin
PATH: /usr/local/bin
PATH: /usr/local/sbin
PATH: /usr/local/share/python
PATH: /usr/local/bin
PATH: /usr/bin
PATH: /bin
PATH: /usr/sbin
PATH: /sbin
PATH: /opt/X11/bin
PATH: /usr/local/CrossPack-AVR/bin
PATH: /Users/jmattiello/.rvm/bin


## ----------- ##
## Core tests. ##
## ----------- ##

configure:2339: checking for a BSD-compatible install
configure:2407: result: /usr/bin/install -c
configure:2418: checking whether build environment is sane
configure:2473: result: yes
configure:2624: checking for a thread-safe mkdir -p
configure:2663: result: ./install-sh -c -d
configure:2670: checking for gawk
configure:2700: result: no
configure:2670: checking for mawk
configure:2700: result: no
configure:2670: checking for nawk
configure:2700: result: no
configure:2670: checking for awk
configure:2686: found /usr/bin/awk
configure:2697: result: awk
configure:2708: checking whether make sets $(MAKE)
configure:2730: result: yes
configure:2759: checking whether make supports nested variables
configure:2776: result: yes
configure:2906: checking whether to enable maintainer-specific portions of Makefiles
configure:2915: result: no
configure:2995: checking for gcc
configure:3011: found /usr/bin/gcc
configure:3022: result: gcc
configure:3251: checking for C compiler version
configure:3260: gcc --version >&5
Apple LLVM version 8.0.0 (clang-800.0.42.1)
Target: x86_64-apple-darwin16.1.0
Thread model: posix
InstalledDir: /Applications/Xcode.app/Contents/Developer/Toolchains/XcodeDefault.xctoolchain/usr/bin
Configured with: --prefix=/Applications/Xcode.app/Contents/Developer/usr --with-gxx-include-dir=/Applications/Xcode.app/Contents/Developer/Platforms/MacOSX.platform/Developer/SDKs/MacOSX10.12.sdk/usr/include/c++/4.2.1
configure:3271: $? = 0
configure:3260: gcc -v >&5
Configured with: --prefix=/Applications/Xcode.app/Contents/Developer/usr --with-gxx-include-dir=/Applications/Xcode.app/Contents/Developer/Platforms/MacOSX.platform/Developer/SDKs/MacOSX10.12.sdk/usr/include/c++/4.2.1
Apple LLVM version 8.0.0 (clang-800.0.42.1)
Target: x86_64-apple-darwin16.1.0
Thread model: posix
InstalledDir: /Applications/Xcode.app/Contents/Developer/Toolchains/XcodeDefault.xctoolchain/usr/bin
configure:3271: $? = 0
configure:3260: gcc -V >&5
clang: error: argument to '-V' is missing (expected 1 value)
clang: error: no input files
configure:3271: $? = 1
configure:3260: gcc -qversion >&5
clang: error: unknown argument: '-qversion'
clang: error: no input files
configure:3271: $? = 1
configure:3291: checking whether the C compiler works
configure:3313: gcc    conftest.c  >&5
configure:3317: $? = 0
configure:3365: result: yes
configure:3368: checking for C compiler default output file name
configure:3370: result: a.out
configure:3376: checking for suffix of executables
configure:3383: gcc -o conftest    conftest.c  >&5
configure:3387: $? = 0
configure:3409: result: 
configure:3431: checking whether we are cross compiling
configure:3439: gcc -o conftest    conftest.c  >&5
configure:3443: $? = 0
configure:3450: ./conftest
configure:3454: $? = 0
configure:3469: result: no
configure:3474: checking for suffix of object files
configure:3496: gcc -c   conftest.c >&5
configure:3500: $? = 0
configure:3521: result: o
configure:3525: checking whether we are using the GNU C compiler
configure:3544: gcc -c   conftest.c >&5
configure:3544: $? = 0
configure:3553: result: yes
configure:3562: checking whether gcc accepts -g
configure:3582: gcc -c -g  conftest.c >&5
configure:3582: $? = 0
configure:3623: result: yes
configure:3640: checking for gcc option to accept ISO C89
configure:3703: gcc  -c -g -O2  conftest.c >&5
configure:3703: $? = 0
configure:3716: result: none needed
configure:3741: checking whether gcc understands -c and -o together
configure:3763: gcc -c conftest.c -o conftest2.o
configure:3766: $? = 0
configure:3763: gcc -c conftest.c -o conftest2.o
configure:3766: $? = 0
configure:3778: result: yes
configure:3806: checking for style of include used by make
configure:3834: result: GNU
configure:3860: checking dependency style of gcc
configure:3971: result: gcc3
configure:3995: checking dependency style of gcc
configure:4104: result: gcc3
configure:4123: checking build system type
configure:4137: result: x86_64-apple-darwin16.1.0
configure:4157: checking host system type
configure:4170: result: x86_64-apple-darwin16.1.0
configure:4190: checking for a sed that does not truncate output
configure:4254: result: /usr/bin/sed
configure:4272: checking for grep that handles long lines and -e
configure:4330: result: /usr/bin/grep
configure:4335: checking for egrep
configure:4397: result: /usr/bin/grep -E
configure:4402: checking for fgrep
configure:4464: result: /usr/bin/grep -F
configure:4491: checking how to print strings
configure:4518: result: printf
configure:4551: checking for ld used by gcc
configure:4618: result: /Applications/Xcode.app/Contents/Developer/Toolchains/XcodeDefault.xctoolchain/usr/bin/ld
configure:4625: checking if the linker (/Applications/Xcode.app/Contents/Developer/Toolchains/XcodeDefault.xctoolchain/usr/bin/ld) is GNU ld
configure:4640: result: no
configure:4657: checking how to run the C preprocessor
configure:4688: gcc -E  conftest.c
configure:4688: $? = 0
configure:4702: gcc -E  conftest.c
conftest.c:11:10: fatal error: 'ac_nonexistent.h' file not found
#include <ac_nonexistent.h>
         ^
1 error generated.
configure:4702: $? = 1
configure: failed program was:
| /* confdefs.h */
| #define PACKAGE_NAME "libpng"
| #define PACKAGE_TARNAME "libpng"
| #define PACKAGE_VERSION "1.6.26"
| #define PACKAGE_STRING "libpng 1.6.26"
| #define PACKAGE_BUGREPORT "png-mng-implement@lists.sourceforge.net"
| #define PACKAGE_URL ""
| #define PACKAGE "libpng"
| #define VERSION "1.6.26"
| /* end confdefs.h.  */
| #include <ac_nonexistent.h>
configure:4727: result: gcc -E
configure:4747: gcc -E  conftest.c
configure:4747: $? = 0
configure:4761: gcc -E  conftest.c
conftest.c:11:10: fatal error: 'ac_nonexistent.h' file not found
#include <ac_nonexistent.h>
         ^
1 error generated.
configure:4761: $? = 1
configure: failed program was:
| /* confdefs.h */
| #define PACKAGE_NAME "libpng"
| #define PACKAGE_TARNAME "libpng"
| #define PACKAGE_VERSION "1.6.26"
| #define PACKAGE_STRING "libpng 1.6.26"
| #define PACKAGE_BUGREPORT "png-mng-implement@lists.sourceforge.net"
| #define PACKAGE_URL ""
| #define PACKAGE "libpng"
| #define VERSION "1.6.26"
| /* end confdefs.h.  */
| #include <ac_nonexistent.h>
configure:4793: checking for gawk
configure:4820: result: awk
configure:4832: checking whether ln -s works
configure:4836: result: yes
configure:4843: checking whether make sets $(MAKE)
configure:4865: result: yes
configure:4917: checking for BSD- or MS-compatible name lister (nm)
configure:4971: result: /usr/bin/nm -B
configure:5101: checking the name lister (/usr/bin/nm -B) interface
configure:5108: gcc -c -g -O2  conftest.c >&5
configure:5111: /usr/bin/nm -B "conftest.o"
configure:5114: output
0000000000000214 S _some_variable
configure:5121: result: BSD nm
configure:5125: checking the maximum length of command line arguments
configure:5256: result: 196608
configure:5304: checking how to convert x86_64-apple-darwin16.1.0 file names to x86_64-apple-darwin16.1.0 format
configure:5344: result: func_convert_file_noop
configure:5351: checking how to convert x86_64-apple-darwin16.1.0 file names to toolchain format
configure:5371: result: func_convert_file_noop
configure:5378: checking for /Applications/Xcode.app/Contents/Developer/Toolchains/XcodeDefault.xctoolchain/usr/bin/ld option to reload object files
configure:5385: result: -r
configure:5459: checking for objdump
configure:5475: found /usr/bin/objdump
configure:5486: result: objdump
configure:5515: checking how to recognize dependent libraries
configure:5715: result: pass_all
configure:5800: checking for dlltool
configure:5830: result: no
configure:5857: checking how to associate runtime and link libraries
configure:5884: result: printf %s\n
configure:5945: checking for ar
configure:5961: found /usr/bin/ar
configure:5972: result: ar
configure:6009: checking for archiver @FILE support
configure:6026: gcc -c -g -O2  conftest.c >&5
configure:6026: $? = 0
configure:6029: ar cru libconftest.a @conftest.lst >&5
ar: @conftest.lst: No such file or directory
configure:6032: $? = 1
configure:6052: result: no
configure:6110: checking for strip
configure:6126: found /usr/bin/strip
configure:6137: result: strip
configure:6209: checking for ranlib
configure:6225: found /usr/bin/ranlib
configure:6236: result: ranlib
configure:6338: checking command to parse /usr/bin/nm -B output from gcc object
configure:6491: gcc -c -g -O2  conftest.c >&5
configure:6494: $? = 0
configure:6498: /usr/bin/nm -B conftest.o \| sed -n -e 's/^.*[ ]\([BCDEGRST][BCDEGRST]*\)[ ][ ]*\([_A-Za-z][_A-Za-z0-9]*\)$/\1 \2 \2/p' | sed '/ __gnu_lto/d' \> conftest.nm
configure:6501: $? = 0
cannot find nm_test_var in conftest.nm
configure:6491: gcc -c -g -O2  conftest.c >&5
configure:6494: $? = 0
configure:6498: /usr/bin/nm -B conftest.o \| sed -n -e 's/^.*[ ]\([BCDEGRST][BCDEGRST]*\)[ ][ ]*_\([_A-Za-z][_A-Za-z0-9]*\)$/\1 _\2 \2/p' | sed '/ __gnu_lto/d' \> conftest.nm
configure:6501: $? = 0
configure:6567: gcc -o conftest -g -O2   conftest.c conftstm.o >&5
warning: (x86_64)  could not find object file symbol for symbol _main
configure:6570: $? = 0
configure:6608: result: ok
configure:6655: checking for sysroot
configure:6685: result: no
configure:6692: checking for a working dd
configure:6730: result: /bin/dd
configure:6734: checking how to truncate binary pipes
configure:6749: result: /bin/dd bs=4096 count=1
configure:7078: checking for mt
configure:7108: result: no
configure:7128: checking if : is a manifest tool
configure:7134: : '-?'
configure:7142: result: no
configure:7198: checking for dsymutil
configure:7214: found /usr/bin/dsymutil
configure:7225: result: dsymutil
configure:7290: checking for nmedit
configure:7306: found /usr/bin/nmedit
configure:7317: result: nmedit
configure:7382: checking for lipo
configure:7398: found /usr/bin/lipo
configure:7409: result: lipo
configure:7474: checking for otool
configure:7490: found /usr/bin/otool
configure:7501: result: otool
configure:7566: checking for otool64
configure:7596: result: no
configure:7641: checking for -single_module linker flag
gcc -g -O2  -o libconftest.dylib -dynamiclib -Wl,-single_module conftest.c
configure:7674: result: yes
configure:7677: checking for -exported_symbols_list linker flag
configure:7697: gcc -o conftest -g -O2   -Wl,-exported_symbols_list,conftest.sym conftest.c  >&5
configure:7697: $? = 0
configure:7707: result: yes
configure:7710: checking for -force_load linker flag
gcc -g -O2 -c -o conftest.o conftest.c
ar cru libconftest.a conftest.o
ranlib libconftest.a
gcc -g -O2  -o conftest conftest.c -Wl,-force_load,./libconftest.a
configure:7742: result: yes
configure:7815: checking for ANSI C header files
configure:7835: gcc -c -g -O2  conftest.c >&5
configure:7835: $? = 0
configure:7908: gcc -o conftest -g -O2   conftest.c  >&5
configure:7908: $? = 0
configure:7908: ./conftest
configure:7908: $? = 0
configure:7919: result: yes
configure:7932: checking for sys/types.h
configure:7932: gcc -c -g -O2  conftest.c >&5
configure:7932: $? = 0
configure:7932: result: yes
configure:7932: checking for sys/stat.h
configure:7932: gcc -c -g -O2  conftest.c >&5
configure:7932: $? = 0
configure:7932: result: yes
configure:7932: checking for stdlib.h
configure:7932: gcc -c -g -O2  conftest.c >&5
configure:7932: $? = 0
configure:7932: result: yes
configure:7932: checking for string.h
configure:7932: gcc -c -g -O2  conftest.c >&5
configure:7932: $? = 0
configure:7932: result: yes
configure:7932: checking for memory.h
configure:7932: gcc -c -g -O2  conftest.c >&5
configure:7932: $? = 0
configure:7932: result: yes
configure:7932: checking for strings.h
configure:7932: gcc -c -g -O2  conftest.c >&5
configure:7932: $? = 0
configure:7932: result: yes
configure:7932: checking for inttypes.h
configure:7932: gcc -c -g -O2  conftest.c >&5
configure:7932: $? = 0
configure:7932: result: yes
configure:7932: checking for stdint.h
configure:7932: gcc -c -g -O2  conftest.c >&5
configure:7932: $? = 0
configure:7932: result: yes
configure:7932: checking for unistd.h
configure:7932: gcc -c -g -O2  conftest.c >&5
configure:7932: $? = 0
configure:7932: result: yes
configure:7946: checking for dlfcn.h
configure:7946: gcc -c -g -O2  conftest.c >&5
configure:7946: $? = 0
configure:7946: result: yes
configure:8500: checking for objdir
configure:8515: result: .libs
configure:8779: checking if gcc supports -fno-rtti -fno-exceptions
configure:8797: gcc -c -g -O2  -fno-rtti -fno-exceptions conftest.c >&5
configure:8801: $? = 0
configure:8814: result: yes
configure:9172: checking for gcc option to produce PIC
configure:9179: result: -fno-common -DPIC
configure:9187: checking if gcc PIC flag -fno-common -DPIC works
configure:9205: gcc -c -g -O2  -fno-common -DPIC -DPIC conftest.c >&5
configure:9209: $? = 0
configure:9222: result: yes
configure:9251: checking if gcc static flag -static works
configure:9279: result: no
configure:9294: checking if gcc supports -c -o file.o
configure:9315: gcc -c -g -O2  -o out/conftest2.o conftest.c >&5
configure:9319: $? = 0
configure:9341: result: yes
configure:9349: checking if gcc supports -c -o file.o
configure:9396: result: yes
configure:9429: checking whether the gcc linker (/Applications/Xcode.app/Contents/Developer/Toolchains/XcodeDefault.xctoolchain/usr/bin/ld) supports shared libraries
configure:10688: result: yes
configure:10928: checking dynamic linker characteristics
configure:11746: result: darwin16.1.0 dyld
configure:11868: checking how to hardcode library paths into programs
configure:11893: result: immediate
configure:12441: checking whether stripping libraries is possible
configure:12455: result: yes
configure:12481: checking if libtool supports shared libraries
configure:12483: result: yes
configure:12486: checking whether to build shared libraries
configure:12511: result: yes
configure:12514: checking whether to build static libraries
configure:12518: result: yes
configure:12559: checking that AWK works
configure:12565: result: ok
configure:12616: checking if we need to force back C standard to C89
configure:12632: gcc -c -g -O2  conftest.c >&5
configure:12632: $? = 0
configure:12633: result: no
configure:12648: checking for ANSI C header files
configure:12752: result: yes
configure:12762: checking for an ANSI C-conforming const
configure:12828: gcc -c -g -O2  conftest.c >&5
configure:12828: $? = 0
configure:12835: result: yes
configure:12843: checking for size_t
configure:12843: gcc -c -g -O2  conftest.c >&5
configure:12843: $? = 0
configure:12843: gcc -c -g -O2  conftest.c >&5
conftest.c:60:21: error: expected expression
if (sizeof ((size_t)))
                    ^
1 error generated.
configure:12843: $? = 1
configure: failed program was:
| /* confdefs.h */
| #define PACKAGE_NAME "libpng"
| #define PACKAGE_TARNAME "libpng"
| #define PACKAGE_VERSION "1.6.26"
| #define PACKAGE_STRING "libpng 1.6.26"
| #define PACKAGE_BUGREPORT "png-mng-implement@lists.sourceforge.net"
| #define PACKAGE_URL ""
| #define PACKAGE "libpng"
| #define VERSION "1.6.26"
| #define STDC_HEADERS 1
| #define HAVE_SYS_TYPES_H 1
| #define HAVE_SYS_STAT_H 1
| #define HAVE_STDLIB_H 1
| #define HAVE_STRING_H 1
| #define HAVE_MEMORY_H 1
| #define HAVE_STRINGS_H 1
| #define HAVE_INTTYPES_H 1
| #define HAVE_STDINT_H 1
| #define HAVE_UNISTD_H 1
| #define HAVE_DLFCN_H 1
| #define LT_OBJDIR ".libs/"
| #define STDC_HEADERS 1
| /* end confdefs.h.  */
| #include <stdio.h>
| #ifdef HAVE_SYS_TYPES_H
| # include <sys/types.h>
| #endif
| #ifdef HAVE_SYS_STAT_H
| # include <sys/stat.h>
| #endif
| #ifdef STDC_HEADERS
| # include <stdlib.h>
| # include <stddef.h>
| #else
| # ifdef HAVE_STDLIB_H
| #  include <stdlib.h>
| # endif
| #endif
| #ifdef HAVE_STRING_H
| # if !defined STDC_HEADERS && defined HAVE_MEMORY_H
| #  include <memory.h>
| # endif
| # include <string.h>
| #endif
| #ifdef HAVE_STRINGS_H
| # include <strings.h>
| #endif
| #ifdef HAVE_INTTYPES_H
| # include <inttypes.h>
| #endif
| #ifdef HAVE_STDINT_H
| # include <stdint.h>
| #endif
| #ifdef HAVE_UNISTD_H
| # include <unistd.h>
| #endif
| int
| main ()
| {
| if (sizeof ((size_t)))
| 	    return 0;
|   ;
|   return 0;
| }
configure:12843: result: yes
configure:12854: checking whether struct tm is in sys/time.h or time.h
configure:12874: gcc -c -g -O2  conftest.c >&5
configure:12874: $? = 0
configure:12881: result: time.h
configure:12889: checking for C/C++ restrict keyword
configure:12914: gcc -c -g -O2  conftest.c >&5
configure:12914: $? = 0
configure:12922: result: __restrict
configure:12937: checking for working strtod
configure:12978: gcc -o conftest -g -O2   conftest.c  >&5
configure:12978: $? = 0
configure:12978: ./conftest
configure:12978: $? = 0
configure:12988: result: yes
configure:13052: checking for memset
configure:13052: gcc -o conftest -g -O2   conftest.c  >&5
conftest.c:48:6: warning: incompatible redeclaration of library function 'memset' [-Wincompatible-library-redeclaration]
char memset ();
     ^
conftest.c:48:6: note: 'memset' is a builtin with type 'void *(void *, int, unsigned long)'
1 warning generated.
configure:13052: $? = 0
configure:13052: result: yes
configure:13065: checking for pow
configure:13065: gcc -o conftest -g -O2   conftest.c  >&5
conftest.c:49:6: warning: incompatible redeclaration of library function 'pow' [-Wincompatible-library-redeclaration]
char pow ();
     ^
conftest.c:49:6: note: 'pow' is a builtin with type 'double (double, double)'
1 warning generated.
configure:13065: $? = 0
configure:13065: result: yes
configure:13125: checking for clock_gettime
configure:13125: gcc -o conftest -g -O2   conftest.c  >&5
configure:13125: $? = 0
configure:13125: result: yes
configure:13150: checking for zlibVersion in -lz
configure:13175: gcc -o conftest -g -O2   conftest.c -lz   >&5
configure:13175: $? = 0
configure:13184: result: yes
configure:13249: checking for feenableexcept in -lm
configure:13274: gcc -o conftest -g -O2   conftest.c -lm  -lz  >&5
Undefined symbols for architecture x86_64:
  "_feenableexcept", referenced from:
      _main in conftest-efde58.o
ld: symbol(s) not found for architecture x86_64
clang: error: linker command failed with exit code 1 (use -v to see invocation)
configure:13274: $? = 1
configure: failed program was:
| /* confdefs.h */
| #define PACKAGE_NAME "libpng"
| #define PACKAGE_TARNAME "libpng"
| #define PACKAGE_VERSION "1.6.26"
| #define PACKAGE_STRING "libpng 1.6.26"
| #define PACKAGE_BUGREPORT "png-mng-implement@lists.sourceforge.net"
| #define PACKAGE_URL ""
| #define PACKAGE "libpng"
| #define VERSION "1.6.26"
| #define STDC_HEADERS 1
| #define HAVE_SYS_TYPES_H 1
| #define HAVE_SYS_STAT_H 1
| #define HAVE_STDLIB_H 1
| #define HAVE_STRING_H 1
| #define HAVE_MEMORY_H 1
| #define HAVE_STRINGS_H 1
| #define HAVE_INTTYPES_H 1
| #define HAVE_STDINT_H 1
| #define HAVE_UNISTD_H 1
| #define HAVE_DLFCN_H 1
| #define LT_OBJDIR ".libs/"
| #define STDC_HEADERS 1
| #define restrict __restrict
| #define HAVE_MEMSET 1
| #define HAVE_POW 1
| #define HAVE_LIBZ 1
| /* end confdefs.h.  */
| 
| /* Override any GCC internal prototype to avoid an error.
|    Use char because int might match the return type of a GCC
|    builtin and then its argument prototype would still apply.  */
| #ifdef __cplusplus
| extern "C"
| #endif
| char feenableexcept ();
| int
| main ()
| {
| return feenableexcept ();
|   ;
|   return 0;
| }
configure:13283: result: no
configure:13296: checking for feenableexcept
configure:13296: gcc -o conftest -g -O2   conftest.c -lz  >&5
Undefined symbols for architecture x86_64:
  "_feenableexcept", referenced from:
      _main in conftest-6d51b4.o
ld: symbol(s) not found for architecture x86_64
clang: error: linker command failed with exit code 1 (use -v to see invocation)
configure:13296: $? = 1
configure: failed program was:
| /* confdefs.h */
| #define PACKAGE_NAME "libpng"
| #define PACKAGE_TARNAME "libpng"
| #define PACKAGE_VERSION "1.6.26"
| #define PACKAGE_STRING "libpng 1.6.26"
| #define PACKAGE_BUGREPORT "png-mng-implement@lists.sourceforge.net"
| #define PACKAGE_URL ""
| #define PACKAGE "libpng"
| #define VERSION "1.6.26"
| #define STDC_HEADERS 1
| #define HAVE_SYS_TYPES_H 1
| #define HAVE_SYS_STAT_H 1
| #define HAVE_STDLIB_H 1
| #define HAVE_STRING_H 1
| #define HAVE_MEMORY_H 1
| #define HAVE_STRINGS_H 1
| #define HAVE_INTTYPES_H 1
| #define HAVE_STDINT_H 1
| #define HAVE_UNISTD_H 1
| #define HAVE_DLFCN_H 1
| #define LT_OBJDIR ".libs/"
| #define STDC_HEADERS 1
| #define restrict __restrict
| #define HAVE_MEMSET 1
| #define HAVE_POW 1
| #define HAVE_LIBZ 1
| /* end confdefs.h.  */
| /* Define feenableexcept to an innocuous variant, in case <limits.h> declares feenableexcept.
|    For example, HP-UX 11i <limits.h> declares gettimeofday.  */
| #define feenableexcept innocuous_feenableexcept
| 
| /* System header to define __stub macros and hopefully few prototypes,
|     which can conflict with char feenableexcept (); below.
|     Prefer <limits.h> to <assert.h> if __STDC__ is defined, since
|     <limits.h> exists even on freestanding compilers.  */
| 
| #ifdef __STDC__
| # include <limits.h>
| #else
| # include <assert.h>
| #endif
| 
| #undef feenableexcept
| 
| /* Override any GCC internal prototype to avoid an error.
|    Use char because int might match the return type of a GCC
|    builtin and then its argument prototype would still apply.  */
| #ifdef __cplusplus
| extern "C"
| #endif
| char feenableexcept ();
| /* The GNU C library defines this for functions which it implements
|     to always fail with ENOSYS.  Some functions are actually named
|     something starting with __ and the normal name is an alias.  */
| #if defined __stub_feenableexcept || defined __stub___feenableexcept
| choke me
| #endif
| 
| int
| main ()
| {
| return feenableexcept ();
|   ;
|   return 0;
| }
configure:13296: result: no
configure:13306: checking if using Solaris linker
configure:13315: result: no
configure:13327: checking if libraries can be versioned
configure:13352: result: no
configure:13354: WARNING: *** You have not enabled versioned symbols.
configure:13399: pkgconfig directory is ${libdir}/pkgconfig
configure:13601: Extra options for compiler: 
configure:13719: checking that generated files are newer than configure
configure:13725: result: done
configure:13792: creating ./config.status

## ---------------------- ##
## Running config.status. ##
## ---------------------- ##

This file was extended by libpng config.status 1.6.26, which was
generated by GNU Autoconf 2.69.  Invocation command line was

  CONFIG_FILES    = 
  CONFIG_HEADERS  = 
  CONFIG_LINKS    = 
  CONFIG_COMMANDS = 
  $ ./config.status 

on JosephMllosMBP5

config.status:1126: creating Makefile
config.status:1126: creating libpng.pc
config.status:1126: creating libpng-config
config.status:1126: creating config.h
config.status:1355: executing depfiles commands
config.status:1355: executing libtool commands

## ---------------- ##
## Cache variables. ##
## ---------------- ##

ac_cv_build=x86_64-apple-darwin16.1.0
ac_cv_c_compiler_gnu=yes
ac_cv_c_const=yes
ac_cv_c_restrict=__restrict
ac_cv_env_CCASFLAGS_set=
ac_cv_env_CCASFLAGS_value=
ac_cv_env_CCAS_set=
ac_cv_env_CCAS_value=
ac_cv_env_CC_set=
ac_cv_env_CC_value=
ac_cv_env_CFLAGS_set=
ac_cv_env_CFLAGS_value=
ac_cv_env_CPPFLAGS_set=
ac_cv_env_CPPFLAGS_value=
ac_cv_env_CPP_set=
ac_cv_env_CPP_value=
ac_cv_env_LDFLAGS_set=
ac_cv_env_LDFLAGS_value=
ac_cv_env_LIBS_set=
ac_cv_env_LIBS_value=
ac_cv_env_LT_SYS_LIBRARY_PATH_set=
ac_cv_env_LT_SYS_LIBRARY_PATH_value=
ac_cv_env_PNG_COPTS_set=
ac_cv_env_PNG_COPTS_value=
ac_cv_env_build_alias_set=
ac_cv_env_build_alias_value=
ac_cv_env_host_alias_set=
ac_cv_env_host_alias_value=
ac_cv_env_target_alias_set=
ac_cv_env_target_alias_value=
ac_cv_func_clock_gettime=yes
ac_cv_func_feenableexcept=no
ac_cv_func_memset=yes
ac_cv_func_pow=yes
ac_cv_func_strtod=yes
ac_cv_header_dlfcn_h=yes
ac_cv_header_inttypes_h=yes
ac_cv_header_memory_h=yes
ac_cv_header_stdc=yes
ac_cv_header_stdint_h=yes
ac_cv_header_stdlib_h=yes
ac_cv_header_string_h=yes
ac_cv_header_strings_h=yes
ac_cv_header_sys_stat_h=yes
ac_cv_header_sys_types_h=yes
ac_cv_header_unistd_h=yes
ac_cv_host=x86_64-apple-darwin16.1.0
ac_cv_lib_m_feenableexcept=no
ac_cv_lib_z_zlibVersion=yes
ac_cv_objext=o
ac_cv_path_EGREP='/usr/bin/grep -E'
ac_cv_path_FGREP='/usr/bin/grep -F'
ac_cv_path_GREP=/usr/bin/grep
ac_cv_path_SED=/usr/bin/sed
ac_cv_path_install='/usr/bin/install -c'
ac_cv_path_lt_DD=/bin/dd
ac_cv_prog_AWK=awk
ac_cv_prog_CPP='gcc -E'
ac_cv_prog_ac_ct_AR=ar
ac_cv_prog_ac_ct_CC=gcc
ac_cv_prog_ac_ct_DSYMUTIL=dsymutil
ac_cv_prog_ac_ct_LIPO=lipo
ac_cv_prog_ac_ct_NMEDIT=nmedit
ac_cv_prog_ac_ct_OBJDUMP=objdump
ac_cv_prog_ac_ct_OTOOL=otool
ac_cv_prog_ac_ct_RANLIB=ranlib
ac_cv_prog_ac_ct_STRIP=strip
ac_cv_prog_cc_c89=
ac_cv_prog_cc_g=yes
ac_cv_prog_make_make_set=yes
ac_cv_struct_tm=time.h
ac_cv_type_size_t=yes
am_cv_CCAS_dependencies_compiler_type=gcc3
am_cv_CC_dependencies_compiler_type=gcc3
am_cv_make_support_nested_variables=yes
am_cv_prog_cc_c_o=yes
lt_cv_apple_cc_single_mod=yes
lt_cv_ar_at_file=no
lt_cv_deplibs_check_method=pass_all
lt_cv_file_magic_cmd='$MAGIC_CMD'
lt_cv_file_magic_test_file=
lt_cv_ld_exported_symbols_list=yes
lt_cv_ld_force_load=yes
lt_cv_ld_reload_flag=-r
lt_cv_nm_interface='BSD nm'
lt_cv_objdir=.libs
lt_cv_path_LD=/Applications/Xcode.app/Contents/Developer/Toolchains/XcodeDefault.xctoolchain/usr/bin/ld
lt_cv_path_NM='/usr/bin/nm -B'
lt_cv_path_mainfest_tool=no
lt_cv_prog_compiler_c_o=yes
lt_cv_prog_compiler_pic='-fno-common -DPIC'
lt_cv_prog_compiler_pic_works=yes
lt_cv_prog_compiler_rtti_exceptions=yes
lt_cv_prog_compiler_static_works=no
lt_cv_prog_gnu_ld=no
lt_cv_sharedlib_from_linklib_cmd='printf %s\n'
lt_cv_sys_global_symbol_pipe='sed -n -e '\''s/^.*[	 ]\([BCDEGRST][BCDEGRST]*\)[	 ][	 ]*_\([_A-Za-z][_A-Za-z0-9]*\)$/\1 _\2 \2/p'\'' | sed '\''/ __gnu_lto/d'\'''
lt_cv_sys_global_symbol_to_c_name_address='sed -n -e '\''s/^: \(.*\) .*$/  {"\1", (void *) 0},/p'\'' -e '\''s/^[BCDEGRST][BCDEGRST]* .* \(.*\)$/  {"\1", (void *) \&\1},/p'\'''
lt_cv_sys_global_symbol_to_c_name_address_lib_prefix='sed -n -e '\''s/^: \(.*\) .*$/  {"\1", (void *) 0},/p'\'' -e '\''s/^[BCDEGRST][BCDEGRST]* .* \(lib.*\)$/  {"\1", (void *) \&\1},/p'\'' -e '\''s/^[BCDEGRST][BCDEGRST]* .* \(.*\)$/  {"lib\1", (void *) \&\1},/p'\'''
lt_cv_sys_global_symbol_to_cdecl='sed -n -e '\''s/^T .* \(.*\)$/extern int \1();/p'\'' -e '\''s/^[BCDEGRST][BCDEGRST]* .* \(.*\)$/extern char \1;/p'\'''
lt_cv_sys_global_symbol_to_import=
lt_cv_sys_max_cmd_len=196608
lt_cv_to_host_file_cmd=func_convert_file_noop
lt_cv_to_tool_file_cmd=func_convert_file_noop
lt_cv_truncate_bin='/bin/dd bs=4096 count=1'

## ----------------- ##
## Output variables. ##
## ----------------- ##

ACLOCAL='${SHELL} /Users/jmattiello/Workspace/Provenance-jmattiello/PVMupen64Plus/png/missing aclocal-1.15'
AMDEPBACKSLASH='\'
AMDEP_FALSE='#'
AMDEP_TRUE=''
AMTAR='$${TAR-tar}'
AM_BACKSLASH='\'
AM_DEFAULT_V='$(AM_DEFAULT_VERBOSITY)'
AM_DEFAULT_VERBOSITY='1'
AM_V='$(V)'
AR='ar'
AS='as'
AUTOCONF='${SHELL} /Users/jmattiello/Workspace/Provenance-jmattiello/PVMupen64Plus/png/missing autoconf'
AUTOHEADER='${SHELL} /Users/jmattiello/Workspace/Provenance-jmattiello/PVMupen64Plus/png/missing autoheader'
AUTOMAKE='${SHELL} /Users/jmattiello/Workspace/Provenance-jmattiello/PVMupen64Plus/png/missing automake-1.15'
AWK='awk'
CC='gcc'
CCAS='gcc'
CCASDEPMODE='depmode=gcc3'
CCASFLAGS='-g -O2'
CCDEPMODE='depmode=gcc3'
CFLAGS='-g -O2'
CPP='gcc -E'
CPPFLAGS=''
CYGPATH_W='echo'
DEFS='-DHAVE_CONFIG_H'
DEPDIR='.deps'
DFNCPP='gcc -E'
DLLTOOL='false'
DO_INSTALL_LIBPNG_CONFIG_FALSE='#'
DO_INSTALL_LIBPNG_CONFIG_TRUE=''
DO_INSTALL_LIBPNG_PC_FALSE='#'
DO_INSTALL_LIBPNG_PC_TRUE=''
DO_INSTALL_LINKS_FALSE='#'
DO_INSTALL_LINKS_TRUE=''
DO_PNG_PREFIX_FALSE=''
DO_PNG_PREFIX_TRUE='#'
DSYMUTIL='dsymutil'
DUMPBIN=''
ECHO_C='\c'
ECHO_N=''
ECHO_T=''
EGREP='/usr/bin/grep -E'
EXEEXT=''
FGREP='/usr/bin/grep -F'
GREP='/usr/bin/grep'
HAVE_CLOCK_GETTIME_FALSE='#'
HAVE_CLOCK_GETTIME_TRUE=''
HAVE_LD_VERSION_SCRIPT_FALSE=''
HAVE_LD_VERSION_SCRIPT_TRUE='#'
HAVE_SOLARIS_LD_FALSE=''
HAVE_SOLARIS_LD_TRUE='#'
INSTALL_DATA='${INSTALL} -m 644'
INSTALL_PROGRAM='${INSTALL}'
INSTALL_SCRIPT='${INSTALL}'
INSTALL_STRIP_PROGRAM='$(install_sh) -c -s'
LD='/Applications/Xcode.app/Contents/Developer/Toolchains/XcodeDefault.xctoolchain/usr/bin/ld'
LDFLAGS=''
LIBOBJS=''
LIBS='-lz '
LIBTOOL='$(SHELL) $(top_builddir)/libtool'
LIPO='lipo'
LN_S='ln -s'
LTLIBOBJS=''
LT_SYS_LIBRARY_PATH=''
MAINT='#'
MAINTAINER_MODE_FALSE=''
MAINTAINER_MODE_TRUE='#'
MAKEINFO='${SHELL} /Users/jmattiello/Workspace/Provenance-jmattiello/PVMupen64Plus/png/missing makeinfo'
MANIFEST_TOOL=':'
MKDIR_P='./install-sh -c -d'
NM='/usr/bin/nm -B'
NMEDIT='nmedit'
OBJDUMP='objdump'
OBJEXT='o'
OTOOL64=':'
OTOOL='otool'
PACKAGE='libpng'
PACKAGE_BUGREPORT='png-mng-implement@lists.sourceforge.net'
PACKAGE_NAME='libpng'
PACKAGE_STRING='libpng 1.6.26'
PACKAGE_TARNAME='libpng'
PACKAGE_URL=''
PACKAGE_VERSION='1.6.26'
PATH_SEPARATOR=':'
PNGLIB_MAJOR='1'
PNGLIB_MINOR='6'
PNGLIB_RELEASE='26'
PNGLIB_VERSION='1.6.26'
PNG_ARM_NEON_FALSE=''
PNG_ARM_NEON_TRUE='#'
PNG_COPTS=''
PNG_MIPS_MSA_FALSE='#'
PNG_MIPS_MSA_TRUE=''
PNG_PREFIX=''
POW_LIB=''
RANLIB='ranlib'
SED='/usr/bin/sed'
SET_MAKE=''
SHELL='/bin/sh'
STRIP='strip'
SYMBOL_PREFIX=''
VERSION='1.6.26'
ac_ct_AR='ar'
ac_ct_CC='gcc'
ac_ct_DUMPBIN=''
am__EXEEXT_FALSE=''
am__EXEEXT_TRUE='#'
am__fastdepCCAS_FALSE='#'
am__fastdepCCAS_TRUE=''
am__fastdepCC_FALSE='#'
am__fastdepCC_TRUE=''
am__include='include'
am__isrc=''
am__leading_dot='.'
am__nodep='_no'
am__quote=''
am__tar='$${TAR-tar} chof - "$$tardir"'
am__untar='$${TAR-tar} xf -'
binconfigs='${binconfigs}'
bindir='${exec_prefix}/bin'
build='x86_64-apple-darwin16.1.0'
build_alias=''
build_cpu='x86_64'
build_os='darwin16.1.0'
build_vendor='apple'
datadir='${datarootdir}'
datarootdir='${prefix}/share'
docdir='${datarootdir}/doc/${PACKAGE_TARNAME}'
dvidir='${docdir}'
exec_prefix='${prefix}'
host='x86_64-apple-darwin16.1.0'
host_alias=''
host_cpu='x86_64'
host_os='darwin16.1.0'
host_vendor='apple'
htmldir='${docdir}'
includedir='${prefix}/include'
infodir='${datarootdir}/info'
install_sh='${SHELL} /Users/jmattiello/Workspace/Provenance-jmattiello/PVMupen64Plus/png/install-sh'
libdir='${exec_prefix}/lib'
libexecdir='${exec_prefix}/libexec'
localedir='${datarootdir}/locale'
localstatedir='${prefix}/var'
mandir='${datarootdir}/man'
mkdir_p='$(MKDIR_P)'
oldincludedir='/usr/include'
pdfdir='${docdir}'
pkgconfigdir='${libdir}/pkgconfig'
prefix='/usr/local'
program_transform_name='s,x,x,'
psdir='${docdir}'
sbindir='${exec_prefix}/sbin'
sharedstatedir='${prefix}/com'
sysconfdir='${prefix}/etc'
target_alias=''

## ----------- ##
## confdefs.h. ##
## ----------- ##

/* confdefs.h */
#define PACKAGE_NAME "libpng"
#define PACKAGE_TARNAME "libpng"
#define PACKAGE_VERSION "1.6.26"
#define PACKAGE_STRING "libpng 1.6.26"
#define PACKAGE_BUGREPORT "png-mng-implement@lists.sourceforge.net"
#define PACKAGE_URL ""
#define PACKAGE "libpng"
#define VERSION "1.6.26"
#define STDC_HEADERS 1
#define HAVE_SYS_TYPES_H 1
#define HAVE_SYS_STAT_H 1
#define HAVE_STDLIB_H 1
#define HAVE_STRING_H 1
#define HAVE_MEMORY_H 1
#define HAVE_STRINGS_H 1
#define HAVE_INTTYPES_H 1
#define HAVE_STDINT_H 1
#define HAVE_UNISTD_H 1
#define HAVE_DLFCN_H 1
#define LT_OBJDIR ".libs/"
#define STDC_HEADERS 1
#define restrict __restrict
#define HAVE_MEMSET 1
#define HAVE_POW 1
#define HAVE_LIBZ 1

configure: exit 0
