GAS LISTING  			page 1


   1              	.file 1 "../../../NESticle/Source/common/ndisasm.c"
   2              	.section .mdebug.eabi64
   3              	.previous
   4              	.rdata
   5              	.align 3
   6              	$LC0:
   7 0000 61646320 	.ascii "adc \000"
   7      00
   8 0005 000000   	.align 3
   9              	$LC1:
  10 0008 616E6420 	.ascii "and \000"
  10      00
  11 000d 000000   	.align 3
  12              	$LC2:
  13 0010 61736C20 	.ascii "asl \000"
  13      00
  14 0015 000000   	.align 3
  15              	$LC3:
  16 0018 62636320 	.ascii "bcc \000"
  16      00
  17 001d 000000   	.align 3
  18              	$LC4:
  19 0020 62637320 	.ascii "bcs \000"
  19      00
  20 0025 000000   	.align 3
  21              	$LC5:
  22 0028 62657120 	.ascii "beq \000"
  22      00
  23 002d 000000   	.align 3
  24              	$LC6:
  25 0030 62697420 	.ascii "bit \000"
  25      00
  26 0035 000000   	.align 3
  27              	$LC7:
  28 0038 626D6920 	.ascii "bmi \000"
  28      00
  29 003d 000000   	.align 3
  30              	$LC8:
  31 0040 626E6520 	.ascii "bne \000"
  31      00
  32 0045 000000   	.align 3
  33              	$LC9:
  34 0048 62706C20 	.ascii "bpl \000"
  34      00
  35 004d 000000   	.align 3
  36              	$LC10:
  37 0050 62726B00 	.ascii "brk\000"
  38 0054 00000000 	.align 3
  39              	$LC11:
  40 0058 62766320 	.ascii "bvc \000"
  40      00
  41 005d 000000   	.align 3
  42              	$LC12:
  43 0060 62767320 	.ascii "bvs \000"
  43      00
  44 0065 000000   	.align 3
  45              	$LC13:
GAS LISTING  			page 2


  46 0068 636C6300 	.ascii "clc\000"
  47 006c 00000000 	.align 3
  48              	$LC14:
  49 0070 636C6400 	.ascii "cld\000"
  50 0074 00000000 	.align 3
  51              	$LC15:
  52 0078 636C6900 	.ascii "cli\000"
  53 007c 00000000 	.align 3
  54              	$LC16:
  55 0080 636C7600 	.ascii "clv\000"
  56 0084 00000000 	.align 3
  57              	$LC17:
  58 0088 636D7020 	.ascii "cmp \000"
  58      00
  59 008d 000000   	.align 3
  60              	$LC18:
  61 0090 63707820 	.ascii "cpx \000"
  61      00
  62 0095 000000   	.align 3
  63              	$LC19:
  64 0098 63707920 	.ascii "cpy \000"
  64      00
  65 009d 000000   	.align 3
  66              	$LC20:
  67 00a0 64656320 	.ascii "dec \000"
  67      00
  68 00a5 000000   	.align 3
  69              	$LC21:
  70 00a8 64657800 	.ascii "dex\000"
  71 00ac 00000000 	.align 3
  72              	$LC22:
  73 00b0 64657900 	.ascii "dey\000"
  74 00b4 00000000 	.align 3
  75              	$LC23:
  76 00b8 696E7800 	.ascii "inx\000"
  77 00bc 00000000 	.align 3
  78              	$LC24:
  79 00c0 696E7900 	.ascii "iny\000"
  80 00c4 00000000 	.align 3
  81              	$LC25:
  82 00c8 656F7220 	.ascii "eor \000"
  82      00
  83 00cd 000000   	.align 3
  84              	$LC26:
  85 00d0 696E6320 	.ascii "inc \000"
  85      00
  86 00d5 000000   	.align 3
  87              	$LC27:
  88 00d8 6A6D7020 	.ascii "jmp \000"
  88      00
  89 00dd 000000   	.align 3
  90              	$LC28:
  91 00e0 6A737220 	.ascii "jsr \000"
  91      00
  92 00e5 000000   	.align 3
  93              	$LC29:
  94 00e8 6C646120 	.ascii "lda \000"
GAS LISTING  			page 3


  94      00
  95 00ed 000000   	.align 3
  96              	$LC30:
  97 00f0 6E6F7020 	.ascii "nop \000"
  97      00
  98 00f5 000000   	.align 3
  99              	$LC31:
 100 00f8 6C647820 	.ascii "ldx \000"
 100      00
 101 00fd 000000   	.align 3
 102              	$LC32:
 103 0100 6C647920 	.ascii "ldy \000"
 103      00
 104 0105 000000   	.align 3
 105              	$LC33:
 106 0108 6C737220 	.ascii "lsr \000"
 106      00
 107 010d 000000   	.align 3
 108              	$LC34:
 109 0110 6F726120 	.ascii "ora \000"
 109      00
 110 0115 000000   	.align 3
 111              	$LC35:
 112 0118 70686100 	.ascii "pha\000"
 113 011c 00000000 	.align 3
 114              	$LC36:
 115 0120 70687000 	.ascii "php\000"
 116 0124 00000000 	.align 3
 117              	$LC37:
 118 0128 706C6100 	.ascii "pla\000"
 119 012c 00000000 	.align 3
 120              	$LC38:
 121 0130 706C7000 	.ascii "plp\000"
 122 0134 00000000 	.align 3
 123              	$LC39:
 124 0138 726F6C20 	.ascii "rol \000"
 124      00
 125 013d 000000   	.align 3
 126              	$LC40:
 127 0140 726F7220 	.ascii "ror \000"
 127      00
 128 0145 000000   	.align 3
 129              	$LC41:
 130 0148 72746900 	.ascii "rti\000"
 131 014c 00000000 	.align 3
 132              	$LC42:
 133 0150 72747300 	.ascii "rts\000"
 134 0154 00000000 	.align 3
 135              	$LC43:
 136 0158 73626320 	.ascii "sbc \000"
 136      00
 137 015d 000000   	.align 3
 138              	$LC44:
 139 0160 73746120 	.ascii "sta \000"
 139      00
 140 0165 000000   	.align 3
 141              	$LC45:
GAS LISTING  			page 4


 142 0168 73747820 	.ascii "stx \000"
 142      00
 143 016d 000000   	.align 3
 144              	$LC46:
 145 0170 73747920 	.ascii "sty \000"
 145      00
 146 0175 000000   	.align 3
 147              	$LC47:
 148 0178 73656320 	.ascii "sec \000"
 148      00
 149 017d 000000   	.align 3
 150              	$LC48:
 151 0180 73656400 	.ascii "sed\000"
 152 0184 00000000 	.align 3
 153              	$LC49:
 154 0188 73656900 	.ascii "sei\000"
 155 018c 00000000 	.align 3
 156              	$LC50:
 157 0190 74617800 	.ascii "tax\000"
 158 0194 00000000 	.align 3
 159              	$LC51:
 160 0198 74617900 	.ascii "tay\000"
 161 019c 00000000 	.align 3
 162              	$LC52:
 163 01a0 74786100 	.ascii "txa\000"
 164 01a4 00000000 	.align 3
 165              	$LC53:
 166 01a8 74796100 	.ascii "tya\000"
 167 01ac 00000000 	.align 3
 168              	$LC54:
 169 01b0 74737800 	.ascii "tsx\000"
 170 01b4 00000000 	.align 3
 171              	$LC55:
 172 01b8 74787300 	.ascii "txs\000"
 173              	.data
 174              	.align 3
 175              	.type mn,@object
 176              	.size mn,224
 177              	mn:
 178 0000 00000000 	.word $LC0
 179 0004 08000000 	.word $LC1
 180 0008 10000000 	.word $LC2
 181 000c 18000000 	.word $LC3
 182 0010 20000000 	.word $LC4
 183 0014 28000000 	.word $LC5
 184 0018 30000000 	.word $LC6
 185 001c 38000000 	.word $LC7
 186 0020 40000000 	.word $LC8
 187 0024 48000000 	.word $LC9
 188 0028 50000000 	.word $LC10
 189 002c 58000000 	.word $LC11
 190 0030 60000000 	.word $LC12
 191 0034 68000000 	.word $LC13
 192 0038 70000000 	.word $LC14
 193 003c 78000000 	.word $LC15
 194 0040 80000000 	.word $LC16
 195 0044 88000000 	.word $LC17
GAS LISTING  			page 5


 196 0048 90000000 	.word $LC18
 197 004c 98000000 	.word $LC19
 198 0050 A0000000 	.word $LC20
 199 0054 A8000000 	.word $LC21
 200 0058 B0000000 	.word $LC22
 201 005c B8000000 	.word $LC23
 202 0060 C0000000 	.word $LC24
 203 0064 C8000000 	.word $LC25
 204 0068 D0000000 	.word $LC26
 205 006c D8000000 	.word $LC27
 206 0070 E0000000 	.word $LC28
 207 0074 E8000000 	.word $LC29
 208 0078 F0000000 	.word $LC30
 209 007c F8000000 	.word $LC31
 210 0080 00010000 	.word $LC32
 211 0084 08010000 	.word $LC33
 212 0088 10010000 	.word $LC34
 213 008c 18010000 	.word $LC35
 214 0090 20010000 	.word $LC36
 215 0094 28010000 	.word $LC37
 216 0098 30010000 	.word $LC38
 217 009c 38010000 	.word $LC39
 218 00a0 40010000 	.word $LC40
 219 00a4 48010000 	.word $LC41
 220 00a8 50010000 	.word $LC42
 221 00ac 58010000 	.word $LC43
 222 00b0 60010000 	.word $LC44
 223 00b4 68010000 	.word $LC45
 224 00b8 70010000 	.word $LC46
 225 00bc 78010000 	.word $LC47
 226 00c0 80010000 	.word $LC48
 227 00c4 88010000 	.word $LC49
 228 00c8 90010000 	.word $LC50
 229 00cc 98010000 	.word $LC51
 230 00d0 A0010000 	.word $LC52
 231 00d4 A8010000 	.word $LC53
 232 00d8 B0010000 	.word $LC54
 233 00dc B8010000 	.word $LC55
 234              	.align 3
 235              	.type ad,@object
 236              	.size ad,512
 237              	ad:
 238 00e0 0A       	.byte 10
 239 00e1 01       	.byte 1
 240 00e2 22       	.byte 34
 241 00e3 0A       	.byte 10
 242 00e4 0D       	.byte 13
 243 00e5 0D       	.byte 13
 244 00e6 0D       	.byte 13
 245 00e7 0D       	.byte 13
 246 00e8 0D       	.byte 13
 247 00e9 0D       	.byte 13
 248 00ea 22       	.byte 34
 249 00eb 04       	.byte 4
 250 00ec 02       	.byte 2
 251 00ed 04       	.byte 4
 252 00ee 0D       	.byte 13
GAS LISTING  			page 6


 253 00ef 0D       	.byte 13
 254 00f0 24       	.byte 36
 255 00f1 01       	.byte 1
 256 00f2 22       	.byte 34
 257 00f3 02       	.byte 2
 258 00f4 02       	.byte 2
 259 00f5 00       	.byte 0
 260 00f6 0D       	.byte 13
 261 00f7 0D       	.byte 13
 262 00f8 0D       	.byte 13
 263 00f9 0D       	.byte 13
 264 00fa 22       	.byte 34
 265 00fb 03       	.byte 3
 266 00fc 02       	.byte 2
 267 00fd 03       	.byte 3
 268 00fe 0D       	.byte 13
 269 00ff 0D       	.byte 13
 270 0100 09       	.byte 9
 271 0101 09       	.byte 9
 272 0102 22       	.byte 34
 273 0103 0B       	.byte 11
 274 0104 0D       	.byte 13
 275 0105 0D       	.byte 13
 276 0106 0D       	.byte 13
 277 0107 0D       	.byte 13
 278 0108 0D       	.byte 13
 279 0109 0D       	.byte 13
 280 010a 22       	.byte 34
 281 010b 05       	.byte 5
 282 010c 02       	.byte 2
 283 010d 05       	.byte 5
 284 010e 0D       	.byte 13
 285 010f 0D       	.byte 13
 286 0110 0D       	.byte 13
 287 0111 01       	.byte 1
 288 0112 22       	.byte 34
 289 0113 08       	.byte 8
 290 0114 0D       	.byte 13
 291 0115 0D       	.byte 13
 292 0116 0D       	.byte 13
 293 0117 0D       	.byte 13
 294 0118 0D       	.byte 13
 295 0119 0D       	.byte 13
 296 011a 22       	.byte 34
 297 011b 07       	.byte 7
 298 011c 02       	.byte 2
 299 011d 07       	.byte 7
 300 011e 0D       	.byte 13
 301 011f 0D       	.byte 13
 302 0120 1C       	.byte 28
 303 0121 03       	.byte 3
 304 0122 01       	.byte 1
 305 0123 0A       	.byte 10
 306 0124 0D       	.byte 13
 307 0125 0D       	.byte 13
 308 0126 0D       	.byte 13
 309 0127 0D       	.byte 13
GAS LISTING  			page 7


 310 0128 06       	.byte 6
 311 0129 04       	.byte 4
 312 012a 01       	.byte 1
 313 012b 04       	.byte 4
 314 012c 27       	.byte 39
 315 012d 04       	.byte 4
 316 012e 0D       	.byte 13
 317 012f 0D       	.byte 13
 318 0130 26       	.byte 38
 319 0131 01       	.byte 1
 320 0132 01       	.byte 1
 321 0133 02       	.byte 2
 322 0134 27       	.byte 39
 323 0135 00       	.byte 0
 324 0136 0D       	.byte 13
 325 0137 0D       	.byte 13
 326 0138 06       	.byte 6
 327 0139 03       	.byte 3
 328 013a 01       	.byte 1
 329 013b 03       	.byte 3
 330 013c 27       	.byte 39
 331 013d 03       	.byte 3
 332 013e 0D       	.byte 13
 333 013f 0D       	.byte 13
 334 0140 07       	.byte 7
 335 0141 09       	.byte 9
 336 0142 01       	.byte 1
 337 0143 0B       	.byte 11
 338 0144 0D       	.byte 13
 339 0145 0D       	.byte 13
 340 0146 0D       	.byte 13
 341 0147 0D       	.byte 13
 342 0148 0D       	.byte 13
 343 0149 0D       	.byte 13
 344 014a 01       	.byte 1
 345 014b 05       	.byte 5
 346 014c 27       	.byte 39
 347 014d 05       	.byte 5
 348 014e 0D       	.byte 13
 349 014f 0D       	.byte 13
 350 0150 2F       	.byte 47
 351 0151 01       	.byte 1
 352 0152 01       	.byte 1
 353 0153 08       	.byte 8
 354 0154 0D       	.byte 13
 355 0155 0D       	.byte 13
 356 0156 0D       	.byte 13
 357 0157 0D       	.byte 13
 358 0158 0D       	.byte 13
 359 0159 0D       	.byte 13
 360 015a 01       	.byte 1
 361 015b 07       	.byte 7
 362 015c 27       	.byte 39
 363 015d 07       	.byte 7
 364 015e 0D       	.byte 13
 365 015f 0D       	.byte 13
 366 0160 29       	.byte 41
GAS LISTING  			page 8


 367 0161 01       	.byte 1
 368 0162 19       	.byte 25
 369 0163 0A       	.byte 10
 370 0164 0D       	.byte 13
 371 0165 0D       	.byte 13
 372 0166 0D       	.byte 13
 373 0167 0D       	.byte 13
 374 0168 0D       	.byte 13
 375 0169 0D       	.byte 13
 376 016a 19       	.byte 25
 377 016b 04       	.byte 4
 378 016c 21       	.byte 33
 379 016d 04       	.byte 4
 380 016e 0D       	.byte 13
 381 016f 0D       	.byte 13
 382 0170 23       	.byte 35
 383 0171 01       	.byte 1
 384 0172 19       	.byte 25
 385 0173 02       	.byte 2
 386 0174 21       	.byte 33
 387 0175 00       	.byte 0
 388 0176 0D       	.byte 13
 389 0177 0D       	.byte 13
 390 0178 1B       	.byte 27
 391 0179 03       	.byte 3
 392 017a 19       	.byte 25
 393 017b 03       	.byte 3
 394 017c 21       	.byte 33
 395 017d 03       	.byte 3
 396 017e 0D       	.byte 13
 397 017f 0D       	.byte 13
 398 0180 0B       	.byte 11
 399 0181 09       	.byte 9
 400 0182 19       	.byte 25
 401 0183 0B       	.byte 11
 402 0184 0D       	.byte 13
 403 0185 0D       	.byte 13
 404 0186 0D       	.byte 13
 405 0187 0D       	.byte 13
 406 0188 0D       	.byte 13
 407 0189 0D       	.byte 13
 408 018a 19       	.byte 25
 409 018b 05       	.byte 5
 410 018c 21       	.byte 33
 411 018d 05       	.byte 5
 412 018e 0D       	.byte 13
 413 018f 0D       	.byte 13
 414 0190 0F       	.byte 15
 415 0191 01       	.byte 1
 416 0192 19       	.byte 25
 417 0193 08       	.byte 8
 418 0194 0D       	.byte 13
 419 0195 0D       	.byte 13
 420 0196 0D       	.byte 13
 421 0197 0D       	.byte 13
 422 0198 0D       	.byte 13
 423 0199 0D       	.byte 13
GAS LISTING  			page 9


 424 019a 19       	.byte 25
 425 019b 07       	.byte 7
 426 019c 21       	.byte 33
 427 019d 07       	.byte 7
 428 019e 0D       	.byte 13
 429 019f 0D       	.byte 13
 430 01a0 2A       	.byte 42
 431 01a1 01       	.byte 1
 432 01a2 00       	.byte 0
 433 01a3 0A       	.byte 10
 434 01a4 0D       	.byte 13
 435 01a5 0D       	.byte 13
 436 01a6 0D       	.byte 13
 437 01a7 0D       	.byte 13
 438 01a8 0D       	.byte 13
 439 01a9 0D       	.byte 13
 440 01aa 00       	.byte 0
 441 01ab 04       	.byte 4
 442 01ac 28       	.byte 40
 443 01ad 04       	.byte 4
 444 01ae 0D       	.byte 13
 445 01af 0D       	.byte 13
 446 01b0 25       	.byte 37
 447 01b1 01       	.byte 1
 448 01b2 00       	.byte 0
 449 01b3 02       	.byte 2
 450 01b4 28       	.byte 40
 451 01b5 00       	.byte 0
 452 01b6 0D       	.byte 13
 453 01b7 0D       	.byte 13
 454 01b8 1B       	.byte 27
 455 01b9 0C       	.byte 12
 456 01ba 00       	.byte 0
 457 01bb 03       	.byte 3
 458 01bc 28       	.byte 40
 459 01bd 03       	.byte 3
 460 01be 0D       	.byte 13
 461 01bf 0D       	.byte 13
 462 01c0 0C       	.byte 12
 463 01c1 09       	.byte 9
 464 01c2 00       	.byte 0
 465 01c3 0B       	.byte 11
 466 01c4 0D       	.byte 13
 467 01c5 0D       	.byte 13
 468 01c6 0D       	.byte 13
 469 01c7 0D       	.byte 13
 470 01c8 0D       	.byte 13
 471 01c9 0D       	.byte 13
 472 01ca 00       	.byte 0
 473 01cb 05       	.byte 5
 474 01cc 28       	.byte 40
 475 01cd 05       	.byte 5
 476 01ce 0D       	.byte 13
 477 01cf 0D       	.byte 13
 478 01d0 31       	.byte 49
 479 01d1 01       	.byte 1
 480 01d2 00       	.byte 0
GAS LISTING  			page 10


 481 01d3 08       	.byte 8
 482 01d4 0D       	.byte 13
 483 01d5 0D       	.byte 13
 484 01d6 0D       	.byte 13
 485 01d7 0D       	.byte 13
 486 01d8 0D       	.byte 13
 487 01d9 0D       	.byte 13
 488 01da 00       	.byte 0
 489 01db 07       	.byte 7
 490 01dc 28       	.byte 40
 491 01dd 07       	.byte 7
 492 01de 0D       	.byte 13
 493 01df 0D       	.byte 13
 494 01e0 0D       	.byte 13
 495 01e1 0D       	.byte 13
 496 01e2 2C       	.byte 44
 497 01e3 0A       	.byte 10
 498 01e4 0D       	.byte 13
 499 01e5 0D       	.byte 13
 500 01e6 0D       	.byte 13
 501 01e7 0D       	.byte 13
 502 01e8 2E       	.byte 46
 503 01e9 04       	.byte 4
 504 01ea 2C       	.byte 44
 505 01eb 04       	.byte 4
 506 01ec 2D       	.byte 45
 507 01ed 04       	.byte 4
 508 01ee 0D       	.byte 13
 509 01ef 0D       	.byte 13
 510 01f0 16       	.byte 22
 511 01f1 01       	.byte 1
 512 01f2 0D       	.byte 13
 513 01f3 0D       	.byte 13
 514 01f4 34       	.byte 52
 515 01f5 01       	.byte 1
 516 01f6 0D       	.byte 13
 517 01f7 0D       	.byte 13
 518 01f8 2E       	.byte 46
 519 01f9 03       	.byte 3
 520 01fa 2C       	.byte 44
 521 01fb 03       	.byte 3
 522 01fc 2D       	.byte 45
 523 01fd 03       	.byte 3
 524 01fe 0D       	.byte 13
 525 01ff 0D       	.byte 13
 526 0200 03       	.byte 3
 527 0201 09       	.byte 9
 528 0202 2C       	.byte 44
 529 0203 0B       	.byte 11
 530 0204 0D       	.byte 13
 531 0205 0D       	.byte 13
 532 0206 0D       	.byte 13
 533 0207 0D       	.byte 13
 534 0208 2E       	.byte 46
 535 0209 05       	.byte 5
 536 020a 2C       	.byte 44
 537 020b 05       	.byte 5
GAS LISTING  			page 11


 538 020c 2D       	.byte 45
 539 020d 06       	.byte 6
 540 020e 0D       	.byte 13
 541 020f 0D       	.byte 13
 542 0210 35       	.byte 53
 543 0211 01       	.byte 1
 544 0212 2C       	.byte 44
 545 0213 08       	.byte 8
 546 0214 37       	.byte 55
 547 0215 01       	.byte 1
 548 0216 0D       	.byte 13
 549 0217 0D       	.byte 13
 550 0218 0D       	.byte 13
 551 0219 0D       	.byte 13
 552 021a 2C       	.byte 44
 553 021b 07       	.byte 7
 554 021c 0D       	.byte 13
 555 021d 0D       	.byte 13
 556 021e 0D       	.byte 13
 557 021f 0D       	.byte 13
 558 0220 20       	.byte 32
 559 0221 02       	.byte 2
 560 0222 1D       	.byte 29
 561 0223 0A       	.byte 10
 562 0224 1F       	.byte 31
 563 0225 02       	.byte 2
 564 0226 0D       	.byte 13
 565 0227 0D       	.byte 13
 566 0228 20       	.byte 32
 567 0229 04       	.byte 4
 568 022a 1D       	.byte 29
 569 022b 04       	.byte 4
 570 022c 1F       	.byte 31
 571 022d 04       	.byte 4
 572 022e 0D       	.byte 13
 573 022f 0D       	.byte 13
 574 0230 33       	.byte 51
 575 0231 01       	.byte 1
 576 0232 1D       	.byte 29
 577 0233 02       	.byte 2
 578 0234 32       	.byte 50
 579 0235 01       	.byte 1
 580 0236 0D       	.byte 13
 581 0237 0D       	.byte 13
 582 0238 20       	.byte 32
 583 0239 03       	.byte 3
 584 023a 1D       	.byte 29
 585 023b 03       	.byte 3
 586 023c 1F       	.byte 31
 587 023d 03       	.byte 3
 588 023e 0D       	.byte 13
 589 023f 0D       	.byte 13
 590 0240 04       	.byte 4
 591 0241 09       	.byte 9
 592 0242 1D       	.byte 29
 593 0243 0B       	.byte 11
 594 0244 0D       	.byte 13
GAS LISTING  			page 12


 595 0245 0D       	.byte 13
 596 0246 0D       	.byte 13
 597 0247 0D       	.byte 13
 598 0248 20       	.byte 32
 599 0249 05       	.byte 5
 600 024a 1D       	.byte 29
 601 024b 05       	.byte 5
 602 024c 1F       	.byte 31
 603 024d 06       	.byte 6
 604 024e 0D       	.byte 13
 605 024f 0D       	.byte 13
 606 0250 10       	.byte 16
 607 0251 01       	.byte 1
 608 0252 1D       	.byte 29
 609 0253 08       	.byte 8
 610 0254 36       	.byte 54
 611 0255 01       	.byte 1
 612 0256 0D       	.byte 13
 613 0257 0D       	.byte 13
 614 0258 20       	.byte 32
 615 0259 07       	.byte 7
 616 025a 1D       	.byte 29
 617 025b 07       	.byte 7
 618 025c 1F       	.byte 31
 619 025d 08       	.byte 8
 620 025e 0D       	.byte 13
 621 025f 0D       	.byte 13
 622 0260 13       	.byte 19
 623 0261 02       	.byte 2
 624 0262 11       	.byte 17
 625 0263 0A       	.byte 10
 626 0264 0D       	.byte 13
 627 0265 0D       	.byte 13
 628 0266 0D       	.byte 13
 629 0267 0D       	.byte 13
 630 0268 13       	.byte 19
 631 0269 04       	.byte 4
 632 026a 11       	.byte 17
 633 026b 04       	.byte 4
 634 026c 14       	.byte 20
 635 026d 04       	.byte 4
 636 026e 0D       	.byte 13
 637 026f 0D       	.byte 13
 638 0270 18       	.byte 24
 639 0271 01       	.byte 1
 640 0272 11       	.byte 17
 641 0273 02       	.byte 2
 642 0274 15       	.byte 21
 643 0275 01       	.byte 1
 644 0276 0D       	.byte 13
 645 0277 0D       	.byte 13
 646 0278 13       	.byte 19
 647 0279 03       	.byte 3
 648 027a 11       	.byte 17
 649 027b 03       	.byte 3
 650 027c 14       	.byte 20
 651 027d 03       	.byte 3
GAS LISTING  			page 13


 652 027e 0D       	.byte 13
 653 027f 0D       	.byte 13
 654 0280 08       	.byte 8
 655 0281 09       	.byte 9
 656 0282 11       	.byte 17
 657 0283 0B       	.byte 11
 658 0284 0D       	.byte 13
 659 0285 0D       	.byte 13
 660 0286 0D       	.byte 13
 661 0287 0D       	.byte 13
 662 0288 0D       	.byte 13
 663 0289 0D       	.byte 13
 664 028a 11       	.byte 17
 665 028b 05       	.byte 5
 666 028c 14       	.byte 20
 667 028d 05       	.byte 5
 668 028e 0D       	.byte 13
 669 028f 0D       	.byte 13
 670 0290 0E       	.byte 14
 671 0291 01       	.byte 1
 672 0292 11       	.byte 17
 673 0293 08       	.byte 8
 674 0294 0D       	.byte 13
 675 0295 0D       	.byte 13
 676 0296 0D       	.byte 13
 677 0297 0D       	.byte 13
 678 0298 0D       	.byte 13
 679 0299 0D       	.byte 13
 680 029a 11       	.byte 17
 681 029b 07       	.byte 7
 682 029c 14       	.byte 20
 683 029d 07       	.byte 7
 684 029e 0D       	.byte 13
 685 029f 0D       	.byte 13
 686 02a0 12       	.byte 18
 687 02a1 02       	.byte 2
 688 02a2 2B       	.byte 43
 689 02a3 0A       	.byte 10
 690 02a4 0D       	.byte 13
 691 02a5 0D       	.byte 13
 692 02a6 0D       	.byte 13
 693 02a7 0D       	.byte 13
 694 02a8 12       	.byte 18
 695 02a9 04       	.byte 4
 696 02aa 2B       	.byte 43
 697 02ab 04       	.byte 4
 698 02ac 1A       	.byte 26
 699 02ad 04       	.byte 4
 700 02ae 0D       	.byte 13
 701 02af 0D       	.byte 13
 702 02b0 17       	.byte 23
 703 02b1 01       	.byte 1
 704 02b2 2B       	.byte 43
 705 02b3 02       	.byte 2
 706 02b4 1E       	.byte 30
 707 02b5 01       	.byte 1
 708 02b6 0D       	.byte 13
GAS LISTING  			page 14


 709 02b7 0D       	.byte 13
 710 02b8 12       	.byte 18
 711 02b9 03       	.byte 3
 712 02ba 2B       	.byte 43
 713 02bb 03       	.byte 3
 714 02bc 1A       	.byte 26
 715 02bd 03       	.byte 3
 716 02be 0D       	.byte 13
 717 02bf 0D       	.byte 13
 718 02c0 05       	.byte 5
 719 02c1 09       	.byte 9
 720 02c2 2B       	.byte 43
 721 02c3 0B       	.byte 11
 722 02c4 0D       	.byte 13
 723 02c5 0D       	.byte 13
 724 02c6 0D       	.byte 13
 725 02c7 0D       	.byte 13
 726 02c8 0D       	.byte 13
 727 02c9 0D       	.byte 13
 728 02ca 2B       	.byte 43
 729 02cb 05       	.byte 5
 730 02cc 1A       	.byte 26
 731 02cd 05       	.byte 5
 732 02ce 0D       	.byte 13
 733 02cf 0D       	.byte 13
 734 02d0 30       	.byte 48
 735 02d1 01       	.byte 1
 736 02d2 2B       	.byte 43
 737 02d3 08       	.byte 8
 738 02d4 0D       	.byte 13
 739 02d5 0D       	.byte 13
 740 02d6 0D       	.byte 13
 741 02d7 0D       	.byte 13
 742 02d8 0D       	.byte 13
 743 02d9 0D       	.byte 13
 744 02da 2B       	.byte 43
 745 02db 07       	.byte 7
 746 02dc 1A       	.byte 26
 747 02dd 07       	.byte 7
 748 02de 0D       	.byte 13
 749 02df 0D       	.byte 13
 750              	.rdata
 751 01bc 00000000 	.align 3
 752              	$LC56:
 753 01c0 25732061 	.ascii "%s a\000"
 753      00
 754 01c5 000000   	.align 3
 755              	$LC57:
 756 01c8 257300   	.ascii "%s\000"
 757 01cb 00000000 	.align 3
 757      00
 758              	$LC59:
 759 01d0 25732023 	.ascii "%s #$%02X\000"
 759      24253032 
 759      5800
 760 01da 00000000 	.align 3
 760      0000
GAS LISTING  			page 15


 761              	$LC58:
 762 01e0 25732024 	.ascii "%s $%04X\000"
 762      25303458 
 762      00
 763 01e9 00000000 	.align 3
 763      000000
 764              	$LC60:
 765 01f0 25732024 	.ascii "%s $%02X\000"
 765      25303258 
 765      00
 766 01f9 00000000 	.align 3
 766      000000
 767              	$LC61:
 768 0200 25732024 	.ascii "%s $%02X,x\000"
 768      25303258 
 768      2C7800
 769 020b 00000000 	.align 3
 769      00
 770              	$LC62:
 771 0210 25732024 	.ascii "%s $%02X,y\000"
 771      25303258 
 771      2C7900
 772 021b 00000000 	.align 3
 772      00
 773              	$LC65:
 774 0220 25732024 	.ascii "%s $%04X,x\000"
 774      25303458 
 774      2C7800
 775 022b 00000000 	.align 3
 775      00
 776              	$LC66:
 777 0230 25732024 	.ascii "%s $%04X,y\000"
 777      25303458 
 777      2C7900
 778 023b 00000000 	.align 3
 778      00
 779              	$LC63:
 780 0240 25732028 	.ascii "%s ($%02X,x)\000"
 780      24253032 
 780      582C7829 
 780      00
 781 024d 000000   	.align 3
 782              	$LC64:
 783 0250 25732028 	.ascii "%s ($%02X),y\000"
 783      24253032 
 783      58292C79 
 783      00
 784 025d 000000   	.align 3
 785              	$LC67:
 786 0260 25732028 	.ascii "%s ($%04X)\000"
 786      24253034 
 786      582900
 787 026b 00000000 	.align 3
 787      00
 788              	$LC68:
 789 0270 64622024 	.ascii "db $%02X\000"
 789      25303258 
GAS LISTING  			page 16


 789      00
 790              	.text
 791              	.align 2
 792              	.p2align 3,,7
 793              	.ent DAsm
 794              	DAsm:
 795              	.frame $sp,48,$31
 796              	.mask 0x80030000,-16
 797              	.fmask 0x00000000,0
 798 0000 D0FFBD27 	subu $sp,$sp,48
 799 0004 2D408000 	move $8,$4
 800 0008 1000B1FF 	sd $17,16($sp)
 801 000c FFFFC630 	andi $6,$6,0xffff
 802 0010 0000B0FF 	sd $16,0($sp)
 803 0014 2D88A000 	move $17,$5
 804 0018 2000BFFF 	sd $31,32($sp)
 805 001c 0000A290 	lbu $2,0($5)
 806              	
 807 0020 40280200 	sll $5,$2,1
 808 0024 0000023C 	lui $2,%hi(ad)
 809 0028 E0004224 	addiu $2,$2,%lo(ad)
 810 002c 2110A200 	addu $2,$5,$2
 811 0030 01004290 	lbu $2,1($2)
 812              	
 813 0034 0D00432C 	sltu $3,$2,13
 814              	.set noreorder
 815              	.set nomacro
 816 0038 C7006010 	beq $3,$0,$L18
 817 003c 01003026 	addu $16,$17,1
 818              	.set macro
 819              	.set reorder
 820              	
 821 0040 0000033C 	lui $3,%hi($L19)
 822 0044 80100200 	sll $2,$2,2
 823 0048 7C026324 	addiu $3,$3,%lo($L19)
 824 004c 21104300 	addu $2,$2,$3
 825 0050 0000448C 	lw $4,0($2)
 826              	
 827 0054 08008000 	j $4
 827      00000000 
 828              	.rdata
 829 0279 000000   	.align 2
 830              	$L19:
 831 027c 5C000000 	.word $L3
 832 0280 AC000000 	.word $L4
 833 0284 CC000000 	.word $L8
 834 0288 14010000 	.word $L14
 835 028c 64010000 	.word $L9
 836 0290 8C010000 	.word $L10
 837 0294 B4010000 	.word $L11
 838 0298 DC010000 	.word $L15
 839 029c 20020000 	.word $L16
 840 02a0 64020000 	.word $L5
 841 02a4 C0020000 	.word $L12
 842 02a8 E8020000 	.word $L13
 843 02ac 10030000 	.word $L17
 844              	.text
GAS LISTING  			page 17


 845              	$L3:
 846 005c 0000023C 	lui $2,%hi(ad)
 847 0060 2D200001 	move $4,$8
 848 0064 E0004224 	addiu $2,$2,%lo(ad)
 849 0068 2110A200 	addu $2,$5,$2
 850 006c 0000053C 	lui $5,%hi($LC56)
 851 0070 00004390 	lbu $3,0($2)
 852 0074 C001A524 	addiu $5,$5,%lo($LC56)
 853              	$L25:
 854 0078 0000023C 	lui $2,%hi(mn)
 855 007c 80180300 	sll $3,$3,2
 856 0080 00004224 	addiu $2,$2,%lo(mn)
 857 0084 21186200 	addu $3,$3,$2
 858 0088 0000668C 	lw $6,0($3)
 859              	$L24:
 860 008c 0000000C 	jal sprintf
 860      00000000 
 861 0094 23101102 	subu $2,$16,$17
 862              	$L26:
 863 0098 2000BFDF 	ld $31,32($sp)
 864 009c 1000B1DF 	ld $17,16($sp)
 865 00a0 0000B0DF 	ld $16,0($sp)
 866              	
 867              	.set noreorder
 868              	.set nomacro
 869 00a4 0800E003 	j $31
 870 00a8 3000BD27 	addu $sp,$sp,48
 871              	.set macro
 872              	.set reorder
 873              	
 874              	$L4:
 875 00ac 0000023C 	lui $2,%hi(ad)
 876 00b0 2D200001 	move $4,$8
 877 00b4 E0004224 	addiu $2,$2,%lo(ad)
 878 00b8 2110A200 	addu $2,$5,$2
 879 00bc 0000053C 	lui $5,%hi($LC57)
 880 00c0 00004390 	lbu $3,0($2)
 881              	.set noreorder
 882              	.set nomacro
 883 00c4 ECFF0010 	b $L25
 884 00c8 C801A524 	addiu $5,$5,%lo($LC57)
 885              	.set macro
 886              	.set reorder
 887              	
 888              	$L8:
 889 00cc 0000023C 	lui $2,%hi(ad)
 890 00d0 00000792 	lbu $7,0($16)
 891 00d4 E0004224 	addiu $2,$2,%lo(ad)
 892 00d8 2D200001 	move $4,$8
 893 00dc 2110A200 	addu $2,$5,$2
 894 00e0 0000053C 	lui $5,%hi($LC59)
 895 00e4 00004390 	lbu $3,0($2)
 896 00e8 D001A524 	addiu $5,$5,%lo($LC59)
 897 00ec 80180300 	sll $3,$3,2
 898              	$L22:
 899 00f0 0000023C 	lui $2,%hi(mn)
 900 00f4 01001026 	addu $16,$16,1
GAS LISTING  			page 18


 901 00f8 00004224 	addiu $2,$2,%lo(mn)
 902 00fc 21186200 	addu $3,$3,$2
 903 0100 0000668C 	lw $6,0($3)
 904              	$L23:
 905 0104 0000000C 	jal sprintf
 905      00000000 
 906              	.set noreorder
 907              	.set nomacro
 908 010c E2FF0010 	b $L26
 909 0110 23101102 	subu $2,$16,$17
 910              	.set macro
 911              	.set reorder
 912              	
 913              	$L14:
 914 0114 0000023C 	lui $2,%hi(ad)
 915 0118 01000792 	lbu $7,1($16)
 916 011c E0004224 	addiu $2,$2,%lo(ad)
 917 0120 00000492 	lbu $4,0($16)
 918 0124 2110A200 	addu $2,$5,$2
 919 0128 003A0700 	sll $7,$7,8
 920 012c 00004390 	lbu $3,0($2)
 921 0130 0000053C 	lui $5,%hi($LC58)
 922 0134 0000023C 	lui $2,%hi(mn)
 923 0138 2138E400 	addu $7,$7,$4
 924 013c 80180300 	sll $3,$3,2
 925 0140 00004224 	addiu $2,$2,%lo(mn)
 926 0144 21186200 	addu $3,$3,$2
 927 0148 2D200001 	move $4,$8
 928 014c 0000668C 	lw $6,0($3)
 929 0150 E001A524 	addiu $5,$5,%lo($LC58)
 930              	$L21:
 931              	.set noreorder
 932              	.set nomacro
 933 0154 0000000C 	jal sprintf
 934 0158 02001026 	addu $16,$16,2
 935              	.set macro
 936              	.set reorder
 937              	
 938              	.set noreorder
 939              	.set nomacro
 940 015c CEFF0010 	b $L26
 941 0160 23101102 	subu $2,$16,$17
 942              	.set macro
 943              	.set reorder
 944              	
 945              	$L9:
 946 0164 0000023C 	lui $2,%hi(ad)
 947 0168 00000792 	lbu $7,0($16)
 948 016c E0004224 	addiu $2,$2,%lo(ad)
 949 0170 2D200001 	move $4,$8
 950 0174 2110A200 	addu $2,$5,$2
 951 0178 0000053C 	lui $5,%hi($LC60)
 952 017c 00004390 	lbu $3,0($2)
 953 0180 F001A524 	addiu $5,$5,%lo($LC60)
 954              	.set noreorder
 955              	.set nomacro
 956 0184 DAFF0010 	b $L22
GAS LISTING  			page 19


 957 0188 80180300 	sll $3,$3,2
 958              	.set macro
 959              	.set reorder
 960              	
 961              	$L10:
 962 018c 0000023C 	lui $2,%hi(ad)
 963 0190 00000792 	lbu $7,0($16)
 964 0194 E0004224 	addiu $2,$2,%lo(ad)
 965 0198 2D200001 	move $4,$8
 966 019c 2110A200 	addu $2,$5,$2
 967 01a0 0000053C 	lui $5,%hi($LC61)
 968 01a4 00004390 	lbu $3,0($2)
 969 01a8 0002A524 	addiu $5,$5,%lo($LC61)
 970              	.set noreorder
 971              	.set nomacro
 972 01ac D0FF0010 	b $L22
 973 01b0 80180300 	sll $3,$3,2
 974              	.set macro
 975              	.set reorder
 976              	
 977              	$L11:
 978 01b4 0000023C 	lui $2,%hi(ad)
 979 01b8 00000792 	lbu $7,0($16)
 980 01bc E0004224 	addiu $2,$2,%lo(ad)
 981 01c0 2D200001 	move $4,$8
 982 01c4 2110A200 	addu $2,$5,$2
 983 01c8 0000053C 	lui $5,%hi($LC62)
 984 01cc 00004390 	lbu $3,0($2)
 985 01d0 1002A524 	addiu $5,$5,%lo($LC62)
 986              	.set noreorder
 987              	.set nomacro
 988 01d4 C6FF0010 	b $L22
 989 01d8 80180300 	sll $3,$3,2
 990              	.set macro
 991              	.set reorder
 992              	
 993              	$L15:
 994 01dc 0000023C 	lui $2,%hi(ad)
 995 01e0 01000792 	lbu $7,1($16)
 996 01e4 E0004224 	addiu $2,$2,%lo(ad)
 997 01e8 00000492 	lbu $4,0($16)
 998 01ec 2110A200 	addu $2,$5,$2
 999 01f0 003A0700 	sll $7,$7,8
 1000 01f4 00004390 	lbu $3,0($2)
 1001 01f8 0000053C 	lui $5,%hi($LC65)
 1002 01fc 0000023C 	lui $2,%hi(mn)
 1003 0200 2138E400 	addu $7,$7,$4
 1004 0204 80180300 	sll $3,$3,2
 1005 0208 00004224 	addiu $2,$2,%lo(mn)
 1006 020c 21186200 	addu $3,$3,$2
 1007 0210 2D200001 	move $4,$8
 1008 0214 0000668C 	lw $6,0($3)
 1009              	.set noreorder
 1010              	.set nomacro
 1011 0218 CEFF0010 	b $L21
 1012 021c 2002A524 	addiu $5,$5,%lo($LC65)
 1013              	.set macro
GAS LISTING  			page 20


 1014              	.set reorder
 1015              	
 1016              	$L16:
 1017 0220 0000023C 	lui $2,%hi(ad)
 1018 0224 01000792 	lbu $7,1($16)
 1019 0228 E0004224 	addiu $2,$2,%lo(ad)
 1020 022c 00000492 	lbu $4,0($16)
 1021 0230 2110A200 	addu $2,$5,$2
 1022 0234 003A0700 	sll $7,$7,8
 1023 0238 00004390 	lbu $3,0($2)
 1024 023c 0000053C 	lui $5,%hi($LC66)
 1025 0240 0000023C 	lui $2,%hi(mn)
 1026 0244 2138E400 	addu $7,$7,$4
 1027 0248 80180300 	sll $3,$3,2
 1028 024c 00004224 	addiu $2,$2,%lo(mn)
 1029 0250 21186200 	addu $3,$3,$2
 1030 0254 2D200001 	move $4,$8
 1031 0258 0000668C 	lw $6,0($3)
 1032              	.set noreorder
 1033              	.set nomacro
 1034 025c BDFF0010 	b $L21
 1035 0260 3002A524 	addiu $5,$5,%lo($LC66)
 1036              	.set macro
 1037              	.set reorder
 1038              	
 1039              	$L5:
 1040 0264 00000392 	lbu $3,0($16)
 1041 0268 0200C624 	addu $6,$6,2
 1042 026c 8000622C 	sltu $2,$3,128
 1043              	.set noreorder
 1044              	.set nomacro
 1045 0270 10004010 	beq $2,$0,$L6
 1046 0274 01001026 	addu $16,$16,1
 1047              	.set macro
 1048              	.set reorder
 1049              	
 1050 0278 2110C300 	addu $2,$6,$3
 1051              	$L20:
 1052 027c FFFF4730 	andi $7,$2,0xffff
 1053 0280 2D200001 	move $4,$8
 1054 0284 0000023C 	lui $2,%hi(ad)
 1055 0288 E0004224 	addiu $2,$2,%lo(ad)
 1056 028c 2110A200 	addu $2,$5,$2
 1057 0290 0000053C 	lui $5,%hi($LC58)
 1058 0294 00004390 	lbu $3,0($2)
 1059 0298 E001A524 	addiu $5,$5,%lo($LC58)
 1060 029c 0000023C 	lui $2,%hi(mn)
 1061 02a0 80180300 	sll $3,$3,2
 1062 02a4 00004224 	addiu $2,$2,%lo(mn)
 1063 02a8 21186200 	addu $3,$3,$2
 1064              	.set noreorder
 1065              	.set nomacro
 1066 02ac 95FF0010 	b $L23
 1067 02b0 0000668C 	lw $6,0($3)
 1068              	.set macro
 1069              	.set reorder
 1070              	
GAS LISTING  			page 21


 1071              	$L6:
 1072              	
 1073 02b4 2110C300 	addu $2,$6,$3
 1074              	.set noreorder
 1075              	.set nomacro
 1076 02b8 F0FF0010 	b $L20
 1077 02bc 00FF4224 	addu $2,$2,-256
 1078              	.set macro
 1079              	.set reorder
 1080              	
 1081              	$L12:
 1082 02c0 0000023C 	lui $2,%hi(ad)
 1083 02c4 00000792 	lbu $7,0($16)
 1084 02c8 E0004224 	addiu $2,$2,%lo(ad)
 1085 02cc 2D200001 	move $4,$8
 1086 02d0 2110A200 	addu $2,$5,$2
 1087 02d4 0000053C 	lui $5,%hi($LC63)
 1088 02d8 00004390 	lbu $3,0($2)
 1089 02dc 4002A524 	addiu $5,$5,%lo($LC63)
 1090              	.set noreorder
 1091              	.set nomacro
 1092 02e0 83FF0010 	b $L22
 1093 02e4 80180300 	sll $3,$3,2
 1094              	.set macro
 1095              	.set reorder
 1096              	
 1097              	$L13:
 1098 02e8 0000023C 	lui $2,%hi(ad)
 1099 02ec 00000792 	lbu $7,0($16)
 1100 02f0 E0004224 	addiu $2,$2,%lo(ad)
 1101 02f4 2D200001 	move $4,$8
 1102 02f8 2110A200 	addu $2,$5,$2
 1103 02fc 0000053C 	lui $5,%hi($LC64)
 1104 0300 00004390 	lbu $3,0($2)
 1105 0304 5002A524 	addiu $5,$5,%lo($LC64)
 1106              	.set noreorder
 1107              	.set nomacro
 1108 0308 79FF0010 	b $L22
 1109 030c 80180300 	sll $3,$3,2
 1110              	.set macro
 1111              	.set reorder
 1112              	
 1113              	$L17:
 1114 0310 0000023C 	lui $2,%hi(ad)
 1115 0314 01000792 	lbu $7,1($16)
 1116 0318 E0004224 	addiu $2,$2,%lo(ad)
 1117 031c 00000492 	lbu $4,0($16)
 1118 0320 2110A200 	addu $2,$5,$2
 1119 0324 003A0700 	sll $7,$7,8
 1120 0328 00004390 	lbu $3,0($2)
 1121 032c 0000053C 	lui $5,%hi($LC67)
 1122 0330 0000023C 	lui $2,%hi(mn)
 1123 0334 2138E400 	addu $7,$7,$4
 1124 0338 80180300 	sll $3,$3,2
 1125 033c 00004224 	addiu $2,$2,%lo(mn)
 1126 0340 21186200 	addu $3,$3,$2
 1127 0344 2D200001 	move $4,$8
GAS LISTING  			page 22


 1128 0348 0000668C 	lw $6,0($3)
 1129              	.set noreorder
 1130              	.set nomacro
 1131 034c 81FF0010 	b $L21
 1132 0350 6002A524 	addiu $5,$5,%lo($LC67)
 1133              	.set macro
 1134              	.set reorder
 1135              	
 1136 0354 00000000 	.p2align 3
 1137              	$L18:
 1138 0358 42300500 	srl $6,$5,1
 1139 035c 0000053C 	lui $5,%hi($LC68)
 1140              	.set noreorder
 1141              	.set nomacro
 1142 0360 4AFF0010 	b $L24
 1143 0364 7002A524 	addiu $5,$5,%lo($LC68)
 1144              	.set macro
 1145              	.set reorder
 1146              	
 1147              	.end DAsm
 1148              	$Lfe1:
 1149              	.size DAsm,$Lfe1-DAsm
 1150              	.align 2
 1151              	.p2align 3,,7
 1152              	.globl N6502DisasmOpcode
 1153              	.ent N6502DisasmOpcode
 1154              	N6502DisasmOpcode:
 1155              	.frame $sp,16,$31
 1156              	.mask 0x80000000,-16
 1157              	.fmask 0x00000000,0
 1158 0368 F0FFBD27 	subu $sp,$sp,16
 1159 036c 0000BFFF 	sd $31,0($sp)
 1160              	.set noreorder
 1161              	.set nomacro
 1162 0370 0000000C 	jal DAsm
 1163 0374 FFFFC630 	andi $6,$6,0xffff
 1164              	.set macro
 1165              	.set reorder
 1166              	
 1167 0378 0000BFDF 	ld $31,0($sp)
 1168              	
 1169              	.set noreorder
 1170              	.set nomacro
 1171 037c 0800E003 	j $31
 1172 0380 1000BD27 	addu $sp,$sp,16
 1173              	.set macro
 1174              	.set reorder
 1175              	
 1176              	.end N6502DisasmOpcode
 1177              	$Lfe2:
 1178              	.size N6502DisasmOpcode,$Lfe2-N6502DisasmOpcode
 1179 0384 00000000 	.ident "GCC: (GNU) 3.2.2"
