GAS LISTING  			page 1


   1              	.file 1 "../../Source/common/sndisasm.c"
   2              	.section .mdebug.eabi64
   3              	.previous
   4              	.data
   5              	.align 3
   6              	.type _SND_InstDefs,@object
   7              	.size _SND_InstDefs,3084
   8              	_SND_InstDefs:
   9 0000 61       	.byte 97
  10 0001 000000   	.space 3
  11 0004 01000000 	.word 1
  12 0008 07000000 	.word 7
  13 000c 63       	.byte 99
  14 000d 000000   	.space 3
  15 0010 01000000 	.word 1
  16 0014 05000000 	.word 5
  17 0018 65       	.byte 101
  18 0019 000000   	.space 3
  19 001c 01000000 	.word 1
  20 0020 08000000 	.word 8
  21 0024 67       	.byte 103
  22 0025 000000   	.space 3
  23 0028 01000000 	.word 1
  24 002c 0D000000 	.word 13
  25 0030 69       	.byte 105
  26 0031 000000   	.space 3
  27 0034 01000000 	.word 1
  28 0038 0F000000 	.word 15
  29 003c 6D       	.byte 109
  30 003d 000000   	.space 3
  31 0040 01000000 	.word 1
  32 0044 13000000 	.word 19
  33 0048 6F       	.byte 111
  34 0049 000000   	.space 3
  35 004c 01000000 	.word 1
  36 0050 19000000 	.word 25
  37 0054 71       	.byte 113
  38 0055 000000   	.space 3
  39 0058 01000000 	.word 1
  40 005c 0C000000 	.word 12
  41 0060 72       	.byte 114
  42 0061 000000   	.space 3
  43 0064 01000000 	.word 1
  44 0068 0B000000 	.word 11
  45 006c 73       	.byte 115
  46 006d 000000   	.space 3
  47 0070 01000000 	.word 1
  48 0074 06000000 	.word 6
  49 0078 75       	.byte 117
  50 0079 000000   	.space 3
  51 007c 01000000 	.word 1
  52 0080 09000000 	.word 9
  53 0084 77       	.byte 119
  54 0085 000000   	.space 3
  55 0088 01000000 	.word 1
  56 008c 0E000000 	.word 14
  57 0090 79       	.byte 121
GAS LISTING  			page 2


  58 0091 000000   	.space 3
  59 0094 01000000 	.word 1
  60 0098 18000000 	.word 24
  61 009c 7D       	.byte 125
  62 009d 000000   	.space 3
  63 00a0 01000000 	.word 1
  64 00a4 17000000 	.word 23
  65 00a8 7F       	.byte 127
  66 00a9 000000   	.space 3
  67 00ac 01000000 	.word 1
  68 00b0 1A000000 	.word 26
  69 00b4 E1       	.byte -31
  70 00b5 000000   	.space 3
  71 00b8 3F000000 	.word 63
  72 00bc 07000000 	.word 7
  73 00c0 E3       	.byte -29
  74 00c1 000000   	.space 3
  75 00c4 3F000000 	.word 63
  76 00c8 05000000 	.word 5
  77 00cc E5       	.byte -27
  78 00cd 000000   	.space 3
  79 00d0 3F000000 	.word 63
  80 00d4 08000000 	.word 8
  81 00d8 E7       	.byte -25
  82 00d9 000000   	.space 3
  83 00dc 3F000000 	.word 63
  84 00e0 0D000000 	.word 13
  85 00e4 E9       	.byte -23
  86 00e5 000000   	.space 3
  87 00e8 3F000000 	.word 63
  88 00ec 0F000000 	.word 15
  89 00f0 ED       	.byte -19
  90 00f1 000000   	.space 3
  91 00f4 3F000000 	.word 63
  92 00f8 13000000 	.word 19
  93 00fc EF       	.byte -17
  94 00fd 000000   	.space 3
  95 0100 3F000000 	.word 63
  96 0104 19000000 	.word 25
  97 0108 F1       	.byte -15
  98 0109 000000   	.space 3
  99 010c 3F000000 	.word 63
 100 0110 0C000000 	.word 12
 101 0114 F2       	.byte -14
 102 0115 000000   	.space 3
 103 0118 3F000000 	.word 63
 104 011c 0B000000 	.word 11
 105 0120 F3       	.byte -13
 106 0121 000000   	.space 3
 107 0124 3F000000 	.word 63
 108 0128 06000000 	.word 6
 109 012c F5       	.byte -11
 110 012d 000000   	.space 3
 111 0130 3F000000 	.word 63
 112 0134 09000000 	.word 9
 113 0138 F7       	.byte -9
 114 0139 000000   	.space 3
GAS LISTING  			page 3


 115 013c 3F000000 	.word 63
 116 0140 0E000000 	.word 14
 117 0144 F9       	.byte -7
 118 0145 000000   	.space 3
 119 0148 3F000000 	.word 63
 120 014c 18000000 	.word 24
 121 0150 FD       	.byte -3
 122 0151 000000   	.space 3
 123 0154 3F000000 	.word 63
 124 0158 17000000 	.word 23
 125 015c FF       	.byte -1
 126 015d 000000   	.space 3
 127 0160 3F000000 	.word 63
 128 0164 1A000000 	.word 26
 129 0168 21       	.byte 33
 130 0169 000000   	.space 3
 131 016c 02000000 	.word 2
 132 0170 07000000 	.word 7
 133 0174 23       	.byte 35
 134 0175 000000   	.space 3
 135 0178 02000000 	.word 2
 136 017c 05000000 	.word 5
 137 0180 25       	.byte 37
 138 0181 000000   	.space 3
 139 0184 02000000 	.word 2
 140 0188 08000000 	.word 8
 141 018c 27       	.byte 39
 142 018d 000000   	.space 3
 143 0190 02000000 	.word 2
 144 0194 0D000000 	.word 13
 145 0198 29       	.byte 41
 146 0199 000000   	.space 3
 147 019c 02000000 	.word 2
 148 01a0 0F000000 	.word 15
 149 01a4 2D       	.byte 45
 150 01a5 000000   	.space 3
 151 01a8 02000000 	.word 2
 152 01ac 13000000 	.word 19
 153 01b0 2F       	.byte 47
 154 01b1 000000   	.space 3
 155 01b4 02000000 	.word 2
 156 01b8 19000000 	.word 25
 157 01bc 31       	.byte 49
 158 01bd 000000   	.space 3
 159 01c0 02000000 	.word 2
 160 01c4 0C000000 	.word 12
 161 01c8 32       	.byte 50
 162 01c9 000000   	.space 3
 163 01cc 02000000 	.word 2
 164 01d0 0B000000 	.word 11
 165 01d4 33       	.byte 51
 166 01d5 000000   	.space 3
 167 01d8 02000000 	.word 2
 168 01dc 06000000 	.word 6
 169 01e0 35       	.byte 53
 170 01e1 000000   	.space 3
 171 01e4 02000000 	.word 2
GAS LISTING  			page 4


 172 01e8 09000000 	.word 9
 173 01ec 37       	.byte 55
 174 01ed 000000   	.space 3
 175 01f0 02000000 	.word 2
 176 01f4 0E000000 	.word 14
 177 01f8 39       	.byte 57
 178 01f9 000000   	.space 3
 179 01fc 02000000 	.word 2
 180 0200 18000000 	.word 24
 181 0204 3D       	.byte 61
 182 0205 000000   	.space 3
 183 0208 02000000 	.word 2
 184 020c 17000000 	.word 23
 185 0210 3F       	.byte 63
 186 0211 000000   	.space 3
 187 0214 02000000 	.word 2
 188 0218 1A000000 	.word 26
 189 021c 41       	.byte 65
 190 021d 000000   	.space 3
 191 0220 1B000000 	.word 27
 192 0224 07000000 	.word 7
 193 0228 43       	.byte 67
 194 0229 000000   	.space 3
 195 022c 1B000000 	.word 27
 196 0230 05000000 	.word 5
 197 0234 45       	.byte 69
 198 0235 000000   	.space 3
 199 0238 1B000000 	.word 27
 200 023c 08000000 	.word 8
 201 0240 47       	.byte 71
 202 0241 000000   	.space 3
 203 0244 1B000000 	.word 27
 204 0248 0D000000 	.word 13
 205 024c 49       	.byte 73
 206 024d 000000   	.space 3
 207 0250 1B000000 	.word 27
 208 0254 0F000000 	.word 15
 209 0258 4D       	.byte 77
 210 0259 000000   	.space 3
 211 025c 1B000000 	.word 27
 212 0260 13000000 	.word 19
 213 0264 4F       	.byte 79
 214 0265 000000   	.space 3
 215 0268 1B000000 	.word 27
 216 026c 19000000 	.word 25
 217 0270 51       	.byte 81
 218 0271 000000   	.space 3
 219 0274 1B000000 	.word 27
 220 0278 0C000000 	.word 12
 221 027c 52       	.byte 82
 222 027d 000000   	.space 3
 223 0280 1B000000 	.word 27
 224 0284 0B000000 	.word 11
 225 0288 53       	.byte 83
 226 0289 000000   	.space 3
 227 028c 1B000000 	.word 27
 228 0290 06000000 	.word 6
GAS LISTING  			page 5


 229 0294 55       	.byte 85
 230 0295 000000   	.space 3
 231 0298 1B000000 	.word 27
 232 029c 09000000 	.word 9
 233 02a0 57       	.byte 87
 234 02a1 000000   	.space 3
 235 02a4 1B000000 	.word 27
 236 02a8 0E000000 	.word 14
 237 02ac 59       	.byte 89
 238 02ad 000000   	.space 3
 239 02b0 1B000000 	.word 27
 240 02b4 18000000 	.word 24
 241 02b8 5D       	.byte 93
 242 02b9 000000   	.space 3
 243 02bc 1B000000 	.word 27
 244 02c0 17000000 	.word 23
 245 02c4 5F       	.byte 95
 246 02c5 000000   	.space 3
 247 02c8 1B000000 	.word 27
 248 02cc 1A000000 	.word 26
 249 02d0 01       	.byte 1
 250 02d1 000000   	.space 3
 251 02d4 28000000 	.word 40
 252 02d8 07000000 	.word 7
 253 02dc 03       	.byte 3
 254 02dd 000000   	.space 3
 255 02e0 28000000 	.word 40
 256 02e4 05000000 	.word 5
 257 02e8 05       	.byte 5
 258 02e9 000000   	.space 3
 259 02ec 28000000 	.word 40
 260 02f0 08000000 	.word 8
 261 02f4 07       	.byte 7
 262 02f5 000000   	.space 3
 263 02f8 28000000 	.word 40
 264 02fc 0D000000 	.word 13
 265 0300 09       	.byte 9
 266 0301 000000   	.space 3
 267 0304 28000000 	.word 40
 268 0308 0F000000 	.word 15
 269 030c 0D       	.byte 13
 270 030d 000000   	.space 3
 271 0310 28000000 	.word 40
 272 0314 13000000 	.word 19
 273 0318 0F       	.byte 15
 274 0319 000000   	.space 3
 275 031c 28000000 	.word 40
 276 0320 19000000 	.word 25
 277 0324 11       	.byte 17
 278 0325 000000   	.space 3
 279 0328 28000000 	.word 40
 280 032c 0C000000 	.word 12
 281 0330 12       	.byte 18
 282 0331 000000   	.space 3
 283 0334 28000000 	.word 40
 284 0338 0B000000 	.word 11
 285 033c 13       	.byte 19
GAS LISTING  			page 6


 286 033d 000000   	.space 3
 287 0340 28000000 	.word 40
 288 0344 06000000 	.word 6
 289 0348 15       	.byte 21
 290 0349 000000   	.space 3
 291 034c 28000000 	.word 40
 292 0350 09000000 	.word 9
 293 0354 17       	.byte 23
 294 0355 000000   	.space 3
 295 0358 28000000 	.word 40
 296 035c 0E000000 	.word 14
 297 0360 19       	.byte 25
 298 0361 000000   	.space 3
 299 0364 28000000 	.word 40
 300 0368 18000000 	.word 24
 301 036c 1D       	.byte 29
 302 036d 000000   	.space 3
 303 0370 28000000 	.word 40
 304 0374 17000000 	.word 23
 305 0378 1F       	.byte 31
 306 0379 000000   	.space 3
 307 037c 28000000 	.word 40
 308 0380 1A000000 	.word 26
 309 0384 C1       	.byte -63
 310 0385 000000   	.space 3
 311 0388 14000000 	.word 20
 312 038c 07000000 	.word 7
 313 0390 C3       	.byte -61
 314 0391 000000   	.space 3
 315 0394 14000000 	.word 20
 316 0398 05000000 	.word 5
 317 039c C5       	.byte -59
 318 039d 000000   	.space 3
 319 03a0 14000000 	.word 20
 320 03a4 08000000 	.word 8
 321 03a8 C7       	.byte -57
 322 03a9 000000   	.space 3
 323 03ac 14000000 	.word 20
 324 03b0 0D000000 	.word 13
 325 03b4 C9       	.byte -55
 326 03b5 000000   	.space 3
 327 03b8 14000000 	.word 20
 328 03bc 0F000000 	.word 15
 329 03c0 CD       	.byte -51
 330 03c1 000000   	.space 3
 331 03c4 14000000 	.word 20
 332 03c8 13000000 	.word 19
 333 03cc CF       	.byte -49
 334 03cd 000000   	.space 3
 335 03d0 14000000 	.word 20
 336 03d4 19000000 	.word 25
 337 03d8 D1       	.byte -47
 338 03d9 000000   	.space 3
 339 03dc 14000000 	.word 20
 340 03e0 0C000000 	.word 12
 341 03e4 D2       	.byte -46
 342 03e5 000000   	.space 3
GAS LISTING  			page 7


 343 03e8 14000000 	.word 20
 344 03ec 0B000000 	.word 11
 345 03f0 D3       	.byte -45
 346 03f1 000000   	.space 3
 347 03f4 14000000 	.word 20
 348 03f8 06000000 	.word 6
 349 03fc D5       	.byte -43
 350 03fd 000000   	.space 3
 351 0400 14000000 	.word 20
 352 0404 09000000 	.word 9
 353 0408 D7       	.byte -41
 354 0409 000000   	.space 3
 355 040c 14000000 	.word 20
 356 0410 0E000000 	.word 14
 357 0414 D9       	.byte -39
 358 0415 000000   	.space 3
 359 0418 14000000 	.word 20
 360 041c 18000000 	.word 24
 361 0420 DD       	.byte -35
 362 0421 000000   	.space 3
 363 0424 14000000 	.word 20
 364 0428 17000000 	.word 23
 365 042c DF       	.byte -33
 366 042d 000000   	.space 3
 367 0430 14000000 	.word 20
 368 0434 1A000000 	.word 26
 369 0438 A1       	.byte -95
 370 0439 000000   	.space 3
 371 043c 21000000 	.word 33
 372 0440 07000000 	.word 7
 373 0444 A3       	.byte -93
 374 0445 000000   	.space 3
 375 0448 21000000 	.word 33
 376 044c 05000000 	.word 5
 377 0450 A5       	.byte -91
 378 0451 000000   	.space 3
 379 0454 21000000 	.word 33
 380 0458 08000000 	.word 8
 381 045c A7       	.byte -89
 382 045d 000000   	.space 3
 383 0460 21000000 	.word 33
 384 0464 0D000000 	.word 13
 385 0468 A9       	.byte -87
 386 0469 000000   	.space 3
 387 046c 21000000 	.word 33
 388 0470 0F000000 	.word 15
 389 0474 AD       	.byte -83
 390 0475 000000   	.space 3
 391 0478 21000000 	.word 33
 392 047c 13000000 	.word 19
 393 0480 AF       	.byte -81
 394 0481 000000   	.space 3
 395 0484 21000000 	.word 33
 396 0488 19000000 	.word 25
 397 048c B1       	.byte -79
 398 048d 000000   	.space 3
 399 0490 21000000 	.word 33
GAS LISTING  			page 8


 400 0494 0C000000 	.word 12
 401 0498 B2       	.byte -78
 402 0499 000000   	.space 3
 403 049c 21000000 	.word 33
 404 04a0 0B000000 	.word 11
 405 04a4 B3       	.byte -77
 406 04a5 000000   	.space 3
 407 04a8 21000000 	.word 33
 408 04ac 06000000 	.word 6
 409 04b0 B5       	.byte -75
 410 04b1 000000   	.space 3
 411 04b4 21000000 	.word 33
 412 04b8 09000000 	.word 9
 413 04bc B7       	.byte -73
 414 04bd 000000   	.space 3
 415 04c0 21000000 	.word 33
 416 04c4 0E000000 	.word 14
 417 04c8 B9       	.byte -71
 418 04c9 000000   	.space 3
 419 04cc 21000000 	.word 33
 420 04d0 18000000 	.word 24
 421 04d4 BD       	.byte -67
 422 04d5 000000   	.space 3
 423 04d8 21000000 	.word 33
 424 04dc 17000000 	.word 23
 425 04e0 BF       	.byte -65
 426 04e1 000000   	.space 3
 427 04e4 21000000 	.word 33
 428 04e8 1A000000 	.word 26
 429 04ec 81       	.byte -127
 430 04ed 000000   	.space 3
 431 04f0 44000000 	.word 68
 432 04f4 07000000 	.word 7
 433 04f8 83       	.byte -125
 434 04f9 000000   	.space 3
 435 04fc 44000000 	.word 68
 436 0500 05000000 	.word 5
 437 0504 85       	.byte -123
 438 0505 000000   	.space 3
 439 0508 44000000 	.word 68
 440 050c 08000000 	.word 8
 441 0510 87       	.byte -121
 442 0511 000000   	.space 3
 443 0514 44000000 	.word 68
 444 0518 0D000000 	.word 13
 445 051c 8D       	.byte -115
 446 051d 000000   	.space 3
 447 0520 44000000 	.word 68
 448 0524 13000000 	.word 19
 449 0528 8F       	.byte -113
 450 0529 000000   	.space 3
 451 052c 44000000 	.word 68
 452 0530 19000000 	.word 25
 453 0534 91       	.byte -111
 454 0535 000000   	.space 3
 455 0538 44000000 	.word 68
 456 053c 0C000000 	.word 12
GAS LISTING  			page 9


 457 0540 92       	.byte -110
 458 0541 000000   	.space 3
 459 0544 44000000 	.word 68
 460 0548 0B000000 	.word 11
 461 054c 93       	.byte -109
 462 054d 000000   	.space 3
 463 0550 44000000 	.word 68
 464 0554 06000000 	.word 6
 465 0558 95       	.byte -107
 466 0559 000000   	.space 3
 467 055c 44000000 	.word 68
 468 0560 09000000 	.word 9
 469 0564 97       	.byte -105
 470 0565 000000   	.space 3
 471 0568 44000000 	.word 68
 472 056c 0E000000 	.word 14
 473 0570 99       	.byte -103
 474 0571 000000   	.space 3
 475 0574 44000000 	.word 68
 476 0578 18000000 	.word 24
 477 057c 9D       	.byte -99
 478 057d 000000   	.space 3
 479 0580 44000000 	.word 68
 480 0584 17000000 	.word 23
 481 0588 9F       	.byte -97
 482 0589 000000   	.space 3
 483 058c 44000000 	.word 68
 484 0590 1A000000 	.word 26
 485 0594 06       	.byte 6
 486 0595 000000   	.space 3
 487 0598 03000000 	.word 3
 488 059c 08000000 	.word 8
 489 05a0 0A       	.byte 10
 490 05a1 000000   	.space 3
 491 05a4 03000000 	.word 3
 492 05a8 01000000 	.word 1
 493 05ac 0E       	.byte 14
 494 05ad 000000   	.space 3
 495 05b0 03000000 	.word 3
 496 05b4 13000000 	.word 19
 497 05b8 16       	.byte 22
 498 05b9 000000   	.space 3
 499 05bc 03000000 	.word 3
 500 05c0 09000000 	.word 9
 501 05c4 1E       	.byte 30
 502 05c5 000000   	.space 3
 503 05c8 03000000 	.word 3
 504 05cc 17000000 	.word 23
 505 05d0 46       	.byte 70
 506 05d1 000000   	.space 3
 507 05d4 24000000 	.word 36
 508 05d8 08000000 	.word 8
 509 05dc 4A       	.byte 74
 510 05dd 000000   	.space 3
 511 05e0 24000000 	.word 36
 512 05e4 01000000 	.word 1
 513 05e8 4E       	.byte 78
GAS LISTING  			page 10


 514 05e9 000000   	.space 3
 515 05ec 24000000 	.word 36
 516 05f0 13000000 	.word 19
 517 05f4 56       	.byte 86
 518 05f5 000000   	.space 3
 519 05f8 24000000 	.word 36
 520 05fc 09000000 	.word 9
 521 0600 5E       	.byte 94
 522 0601 000000   	.space 3
 523 0604 24000000 	.word 36
 524 0608 17000000 	.word 23
 525 060c 26       	.byte 38
 526 060d 000000   	.space 3
 527 0610 3A000000 	.word 58
 528 0614 08000000 	.word 8
 529 0618 2A       	.byte 42
 530 0619 000000   	.space 3
 531 061c 3A000000 	.word 58
 532 0620 01000000 	.word 1
 533 0624 2E       	.byte 46
 534 0625 000000   	.space 3
 535 0628 3A000000 	.word 58
 536 062c 13000000 	.word 19
 537 0630 36       	.byte 54
 538 0631 000000   	.space 3
 539 0634 3A000000 	.word 58
 540 0638 09000000 	.word 9
 541 063c 3E       	.byte 62
 542 063d 000000   	.space 3
 543 0640 3A000000 	.word 58
 544 0644 17000000 	.word 23
 545 0648 66       	.byte 102
 546 0649 000000   	.space 3
 547 064c 3B000000 	.word 59
 548 0650 08000000 	.word 8
 549 0654 6A       	.byte 106
 550 0655 000000   	.space 3
 551 0658 3B000000 	.word 59
 552 065c 01000000 	.word 1
 553 0660 6E       	.byte 110
 554 0661 000000   	.space 3
 555 0664 3B000000 	.word 59
 556 0668 13000000 	.word 19
 557 066c 76       	.byte 118
 558 066d 000000   	.space 3
 559 0670 3B000000 	.word 59
 560 0674 09000000 	.word 9
 561 0678 7E       	.byte 126
 562 0679 000000   	.space 3
 563 067c 3B000000 	.word 59
 564 0680 17000000 	.word 23
 565 0684 3A       	.byte 58
 566 0685 000000   	.space 3
 567 0688 18000000 	.word 24
 568 068c 01000000 	.word 1
 569 0690 C6       	.byte -58
 570 0691 000000   	.space 3
GAS LISTING  			page 11


 571 0694 18000000 	.word 24
 572 0698 08000000 	.word 8
 573 069c CE       	.byte -50
 574 069d 000000   	.space 3
 575 06a0 18000000 	.word 24
 576 06a4 13000000 	.word 19
 577 06a8 D6       	.byte -42
 578 06a9 000000   	.space 3
 579 06ac 18000000 	.word 24
 580 06b0 09000000 	.word 9
 581 06b4 DE       	.byte -34
 582 06b5 000000   	.space 3
 583 06b8 18000000 	.word 24
 584 06bc 17000000 	.word 23
 585 06c0 1A       	.byte 26
 586 06c1 000000   	.space 3
 587 06c4 1C000000 	.word 28
 588 06c8 01000000 	.word 1
 589 06cc E6       	.byte -26
 590 06cd 000000   	.space 3
 591 06d0 1C000000 	.word 28
 592 06d4 08000000 	.word 8
 593 06d8 EE       	.byte -18
 594 06d9 000000   	.space 3
 595 06dc 1C000000 	.word 28
 596 06e0 13000000 	.word 19
 597 06e4 F6       	.byte -10
 598 06e5 000000   	.space 3
 599 06e8 1C000000 	.word 28
 600 06ec 09000000 	.word 9
 601 06f0 FE       	.byte -2
 602 06f1 000000   	.space 3
 603 06f4 1C000000 	.word 28
 604 06f8 17000000 	.word 23
 605 06fc CA       	.byte -54
 606 06fd 000000   	.space 3
 607 0700 19000000 	.word 25
 608 0704 00000000 	.word 0
 609 0708 88       	.byte -120
 610 0709 000000   	.space 3
 611 070c 1A000000 	.word 26
 612 0710 00000000 	.word 0
 613 0714 E8       	.byte -24
 614 0715 000000   	.space 3
 615 0718 1D000000 	.word 29
 616 071c 00000000 	.word 0
 617 0720 C8       	.byte -56
 618 0721 000000   	.space 3
 619 0724 1E000000 	.word 30
 620 0728 00000000 	.word 0
 621 072c 24       	.byte 36
 622 072d 000000   	.space 3
 623 0730 07000000 	.word 7
 624 0734 08000000 	.word 8
 625 0738 2C       	.byte 44
 626 0739 000000   	.space 3
 627 073c 07000000 	.word 7
GAS LISTING  			page 12


 628 0740 13000000 	.word 19
 629 0744 34       	.byte 52
 630 0745 000000   	.space 3
 631 0748 07000000 	.word 7
 632 074c 09000000 	.word 9
 633 0750 3C       	.byte 60
 634 0751 000000   	.space 3
 635 0754 07000000 	.word 7
 636 0758 17000000 	.word 23
 637 075c 89       	.byte -119
 638 075d 000000   	.space 3
 639 0760 07000000 	.word 7
 640 0764 0F000000 	.word 15
 641 0768 90       	.byte -112
 642 0769 000000   	.space 3
 643 076c 04000000 	.word 4
 644 0770 02000000 	.word 2
 645 0774 B0       	.byte -80
 646 0775 000000   	.space 3
 647 0778 05000000 	.word 5
 648 077c 02000000 	.word 2
 649 0780 F0       	.byte -16
 650 0781 000000   	.space 3
 651 0784 06000000 	.word 6
 652 0788 02000000 	.word 2
 653 078c 30       	.byte 48
 654 078d 000000   	.space 3
 655 0790 08000000 	.word 8
 656 0794 02000000 	.word 2
 657 0798 D0       	.byte -48
 658 0799 000000   	.space 3
 659 079c 09000000 	.word 9
 660 07a0 02000000 	.word 2
 661 07a4 10       	.byte 16
 662 07a5 000000   	.space 3
 663 07a8 0A000000 	.word 10
 664 07ac 02000000 	.word 2
 665 07b0 80       	.byte -128
 666 07b1 000000   	.space 3
 667 07b4 0B000000 	.word 11
 668 07b8 02000000 	.word 2
 669 07bc 50       	.byte 80
 670 07bd 000000   	.space 3
 671 07c0 0E000000 	.word 14
 672 07c4 02000000 	.word 2
 673 07c8 70       	.byte 112
 674 07c9 000000   	.space 3
 675 07cc 0F000000 	.word 15
 676 07d0 02000000 	.word 2
 677 07d4 82       	.byte -126
 678 07d5 000000   	.space 3
 679 07d8 0D000000 	.word 13
 680 07dc 03000000 	.word 3
 681 07e0 00       	.byte 0
 682 07e1 000000   	.space 3
 683 07e4 0C000000 	.word 12
 684 07e8 11000000 	.word 17
GAS LISTING  			page 13


 685 07ec 18       	.byte 24
 686 07ed 000000   	.space 3
 687 07f0 10000000 	.word 16
 688 07f4 00000000 	.word 0
 689 07f8 D8       	.byte -40
 690 07f9 000000   	.space 3
 691 07fc 11000000 	.word 17
 692 0800 00000000 	.word 0
 693 0804 58       	.byte 88
 694 0805 000000   	.space 3
 695 0808 12000000 	.word 18
 696 080c 00000000 	.word 0
 697 0810 B8       	.byte -72
 698 0811 000000   	.space 3
 699 0814 13000000 	.word 19
 700 0818 00000000 	.word 0
 701 081c 02       	.byte 2
 702 081d 000000   	.space 3
 703 0820 15000000 	.word 21
 704 0824 11000000 	.word 17
 705 0828 E0       	.byte -32
 706 0829 000000   	.space 3
 707 082c 16000000 	.word 22
 708 0830 10000000 	.word 16
 709 0834 E4       	.byte -28
 710 0835 000000   	.space 3
 711 0838 16000000 	.word 22
 712 083c 08000000 	.word 8
 713 0840 EC       	.byte -20
 714 0841 000000   	.space 3
 715 0844 16000000 	.word 22
 716 0848 13000000 	.word 19
 717 084c C0       	.byte -64
 718 084d 000000   	.space 3
 719 0850 17000000 	.word 23
 720 0854 10000000 	.word 16
 721 0858 C4       	.byte -60
 722 0859 000000   	.space 3
 723 085c 17000000 	.word 23
 724 0860 08000000 	.word 8
 725 0864 CC       	.byte -52
 726 0865 000000   	.space 3
 727 0868 17000000 	.word 23
 728 086c 13000000 	.word 19
 729 0870 4C       	.byte 76
 730 0871 000000   	.space 3
 731 0874 1F000000 	.word 31
 732 0878 13000000 	.word 19
 733 087c 5C       	.byte 92
 734 087d 000000   	.space 3
 735 0880 1F000000 	.word 31
 736 0884 19000000 	.word 25
 737 0888 6C       	.byte 108
 738 0889 000000   	.space 3
 739 088c 1F000000 	.word 31
 740 0890 14000000 	.word 20
 741 0894 7C       	.byte 124
GAS LISTING  			page 14


 742 0895 000000   	.space 3
 743 0898 1F000000 	.word 31
 744 089c 16000000 	.word 22
 745 08a0 DC       	.byte -36
 746 08a1 000000   	.space 3
 747 08a4 1F000000 	.word 31
 748 08a8 15000000 	.word 21
 749 08ac 20       	.byte 32
 750 08ad 000000   	.space 3
 751 08b0 20000000 	.word 32
 752 08b4 13000000 	.word 19
 753 08b8 22       	.byte 34
 754 08b9 000000   	.space 3
 755 08bc 20000000 	.word 32
 756 08c0 19000000 	.word 25
 757 08c4 FC       	.byte -4
 758 08c5 000000   	.space 3
 759 08c8 20000000 	.word 32
 760 08cc 16000000 	.word 22
 761 08d0 A2       	.byte -94
 762 08d1 000000   	.space 3
 763 08d4 22000000 	.word 34
 764 08d8 10000000 	.word 16
 765 08dc A6       	.byte -90
 766 08dd 000000   	.space 3
 767 08e0 22000000 	.word 34
 768 08e4 08000000 	.word 8
 769 08e8 AE       	.byte -82
 770 08e9 000000   	.space 3
 771 08ec 22000000 	.word 34
 772 08f0 13000000 	.word 19
 773 08f4 B6       	.byte -74
 774 08f5 000000   	.space 3
 775 08f8 22000000 	.word 34
 776 08fc 0A000000 	.word 10
 777 0900 BE       	.byte -66
 778 0901 000000   	.space 3
 779 0904 22000000 	.word 34
 780 0908 18000000 	.word 24
 781 090c A0       	.byte -96
 782 090d 000000   	.space 3
 783 0910 23000000 	.word 35
 784 0914 10000000 	.word 16
 785 0918 A4       	.byte -92
 786 0919 000000   	.space 3
 787 091c 23000000 	.word 35
 788 0920 08000000 	.word 8
 789 0924 AC       	.byte -84
 790 0925 000000   	.space 3
 791 0928 23000000 	.word 35
 792 092c 13000000 	.word 19
 793 0930 B4       	.byte -76
 794 0931 000000   	.space 3
 795 0934 23000000 	.word 35
 796 0938 09000000 	.word 9
 797 093c BC       	.byte -68
 798 093d 000000   	.space 3
GAS LISTING  			page 15


 799 0940 23000000 	.word 35
 800 0944 17000000 	.word 23
 801 0948 86       	.byte -122
 802 0949 000000   	.space 3
 803 094c 46000000 	.word 70
 804 0950 08000000 	.word 8
 805 0954 8E       	.byte -114
 806 0955 000000   	.space 3
 807 0958 46000000 	.word 70
 808 095c 13000000 	.word 19
 809 0960 96       	.byte -106
 810 0961 000000   	.space 3
 811 0964 46000000 	.word 70
 812 0968 0A000000 	.word 10
 813 096c 84       	.byte -124
 814 096d 000000   	.space 3
 815 0970 47000000 	.word 71
 816 0974 08000000 	.word 8
 817 0978 8C       	.byte -116
 818 0979 000000   	.space 3
 819 097c 47000000 	.word 71
 820 0980 13000000 	.word 19
 821 0984 94       	.byte -108
 822 0985 000000   	.space 3
 823 0988 47000000 	.word 71
 824 098c 09000000 	.word 9
 825 0990 64       	.byte 100
 826 0991 000000   	.space 3
 827 0994 48000000 	.word 72
 828 0998 08000000 	.word 8
 829 099c 74       	.byte 116
 830 099d 000000   	.space 3
 831 09a0 48000000 	.word 72
 832 09a4 09000000 	.word 9
 833 09a8 9C       	.byte -100
 834 09a9 000000   	.space 3
 835 09ac 48000000 	.word 72
 836 09b0 13000000 	.word 19
 837 09b4 9E       	.byte -98
 838 09b5 000000   	.space 3
 839 09b8 48000000 	.word 72
 840 09bc 17000000 	.word 23
 841 09c0 EA       	.byte -22
 842 09c1 000000   	.space 3
 843 09c4 27000000 	.word 39
 844 09c8 00000000 	.word 0
 845 09cc F4       	.byte -12
 846 09cd 000000   	.space 3
 847 09d0 29000000 	.word 41
 848 09d4 13000000 	.word 19
 849 09d8 D4       	.byte -44
 850 09d9 000000   	.space 3
 851 09dc 2A000000 	.word 42
 852 09e0 0B000000 	.word 11
 853 09e4 62       	.byte 98
 854 09e5 000000   	.space 3
 855 09e8 2B000000 	.word 43
GAS LISTING  			page 16


 856 09ec 04000000 	.word 4
 857 09f0 48       	.byte 72
 858 09f1 000000   	.space 3
 859 09f4 2C000000 	.word 44
 860 09f8 00000000 	.word 0
 861 09fc 8B       	.byte -117
 862 09fd 000000   	.space 3
 863 0a00 2D000000 	.word 45
 864 0a04 00000000 	.word 0
 865 0a08 0B       	.byte 11
 866 0a09 000000   	.space 3
 867 0a0c 2E000000 	.word 46
 868 0a10 00000000 	.word 0
 869 0a14 4B       	.byte 75
 870 0a15 000000   	.space 3
 871 0a18 2F000000 	.word 47
 872 0a1c 00000000 	.word 0
 873 0a20 08       	.byte 8
 874 0a21 000000   	.space 3
 875 0a24 30000000 	.word 48
 876 0a28 00000000 	.word 0
 877 0a2c DA       	.byte -38
 878 0a2d 000000   	.space 3
 879 0a30 31000000 	.word 49
 880 0a34 00000000 	.word 0
 881 0a38 5A       	.byte 90
 882 0a39 000000   	.space 3
 883 0a3c 32000000 	.word 50
 884 0a40 00000000 	.word 0
 885 0a44 68       	.byte 104
 886 0a45 000000   	.space 3
 887 0a48 33000000 	.word 51
 888 0a4c 00000000 	.word 0
 889 0a50 AB       	.byte -85
 890 0a51 000000   	.space 3
 891 0a54 34000000 	.word 52
 892 0a58 00000000 	.word 0
 893 0a5c 2B       	.byte 43
 894 0a5d 000000   	.space 3
 895 0a60 35000000 	.word 53
 896 0a64 00000000 	.word 0
 897 0a68 28       	.byte 40
 898 0a69 000000   	.space 3
 899 0a6c 36000000 	.word 54
 900 0a70 00000000 	.word 0
 901 0a74 FA       	.byte -6
 902 0a75 000000   	.space 3
 903 0a78 37000000 	.word 55
 904 0a7c 00000000 	.word 0
 905 0a80 7A       	.byte 122
 906 0a81 000000   	.space 3
 907 0a84 38000000 	.word 56
 908 0a88 00000000 	.word 0
 909 0a8c C2       	.byte -62
 910 0a8d 000000   	.space 3
 911 0a90 39000000 	.word 57
 912 0a94 12000000 	.word 18
GAS LISTING  			page 17


 913 0a98 40       	.byte 64
 914 0a99 000000   	.space 3
 915 0a9c 3C000000 	.word 60
 916 0aa0 00000000 	.word 0
 917 0aa4 6B       	.byte 107
 918 0aa5 000000   	.space 3
 919 0aa8 3D000000 	.word 61
 920 0aac 00000000 	.word 0
 921 0ab0 60       	.byte 96
 922 0ab1 000000   	.space 3
 923 0ab4 3E000000 	.word 62
 924 0ab8 00000000 	.word 0
 925 0abc 38       	.byte 56
 926 0abd 000000   	.space 3
 927 0ac0 40000000 	.word 64
 928 0ac4 00000000 	.word 0
 929 0ac8 F8       	.byte -8
 930 0ac9 000000   	.space 3
 931 0acc 41000000 	.word 65
 932 0ad0 00000000 	.word 0
 933 0ad4 78       	.byte 120
 934 0ad5 000000   	.space 3
 935 0ad8 42000000 	.word 66
 936 0adc 00000000 	.word 0
 937 0ae0 E2       	.byte -30
 938 0ae1 000000   	.space 3
 939 0ae4 43000000 	.word 67
 940 0ae8 12000000 	.word 18
 941 0aec DB       	.byte -37
 942 0aed 000000   	.space 3
 943 0af0 45000000 	.word 69
 944 0af4 00000000 	.word 0
 945 0af8 AA       	.byte -86
 946 0af9 000000   	.space 3
 947 0afc 49000000 	.word 73
 948 0b00 00000000 	.word 0
 949 0b04 A8       	.byte -88
 950 0b05 000000   	.space 3
 951 0b08 4A000000 	.word 74
 952 0b0c 00000000 	.word 0
 953 0b10 5B       	.byte 91
 954 0b11 000000   	.space 3
 955 0b14 4B000000 	.word 75
 956 0b18 00000000 	.word 0
 957 0b1c 1B       	.byte 27
 958 0b1d 000000   	.space 3
 959 0b20 4C000000 	.word 76
 960 0b24 00000000 	.word 0
 961 0b28 7B       	.byte 123
 962 0b29 000000   	.space 3
 963 0b2c 4D000000 	.word 77
 964 0b30 00000000 	.word 0
 965 0b34 14       	.byte 20
 966 0b35 000000   	.space 3
 967 0b38 4E000000 	.word 78
 968 0b3c 08000000 	.word 8
 969 0b40 1C       	.byte 28
GAS LISTING  			page 18


 970 0b41 000000   	.space 3
 971 0b44 4E000000 	.word 78
 972 0b48 13000000 	.word 19
 973 0b4c 04       	.byte 4
 974 0b4d 000000   	.space 3
 975 0b50 4F000000 	.word 79
 976 0b54 08000000 	.word 8
 977 0b58 0C       	.byte 12
 978 0b59 000000   	.space 3
 979 0b5c 4F000000 	.word 79
 980 0b60 13000000 	.word 19
 981 0b64 3B       	.byte 59
 982 0b65 000000   	.space 3
 983 0b68 50000000 	.word 80
 984 0b6c 00000000 	.word 0
 985 0b70 BA       	.byte -70
 986 0b71 000000   	.space 3
 987 0b74 51000000 	.word 81
 988 0b78 00000000 	.word 0
 989 0b7c 8A       	.byte -118
 990 0b7d 000000   	.space 3
 991 0b80 52000000 	.word 82
 992 0b84 00000000 	.word 0
 993 0b88 9A       	.byte -102
 994 0b89 000000   	.space 3
 995 0b8c 53000000 	.word 83
 996 0b90 00000000 	.word 0
 997 0b94 9B       	.byte -101
 998 0b95 000000   	.space 3
 999 0b98 54000000 	.word 84
 1000 0b9c 00000000 	.word 0
 1001 0ba0 98       	.byte -104
 1002 0ba1 000000   	.space 3
 1003 0ba4 55000000 	.word 85
 1004 0ba8 00000000 	.word 0
 1005 0bac BB       	.byte -69
 1006 0bad 000000   	.space 3
 1007 0bb0 56000000 	.word 86
 1008 0bb4 00000000 	.word 0
 1009 0bb8 CB       	.byte -53
 1010 0bb9 000000   	.space 3
 1011 0bbc 57000000 	.word 87
 1012 0bc0 00000000 	.word 0
 1013 0bc4 42       	.byte 66
 1014 0bc5 000000   	.space 3
 1015 0bc8 58000000 	.word 88
 1016 0bcc 00000000 	.word 0
 1017 0bd0 EB       	.byte -21
 1018 0bd1 000000   	.space 3
 1019 0bd4 59000000 	.word 89
 1020 0bd8 00000000 	.word 0
 1021 0bdc FB       	.byte -5
 1022 0bdd 000000   	.space 3
 1023 0be0 5A000000 	.word 90
 1024 0be4 00000000 	.word 0
 1025 0be8 54       	.byte 84
 1026 0be9 000000   	.space 3
GAS LISTING  			page 19


 1027 0bec 25000000 	.word 37
 1028 0bf0 1B000000 	.word 27
 1029 0bf4 44       	.byte 68
 1030 0bf5 000000   	.space 3
 1031 0bf8 26000000 	.word 38
 1032 0bfc 1B000000 	.word 27
 1033 0c00 00       	.byte 0
 1034 0c01 000000   	.space 3
 1035 0c04 00000000 	.word 0
 1036 0c08 00000000 	.word 0
 1037              	.rdata
 1038              	.align 3
 1039              	$LC0:
 1040 0000 00       	.ascii "\000"
 1041 0001 00000000 	.align 3
 1041      000000
 1042              	$LC1:
 1043 0008 61646300 	.ascii "adc\000"
 1044 000c 00000000 	.align 3
 1045              	$LC2:
 1046 0010 616E6400 	.ascii "and\000"
 1047 0014 00000000 	.align 3
 1048              	$LC3:
 1049 0018 61736C00 	.ascii "asl\000"
 1050 001c 00000000 	.align 3
 1051              	$LC4:
 1052 0020 62636300 	.ascii "bcc\000"
 1053 0024 00000000 	.align 3
 1054              	$LC5:
 1055 0028 62637300 	.ascii "bcs\000"
 1056 002c 00000000 	.align 3
 1057              	$LC6:
 1058 0030 62657100 	.ascii "beq\000"
 1059 0034 00000000 	.align 3
 1060              	$LC7:
 1061 0038 62697400 	.ascii "bit\000"
 1062 003c 00000000 	.align 3
 1063              	$LC8:
 1064 0040 626D6900 	.ascii "bmi\000"
 1065 0044 00000000 	.align 3
 1066              	$LC9:
 1067 0048 626E6500 	.ascii "bne\000"
 1068 004c 00000000 	.align 3
 1069              	$LC10:
 1070 0050 62706C00 	.ascii "bpl\000"
 1071 0054 00000000 	.align 3
 1072              	$LC11:
 1073 0058 62726100 	.ascii "bra\000"
 1074 005c 00000000 	.align 3
 1075              	$LC12:
 1076 0060 62726B00 	.ascii "brk\000"
 1077 0064 00000000 	.align 3
 1078              	$LC13:
 1079 0068 62726C00 	.ascii "brl\000"
 1080 006c 00000000 	.align 3
 1081              	$LC14:
 1082 0070 62766300 	.ascii "bvc\000"
GAS LISTING  			page 20


 1083 0074 00000000 	.align 3
 1084              	$LC15:
 1085 0078 62767300 	.ascii "bvs\000"
 1086 007c 00000000 	.align 3
 1087              	$LC16:
 1088 0080 636C6300 	.ascii "clc\000"
 1089 0084 00000000 	.align 3
 1090              	$LC17:
 1091 0088 636C6400 	.ascii "cld\000"
 1092 008c 00000000 	.align 3
 1093              	$LC18:
 1094 0090 636C6900 	.ascii "cli\000"
 1095 0094 00000000 	.align 3
 1096              	$LC19:
 1097 0098 636C7600 	.ascii "clv\000"
 1098 009c 00000000 	.align 3
 1099              	$LC20:
 1100 00a0 636D7000 	.ascii "cmp\000"
 1101 00a4 00000000 	.align 3
 1102              	$LC21:
 1103 00a8 636F7000 	.ascii "cop\000"
 1104 00ac 00000000 	.align 3
 1105              	$LC22:
 1106 00b0 63707800 	.ascii "cpx\000"
 1107 00b4 00000000 	.align 3
 1108              	$LC23:
 1109 00b8 63707900 	.ascii "cpy\000"
 1110 00bc 00000000 	.align 3
 1111              	$LC24:
 1112 00c0 64656300 	.ascii "dec\000"
 1113 00c4 00000000 	.align 3
 1114              	$LC25:
 1115 00c8 64657800 	.ascii "dex\000"
 1116 00cc 00000000 	.align 3
 1117              	$LC26:
 1118 00d0 64657900 	.ascii "dey\000"
 1119 00d4 00000000 	.align 3
 1120              	$LC27:
 1121 00d8 656F7200 	.ascii "eor\000"
 1122 00dc 00000000 	.align 3
 1123              	$LC28:
 1124 00e0 696E6300 	.ascii "inc\000"
 1125 00e4 00000000 	.align 3
 1126              	$LC29:
 1127 00e8 696E7800 	.ascii "inx\000"
 1128 00ec 00000000 	.align 3
 1129              	$LC30:
 1130 00f0 696E7900 	.ascii "iny\000"
 1131 00f4 00000000 	.align 3
 1132              	$LC31:
 1133 00f8 6A6D7000 	.ascii "jmp\000"
 1134 00fc 00000000 	.align 3
 1135              	$LC32:
 1136 0100 6A737200 	.ascii "jsr\000"
 1137 0104 00000000 	.align 3
 1138              	$LC33:
 1139 0108 6C646100 	.ascii "lda\000"
GAS LISTING  			page 21


 1140 010c 00000000 	.align 3
 1141              	$LC34:
 1142 0110 6C647800 	.ascii "ldx\000"
 1143 0114 00000000 	.align 3
 1144              	$LC35:
 1145 0118 6C647900 	.ascii "ldy\000"
 1146 011c 00000000 	.align 3
 1147              	$LC36:
 1148 0120 6C737200 	.ascii "lsr\000"
 1149 0124 00000000 	.align 3
 1150              	$LC37:
 1151 0128 6D766E00 	.ascii "mvn\000"
 1152 012c 00000000 	.align 3
 1153              	$LC38:
 1154 0130 6D767000 	.ascii "mvp\000"
 1155 0134 00000000 	.align 3
 1156              	$LC39:
 1157 0138 6E6F7000 	.ascii "nop\000"
 1158 013c 00000000 	.align 3
 1159              	$LC40:
 1160 0140 6F726100 	.ascii "ora\000"
 1161 0144 00000000 	.align 3
 1162              	$LC41:
 1163 0148 70656100 	.ascii "pea\000"
 1164 014c 00000000 	.align 3
 1165              	$LC42:
 1166 0150 70656900 	.ascii "pei\000"
 1167 0154 00000000 	.align 3
 1168              	$LC43:
 1169 0158 70657200 	.ascii "per\000"
 1170 015c 00000000 	.align 3
 1171              	$LC44:
 1172 0160 70686100 	.ascii "pha\000"
 1173 0164 00000000 	.align 3
 1174              	$LC45:
 1175 0168 70686200 	.ascii "phb\000"
 1176 016c 00000000 	.align 3
 1177              	$LC46:
 1178 0170 70686400 	.ascii "phd\000"
 1179 0174 00000000 	.align 3
 1180              	$LC47:
 1181 0178 70686B00 	.ascii "phk\000"
 1182 017c 00000000 	.align 3
 1183              	$LC48:
 1184 0180 70687000 	.ascii "php\000"
 1185 0184 00000000 	.align 3
 1186              	$LC49:
 1187 0188 70687800 	.ascii "phx\000"
 1188 018c 00000000 	.align 3
 1189              	$LC50:
 1190 0190 70687900 	.ascii "phy\000"
 1191 0194 00000000 	.align 3
 1192              	$LC51:
 1193 0198 706C6100 	.ascii "pla\000"
 1194 019c 00000000 	.align 3
 1195              	$LC52:
 1196 01a0 706C6200 	.ascii "plb\000"
GAS LISTING  			page 22


 1197 01a4 00000000 	.align 3
 1198              	$LC53:
 1199 01a8 706C6400 	.ascii "pld\000"
 1200 01ac 00000000 	.align 3
 1201              	$LC54:
 1202 01b0 706C7000 	.ascii "plp\000"
 1203 01b4 00000000 	.align 3
 1204              	$LC55:
 1205 01b8 706C7800 	.ascii "plx\000"
 1206 01bc 00000000 	.align 3
 1207              	$LC56:
 1208 01c0 706C7900 	.ascii "ply\000"
 1209 01c4 00000000 	.align 3
 1210              	$LC57:
 1211 01c8 72657000 	.ascii "rep\000"
 1212 01cc 00000000 	.align 3
 1213              	$LC58:
 1214 01d0 726F6C00 	.ascii "rol\000"
 1215 01d4 00000000 	.align 3
 1216              	$LC59:
 1217 01d8 726F7200 	.ascii "ror\000"
 1218 01dc 00000000 	.align 3
 1219              	$LC60:
 1220 01e0 72746900 	.ascii "rti\000"
 1221 01e4 00000000 	.align 3
 1222              	$LC61:
 1223 01e8 72746C00 	.ascii "rtl\000"
 1224 01ec 00000000 	.align 3
 1225              	$LC62:
 1226 01f0 72747300 	.ascii "rts\000"
 1227 01f4 00000000 	.align 3
 1228              	$LC63:
 1229 01f8 73626300 	.ascii "sbc\000"
 1230 01fc 00000000 	.align 3
 1231              	$LC64:
 1232 0200 73656300 	.ascii "sec\000"
 1233 0204 00000000 	.align 3
 1234              	$LC65:
 1235 0208 73656400 	.ascii "sed\000"
 1236 020c 00000000 	.align 3
 1237              	$LC66:
 1238 0210 73656900 	.ascii "sei\000"
 1239 0214 00000000 	.align 3
 1240              	$LC67:
 1241 0218 73657000 	.ascii "sep\000"
 1242 021c 00000000 	.align 3
 1243              	$LC68:
 1244 0220 73746100 	.ascii "sta\000"
 1245 0224 00000000 	.align 3
 1246              	$LC69:
 1247 0228 73747000 	.ascii "stp\000"
 1248 022c 00000000 	.align 3
 1249              	$LC70:
 1250 0230 73747800 	.ascii "stx\000"
 1251 0234 00000000 	.align 3
 1252              	$LC71:
 1253 0238 73747900 	.ascii "sty\000"
GAS LISTING  			page 23


 1254 023c 00000000 	.align 3
 1255              	$LC72:
 1256 0240 73747A00 	.ascii "stz\000"
 1257 0244 00000000 	.align 3
 1258              	$LC73:
 1259 0248 74617800 	.ascii "tax\000"
 1260 024c 00000000 	.align 3
 1261              	$LC74:
 1262 0250 74617900 	.ascii "tay\000"
 1263 0254 00000000 	.align 3
 1264              	$LC75:
 1265 0258 74636400 	.ascii "tcd\000"
 1266 025c 00000000 	.align 3
 1267              	$LC76:
 1268 0260 74637300 	.ascii "tcs\000"
 1269 0264 00000000 	.align 3
 1270              	$LC77:
 1271 0268 74646300 	.ascii "tdc\000"
 1272 026c 00000000 	.align 3
 1273              	$LC78:
 1274 0270 74726200 	.ascii "trb\000"
 1275 0274 00000000 	.align 3
 1276              	$LC79:
 1277 0278 74736200 	.ascii "tsb\000"
 1278 027c 00000000 	.align 3
 1279              	$LC80:
 1280 0280 74736300 	.ascii "tsc\000"
 1281 0284 00000000 	.align 3
 1282              	$LC81:
 1283 0288 74737800 	.ascii "tsx\000"
 1284 028c 00000000 	.align 3
 1285              	$LC82:
 1286 0290 74786100 	.ascii "txa\000"
 1287 0294 00000000 	.align 3
 1288              	$LC83:
 1289 0298 74787300 	.ascii "txs\000"
 1290 029c 00000000 	.align 3
 1291              	$LC84:
 1292 02a0 74787900 	.ascii "txy\000"
 1293 02a4 00000000 	.align 3
 1294              	$LC85:
 1295 02a8 74796100 	.ascii "tya\000"
 1296 02ac 00000000 	.align 3
 1297              	$LC86:
 1298 02b0 74797800 	.ascii "tyx\000"
 1299 02b4 00000000 	.align 3
 1300              	$LC87:
 1301 02b8 77616900 	.ascii "wai\000"
 1302 02bc 00000000 	.align 3
 1303              	$LC88:
 1304 02c0 77646D00 	.ascii "wdm\000"
 1305 02c4 00000000 	.align 3
 1306              	$LC89:
 1307 02c8 78626100 	.ascii "xba\000"
 1308 02cc 00000000 	.align 3
 1309              	$LC90:
 1310 02d0 78636500 	.ascii "xce\000"
GAS LISTING  			page 24


 1311              	.data
 1312 0c0c 00000000 	.align 3
 1313              	.type _SND_pMnemonics,@object
 1314              	.size _SND_pMnemonics,364
 1315              	_SND_pMnemonics:
 1316 0c10 00000000 	.word $LC0
 1317 0c14 08000000 	.word $LC1
 1318 0c18 10000000 	.word $LC2
 1319 0c1c 18000000 	.word $LC3
 1320 0c20 20000000 	.word $LC4
 1321 0c24 28000000 	.word $LC5
 1322 0c28 30000000 	.word $LC6
 1323 0c2c 38000000 	.word $LC7
 1324 0c30 40000000 	.word $LC8
 1325 0c34 48000000 	.word $LC9
 1326 0c38 50000000 	.word $LC10
 1327 0c3c 58000000 	.word $LC11
 1328 0c40 60000000 	.word $LC12
 1329 0c44 68000000 	.word $LC13
 1330 0c48 70000000 	.word $LC14
 1331 0c4c 78000000 	.word $LC15
 1332 0c50 80000000 	.word $LC16
 1333 0c54 88000000 	.word $LC17
 1334 0c58 90000000 	.word $LC18
 1335 0c5c 98000000 	.word $LC19
 1336 0c60 A0000000 	.word $LC20
 1337 0c64 A8000000 	.word $LC21
 1338 0c68 B0000000 	.word $LC22
 1339 0c6c B8000000 	.word $LC23
 1340 0c70 C0000000 	.word $LC24
 1341 0c74 C8000000 	.word $LC25
 1342 0c78 D0000000 	.word $LC26
 1343 0c7c D8000000 	.word $LC27
 1344 0c80 E0000000 	.word $LC28
 1345 0c84 E8000000 	.word $LC29
 1346 0c88 F0000000 	.word $LC30
 1347 0c8c F8000000 	.word $LC31
 1348 0c90 00010000 	.word $LC32
 1349 0c94 08010000 	.word $LC33
 1350 0c98 10010000 	.word $LC34
 1351 0c9c 18010000 	.word $LC35
 1352 0ca0 20010000 	.word $LC36
 1353 0ca4 28010000 	.word $LC37
 1354 0ca8 30010000 	.word $LC38
 1355 0cac 38010000 	.word $LC39
 1356 0cb0 40010000 	.word $LC40
 1357 0cb4 48010000 	.word $LC41
 1358 0cb8 50010000 	.word $LC42
 1359 0cbc 58010000 	.word $LC43
 1360 0cc0 60010000 	.word $LC44
 1361 0cc4 68010000 	.word $LC45
 1362 0cc8 70010000 	.word $LC46
 1363 0ccc 78010000 	.word $LC47
 1364 0cd0 80010000 	.word $LC48
 1365 0cd4 88010000 	.word $LC49
 1366 0cd8 90010000 	.word $LC50
 1367 0cdc 98010000 	.word $LC51
GAS LISTING  			page 25


 1368 0ce0 A0010000 	.word $LC52
 1369 0ce4 A8010000 	.word $LC53
 1370 0ce8 B0010000 	.word $LC54
 1371 0cec B8010000 	.word $LC55
 1372 0cf0 C0010000 	.word $LC56
 1373 0cf4 C8010000 	.word $LC57
 1374 0cf8 D0010000 	.word $LC58
 1375 0cfc D8010000 	.word $LC59
 1376 0d00 E0010000 	.word $LC60
 1377 0d04 E8010000 	.word $LC61
 1378 0d08 F0010000 	.word $LC62
 1379 0d0c F8010000 	.word $LC63
 1380 0d10 00020000 	.word $LC64
 1381 0d14 08020000 	.word $LC65
 1382 0d18 10020000 	.word $LC66
 1383 0d1c 18020000 	.word $LC67
 1384 0d20 20020000 	.word $LC68
 1385 0d24 28020000 	.word $LC69
 1386 0d28 30020000 	.word $LC70
 1387 0d2c 38020000 	.word $LC71
 1388 0d30 40020000 	.word $LC72
 1389 0d34 48020000 	.word $LC73
 1390 0d38 50020000 	.word $LC74
 1391 0d3c 58020000 	.word $LC75
 1392 0d40 60020000 	.word $LC76
 1393 0d44 68020000 	.word $LC77
 1394 0d48 70020000 	.word $LC78
 1395 0d4c 78020000 	.word $LC79
 1396 0d50 80020000 	.word $LC80
 1397 0d54 88020000 	.word $LC81
 1398 0d58 90020000 	.word $LC82
 1399 0d5c 98020000 	.word $LC83
 1400 0d60 A0020000 	.word $LC84
 1401 0d64 A8020000 	.word $LC85
 1402 0d68 B0020000 	.word $LC86
 1403 0d6c B8020000 	.word $LC87
 1404 0d70 C0020000 	.word $LC88
 1405 0d74 C8020000 	.word $LC89
 1406 0d78 D0020000 	.word $LC90
 1407 0d7c 00000000 	.text
 1408              	.align 2
 1409              	.p2align 3,,7
 1410              	.ent _SNDOpStreamOpen
 1411              	_SNDOpStreamOpen:
 1412              	.frame $sp,0,$31
 1413              	.mask 0x00000000,0
 1414              	.fmask 0x00000000,0
 1415 0000 000086AC 	sw $6,0($4)
 1416 0004 080085AC 	sw $5,8($4)
 1417              	.set noreorder
 1418              	.set nomacro
 1419 0008 0800E003 	j $31
 1420 000c 040086AC 	sw $6,4($4)
 1421              	.set macro
 1422              	.set reorder
 1423              	
 1424              	.end _SNDOpStreamOpen
GAS LISTING  			page 26


 1425              	$Lfe1:
 1426              	.size _SNDOpStreamOpen,$Lfe1-_SNDOpStreamOpen
 1427              	.align 2
 1428              	.p2align 3,,7
 1429              	.ent _SNDOpStreamClose
 1430              	_SNDOpStreamClose:
 1431              	.frame $sp,0,$31
 1432              	.mask 0x00000000,0
 1433              	.fmask 0x00000000,0
 1434 0010 0000838C 	lw $3,0($4)
 1435 0014 0400828C 	lw $2,4($4)
 1436              	.set noreorder
 1437              	.set nomacro
 1438 0018 0800E003 	j $31
 1439 001c 23104300 	subu $2,$2,$3
 1440              	.set macro
 1441              	.set reorder
 1442              	
 1443              	.end _SNDOpStreamClose
 1444              	$Lfe2:
 1445              	.size _SNDOpStreamClose,$Lfe2-_SNDOpStreamClose
 1446              	.align 2
 1447              	.p2align 3,,7
 1448              	.ent _SNDOpStreamFetch8
 1449              	_SNDOpStreamFetch8:
 1450              	.frame $sp,0,$31
 1451              	.mask 0x00000000,0
 1452              	.fmask 0x00000000,0
 1453 0020 0800838C 	lw $3,8($4)
 1454 0024 0400858C 	lw $5,4($4)
 1455 0028 00006290 	lbu $2,0($3)
 1456 002c 01006324 	addu $3,$3,1
 1457 0030 0100A524 	addu $5,$5,1
 1458 0034 080083AC 	sw $3,8($4)
 1459              	.set noreorder
 1460              	.set nomacro
 1461 0038 0800E003 	j $31
 1462 003c 040085AC 	sw $5,4($4)
 1463              	.set macro
 1464              	.set reorder
 1465              	
 1466              	.end _SNDOpStreamFetch8
 1467              	$Lfe3:
 1468              	.size _SNDOpStreamFetch8,$Lfe3-_SNDOpStreamFetch8
 1469              	.align 2
 1470              	.p2align 3,,7
 1471              	.ent _SNDOpStreamFetch16
 1472              	_SNDOpStreamFetch16:
 1473              	.frame $sp,48,$31
 1474              	.mask 0x80030000,-16
 1475              	.fmask 0x00000000,0
 1476 0040 D0FFBD27 	subu $sp,$sp,48
 1477 0044 1000B1FF 	sd $17,16($sp)
 1478 0048 2D888000 	move $17,$4
 1479 004c 2000BFFF 	sd $31,32($sp)
 1480              	.set noreorder
 1481              	.set nomacro
GAS LISTING  			page 27


 1482 0050 0800000C 	jal _SNDOpStreamFetch8
 1483 0054 0000B0FF 	sd $16,0($sp)
 1484              	.set macro
 1485              	.set reorder
 1486              	
 1487 0058 2D202002 	move $4,$17
 1488              	.set noreorder
 1489              	.set nomacro
 1490 005c 0800000C 	jal _SNDOpStreamFetch8
 1491 0060 2D804000 	move $16,$2
 1492              	.set macro
 1493              	.set reorder
 1494              	
 1495 0064 1000B1DF 	ld $17,16($sp)
 1496 0068 00120200 	sll $2,$2,8
 1497 006c 2000BFDF 	ld $31,32($sp)
 1498 0070 25800202 	or $16,$16,$2
 1499 0074 FFFF1032 	andi $16,$16,0xffff
 1500 0078 2D100002 	move $2,$16
 1501 007c 0000B0DF 	ld $16,0($sp)
 1502              	
 1503              	.set noreorder
 1504              	.set nomacro
 1505 0080 0800E003 	j $31
 1506 0084 3000BD27 	addu $sp,$sp,48
 1507              	.set macro
 1508              	.set reorder
 1509              	
 1510              	.end _SNDOpStreamFetch16
 1511              	$Lfe4:
 1512              	.size _SNDOpStreamFetch16,$Lfe4-_SNDOpStreamFetch16
 1513              	.align 2
 1514              	.p2align 3,,7
 1515              	.ent _SNDOpStreamFetch24
 1516              	_SNDOpStreamFetch24:
 1517              	.frame $sp,48,$31
 1518              	.mask 0x80030000,-16
 1519              	.fmask 0x00000000,0
 1520 0088 D0FFBD27 	subu $sp,$sp,48
 1521 008c 1000B1FF 	sd $17,16($sp)
 1522 0090 2D888000 	move $17,$4
 1523 0094 2000BFFF 	sd $31,32($sp)
 1524              	.set noreorder
 1525              	.set nomacro
 1526 0098 0800000C 	jal _SNDOpStreamFetch8
 1527 009c 0000B0FF 	sd $16,0($sp)
 1528              	.set macro
 1529              	.set reorder
 1530              	
 1531 00a0 2D202002 	move $4,$17
 1532              	.set noreorder
 1533              	.set nomacro
 1534 00a4 0800000C 	jal _SNDOpStreamFetch8
 1535 00a8 2D804000 	move $16,$2
 1536              	.set macro
 1537              	.set reorder
 1538              	
GAS LISTING  			page 28


 1539 00ac 2D202002 	move $4,$17
 1540 00b0 00120200 	sll $2,$2,8
 1541              	.set noreorder
 1542              	.set nomacro
 1543 00b4 0800000C 	jal _SNDOpStreamFetch8
 1544 00b8 25800202 	or $16,$16,$2
 1545              	.set macro
 1546              	.set reorder
 1547              	
 1548 00bc 00140200 	sll $2,$2,16
 1549 00c0 2000BFDF 	ld $31,32($sp)
 1550 00c4 25800202 	or $16,$16,$2
 1551 00c8 1000B1DF 	ld $17,16($sp)
 1552 00cc 2D100002 	move $2,$16
 1553 00d0 0000B0DF 	ld $16,0($sp)
 1554              	
 1555              	.set noreorder
 1556              	.set nomacro
 1557 00d4 0800E003 	j $31
 1558 00d8 3000BD27 	addu $sp,$sp,48
 1559              	.set macro
 1560              	.set reorder
 1561              	
 1562              	.end _SNDOpStreamFetch24
 1563              	$Lfe5:
 1564              	.size _SNDOpStreamFetch24,$Lfe5-_SNDOpStreamFetch24
 1565              	.align 2
 1566 00dc 00000000 	.p2align 3,,7
 1567              	.ent _SNDGetInstDef
 1568              	_SNDGetInstDef:
 1569              	.frame $sp,0,$31
 1570              	.mask 0x00000000,0
 1571              	.fmask 0x00000000,0
 1572 00e0 0000023C 	lui $2,%hi(_SND_InstDefs)
 1573 00e4 00004324 	addiu $3,$2,%lo(_SND_InstDefs)
 1574 00e8 0400628C 	lw $2,4($3)
 1575              	
 1576              	.set noreorder
 1577              	.set nomacro
 1578 00ec 08004010 	beq $2,$0,$L13
 1579 00f0 FF008430 	andi $4,$4,0x00ff
 1580              	.set macro
 1581              	.set reorder
 1582              	
 1583 00f4 00006290 	lbu $2,0($3)
 1584              	$L14:
 1585              	.set noreorder
 1586              	.set nomacro
 1587 00f8 06004410 	beq $2,$4,$L6
 1588 00fc 2D286000 	move $5,$3
 1589              	.set macro
 1590              	.set reorder
 1591              	
 1592 0100 0C006324 	addu $3,$3,12
 1593 0104 0400628C 	lw $2,4($3)
 1594              	
 1595              	.set noreorder
GAS LISTING  			page 29


 1596              	.set nomacro
 1597 0108 FBFF4054 	bnel $2,$0,$L14
 1598 010c 00006290 	lbu $2,0($3)
 1599              	.set macro
 1600              	.set reorder
 1601              	
 1602              	$L13:
 1603 0110 2D280000 	move $5,$0
 1604              	$L6:
 1605              	.set noreorder
 1606              	.set nomacro
 1607 0114 0800E003 	j $31
 1608 0118 2D10A000 	move $2,$5
 1609              	.set macro
 1610              	.set reorder
 1611              	
 1612              	.end _SNDGetInstDef
 1613              	$Lfe6:
 1614              	.size _SNDGetInstDef,$Lfe6-_SNDGetInstDef
 1615              	.rdata
 1616 02d4 00000000 	.align 3
 1617              	$LC91:
 1618 02d8 4100     	.ascii "A\000"
 1619 02da 00000000 	.align 3
 1619      0000
 1620              	$LC115:
 1621 02e0 25732025 	.ascii "%s %s\000"
 1621      7300
 1622 02e6 0000     	.align 3
 1623              	$LC92:
 1624 02e8 24253036 	.ascii "$%06X\000"
 1624      5800
 1625 02ee 0000     	.align 3
 1626              	$LC93:
 1627 02f0 2B242530 	.ascii "+$%04X\000"
 1627      345800
 1628 02f7 00       	.align 3
 1629              	$LC94:
 1630 02f8 28242530 	.ascii "($%04X)\000"
 1630      34582900 
 1631              	.align 3
 1632              	$LC95:
 1633 0300 24253032 	.ascii "$%02X,S\000"
 1633      582C5300 
 1634              	.align 3
 1635              	$LC96:
 1636 0308 28242530 	.ascii "($%02X,S),Y\000"
 1636      32582C53 
 1636      292C5900 
 1637 0314 00000000 	.align 3
 1638              	$LC97:
 1639 0318 28242530 	.ascii "($%02X,X)\000"
 1639      32582C58 
 1639      2900
 1640 0322 00000000 	.align 3
 1640      0000
 1641              	$LC98:
GAS LISTING  			page 30


 1642 0328 24253032 	.ascii "$%02X\000"
 1642      5800
 1643 032e 0000     	.align 3
 1644              	$LC99:
 1645 0330 24253032 	.ascii "$%02X,X\000"
 1645      582C5800 
 1646              	.align 3
 1647              	$LC100:
 1648 0338 24253032 	.ascii "$%02X,Y\000"
 1648      582C5900 
 1649              	.align 3
 1650              	$LC101:
 1651 0340 28242530 	.ascii "($%02X)\000"
 1651      32582900 
 1652              	.align 3
 1653              	$LC102:
 1654 0348 28242530 	.ascii "($%02X),Y\000"
 1654      3258292C 
 1654      5900
 1655 0352 00000000 	.align 3
 1655      0000
 1656              	$LC103:
 1657 0358 5B242530 	.ascii "[$%02X]\000"
 1657      32585D00 
 1658              	.align 3
 1659              	$LC104:
 1660 0360 5B242530 	.ascii "[$%02X],Y\000"
 1660      32585D2C 
 1660      5900
 1661 036a 00000000 	.align 3
 1661      0000
 1662              	$LC106:
 1663 0370 23242530 	.ascii "#$%04X\000"
 1663      345800
 1664 0377 00       	.align 3
 1665              	$LC105:
 1666 0378 23242530 	.ascii "#$%02X\000"
 1666      325800
 1667 037f 00       	.align 3
 1668              	$LC108:
 1669 0380 24253034 	.ascii "$%04X\000"
 1669      5800
 1670 0386 0000     	.align 3
 1671              	$LC109:
 1672 0388 5B242530 	.ascii "[$%04X]\000"
 1672      34585D00 
 1673              	.align 3
 1674              	$LC110:
 1675 0390 28242530 	.ascii "($%04X,X)\000"
 1675      34582C58 
 1675      2900
 1676 039a 00000000 	.align 3
 1676      0000
 1677              	$LC111:
 1678 03a0 24253034 	.ascii "$%04X,X\000"
 1678      582C5800 
 1679              	.align 3
GAS LISTING  			page 31


 1680              	$LC112:
 1681 03a8 24253034 	.ascii "$%04X,Y\000"
 1681      582C5900 
 1682              	.align 3
 1683              	$LC113:
 1684 03b0 24253036 	.ascii "$%06X,X\000"
 1684      582C5800 
 1685              	.align 3
 1686              	$LC107:
 1687 03b8 24253032 	.ascii "$%02X,$%02X\000"
 1687      582C2425 
 1687      30325800 
 1688 03c4 00000000 	.align 3
 1689              	$LC114:
 1690 03c8 444200   	.ascii "DB\000"
 1691              	.text
 1692              	.align 2
 1693 011c 00000000 	.p2align 3,,7
 1694              	.ent _SNDisasm
 1695              	_SNDisasm:
 1696              	.frame $sp,144,$31
 1697              	.mask 0x803f0000,-16
 1698              	.fmask 0x00000000,0
 1699 0120 70FFBD27 	subu $sp,$sp,144
 1700 0124 8000BFFF 	sd $31,128($sp)
 1701 0128 7000B5FF 	sd $21,112($sp)
 1702 012c 2DA8A000 	move $21,$5
 1703 0130 5000B3FF 	sd $19,80($sp)
 1704 0134 2D98C000 	move $19,$6
 1705 0138 4000B2FF 	sd $18,64($sp)
 1706 013c 2D908000 	move $18,$4
 1707 0140 3000B1FF 	sd $17,48($sp)
 1708 0144 2000B0FF 	sd $16,32($sp)
 1709              	.set noreorder
 1710              	.set nomacro
 1711 0148 0800000C 	jal _SNDOpStreamFetch8
 1712 014c 6000B4FF 	sd $20,96($sp)
 1713              	.set macro
 1714              	.set reorder
 1715              	
 1716 0150 2D204000 	move $4,$2
 1717              	.set noreorder
 1718              	.set nomacro
 1719 0154 3800000C 	jal _SNDGetInstDef
 1720 0158 2D804000 	move $16,$2
 1721              	.set macro
 1722              	.set reorder
 1723              	
 1724              	.set noreorder
 1725              	.set nomacro
 1726 015c 01014010 	beq $2,$0,$L16
 1727 0160 2D884000 	move $17,$2
 1728              	.set macro
 1729              	.set reorder
 1730              	
 1731 0164 0400448C 	lw $4,4($2)
 1732 0168 0000033C 	lui $3,%hi(_SND_pMnemonics)
GAS LISTING  			page 32


 1733 016c 100C6324 	addiu $3,$3,%lo(_SND_pMnemonics)
 1734 0170 2D300000 	move $6,$0
 1735 0174 80100400 	sll $2,$4,2
 1736 0178 21104300 	addu $2,$2,$3
 1737 017c 39000324 	li $3,57
 1738              	.set noreorder
 1739              	.set nomacro
 1740 0180 F1008310 	beq $4,$3,$L19
 1741 0184 0000548C 	lw $20,0($2)
 1742              	.set macro
 1743              	.set reorder
 1744              	
 1745 0188 43000224 	li $2,67
 1746 018c E6008210 	beq $4,$2,$L65
 1746      00000000 
 1747              	$L17:
 1748 0194 0800238E 	lw $3,8($17)
 1749              	
 1750 0198 1C00622C 	sltu $2,$3,28
 1751              	.set noreorder
 1752              	.set nomacro
 1753 019c 1A004010 	beq $2,$0,$L55
 1754 01a0 80100300 	sll $2,$3,2
 1755              	.set macro
 1756              	.set reorder
 1757              	
 1758 01a4 0000033C 	lui $3,%hi($L56)
 1759 01a8 CC036324 	addiu $3,$3,%lo($L56)
 1760 01ac 21104300 	addu $2,$2,$3
 1761 01b0 0000448C 	lw $4,0($2)
 1762              	
 1763 01b4 08008000 	j $4
 1763      00000000 
 1764              	.rdata
 1765 03cb 00       	.align 2
 1766              	$L56:
 1767 03cc 08020000 	.word $L55
 1768 03d0 BC010000 	.word $L24
 1769 03d4 20020000 	.word $L25
 1770 03d8 58020000 	.word $L26
 1771 03dc 7C020000 	.word $L27
 1772 03e0 A4020000 	.word $L28
 1773 03e4 C0020000 	.word $L29
 1774 03e8 DC020000 	.word $L30
 1775 03ec F8020000 	.word $L31
 1776 03f0 14030000 	.word $L32
 1777 03f4 30030000 	.word $L33
 1778 03f8 4C030000 	.word $L34
 1779 03fc 68030000 	.word $L35
 1780 0400 84030000 	.word $L36
 1781 0404 A0030000 	.word $L37
 1782 0408 BC030000 	.word $L38
 1783 040c 04040000 	.word $L41
 1784 0410 E8030000 	.word $L45
 1785 0414 10040000 	.word $L44
 1786 0418 18040000 	.word $L47
 1787 041c 34040000 	.word $L48
GAS LISTING  			page 33


 1788 0420 50040000 	.word $L49
 1789 0424 6C040000 	.word $L50
 1790 0428 88040000 	.word $L51
 1791 042c A4040000 	.word $L52
 1792 0430 C0040000 	.word $L53
 1793 0434 D4040000 	.word $L54
 1794 0438 F0040000 	.word $L46
 1795 043c 00000000 	.text
 1796              	$L24:
 1797 01bc 0000053C 	lui $5,%hi($LC91)
 1798 01c0 2D20A003 	move $4,$sp
 1799              	.set noreorder
 1800              	.set nomacro
 1801 01c4 0000000C 	jal sprintf
 1802 01c8 D802A524 	addiu $5,$5,%lo($LC91)
 1803              	.set macro
 1804              	.set reorder
 1805              	
 1806 01cc 0000053C 	lui $5,%hi($LC115)
 1807              	$L66:
 1808 01d0 2D20A002 	move $4,$21
 1809 01d4 2D308002 	move $6,$20
 1810 01d8 E002A524 	addiu $5,$5,%lo($LC115)
 1811              	.set noreorder
 1812              	.set nomacro
 1813 01dc 0000000C 	jal sprintf
 1814 01e0 2D38A003 	move $7,$sp
 1815              	.set macro
 1816              	.set reorder
 1817              	
 1818 01e4 2000B0DF 	ld $16,32($sp)
 1819 01e8 8000BFDF 	ld $31,128($sp)
 1820 01ec 7000B5DF 	ld $21,112($sp)
 1821 01f0 6000B4DF 	ld $20,96($sp)
 1822 01f4 5000B3DF 	ld $19,80($sp)
 1823 01f8 4000B2DF 	ld $18,64($sp)
 1824 01fc 3000B1DF 	ld $17,48($sp)
 1825              	
 1826              	.set noreorder
 1827              	.set nomacro
 1828 0200 0800E003 	j $31
 1829 0204 9000BD27 	addu $sp,$sp,144
 1830              	.set macro
 1831              	.set reorder
 1832              	
 1833              	.p2align 3
 1834              	$L55:
 1835 0208 0000053C 	lui $5,%hi($LC0)
 1836 020c 2D20A003 	move $4,$sp
 1837              	.set noreorder
 1838              	.set nomacro
 1839 0210 0000000C 	jal strcpy
 1840 0214 0000A524 	addiu $5,$5,%lo($LC0)
 1841              	.set macro
 1842              	.set reorder
 1843              	
 1844              	.set noreorder
GAS LISTING  			page 34


 1845              	.set nomacro
 1846 0218 EDFF0010 	b $L66
 1847 021c 0000053C 	lui $5,%hi($LC115)
 1848              	.set macro
 1849              	.set reorder
 1850              	
 1851              	$L25:
 1852              	.set noreorder
 1853              	.set nomacro
 1854 0220 0800000C 	jal _SNDOpStreamFetch8
 1855 0224 2D204002 	move $4,$18
 1856              	.set macro
 1857              	.set reorder
 1858              	
 1859 0228 0400468E 	lw $6,4($18)
 1860 022c 00160200 	sll $2,$2,24
 1861 0230 2D20A003 	move $4,$sp
 1862 0234 03160200 	sra $2,$2,24
 1863 0238 2130C200 	addu $6,$6,$2
 1864              	$L60:
 1865 023c 0000053C 	lui $5,%hi($LC92)
 1866 0240 E802A524 	addiu $5,$5,%lo($LC92)
 1867 0244 00000000 	.p2align 3
 1868              	$L59:
 1869 0248 0000000C 	jal sprintf
 1869      00000000 
 1870              	.set noreorder
 1871              	.set nomacro
 1872 0250 DFFF0010 	b $L66
 1873 0254 0000053C 	lui $5,%hi($LC115)
 1874              	.set macro
 1875              	.set reorder
 1876              	
 1877              	$L26:
 1878              	.set noreorder
 1879              	.set nomacro
 1880 0258 1000000C 	jal _SNDOpStreamFetch16
 1881 025c 2D204002 	move $4,$18
 1882              	.set macro
 1883              	.set reorder
 1884              	
 1885 0260 0000053C 	lui $5,%hi($LC93)
 1886 0264 00140200 	sll $2,$2,16
 1887 0268 2D20A003 	move $4,$sp
 1888 026c 03140200 	sra $2,$2,16
 1889 0270 F002A524 	addiu $5,$5,%lo($LC93)
 1890              	.set noreorder
 1891              	.set nomacro
 1892 0274 F4FF0010 	b $L59
 1893 0278 2D304000 	move $6,$2
 1894              	.set macro
 1895              	.set reorder
 1896              	
 1897              	$L27:
 1898              	.set noreorder
 1899              	.set nomacro
 1900 027c 1000000C 	jal _SNDOpStreamFetch16
GAS LISTING  			page 35


 1901 0280 2D204002 	move $4,$18
 1902              	.set macro
 1903              	.set reorder
 1904              	
 1905 0284 0000053C 	lui $5,%hi($LC94)
 1906 0288 0400468E 	lw $6,4($18)
 1907 028c 2D20A003 	move $4,$sp
 1908 0290 F802A524 	addiu $5,$5,%lo($LC94)
 1909 0294 2130C200 	addu $6,$6,$2
 1910 0298 0200C624 	addu $6,$6,2
 1911              	.set noreorder
 1912              	.set nomacro
 1913 029c EAFF0010 	b $L59
 1914 02a0 FFFFC630 	andi $6,$6,0xffff
 1915              	.set macro
 1916              	.set reorder
 1917              	
 1918              	$L28:
 1919              	.set noreorder
 1920              	.set nomacro
 1921 02a4 0800000C 	jal _SNDOpStreamFetch8
 1922 02a8 2D204002 	move $4,$18
 1923              	.set macro
 1924              	.set reorder
 1925              	
 1926 02ac 0000053C 	lui $5,%hi($LC95)
 1927 02b0 2D20A003 	move $4,$sp
 1928 02b4 2D304000 	move $6,$2
 1929              	.set noreorder
 1930              	.set nomacro
 1931 02b8 E3FF0010 	b $L59
 1932 02bc 0003A524 	addiu $5,$5,%lo($LC95)
 1933              	.set macro
 1934              	.set reorder
 1935              	
 1936              	$L29:
 1937              	.set noreorder
 1938              	.set nomacro
 1939 02c0 0800000C 	jal _SNDOpStreamFetch8
 1940 02c4 2D204002 	move $4,$18
 1941              	.set macro
 1942              	.set reorder
 1943              	
 1944 02c8 0000053C 	lui $5,%hi($LC96)
 1945 02cc 2D20A003 	move $4,$sp
 1946 02d0 2D304000 	move $6,$2
 1947              	.set noreorder
 1948              	.set nomacro
 1949 02d4 DCFF0010 	b $L59
 1950 02d8 0803A524 	addiu $5,$5,%lo($LC96)
 1951              	.set macro
 1952              	.set reorder
 1953              	
 1954              	$L30:
 1955              	.set noreorder
 1956              	.set nomacro
 1957 02dc 0800000C 	jal _SNDOpStreamFetch8
GAS LISTING  			page 36


 1958 02e0 2D204002 	move $4,$18
 1959              	.set macro
 1960              	.set reorder
 1961              	
 1962 02e4 0000053C 	lui $5,%hi($LC97)
 1963 02e8 2D20A003 	move $4,$sp
 1964 02ec 2D304000 	move $6,$2
 1965              	.set noreorder
 1966              	.set nomacro
 1967 02f0 D5FF0010 	b $L59
 1968 02f4 1803A524 	addiu $5,$5,%lo($LC97)
 1969              	.set macro
 1970              	.set reorder
 1971              	
 1972              	$L31:
 1973              	.set noreorder
 1974              	.set nomacro
 1975 02f8 0800000C 	jal _SNDOpStreamFetch8
 1976 02fc 2D204002 	move $4,$18
 1977              	.set macro
 1978              	.set reorder
 1979              	
 1980 0300 0000053C 	lui $5,%hi($LC98)
 1981 0304 2D20A003 	move $4,$sp
 1982 0308 2D304000 	move $6,$2
 1983              	.set noreorder
 1984              	.set nomacro
 1985 030c CEFF0010 	b $L59
 1986 0310 2803A524 	addiu $5,$5,%lo($LC98)
 1987              	.set macro
 1988              	.set reorder
 1989              	
 1990              	$L32:
 1991              	.set noreorder
 1992              	.set nomacro
 1993 0314 0800000C 	jal _SNDOpStreamFetch8
 1994 0318 2D204002 	move $4,$18
 1995              	.set macro
 1996              	.set reorder
 1997              	
 1998 031c 0000053C 	lui $5,%hi($LC99)
 1999 0320 2D20A003 	move $4,$sp
 2000 0324 2D304000 	move $6,$2
 2001              	.set noreorder
 2002              	.set nomacro
 2003 0328 C7FF0010 	b $L59
 2004 032c 3003A524 	addiu $5,$5,%lo($LC99)
 2005              	.set macro
 2006              	.set reorder
 2007              	
 2008              	$L33:
 2009              	.set noreorder
 2010              	.set nomacro
 2011 0330 0800000C 	jal _SNDOpStreamFetch8
 2012 0334 2D204002 	move $4,$18
 2013              	.set macro
 2014              	.set reorder
GAS LISTING  			page 37


 2015              	
 2016 0338 0000053C 	lui $5,%hi($LC100)
 2017 033c 2D20A003 	move $4,$sp
 2018 0340 2D304000 	move $6,$2
 2019              	.set noreorder
 2020              	.set nomacro
 2021 0344 C0FF0010 	b $L59
 2022 0348 3803A524 	addiu $5,$5,%lo($LC100)
 2023              	.set macro
 2024              	.set reorder
 2025              	
 2026              	$L34:
 2027              	.set noreorder
 2028              	.set nomacro
 2029 034c 0800000C 	jal _SNDOpStreamFetch8
 2030 0350 2D204002 	move $4,$18
 2031              	.set macro
 2032              	.set reorder
 2033              	
 2034 0354 0000053C 	lui $5,%hi($LC101)
 2035 0358 2D20A003 	move $4,$sp
 2036 035c 2D304000 	move $6,$2
 2037              	.set noreorder
 2038              	.set nomacro
 2039 0360 B9FF0010 	b $L59
 2040 0364 4003A524 	addiu $5,$5,%lo($LC101)
 2041              	.set macro
 2042              	.set reorder
 2043              	
 2044              	$L35:
 2045              	.set noreorder
 2046              	.set nomacro
 2047 0368 0800000C 	jal _SNDOpStreamFetch8
 2048 036c 2D204002 	move $4,$18
 2049              	.set macro
 2050              	.set reorder
 2051              	
 2052 0370 0000053C 	lui $5,%hi($LC102)
 2053 0374 2D20A003 	move $4,$sp
 2054 0378 2D304000 	move $6,$2
 2055              	.set noreorder
 2056              	.set nomacro
 2057 037c B2FF0010 	b $L59
 2058 0380 4803A524 	addiu $5,$5,%lo($LC102)
 2059              	.set macro
 2060              	.set reorder
 2061              	
 2062              	$L36:
 2063              	.set noreorder
 2064              	.set nomacro
 2065 0384 0800000C 	jal _SNDOpStreamFetch8
 2066 0388 2D204002 	move $4,$18
 2067              	.set macro
 2068              	.set reorder
 2069              	
 2070 038c 0000053C 	lui $5,%hi($LC103)
 2071 0390 2D20A003 	move $4,$sp
GAS LISTING  			page 38


 2072 0394 2D304000 	move $6,$2
 2073              	.set noreorder
 2074              	.set nomacro
 2075 0398 ABFF0010 	b $L59
 2076 039c 5803A524 	addiu $5,$5,%lo($LC103)
 2077              	.set macro
 2078              	.set reorder
 2079              	
 2080              	$L37:
 2081              	.set noreorder
 2082              	.set nomacro
 2083 03a0 0800000C 	jal _SNDOpStreamFetch8
 2084 03a4 2D204002 	move $4,$18
 2085              	.set macro
 2086              	.set reorder
 2087              	
 2088 03a8 0000053C 	lui $5,%hi($LC104)
 2089 03ac 2D20A003 	move $4,$sp
 2090 03b0 2D304000 	move $6,$2
 2091              	.set noreorder
 2092              	.set nomacro
 2093 03b4 A4FF0010 	b $L59
 2094 03b8 6003A524 	addiu $5,$5,%lo($LC104)
 2095              	.set macro
 2096              	.set reorder
 2097              	
 2098              	$L38:
 2099 03bc 00006292 	lbu $2,0($19)
 2100              	
 2101 03c0 20004230 	andi $2,$2,0x20
 2102              	$L64:
 2103 03c4 08004014 	bne $2,$0,$L45
 2103      00000000 
 2104              	.set noreorder
 2105              	.set nomacro
 2106 03cc 1000000C 	jal _SNDOpStreamFetch16
 2107 03d0 2D204002 	move $4,$18
 2108              	.set macro
 2109              	.set reorder
 2110              	
 2111 03d4 0000053C 	lui $5,%hi($LC106)
 2112 03d8 2D20A003 	move $4,$sp
 2113 03dc 2D304000 	move $6,$2
 2114              	.set noreorder
 2115              	.set nomacro
 2116 03e0 99FF0010 	b $L59
 2117 03e4 7003A524 	addiu $5,$5,%lo($LC106)
 2118              	.set macro
 2119              	.set reorder
 2120              	
 2121              	$L45:
 2122              	.set noreorder
 2123              	.set nomacro
 2124 03e8 0800000C 	jal _SNDOpStreamFetch8
 2125 03ec 2D204002 	move $4,$18
 2126              	.set macro
 2127              	.set reorder
GAS LISTING  			page 39


 2128              	
 2129 03f0 2D20A003 	move $4,$sp
 2130 03f4 2D304000 	move $6,$2
 2131              	$L63:
 2132 03f8 0000053C 	lui $5,%hi($LC105)
 2133              	.set noreorder
 2134              	.set nomacro
 2135 03fc 92FF0010 	b $L59
 2136 0400 7803A524 	addiu $5,$5,%lo($LC105)
 2137              	.set macro
 2138              	.set reorder
 2139              	
 2140              	$L41:
 2141 0404 00006292 	lbu $2,0($19)
 2142              	.set noreorder
 2143              	.set nomacro
 2144 0408 EEFF0010 	b $L64
 2145 040c 10004230 	andi $2,$2,0x10
 2146              	.set macro
 2147              	.set reorder
 2148              	
 2149              	$L44:
 2150              	.set noreorder
 2151              	.set nomacro
 2152 0410 F9FF0010 	b $L63
 2153 0414 2D20A003 	move $4,$sp
 2154              	.set macro
 2155              	.set reorder
 2156              	
 2157              	$L47:
 2158              	.set noreorder
 2159              	.set nomacro
 2160 0418 1000000C 	jal _SNDOpStreamFetch16
 2161 041c 2D204002 	move $4,$18
 2162              	.set macro
 2163              	.set reorder
 2164              	
 2165 0420 0000053C 	lui $5,%hi($LC108)
 2166 0424 2D20A003 	move $4,$sp
 2167 0428 2D304000 	move $6,$2
 2168              	.set noreorder
 2169              	.set nomacro
 2170 042c 86FF0010 	b $L59
 2171 0430 8003A524 	addiu $5,$5,%lo($LC108)
 2172              	.set macro
 2173              	.set reorder
 2174              	
 2175              	$L48:
 2176              	.set noreorder
 2177              	.set nomacro
 2178 0434 1000000C 	jal _SNDOpStreamFetch16
 2179 0438 2D204002 	move $4,$18
 2180              	.set macro
 2181              	.set reorder
 2182              	
 2183 043c 0000053C 	lui $5,%hi($LC94)
 2184 0440 2D20A003 	move $4,$sp
GAS LISTING  			page 40


 2185 0444 2D304000 	move $6,$2
 2186              	.set noreorder
 2187              	.set nomacro
 2188 0448 7FFF0010 	b $L59
 2189 044c F802A524 	addiu $5,$5,%lo($LC94)
 2190              	.set macro
 2191              	.set reorder
 2192              	
 2193              	$L49:
 2194              	.set noreorder
 2195              	.set nomacro
 2196 0450 1000000C 	jal _SNDOpStreamFetch16
 2197 0454 2D204002 	move $4,$18
 2198              	.set macro
 2199              	.set reorder
 2200              	
 2201 0458 0000053C 	lui $5,%hi($LC109)
 2202 045c 2D20A003 	move $4,$sp
 2203 0460 2D304000 	move $6,$2
 2204              	.set noreorder
 2205              	.set nomacro
 2206 0464 78FF0010 	b $L59
 2207 0468 8803A524 	addiu $5,$5,%lo($LC109)
 2208              	.set macro
 2209              	.set reorder
 2210              	
 2211              	$L50:
 2212              	.set noreorder
 2213              	.set nomacro
 2214 046c 1000000C 	jal _SNDOpStreamFetch16
 2215 0470 2D204002 	move $4,$18
 2216              	.set macro
 2217              	.set reorder
 2218              	
 2219 0474 0000053C 	lui $5,%hi($LC110)
 2220 0478 2D20A003 	move $4,$sp
 2221 047c 2D304000 	move $6,$2
 2222              	.set noreorder
 2223              	.set nomacro
 2224 0480 71FF0010 	b $L59
 2225 0484 9003A524 	addiu $5,$5,%lo($LC110)
 2226              	.set macro
 2227              	.set reorder
 2228              	
 2229              	$L51:
 2230              	.set noreorder
 2231              	.set nomacro
 2232 0488 1000000C 	jal _SNDOpStreamFetch16
 2233 048c 2D204002 	move $4,$18
 2234              	.set macro
 2235              	.set reorder
 2236              	
 2237 0490 0000053C 	lui $5,%hi($LC111)
 2238 0494 2D20A003 	move $4,$sp
 2239 0498 2D304000 	move $6,$2
 2240              	.set noreorder
 2241              	.set nomacro
GAS LISTING  			page 41


 2242 049c 6AFF0010 	b $L59
 2243 04a0 A003A524 	addiu $5,$5,%lo($LC111)
 2244              	.set macro
 2245              	.set reorder
 2246              	
 2247              	$L52:
 2248              	.set noreorder
 2249              	.set nomacro
 2250 04a4 1000000C 	jal _SNDOpStreamFetch16
 2251 04a8 2D204002 	move $4,$18
 2252              	.set macro
 2253              	.set reorder
 2254              	
 2255 04ac 0000053C 	lui $5,%hi($LC112)
 2256 04b0 2D20A003 	move $4,$sp
 2257 04b4 2D304000 	move $6,$2
 2258              	.set noreorder
 2259              	.set nomacro
 2260 04b8 63FF0010 	b $L59
 2261 04bc A803A524 	addiu $5,$5,%lo($LC112)
 2262              	.set macro
 2263              	.set reorder
 2264              	
 2265              	$L53:
 2266              	.set noreorder
 2267              	.set nomacro
 2268 04c0 2200000C 	jal _SNDOpStreamFetch24
 2269 04c4 2D204002 	move $4,$18
 2270              	.set macro
 2271              	.set reorder
 2272              	
 2273 04c8 2D20A003 	move $4,$sp
 2274              	.set noreorder
 2275              	.set nomacro
 2276 04cc 5BFF0010 	b $L60
 2277 04d0 2D304000 	move $6,$2
 2278              	.set macro
 2279              	.set reorder
 2280              	
 2281              	$L54:
 2282              	.set noreorder
 2283              	.set nomacro
 2284 04d4 2200000C 	jal _SNDOpStreamFetch24
 2285 04d8 2D204002 	move $4,$18
 2286              	.set macro
 2287              	.set reorder
 2288              	
 2289 04dc 0000053C 	lui $5,%hi($LC113)
 2290 04e0 2D20A003 	move $4,$sp
 2291 04e4 2D304000 	move $6,$2
 2292              	.set noreorder
 2293              	.set nomacro
 2294 04e8 57FF0010 	b $L59
 2295 04ec B003A524 	addiu $5,$5,%lo($LC113)
 2296              	.set macro
 2297              	.set reorder
 2298              	
GAS LISTING  			page 42


 2299              	$L46:
 2300              	.set noreorder
 2301              	.set nomacro
 2302 04f0 0800000C 	jal _SNDOpStreamFetch8
 2303 04f4 2D204002 	move $4,$18
 2304              	.set macro
 2305              	.set reorder
 2306              	
 2307 04f8 2D204002 	move $4,$18
 2308              	.set noreorder
 2309              	.set nomacro
 2310 04fc 0800000C 	jal _SNDOpStreamFetch8
 2311 0500 2D804000 	move $16,$2
 2312              	.set macro
 2313              	.set reorder
 2314              	
 2315 0504 0000053C 	lui $5,%hi($LC107)
 2316 0508 2D304000 	move $6,$2
 2317 050c 2D380002 	move $7,$16
 2318 0510 2D20A003 	move $4,$sp
 2319              	.set noreorder
 2320              	.set nomacro
 2321 0514 0000000C 	jal sprintf
 2322 0518 B803A524 	addiu $5,$5,%lo($LC107)
 2323              	.set macro
 2324              	.set reorder
 2325              	
 2326              	.set noreorder
 2327              	.set nomacro
 2328 051c 2CFF0010 	b $L66
 2329 0520 0000053C 	lui $5,%hi($LC115)
 2330              	.set macro
 2331              	.set reorder
 2332              	
 2333 0524 00000000 	.p2align 3
 2334              	$L65:
 2335              	.set noreorder
 2336              	.set nomacro
 2337 0528 0800000C 	jal _SNDOpStreamFetch8
 2338 052c 2D204002 	move $4,$18
 2339              	.set macro
 2340              	.set reorder
 2341              	
 2342 0530 2D304000 	move $6,$2
 2343 0534 00006292 	lbu $2,0($19)
 2344              	
 2345 0538 2510C200 	or $2,$6,$2
 2346              	$L58:
 2347              	.set noreorder
 2348              	.set nomacro
 2349 053c 15FF0010 	b $L17
 2350 0540 000062A2 	sb $2,0($19)
 2351              	.set macro
 2352              	.set reorder
 2353              	
 2354 0544 00000000 	.p2align 3
 2355              	$L19:
GAS LISTING  			page 43


 2356              	.set noreorder
 2357              	.set nomacro
 2358 0548 0800000C 	jal _SNDOpStreamFetch8
 2359 054c 2D204002 	move $4,$18
 2360              	.set macro
 2361              	.set reorder
 2362              	
 2363 0550 2D304000 	move $6,$2
 2364 0554 00006292 	lbu $2,0($19)
 2365 0558 27180600 	nor $3,$0,$6
 2366              	.set noreorder
 2367              	.set nomacro
 2368 055c F7FF0010 	b $L58
 2369 0560 24104300 	and $2,$2,$3
 2370              	.set macro
 2371              	.set reorder
 2372              	
 2373              	$L16:
 2374 0564 0000053C 	lui $5,%hi($LC98)
 2375 0568 0000023C 	lui $2,%hi($LC114)
 2376 056c 2D300002 	move $6,$16
 2377 0570 2803A524 	addiu $5,$5,%lo($LC98)
 2378 0574 2D20A003 	move $4,$sp
 2379              	.set noreorder
 2380              	.set nomacro
 2381 0578 33FF0010 	b $L59
 2382 057c C8035424 	addiu $20,$2,%lo($LC114)
 2383              	.set macro
 2384              	.set reorder
 2385              	
 2386              	.end _SNDisasm
 2387              	$Lfe7:
 2388              	.size _SNDisasm,$Lfe7-_SNDisasm
 2389              	.align 2
 2390              	.p2align 3,,7
 2391              	.globl SNDisasm
 2392              	.ent SNDisasm
 2393              	SNDisasm:
 2394              	.frame $sp,64,$31
 2395              	.mask 0x80030000,-16
 2396              	.fmask 0x00000000,0
 2397 0580 C0FFBD27 	subu $sp,$sp,64
 2398 0584 2000B1FF 	sd $17,32($sp)
 2399 0588 2D88E000 	move $17,$7
 2400 058c 1000B0FF 	sd $16,16($sp)
 2401 0590 2D808000 	move $16,$4
 2402 0594 3000BFFF 	sd $31,48($sp)
 2403              	.set noreorder
 2404              	.set nomacro
 2405 0598 0000000C 	jal _SNDOpStreamOpen
 2406 059c 2D20A003 	move $4,$sp
 2407              	.set macro
 2408              	.set reorder
 2409              	
 2410 05a0 2D302002 	move $6,$17
 2411 05a4 2D280002 	move $5,$16
 2412              	.set noreorder
GAS LISTING  			page 44


 2413              	.set nomacro
 2414 05a8 4800000C 	jal _SNDisasm
 2415 05ac 2D20A003 	move $4,$sp
 2416              	.set macro
 2417              	.set reorder
 2418              	
 2419              	.set noreorder
 2420              	.set nomacro
 2421 05b0 0400000C 	jal _SNDOpStreamClose
 2422 05b4 2D20A003 	move $4,$sp
 2423              	.set macro
 2424              	.set reorder
 2425              	
 2426 05b8 1000B0DF 	ld $16,16($sp)
 2427 05bc 3000BFDF 	ld $31,48($sp)
 2428 05c0 2000B1DF 	ld $17,32($sp)
 2429              	
 2430              	.set noreorder
 2431              	.set nomacro
 2432 05c4 0800E003 	j $31
 2433 05c8 4000BD27 	addu $sp,$sp,64
 2434              	.set macro
 2435              	.set reorder
 2436              	
 2437              	.end SNDisasm
 2438              	$Lfe8:
 2439              	.size SNDisasm,$Lfe8-SNDisasm
 2440 05cc 00000000 	.ident "GCC: (GNU) 3.2.2"
