GAS LISTING  			page 1


   1              	.file 1 "../../Source/common/snspcdisasm.c"
   2              	.section .mdebug.eabi64
   3              	.previous
   4              	.data
   5              	.align 3
   6              	.type _SNDSPC_InstDefs,@object
   7              	.size _SNDSPC_InstDefs,4820
   8              	_SNDSPC_InstDefs:
   9 0000 E8       	.byte -24
  10 0001 000000   	.space 3
  11 0004 01000000 	.word 1
  12 0008 01000000 	.word 1
  13 000c 08000000 	.word 8
  14 0010 00000000 	.space 4
  15 0014 E6       	.byte -26
  16 0015 000000   	.space 3
  17 0018 01000000 	.word 1
  18 001c 01000000 	.word 1
  19 0020 0D000000 	.word 13
  20 0024 00000000 	.space 4
  21 0028 BF       	.byte -65
  22 0029 000000   	.space 3
  23 002c 01000000 	.word 1
  24 0030 01000000 	.word 1
  25 0034 0F000000 	.word 15
  26 0038 00000000 	.space 4
  27 003c E4       	.byte -28
  28 003d 000000   	.space 3
  29 0040 01000000 	.word 1
  30 0044 01000000 	.word 1
  31 0048 09000000 	.word 9
  32 004c 00000000 	.space 4
  33 0050 F4       	.byte -12
  34 0051 000000   	.space 3
  35 0054 01000000 	.word 1
  36 0058 01000000 	.word 1
  37 005c 0A000000 	.word 10
  38 0060 00000000 	.space 4
  39 0064 E5       	.byte -27
  40 0065 000000   	.space 3
  41 0068 01000000 	.word 1
  42 006c 01000000 	.word 1
  43 0070 10000000 	.word 16
  44 0074 00000000 	.space 4
  45 0078 F5       	.byte -11
  46 0079 000000   	.space 3
  47 007c 01000000 	.word 1
  48 0080 01000000 	.word 1
  49 0084 11000000 	.word 17
  50 0088 00000000 	.space 4
  51 008c F6       	.byte -10
  52 008d 000000   	.space 3
  53 0090 01000000 	.word 1
  54 0094 01000000 	.word 1
  55 0098 12000000 	.word 18
  56 009c 00000000 	.space 4
  57 00a0 E7       	.byte -25
GAS LISTING  			page 2


  58 00a1 000000   	.space 3
  59 00a4 01000000 	.word 1
  60 00a8 01000000 	.word 1
  61 00ac 0B000000 	.word 11
  62 00b0 00000000 	.space 4
  63 00b4 F7       	.byte -9
  64 00b5 000000   	.space 3
  65 00b8 01000000 	.word 1
  66 00bc 01000000 	.word 1
  67 00c0 0C000000 	.word 12
  68 00c4 00000000 	.space 4
  69 00c8 CD       	.byte -51
  70 00c9 000000   	.space 3
  71 00cc 01000000 	.word 1
  72 00d0 02000000 	.word 2
  73 00d4 08000000 	.word 8
  74 00d8 00000000 	.space 4
  75 00dc F8       	.byte -8
  76 00dd 000000   	.space 3
  77 00e0 01000000 	.word 1
  78 00e4 02000000 	.word 2
  79 00e8 09000000 	.word 9
  80 00ec 00000000 	.space 4
  81 00f0 F9       	.byte -7
  82 00f1 000000   	.space 3
  83 00f4 01000000 	.word 1
  84 00f8 02000000 	.word 2
  85 00fc 1E000000 	.word 30
  86 0100 00000000 	.space 4
  87 0104 E9       	.byte -23
  88 0105 000000   	.space 3
  89 0108 01000000 	.word 1
  90 010c 02000000 	.word 2
  91 0110 10000000 	.word 16
  92 0114 00000000 	.space 4
  93 0118 8D       	.byte -115
  94 0119 000000   	.space 3
  95 011c 01000000 	.word 1
  96 0120 03000000 	.word 3
  97 0124 08000000 	.word 8
  98 0128 00000000 	.space 4
  99 012c EB       	.byte -21
 100 012d 000000   	.space 3
 101 0130 01000000 	.word 1
 102 0134 03000000 	.word 3
 103 0138 09000000 	.word 9
 104 013c 00000000 	.space 4
 105 0140 FB       	.byte -5
 106 0141 000000   	.space 3
 107 0144 01000000 	.word 1
 108 0148 03000000 	.word 3
 109 014c 0A000000 	.word 10
 110 0150 00000000 	.space 4
 111 0154 EC       	.byte -20
 112 0155 000000   	.space 3
 113 0158 01000000 	.word 1
 114 015c 03000000 	.word 3
GAS LISTING  			page 3


 115 0160 10000000 	.word 16
 116 0164 00000000 	.space 4
 117 0168 C6       	.byte -58
 118 0169 000000   	.space 3
 119 016c 01000000 	.word 1
 120 0170 0D000000 	.word 13
 121 0174 01000000 	.word 1
 122 0178 00000000 	.space 4
 123 017c AF       	.byte -81
 124 017d 000000   	.space 3
 125 0180 01000000 	.word 1
 126 0184 0F000000 	.word 15
 127 0188 01000000 	.word 1
 128 018c 00000000 	.space 4
 129 0190 C4       	.byte -60
 130 0191 000000   	.space 3
 131 0194 01000000 	.word 1
 132 0198 09000000 	.word 9
 133 019c 01000000 	.word 1
 134 01a0 00000000 	.space 4
 135 01a4 D4       	.byte -44
 136 01a5 000000   	.space 3
 137 01a8 01000000 	.word 1
 138 01ac 0A000000 	.word 10
 139 01b0 01000000 	.word 1
 140 01b4 00000000 	.space 4
 141 01b8 C5       	.byte -59
 142 01b9 000000   	.space 3
 143 01bc 01000000 	.word 1
 144 01c0 10000000 	.word 16
 145 01c4 01000000 	.word 1
 146 01c8 00000000 	.space 4
 147 01cc D5       	.byte -43
 148 01cd 000000   	.space 3
 149 01d0 01000000 	.word 1
 150 01d4 11000000 	.word 17
 151 01d8 01000000 	.word 1
 152 01dc 00000000 	.space 4
 153 01e0 D6       	.byte -42
 154 01e1 000000   	.space 3
 155 01e4 01000000 	.word 1
 156 01e8 12000000 	.word 18
 157 01ec 01000000 	.word 1
 158 01f0 00000000 	.space 4
 159 01f4 C7       	.byte -57
 160 01f5 000000   	.space 3
 161 01f8 01000000 	.word 1
 162 01fc 0B000000 	.word 11
 163 0200 01000000 	.word 1
 164 0204 00000000 	.space 4
 165 0208 D7       	.byte -41
 166 0209 000000   	.space 3
 167 020c 01000000 	.word 1
 168 0210 0C000000 	.word 12
 169 0214 01000000 	.word 1
 170 0218 00000000 	.space 4
 171 021c D8       	.byte -40
GAS LISTING  			page 4


 172 021d 000000   	.space 3
 173 0220 01000000 	.word 1
 174 0224 09000000 	.word 9
 175 0228 02000000 	.word 2
 176 022c 00000000 	.space 4
 177 0230 D9       	.byte -39
 178 0231 000000   	.space 3
 179 0234 01000000 	.word 1
 180 0238 1E000000 	.word 30
 181 023c 02000000 	.word 2
 182 0240 00000000 	.space 4
 183 0244 C9       	.byte -55
 184 0245 000000   	.space 3
 185 0248 01000000 	.word 1
 186 024c 10000000 	.word 16
 187 0250 02000000 	.word 2
 188 0254 00000000 	.space 4
 189 0258 CB       	.byte -53
 190 0259 000000   	.space 3
 191 025c 01000000 	.word 1
 192 0260 09000000 	.word 9
 193 0264 03000000 	.word 3
 194 0268 00000000 	.space 4
 195 026c DB       	.byte -37
 196 026d 000000   	.space 3
 197 0270 01000000 	.word 1
 198 0274 0A000000 	.word 10
 199 0278 03000000 	.word 3
 200 027c 00000000 	.space 4
 201 0280 CC       	.byte -52
 202 0281 000000   	.space 3
 203 0284 01000000 	.word 1
 204 0288 10000000 	.word 16
 205 028c 03000000 	.word 3
 206 0290 00000000 	.space 4
 207 0294 7D       	.byte 125
 208 0295 000000   	.space 3
 209 0298 01000000 	.word 1
 210 029c 01000000 	.word 1
 211 02a0 02000000 	.word 2
 212 02a4 00000000 	.space 4
 213 02a8 DD       	.byte -35
 214 02a9 000000   	.space 3
 215 02ac 01000000 	.word 1
 216 02b0 01000000 	.word 1
 217 02b4 03000000 	.word 3
 218 02b8 00000000 	.space 4
 219 02bc 5D       	.byte 93
 220 02bd 000000   	.space 3
 221 02c0 01000000 	.word 1
 222 02c4 02000000 	.word 2
 223 02c8 01000000 	.word 1
 224 02cc 00000000 	.space 4
 225 02d0 FD       	.byte -3
 226 02d1 000000   	.space 3
 227 02d4 01000000 	.word 1
 228 02d8 03000000 	.word 3
GAS LISTING  			page 5


 229 02dc 01000000 	.word 1
 230 02e0 00000000 	.space 4
 231 02e4 9D       	.byte -99
 232 02e5 000000   	.space 3
 233 02e8 01000000 	.word 1
 234 02ec 02000000 	.word 2
 235 02f0 07000000 	.word 7
 236 02f4 00000000 	.space 4
 237 02f8 BD       	.byte -67
 238 02f9 000000   	.space 3
 239 02fc 01000000 	.word 1
 240 0300 07000000 	.word 7
 241 0304 02000000 	.word 2
 242 0308 00000000 	.space 4
 243 030c FA       	.byte -6
 244 030d 000000   	.space 3
 245 0310 01000000 	.word 1
 246 0314 09000000 	.word 9
 247 0318 09000000 	.word 9
 248 031c 01       	.byte 1
 249 031d 000000   	.space 3
 250 0320 8F       	.byte -113
 251 0321 000000   	.space 3
 252 0324 01000000 	.word 1
 253 0328 09000000 	.word 9
 254 032c 08000000 	.word 8
 255 0330 01       	.byte 1
 256 0331 000000   	.space 3
 257 0334 88       	.byte -120
 258 0335 000000   	.space 3
 259 0338 02000000 	.word 2
 260 033c 01000000 	.word 1
 261 0340 08000000 	.word 8
 262 0344 00000000 	.space 4
 263 0348 86       	.byte -122
 264 0349 000000   	.space 3
 265 034c 02000000 	.word 2
 266 0350 01000000 	.word 1
 267 0354 0D000000 	.word 13
 268 0358 00000000 	.space 4
 269 035c 84       	.byte -124
 270 035d 000000   	.space 3
 271 0360 02000000 	.word 2
 272 0364 01000000 	.word 1
 273 0368 09000000 	.word 9
 274 036c 00000000 	.space 4
 275 0370 94       	.byte -108
 276 0371 000000   	.space 3
 277 0374 02000000 	.word 2
 278 0378 01000000 	.word 1
 279 037c 0A000000 	.word 10
 280 0380 00000000 	.space 4
 281 0384 85       	.byte -123
 282 0385 000000   	.space 3
 283 0388 02000000 	.word 2
 284 038c 01000000 	.word 1
 285 0390 10000000 	.word 16
GAS LISTING  			page 6


 286 0394 00000000 	.space 4
 287 0398 95       	.byte -107
 288 0399 000000   	.space 3
 289 039c 02000000 	.word 2
 290 03a0 01000000 	.word 1
 291 03a4 11000000 	.word 17
 292 03a8 00000000 	.space 4
 293 03ac 96       	.byte -106
 294 03ad 000000   	.space 3
 295 03b0 02000000 	.word 2
 296 03b4 01000000 	.word 1
 297 03b8 12000000 	.word 18
 298 03bc 00000000 	.space 4
 299 03c0 87       	.byte -121
 300 03c1 000000   	.space 3
 301 03c4 02000000 	.word 2
 302 03c8 01000000 	.word 1
 303 03cc 0B000000 	.word 11
 304 03d0 00000000 	.space 4
 305 03d4 97       	.byte -105
 306 03d5 000000   	.space 3
 307 03d8 02000000 	.word 2
 308 03dc 01000000 	.word 1
 309 03e0 0C000000 	.word 12
 310 03e4 00000000 	.space 4
 311 03e8 99       	.byte -103
 312 03e9 000000   	.space 3
 313 03ec 02000000 	.word 2
 314 03f0 0D000000 	.word 13
 315 03f4 0E000000 	.word 14
 316 03f8 00000000 	.space 4
 317 03fc 89       	.byte -119
 318 03fd 000000   	.space 3
 319 0400 02000000 	.word 2
 320 0404 09000000 	.word 9
 321 0408 09000000 	.word 9
 322 040c 01       	.byte 1
 323 040d 000000   	.space 3
 324 0410 98       	.byte -104
 325 0411 000000   	.space 3
 326 0414 02000000 	.word 2
 327 0418 09000000 	.word 9
 328 041c 08000000 	.word 8
 329 0420 01       	.byte 1
 330 0421 000000   	.space 3
 331 0424 A8       	.byte -88
 332 0425 000000   	.space 3
 333 0428 03000000 	.word 3
 334 042c 01000000 	.word 1
 335 0430 08000000 	.word 8
 336 0434 00000000 	.space 4
 337 0438 A6       	.byte -90
 338 0439 000000   	.space 3
 339 043c 03000000 	.word 3
 340 0440 01000000 	.word 1
 341 0444 0D000000 	.word 13
 342 0448 00000000 	.space 4
GAS LISTING  			page 7


 343 044c A4       	.byte -92
 344 044d 000000   	.space 3
 345 0450 03000000 	.word 3
 346 0454 01000000 	.word 1
 347 0458 09000000 	.word 9
 348 045c 00000000 	.space 4
 349 0460 B4       	.byte -76
 350 0461 000000   	.space 3
 351 0464 03000000 	.word 3
 352 0468 01000000 	.word 1
 353 046c 0A000000 	.word 10
 354 0470 00000000 	.space 4
 355 0474 A5       	.byte -91
 356 0475 000000   	.space 3
 357 0478 03000000 	.word 3
 358 047c 01000000 	.word 1
 359 0480 10000000 	.word 16
 360 0484 00000000 	.space 4
 361 0488 B5       	.byte -75
 362 0489 000000   	.space 3
 363 048c 03000000 	.word 3
 364 0490 01000000 	.word 1
 365 0494 11000000 	.word 17
 366 0498 00000000 	.space 4
 367 049c B6       	.byte -74
 368 049d 000000   	.space 3
 369 04a0 03000000 	.word 3
 370 04a4 01000000 	.word 1
 371 04a8 12000000 	.word 18
 372 04ac 00000000 	.space 4
 373 04b0 A7       	.byte -89
 374 04b1 000000   	.space 3
 375 04b4 03000000 	.word 3
 376 04b8 01000000 	.word 1
 377 04bc 0B000000 	.word 11
 378 04c0 00000000 	.space 4
 379 04c4 B7       	.byte -73
 380 04c5 000000   	.space 3
 381 04c8 03000000 	.word 3
 382 04cc 01000000 	.word 1
 383 04d0 0C000000 	.word 12
 384 04d4 00000000 	.space 4
 385 04d8 B9       	.byte -71
 386 04d9 000000   	.space 3
 387 04dc 03000000 	.word 3
 388 04e0 0D000000 	.word 13
 389 04e4 0E000000 	.word 14
 390 04e8 00000000 	.space 4
 391 04ec A9       	.byte -87
 392 04ed 000000   	.space 3
 393 04f0 03000000 	.word 3
 394 04f4 09000000 	.word 9
 395 04f8 09000000 	.word 9
 396 04fc 01       	.byte 1
 397 04fd 000000   	.space 3
 398 0500 B8       	.byte -72
 399 0501 000000   	.space 3
GAS LISTING  			page 8


 400 0504 03000000 	.word 3
 401 0508 09000000 	.word 9
 402 050c 08000000 	.word 8
 403 0510 01       	.byte 1
 404 0511 000000   	.space 3
 405 0514 68       	.byte 104
 406 0515 000000   	.space 3
 407 0518 04000000 	.word 4
 408 051c 01000000 	.word 1
 409 0520 08000000 	.word 8
 410 0524 00000000 	.space 4
 411 0528 66       	.byte 102
 412 0529 000000   	.space 3
 413 052c 04000000 	.word 4
 414 0530 01000000 	.word 1
 415 0534 0D000000 	.word 13
 416 0538 00000000 	.space 4
 417 053c 64       	.byte 100
 418 053d 000000   	.space 3
 419 0540 04000000 	.word 4
 420 0544 01000000 	.word 1
 421 0548 09000000 	.word 9
 422 054c 00000000 	.space 4
 423 0550 74       	.byte 116
 424 0551 000000   	.space 3
 425 0554 04000000 	.word 4
 426 0558 01000000 	.word 1
 427 055c 0A000000 	.word 10
 428 0560 00000000 	.space 4
 429 0564 65       	.byte 101
 430 0565 000000   	.space 3
 431 0568 04000000 	.word 4
 432 056c 01000000 	.word 1
 433 0570 10000000 	.word 16
 434 0574 00000000 	.space 4
 435 0578 75       	.byte 117
 436 0579 000000   	.space 3
 437 057c 04000000 	.word 4
 438 0580 01000000 	.word 1
 439 0584 11000000 	.word 17
 440 0588 00000000 	.space 4
 441 058c 76       	.byte 118
 442 058d 000000   	.space 3
 443 0590 04000000 	.word 4
 444 0594 01000000 	.word 1
 445 0598 12000000 	.word 18
 446 059c 00000000 	.space 4
 447 05a0 67       	.byte 103
 448 05a1 000000   	.space 3
 449 05a4 04000000 	.word 4
 450 05a8 01000000 	.word 1
 451 05ac 0B000000 	.word 11
 452 05b0 00000000 	.space 4
 453 05b4 77       	.byte 119
 454 05b5 000000   	.space 3
 455 05b8 04000000 	.word 4
 456 05bc 01000000 	.word 1
GAS LISTING  			page 9


 457 05c0 0C000000 	.word 12
 458 05c4 00000000 	.space 4
 459 05c8 79       	.byte 121
 460 05c9 000000   	.space 3
 461 05cc 04000000 	.word 4
 462 05d0 0D000000 	.word 13
 463 05d4 0E000000 	.word 14
 464 05d8 00000000 	.space 4
 465 05dc 69       	.byte 105
 466 05dd 000000   	.space 3
 467 05e0 04000000 	.word 4
 468 05e4 09000000 	.word 9
 469 05e8 09000000 	.word 9
 470 05ec 01       	.byte 1
 471 05ed 000000   	.space 3
 472 05f0 78       	.byte 120
 473 05f1 000000   	.space 3
 474 05f4 04000000 	.word 4
 475 05f8 09000000 	.word 9
 476 05fc 08000000 	.word 8
 477 0600 01       	.byte 1
 478 0601 000000   	.space 3
 479 0604 C8       	.byte -56
 480 0605 000000   	.space 3
 481 0608 04000000 	.word 4
 482 060c 02000000 	.word 2
 483 0610 08000000 	.word 8
 484 0614 00000000 	.space 4
 485 0618 3E       	.byte 62
 486 0619 000000   	.space 3
 487 061c 04000000 	.word 4
 488 0620 02000000 	.word 2
 489 0624 09000000 	.word 9
 490 0628 00000000 	.space 4
 491 062c 1E       	.byte 30
 492 062d 000000   	.space 3
 493 0630 04000000 	.word 4
 494 0634 02000000 	.word 2
 495 0638 10000000 	.word 16
 496 063c 00000000 	.space 4
 497 0640 AD       	.byte -83
 498 0641 000000   	.space 3
 499 0644 04000000 	.word 4
 500 0648 03000000 	.word 3
 501 064c 08000000 	.word 8
 502 0650 00000000 	.space 4
 503 0654 7E       	.byte 126
 504 0655 000000   	.space 3
 505 0658 04000000 	.word 4
 506 065c 03000000 	.word 3
 507 0660 09000000 	.word 9
 508 0664 00000000 	.space 4
 509 0668 5E       	.byte 94
 510 0669 000000   	.space 3
 511 066c 04000000 	.word 4
 512 0670 03000000 	.word 3
 513 0674 10000000 	.word 16
GAS LISTING  			page 10


 514 0678 00000000 	.space 4
 515 067c 28       	.byte 40
 516 067d 000000   	.space 3
 517 0680 05000000 	.word 5
 518 0684 01000000 	.word 1
 519 0688 08000000 	.word 8
 520 068c 00000000 	.space 4
 521 0690 26       	.byte 38
 522 0691 000000   	.space 3
 523 0694 05000000 	.word 5
 524 0698 01000000 	.word 1
 525 069c 0D000000 	.word 13
 526 06a0 00000000 	.space 4
 527 06a4 24       	.byte 36
 528 06a5 000000   	.space 3
 529 06a8 05000000 	.word 5
 530 06ac 01000000 	.word 1
 531 06b0 09000000 	.word 9
 532 06b4 00000000 	.space 4
 533 06b8 34       	.byte 52
 534 06b9 000000   	.space 3
 535 06bc 05000000 	.word 5
 536 06c0 01000000 	.word 1
 537 06c4 0A000000 	.word 10
 538 06c8 00000000 	.space 4
 539 06cc 25       	.byte 37
 540 06cd 000000   	.space 3
 541 06d0 05000000 	.word 5
 542 06d4 01000000 	.word 1
 543 06d8 10000000 	.word 16
 544 06dc 00000000 	.space 4
 545 06e0 35       	.byte 53
 546 06e1 000000   	.space 3
 547 06e4 05000000 	.word 5
 548 06e8 01000000 	.word 1
 549 06ec 11000000 	.word 17
 550 06f0 00000000 	.space 4
 551 06f4 36       	.byte 54
 552 06f5 000000   	.space 3
 553 06f8 05000000 	.word 5
 554 06fc 01000000 	.word 1
 555 0700 12000000 	.word 18
 556 0704 00000000 	.space 4
 557 0708 27       	.byte 39
 558 0709 000000   	.space 3
 559 070c 05000000 	.word 5
 560 0710 01000000 	.word 1
 561 0714 0B000000 	.word 11
 562 0718 00000000 	.space 4
 563 071c 37       	.byte 55
 564 071d 000000   	.space 3
 565 0720 05000000 	.word 5
 566 0724 01000000 	.word 1
 567 0728 0C000000 	.word 12
 568 072c 00000000 	.space 4
 569 0730 39       	.byte 57
 570 0731 000000   	.space 3
GAS LISTING  			page 11


 571 0734 05000000 	.word 5
 572 0738 0D000000 	.word 13
 573 073c 0E000000 	.word 14
 574 0740 00000000 	.space 4
 575 0744 29       	.byte 41
 576 0745 000000   	.space 3
 577 0748 05000000 	.word 5
 578 074c 09000000 	.word 9
 579 0750 09000000 	.word 9
 580 0754 01       	.byte 1
 581 0755 000000   	.space 3
 582 0758 38       	.byte 56
 583 0759 000000   	.space 3
 584 075c 05000000 	.word 5
 585 0760 09000000 	.word 9
 586 0764 08000000 	.word 8
 587 0768 01       	.byte 1
 588 0769 000000   	.space 3
 589 076c 08       	.byte 8
 590 076d 000000   	.space 3
 591 0770 06000000 	.word 6
 592 0774 01000000 	.word 1
 593 0778 08000000 	.word 8
 594 077c 00000000 	.space 4
 595 0780 06       	.byte 6
 596 0781 000000   	.space 3
 597 0784 06000000 	.word 6
 598 0788 01000000 	.word 1
 599 078c 0D000000 	.word 13
 600 0790 00000000 	.space 4
 601 0794 04       	.byte 4
 602 0795 000000   	.space 3
 603 0798 06000000 	.word 6
 604 079c 01000000 	.word 1
 605 07a0 09000000 	.word 9
 606 07a4 00000000 	.space 4
 607 07a8 14       	.byte 20
 608 07a9 000000   	.space 3
 609 07ac 06000000 	.word 6
 610 07b0 01000000 	.word 1
 611 07b4 0A000000 	.word 10
 612 07b8 00000000 	.space 4
 613 07bc 05       	.byte 5
 614 07bd 000000   	.space 3
 615 07c0 06000000 	.word 6
 616 07c4 01000000 	.word 1
 617 07c8 10000000 	.word 16
 618 07cc 00000000 	.space 4
 619 07d0 15       	.byte 21
 620 07d1 000000   	.space 3
 621 07d4 06000000 	.word 6
 622 07d8 01000000 	.word 1
 623 07dc 11000000 	.word 17
 624 07e0 00000000 	.space 4
 625 07e4 16       	.byte 22
 626 07e5 000000   	.space 3
 627 07e8 06000000 	.word 6
GAS LISTING  			page 12


 628 07ec 01000000 	.word 1
 629 07f0 12000000 	.word 18
 630 07f4 00000000 	.space 4
 631 07f8 07       	.byte 7
 632 07f9 000000   	.space 3
 633 07fc 06000000 	.word 6
 634 0800 01000000 	.word 1
 635 0804 0B000000 	.word 11
 636 0808 00000000 	.space 4
 637 080c 17       	.byte 23
 638 080d 000000   	.space 3
 639 0810 06000000 	.word 6
 640 0814 01000000 	.word 1
 641 0818 0C000000 	.word 12
 642 081c 00000000 	.space 4
 643 0820 19       	.byte 25
 644 0821 000000   	.space 3
 645 0824 06000000 	.word 6
 646 0828 0D000000 	.word 13
 647 082c 0E000000 	.word 14
 648 0830 00000000 	.space 4
 649 0834 09       	.byte 9
 650 0835 000000   	.space 3
 651 0838 06000000 	.word 6
 652 083c 09000000 	.word 9
 653 0840 09000000 	.word 9
 654 0844 01       	.byte 1
 655 0845 000000   	.space 3
 656 0848 18       	.byte 24
 657 0849 000000   	.space 3
 658 084c 06000000 	.word 6
 659 0850 09000000 	.word 9
 660 0854 08000000 	.word 8
 661 0858 01       	.byte 1
 662 0859 000000   	.space 3
 663 085c 48       	.byte 72
 664 085d 000000   	.space 3
 665 0860 07000000 	.word 7
 666 0864 01000000 	.word 1
 667 0868 08000000 	.word 8
 668 086c 00000000 	.space 4
 669 0870 46       	.byte 70
 670 0871 000000   	.space 3
 671 0874 07000000 	.word 7
 672 0878 01000000 	.word 1
 673 087c 0D000000 	.word 13
 674 0880 00000000 	.space 4
 675 0884 44       	.byte 68
 676 0885 000000   	.space 3
 677 0888 07000000 	.word 7
 678 088c 01000000 	.word 1
 679 0890 09000000 	.word 9
 680 0894 00000000 	.space 4
 681 0898 54       	.byte 84
 682 0899 000000   	.space 3
 683 089c 07000000 	.word 7
 684 08a0 01000000 	.word 1
GAS LISTING  			page 13


 685 08a4 0A000000 	.word 10
 686 08a8 00000000 	.space 4
 687 08ac 45       	.byte 69
 688 08ad 000000   	.space 3
 689 08b0 07000000 	.word 7
 690 08b4 01000000 	.word 1
 691 08b8 10000000 	.word 16
 692 08bc 00000000 	.space 4
 693 08c0 55       	.byte 85
 694 08c1 000000   	.space 3
 695 08c4 07000000 	.word 7
 696 08c8 01000000 	.word 1
 697 08cc 11000000 	.word 17
 698 08d0 00000000 	.space 4
 699 08d4 56       	.byte 86
 700 08d5 000000   	.space 3
 701 08d8 07000000 	.word 7
 702 08dc 01000000 	.word 1
 703 08e0 12000000 	.word 18
 704 08e4 00000000 	.space 4
 705 08e8 47       	.byte 71
 706 08e9 000000   	.space 3
 707 08ec 07000000 	.word 7
 708 08f0 01000000 	.word 1
 709 08f4 0B000000 	.word 11
 710 08f8 00000000 	.space 4
 711 08fc 57       	.byte 87
 712 08fd 000000   	.space 3
 713 0900 07000000 	.word 7
 714 0904 01000000 	.word 1
 715 0908 0C000000 	.word 12
 716 090c 00000000 	.space 4
 717 0910 59       	.byte 89
 718 0911 000000   	.space 3
 719 0914 07000000 	.word 7
 720 0918 0D000000 	.word 13
 721 091c 0E000000 	.word 14
 722 0920 00000000 	.space 4
 723 0924 49       	.byte 73
 724 0925 000000   	.space 3
 725 0928 07000000 	.word 7
 726 092c 09000000 	.word 9
 727 0930 09000000 	.word 9
 728 0934 01       	.byte 1
 729 0935 000000   	.space 3
 730 0938 58       	.byte 88
 731 0939 000000   	.space 3
 732 093c 07000000 	.word 7
 733 0940 09000000 	.word 9
 734 0944 08000000 	.word 8
 735 0948 01       	.byte 1
 736 0949 000000   	.space 3
 737 094c BC       	.byte -68
 738 094d 000000   	.space 3
 739 0950 08000000 	.word 8
 740 0954 01000000 	.word 1
 741 0958 00000000 	.word 0
GAS LISTING  			page 14


 742 095c 00000000 	.space 4
 743 0960 AB       	.byte -85
 744 0961 000000   	.space 3
 745 0964 08000000 	.word 8
 746 0968 09000000 	.word 9
 747 096c 00000000 	.word 0
 748 0970 00000000 	.space 4
 749 0974 BB       	.byte -69
 750 0975 000000   	.space 3
 751 0978 08000000 	.word 8
 752 097c 0A000000 	.word 10
 753 0980 00000000 	.word 0
 754 0984 00000000 	.space 4
 755 0988 AC       	.byte -84
 756 0989 000000   	.space 3
 757 098c 08000000 	.word 8
 758 0990 10000000 	.word 16
 759 0994 00000000 	.word 0
 760 0998 00000000 	.space 4
 761 099c 3D       	.byte 61
 762 099d 000000   	.space 3
 763 09a0 08000000 	.word 8
 764 09a4 02000000 	.word 2
 765 09a8 00000000 	.word 0
 766 09ac 00000000 	.space 4
 767 09b0 FC       	.byte -4
 768 09b1 000000   	.space 3
 769 09b4 08000000 	.word 8
 770 09b8 03000000 	.word 3
 771 09bc 00000000 	.word 0
 772 09c0 00000000 	.space 4
 773 09c4 9C       	.byte -100
 774 09c5 000000   	.space 3
 775 09c8 09000000 	.word 9
 776 09cc 01000000 	.word 1
 777 09d0 00000000 	.word 0
 778 09d4 00000000 	.space 4
 779 09d8 8B       	.byte -117
 780 09d9 000000   	.space 3
 781 09dc 09000000 	.word 9
 782 09e0 09000000 	.word 9
 783 09e4 00000000 	.word 0
 784 09e8 00000000 	.space 4
 785 09ec 9B       	.byte -101
 786 09ed 000000   	.space 3
 787 09f0 09000000 	.word 9
 788 09f4 0A000000 	.word 10
 789 09f8 00000000 	.word 0
 790 09fc 00000000 	.space 4
 791 0a00 8C       	.byte -116
 792 0a01 000000   	.space 3
 793 0a04 09000000 	.word 9
 794 0a08 10000000 	.word 16
 795 0a0c 00000000 	.word 0
 796 0a10 00000000 	.space 4
 797 0a14 1D       	.byte 29
 798 0a15 000000   	.space 3
GAS LISTING  			page 15


 799 0a18 09000000 	.word 9
 800 0a1c 02000000 	.word 2
 801 0a20 00000000 	.word 0
 802 0a24 00000000 	.space 4
 803 0a28 DC       	.byte -36
 804 0a29 000000   	.space 3
 805 0a2c 09000000 	.word 9
 806 0a30 03000000 	.word 3
 807 0a34 00000000 	.word 0
 808 0a38 00000000 	.space 4
 809 0a3c 1C       	.byte 28
 810 0a3d 000000   	.space 3
 811 0a40 0A000000 	.word 10
 812 0a44 01000000 	.word 1
 813 0a48 00000000 	.word 0
 814 0a4c 00000000 	.space 4
 815 0a50 0B       	.byte 11
 816 0a51 000000   	.space 3
 817 0a54 0A000000 	.word 10
 818 0a58 09000000 	.word 9
 819 0a5c 00000000 	.word 0
 820 0a60 00000000 	.space 4
 821 0a64 1B       	.byte 27
 822 0a65 000000   	.space 3
 823 0a68 0A000000 	.word 10
 824 0a6c 0A000000 	.word 10
 825 0a70 00000000 	.word 0
 826 0a74 00000000 	.space 4
 827 0a78 CC       	.byte -52
 828 0a79 000000   	.space 3
 829 0a7c 0A000000 	.word 10
 830 0a80 10000000 	.word 16
 831 0a84 00000000 	.word 0
 832 0a88 00000000 	.space 4
 833 0a8c 5C       	.byte 92
 834 0a8d 000000   	.space 3
 835 0a90 0B000000 	.word 11
 836 0a94 01000000 	.word 1
 837 0a98 00000000 	.word 0
 838 0a9c 00000000 	.space 4
 839 0aa0 4B       	.byte 75
 840 0aa1 000000   	.space 3
 841 0aa4 0B000000 	.word 11
 842 0aa8 09000000 	.word 9
 843 0aac 00000000 	.word 0
 844 0ab0 00000000 	.space 4
 845 0ab4 5B       	.byte 91
 846 0ab5 000000   	.space 3
 847 0ab8 0B000000 	.word 11
 848 0abc 0A000000 	.word 10
 849 0ac0 00000000 	.word 0
 850 0ac4 00000000 	.space 4
 851 0ac8 4C       	.byte 76
 852 0ac9 000000   	.space 3
 853 0acc 0B000000 	.word 11
 854 0ad0 10000000 	.word 16
 855 0ad4 00000000 	.word 0
GAS LISTING  			page 16


 856 0ad8 00000000 	.space 4
 857 0adc 3C       	.byte 60
 858 0add 000000   	.space 3
 859 0ae0 0C000000 	.word 12
 860 0ae4 01000000 	.word 1
 861 0ae8 00000000 	.word 0
 862 0aec 00000000 	.space 4
 863 0af0 2B       	.byte 43
 864 0af1 000000   	.space 3
 865 0af4 0C000000 	.word 12
 866 0af8 09000000 	.word 9
 867 0afc 00000000 	.word 0
 868 0b00 00000000 	.space 4
 869 0b04 3B       	.byte 59
 870 0b05 000000   	.space 3
 871 0b08 0C000000 	.word 12
 872 0b0c 0A000000 	.word 10
 873 0b10 00000000 	.word 0
 874 0b14 00000000 	.space 4
 875 0b18 2C       	.byte 44
 876 0b19 000000   	.space 3
 877 0b1c 0C000000 	.word 12
 878 0b20 10000000 	.word 16
 879 0b24 00000000 	.word 0
 880 0b28 00000000 	.space 4
 881 0b2c 7C       	.byte 124
 882 0b2d 000000   	.space 3
 883 0b30 0D000000 	.word 13
 884 0b34 01000000 	.word 1
 885 0b38 00000000 	.word 0
 886 0b3c 00000000 	.space 4
 887 0b40 6B       	.byte 107
 888 0b41 000000   	.space 3
 889 0b44 0D000000 	.word 13
 890 0b48 09000000 	.word 9
 891 0b4c 00000000 	.word 0
 892 0b50 00000000 	.space 4
 893 0b54 7B       	.byte 123
 894 0b55 000000   	.space 3
 895 0b58 0D000000 	.word 13
 896 0b5c 0A000000 	.word 10
 897 0b60 00000000 	.word 0
 898 0b64 00000000 	.space 4
 899 0b68 6C       	.byte 108
 900 0b69 000000   	.space 3
 901 0b6c 0D000000 	.word 13
 902 0b70 10000000 	.word 16
 903 0b74 00000000 	.word 0
 904 0b78 00000000 	.space 4
 905 0b7c 9F       	.byte -97
 906 0b7d 000000   	.space 3
 907 0b80 0E000000 	.word 14
 908 0b84 01000000 	.word 1
 909 0b88 00000000 	.word 0
 910 0b8c 00000000 	.space 4
 911 0b90 BA       	.byte -70
 912 0b91 000000   	.space 3
GAS LISTING  			page 17


 913 0b94 0F000000 	.word 15
 914 0b98 05000000 	.word 5
 915 0b9c 09000000 	.word 9
 916 0ba0 00000000 	.space 4
 917 0ba4 DA       	.byte -38
 918 0ba5 000000   	.space 3
 919 0ba8 0F000000 	.word 15
 920 0bac 09000000 	.word 9
 921 0bb0 05000000 	.word 5
 922 0bb4 00000000 	.space 4
 923 0bb8 3A       	.byte 58
 924 0bb9 000000   	.space 3
 925 0bbc 10000000 	.word 16
 926 0bc0 09000000 	.word 9
 927 0bc4 00000000 	.word 0
 928 0bc8 00000000 	.space 4
 929 0bcc 1A       	.byte 26
 930 0bcd 000000   	.space 3
 931 0bd0 11000000 	.word 17
 932 0bd4 09000000 	.word 9
 933 0bd8 00000000 	.word 0
 934 0bdc 00000000 	.space 4
 935 0be0 7A       	.byte 122
 936 0be1 000000   	.space 3
 937 0be4 12000000 	.word 18
 938 0be8 05000000 	.word 5
 939 0bec 09000000 	.word 9
 940 0bf0 00000000 	.space 4
 941 0bf4 9A       	.byte -102
 942 0bf5 000000   	.space 3
 943 0bf8 13000000 	.word 19
 944 0bfc 05000000 	.word 5
 945 0c00 09000000 	.word 9
 946 0c04 00000000 	.space 4
 947 0c08 5A       	.byte 90
 948 0c09 000000   	.space 3
 949 0c0c 14000000 	.word 20
 950 0c10 05000000 	.word 5
 951 0c14 09000000 	.word 9
 952 0c18 00000000 	.space 4
 953 0c1c CF       	.byte -49
 954 0c1d 000000   	.space 3
 955 0c20 15000000 	.word 21
 956 0c24 05000000 	.word 5
 957 0c28 00000000 	.word 0
 958 0c2c 00000000 	.space 4
 959 0c30 9E       	.byte -98
 960 0c31 000000   	.space 3
 961 0c34 16000000 	.word 22
 962 0c38 05000000 	.word 5
 963 0c3c 02000000 	.word 2
 964 0c40 00000000 	.space 4
 965 0c44 DF       	.byte -33
 966 0c45 000000   	.space 3
 967 0c48 17000000 	.word 23
 968 0c4c 01000000 	.word 1
 969 0c50 00000000 	.word 0
GAS LISTING  			page 18


 970 0c54 00000000 	.space 4
 971 0c58 BE       	.byte -66
 972 0c59 000000   	.space 3
 973 0c5c 18000000 	.word 24
 974 0c60 01000000 	.word 1
 975 0c64 00000000 	.word 0
 976 0c68 00000000 	.space 4
 977 0c6c 2F       	.byte 47
 978 0c6d 000000   	.space 3
 979 0c70 19000000 	.word 25
 980 0c74 14000000 	.word 20
 981 0c78 00000000 	.word 0
 982 0c7c 00000000 	.space 4
 983 0c80 F0       	.byte -16
 984 0c81 000000   	.space 3
 985 0c84 1A000000 	.word 26
 986 0c88 14000000 	.word 20
 987 0c8c 00000000 	.word 0
 988 0c90 00000000 	.space 4
 989 0c94 D0       	.byte -48
 990 0c95 000000   	.space 3
 991 0c98 1B000000 	.word 27
 992 0c9c 14000000 	.word 20
 993 0ca0 00000000 	.word 0
 994 0ca4 00000000 	.space 4
 995 0ca8 B0       	.byte -80
 996 0ca9 000000   	.space 3
 997 0cac 1C000000 	.word 28
 998 0cb0 14000000 	.word 20
 999 0cb4 00000000 	.word 0
 1000 0cb8 00000000 	.space 4
 1001 0cbc 90       	.byte -112
 1002 0cbd 000000   	.space 3
 1003 0cc0 1D000000 	.word 29
 1004 0cc4 14000000 	.word 20
 1005 0cc8 00000000 	.word 0
 1006 0ccc 00000000 	.space 4
 1007 0cd0 70       	.byte 112
 1008 0cd1 000000   	.space 3
 1009 0cd4 1E000000 	.word 30
 1010 0cd8 14000000 	.word 20
 1011 0cdc 00000000 	.word 0
 1012 0ce0 00000000 	.space 4
 1013 0ce4 50       	.byte 80
 1014 0ce5 000000   	.space 3
 1015 0ce8 1F000000 	.word 31
 1016 0cec 14000000 	.word 20
 1017 0cf0 00000000 	.word 0
 1018 0cf4 00000000 	.space 4
 1019 0cf8 30       	.byte 48
 1020 0cf9 000000   	.space 3
 1021 0cfc 20000000 	.word 32
 1022 0d00 14000000 	.word 20
 1023 0d04 00000000 	.word 0
 1024 0d08 00000000 	.space 4
 1025 0d0c 10       	.byte 16
 1026 0d0d 000000   	.space 3
GAS LISTING  			page 19


 1027 0d10 21000000 	.word 33
 1028 0d14 14000000 	.word 20
 1029 0d18 00000000 	.word 0
 1030 0d1c 00000000 	.space 4
 1031 0d20 2E       	.byte 46
 1032 0d21 000000   	.space 3
 1033 0d24 24000000 	.word 36
 1034 0d28 09000000 	.word 9
 1035 0d2c 14000000 	.word 20
 1036 0d30 00000000 	.space 4
 1037 0d34 DE       	.byte -34
 1038 0d35 000000   	.space 3
 1039 0d38 24000000 	.word 36
 1040 0d3c 0A000000 	.word 10
 1041 0d40 14000000 	.word 20
 1042 0d44 00000000 	.space 4
 1043 0d48 6E       	.byte 110
 1044 0d49 000000   	.space 3
 1045 0d4c 25000000 	.word 37
 1046 0d50 09000000 	.word 9
 1047 0d54 14000000 	.word 20
 1048 0d58 00000000 	.space 4
 1049 0d5c FE       	.byte -2
 1050 0d5d 000000   	.space 3
 1051 0d60 25000000 	.word 37
 1052 0d64 03000000 	.word 3
 1053 0d68 14000000 	.word 20
 1054 0d6c 00000000 	.space 4
 1055 0d70 5F       	.byte 95
 1056 0d71 000000   	.space 3
 1057 0d74 26000000 	.word 38
 1058 0d78 10000000 	.word 16
 1059 0d7c 00000000 	.word 0
 1060 0d80 00000000 	.space 4
 1061 0d84 1F       	.byte 31
 1062 0d85 000000   	.space 3
 1063 0d88 26000000 	.word 38
 1064 0d8c 11000000 	.word 17
 1065 0d90 00000000 	.word 0
 1066 0d94 00000000 	.space 4
 1067 0d98 3F       	.byte 63
 1068 0d99 000000   	.space 3
 1069 0d9c 27000000 	.word 39
 1070 0da0 10000000 	.word 16
 1071 0da4 00000000 	.word 0
 1072 0da8 00000000 	.space 4
 1073 0dac 4F       	.byte 79
 1074 0dad 000000   	.space 3
 1075 0db0 28000000 	.word 40
 1076 0db4 21000000 	.word 33
 1077 0db8 00000000 	.word 0
 1078 0dbc 00000000 	.space 4
 1079 0dc0 0F       	.byte 15
 1080 0dc1 000000   	.space 3
 1081 0dc4 2A000000 	.word 42
 1082 0dc8 00000000 	.word 0
 1083 0dcc 00000000 	.word 0
GAS LISTING  			page 20


 1084 0dd0 00000000 	.space 4
 1085 0dd4 6F       	.byte 111
 1086 0dd5 000000   	.space 3
 1087 0dd8 2B000000 	.word 43
 1088 0ddc 00000000 	.word 0
 1089 0de0 00000000 	.word 0
 1090 0de4 00000000 	.space 4
 1091 0de8 7F       	.byte 127
 1092 0de9 000000   	.space 3
 1093 0dec 2C000000 	.word 44
 1094 0df0 00000000 	.word 0
 1095 0df4 00000000 	.word 0
 1096 0df8 00000000 	.space 4
 1097 0dfc 2D       	.byte 45
 1098 0dfd 000000   	.space 3
 1099 0e00 2D000000 	.word 45
 1100 0e04 01000000 	.word 1
 1101 0e08 00000000 	.word 0
 1102 0e0c 00000000 	.space 4
 1103 0e10 4D       	.byte 77
 1104 0e11 000000   	.space 3
 1105 0e14 2D000000 	.word 45
 1106 0e18 02000000 	.word 2
 1107 0e1c 00000000 	.word 0
 1108 0e20 00000000 	.space 4
 1109 0e24 6D       	.byte 109
 1110 0e25 000000   	.space 3
 1111 0e28 2D000000 	.word 45
 1112 0e2c 03000000 	.word 3
 1113 0e30 00000000 	.word 0
 1114 0e34 00000000 	.space 4
 1115 0e38 0D       	.byte 13
 1116 0e39 000000   	.space 3
 1117 0e3c 2D000000 	.word 45
 1118 0e40 04000000 	.word 4
 1119 0e44 00000000 	.word 0
 1120 0e48 00000000 	.space 4
 1121 0e4c AE       	.byte -82
 1122 0e4d 000000   	.space 3
 1123 0e50 2E000000 	.word 46
 1124 0e54 01000000 	.word 1
 1125 0e58 00000000 	.word 0
 1126 0e5c 00000000 	.space 4
 1127 0e60 CE       	.byte -50
 1128 0e61 000000   	.space 3
 1129 0e64 2E000000 	.word 46
 1130 0e68 02000000 	.word 2
 1131 0e6c 00000000 	.word 0
 1132 0e70 00000000 	.space 4
 1133 0e74 EE       	.byte -18
 1134 0e75 000000   	.space 3
 1135 0e78 2E000000 	.word 46
 1136 0e7c 03000000 	.word 3
 1137 0e80 00000000 	.word 0
 1138 0e84 00000000 	.space 4
 1139 0e88 8E       	.byte -114
 1140 0e89 000000   	.space 3
GAS LISTING  			page 21


 1141 0e8c 2E000000 	.word 46
 1142 0e90 04000000 	.word 4
 1143 0e94 00000000 	.word 0
 1144 0e98 00000000 	.space 4
 1145 0e9c 0E       	.byte 14
 1146 0e9d 000000   	.space 3
 1147 0ea0 31000000 	.word 49
 1148 0ea4 10000000 	.word 16
 1149 0ea8 00000000 	.word 0
 1150 0eac 00000000 	.space 4
 1151 0eb0 4E       	.byte 78
 1152 0eb1 000000   	.space 3
 1153 0eb4 32000000 	.word 50
 1154 0eb8 10000000 	.word 16
 1155 0ebc 00000000 	.word 0
 1156 0ec0 00000000 	.space 4
 1157 0ec4 4A       	.byte 74
 1158 0ec5 000000   	.space 3
 1159 0ec8 33000000 	.word 51
 1160 0ecc 1D000000 	.word 29
 1161 0ed0 1F000000 	.word 31
 1162 0ed4 00000000 	.space 4
 1163 0ed8 6A       	.byte 106
 1164 0ed9 000000   	.space 3
 1165 0edc 33000000 	.word 51
 1166 0ee0 1D000000 	.word 29
 1167 0ee4 20000000 	.word 32
 1168 0ee8 00000000 	.space 4
 1169 0eec 0A       	.byte 10
 1170 0eed 000000   	.space 3
 1171 0ef0 34000000 	.word 52
 1172 0ef4 1D000000 	.word 29
 1173 0ef8 1F000000 	.word 31
 1174 0efc 00000000 	.space 4
 1175 0f00 2A       	.byte 42
 1176 0f01 000000   	.space 3
 1177 0f04 34000000 	.word 52
 1178 0f08 1D000000 	.word 29
 1179 0f0c 20000000 	.word 32
 1180 0f10 00000000 	.space 4
 1181 0f14 8A       	.byte -118
 1182 0f15 000000   	.space 3
 1183 0f18 35000000 	.word 53
 1184 0f1c 1D000000 	.word 29
 1185 0f20 1F000000 	.word 31
 1186 0f24 00000000 	.space 4
 1187 0f28 EA       	.byte -22
 1188 0f29 000000   	.space 3
 1189 0f2c 36000000 	.word 54
 1190 0f30 1F000000 	.word 31
 1191 0f34 00000000 	.word 0
 1192 0f38 00000000 	.space 4
 1193 0f3c AA       	.byte -86
 1194 0f3d 000000   	.space 3
 1195 0f40 37000000 	.word 55
 1196 0f44 1D000000 	.word 29
 1197 0f48 1F000000 	.word 31
GAS LISTING  			page 22


 1198 0f4c 00000000 	.space 4
 1199 0f50 CA       	.byte -54
 1200 0f51 000000   	.space 3
 1201 0f54 37000000 	.word 55
 1202 0f58 1F000000 	.word 31
 1203 0f5c 1D000000 	.word 29
 1204 0f60 00000000 	.space 4
 1205 0f64 60       	.byte 96
 1206 0f65 000000   	.space 3
 1207 0f68 38000000 	.word 56
 1208 0f6c 00000000 	.word 0
 1209 0f70 00000000 	.word 0
 1210 0f74 00000000 	.space 4
 1211 0f78 80       	.byte -128
 1212 0f79 000000   	.space 3
 1213 0f7c 39000000 	.word 57
 1214 0f80 00000000 	.word 0
 1215 0f84 00000000 	.word 0
 1216 0f88 00000000 	.space 4
 1217 0f8c ED       	.byte -19
 1218 0f8d 000000   	.space 3
 1219 0f90 3A000000 	.word 58
 1220 0f94 00000000 	.word 0
 1221 0f98 00000000 	.word 0
 1222 0f9c 00000000 	.space 4
 1223 0fa0 E0       	.byte -32
 1224 0fa1 000000   	.space 3
 1225 0fa4 3B000000 	.word 59
 1226 0fa8 00000000 	.word 0
 1227 0fac 00000000 	.word 0
 1228 0fb0 00000000 	.space 4
 1229 0fb4 20       	.byte 32
 1230 0fb5 000000   	.space 3
 1231 0fb8 3C000000 	.word 60
 1232 0fbc 00000000 	.word 0
 1233 0fc0 00000000 	.word 0
 1234 0fc4 00000000 	.space 4
 1235 0fc8 40       	.byte 64
 1236 0fc9 000000   	.space 3
 1237 0fcc 3D000000 	.word 61
 1238 0fd0 00000000 	.word 0
 1239 0fd4 00000000 	.word 0
 1240 0fd8 00000000 	.space 4
 1241 0fdc A0       	.byte -96
 1242 0fdd 000000   	.space 3
 1243 0fe0 3E000000 	.word 62
 1244 0fe4 00000000 	.word 0
 1245 0fe8 00000000 	.word 0
 1246 0fec 00000000 	.space 4
 1247 0ff0 C0       	.byte -64
 1248 0ff1 000000   	.space 3
 1249 0ff4 3F000000 	.word 63
 1250 0ff8 00000000 	.word 0
 1251 0ffc 00000000 	.word 0
 1252 1000 00000000 	.space 4
 1253 1004 00       	.byte 0
 1254 1005 000000   	.space 3
GAS LISTING  			page 23


 1255 1008 40000000 	.word 64
 1256 100c 00000000 	.word 0
 1257 1010 00000000 	.word 0
 1258 1014 00000000 	.space 4
 1259 1018 EF       	.byte -17
 1260 1019 000000   	.space 3
 1261 101c 41000000 	.word 65
 1262 1020 00000000 	.word 0
 1263 1024 00000000 	.word 0
 1264 1028 00000000 	.space 4
 1265 102c FF       	.byte -1
 1266 102d 000000   	.space 3
 1267 1030 42000000 	.word 66
 1268 1034 00000000 	.word 0
 1269 1038 00000000 	.word 0
 1270 103c 00000000 	.space 4
 1271 1040 02       	.byte 2
 1272 1041 000000   	.space 3
 1273 1044 2F000000 	.word 47
 1274 1048 15000000 	.word 21
 1275 104c 00000000 	.word 0
 1276 1050 00000000 	.space 4
 1277 1054 22       	.byte 34
 1278 1055 000000   	.space 3
 1279 1058 2F000000 	.word 47
 1280 105c 16000000 	.word 22
 1281 1060 00000000 	.word 0
 1282 1064 00000000 	.space 4
 1283 1068 42       	.byte 66
 1284 1069 000000   	.space 3
 1285 106c 2F000000 	.word 47
 1286 1070 17000000 	.word 23
 1287 1074 00000000 	.word 0
 1288 1078 00000000 	.space 4
 1289 107c 62       	.byte 98
 1290 107d 000000   	.space 3
 1291 1080 2F000000 	.word 47
 1292 1084 18000000 	.word 24
 1293 1088 00000000 	.word 0
 1294 108c 00000000 	.space 4
 1295 1090 82       	.byte -126
 1296 1091 000000   	.space 3
 1297 1094 2F000000 	.word 47
 1298 1098 19000000 	.word 25
 1299 109c 00000000 	.word 0
 1300 10a0 00000000 	.space 4
 1301 10a4 A2       	.byte -94
 1302 10a5 000000   	.space 3
 1303 10a8 2F000000 	.word 47
 1304 10ac 1A000000 	.word 26
 1305 10b0 00000000 	.word 0
 1306 10b4 00000000 	.space 4
 1307 10b8 C2       	.byte -62
 1308 10b9 000000   	.space 3
 1309 10bc 2F000000 	.word 47
 1310 10c0 1B000000 	.word 27
 1311 10c4 00000000 	.word 0
GAS LISTING  			page 24


 1312 10c8 00000000 	.space 4
 1313 10cc E2       	.byte -30
 1314 10cd 000000   	.space 3
 1315 10d0 2F000000 	.word 47
 1316 10d4 1C000000 	.word 28
 1317 10d8 00000000 	.word 0
 1318 10dc 00000000 	.space 4
 1319 10e0 12       	.byte 18
 1320 10e1 000000   	.space 3
 1321 10e4 30000000 	.word 48
 1322 10e8 15000000 	.word 21
 1323 10ec 00000000 	.word 0
 1324 10f0 00000000 	.space 4
 1325 10f4 32       	.byte 50
 1326 10f5 000000   	.space 3
 1327 10f8 30000000 	.word 48
 1328 10fc 16000000 	.word 22
 1329 1100 00000000 	.word 0
 1330 1104 00000000 	.space 4
 1331 1108 52       	.byte 82
 1332 1109 000000   	.space 3
 1333 110c 30000000 	.word 48
 1334 1110 17000000 	.word 23
 1335 1114 00000000 	.word 0
 1336 1118 00000000 	.space 4
 1337 111c 72       	.byte 114
 1338 111d 000000   	.space 3
 1339 1120 30000000 	.word 48
 1340 1124 18000000 	.word 24
 1341 1128 00000000 	.word 0
 1342 112c 00000000 	.space 4
 1343 1130 92       	.byte -110
 1344 1131 000000   	.space 3
 1345 1134 30000000 	.word 48
 1346 1138 19000000 	.word 25
 1347 113c 00000000 	.word 0
 1348 1140 00000000 	.space 4
 1349 1144 B2       	.byte -78
 1350 1145 000000   	.space 3
 1351 1148 30000000 	.word 48
 1352 114c 1A000000 	.word 26
 1353 1150 00000000 	.word 0
 1354 1154 00000000 	.space 4
 1355 1158 D2       	.byte -46
 1356 1159 000000   	.space 3
 1357 115c 30000000 	.word 48
 1358 1160 1B000000 	.word 27
 1359 1164 00000000 	.word 0
 1360 1168 00000000 	.space 4
 1361 116c F2       	.byte -14
 1362 116d 000000   	.space 3
 1363 1170 30000000 	.word 48
 1364 1174 1C000000 	.word 28
 1365 1178 00000000 	.word 0
 1366 117c 00000000 	.space 4
 1367 1180 03       	.byte 3
 1368 1181 000000   	.space 3
GAS LISTING  			page 25


 1369 1184 22000000 	.word 34
 1370 1188 15000000 	.word 21
 1371 118c 14000000 	.word 20
 1372 1190 00000000 	.space 4
 1373 1194 23       	.byte 35
 1374 1195 000000   	.space 3
 1375 1198 22000000 	.word 34
 1376 119c 16000000 	.word 22
 1377 11a0 14000000 	.word 20
 1378 11a4 00000000 	.space 4
 1379 11a8 43       	.byte 67
 1380 11a9 000000   	.space 3
 1381 11ac 22000000 	.word 34
 1382 11b0 17000000 	.word 23
 1383 11b4 14000000 	.word 20
 1384 11b8 00000000 	.space 4
 1385 11bc 63       	.byte 99
 1386 11bd 000000   	.space 3
 1387 11c0 22000000 	.word 34
 1388 11c4 18000000 	.word 24
 1389 11c8 14000000 	.word 20
 1390 11cc 00000000 	.space 4
 1391 11d0 83       	.byte -125
 1392 11d1 000000   	.space 3
 1393 11d4 22000000 	.word 34
 1394 11d8 19000000 	.word 25
 1395 11dc 14000000 	.word 20
 1396 11e0 00000000 	.space 4
 1397 11e4 A3       	.byte -93
 1398 11e5 000000   	.space 3
 1399 11e8 22000000 	.word 34
 1400 11ec 1A000000 	.word 26
 1401 11f0 14000000 	.word 20
 1402 11f4 00000000 	.space 4
 1403 11f8 C3       	.byte -61
 1404 11f9 000000   	.space 3
 1405 11fc 22000000 	.word 34
 1406 1200 1B000000 	.word 27
 1407 1204 14000000 	.word 20
 1408 1208 00000000 	.space 4
 1409 120c E3       	.byte -29
 1410 120d 000000   	.space 3
 1411 1210 22000000 	.word 34
 1412 1214 1C000000 	.word 28
 1413 1218 14000000 	.word 20
 1414 121c 00000000 	.space 4
 1415 1220 13       	.byte 19
 1416 1221 000000   	.space 3
 1417 1224 23000000 	.word 35
 1418 1228 15000000 	.word 21
 1419 122c 14000000 	.word 20
 1420 1230 00000000 	.space 4
 1421 1234 33       	.byte 51
 1422 1235 000000   	.space 3
 1423 1238 23000000 	.word 35
 1424 123c 16000000 	.word 22
 1425 1240 14000000 	.word 20
GAS LISTING  			page 26


 1426 1244 00000000 	.space 4
 1427 1248 53       	.byte 83
 1428 1249 000000   	.space 3
 1429 124c 23000000 	.word 35
 1430 1250 17000000 	.word 23
 1431 1254 14000000 	.word 20
 1432 1258 00000000 	.space 4
 1433 125c 73       	.byte 115
 1434 125d 000000   	.space 3
 1435 1260 23000000 	.word 35
 1436 1264 18000000 	.word 24
 1437 1268 14000000 	.word 20
 1438 126c 00000000 	.space 4
 1439 1270 93       	.byte -109
 1440 1271 000000   	.space 3
 1441 1274 23000000 	.word 35
 1442 1278 19000000 	.word 25
 1443 127c 14000000 	.word 20
 1444 1280 00000000 	.space 4
 1445 1284 B3       	.byte -77
 1446 1285 000000   	.space 3
 1447 1288 23000000 	.word 35
 1448 128c 1A000000 	.word 26
 1449 1290 14000000 	.word 20
 1450 1294 00000000 	.space 4
 1451 1298 D3       	.byte -45
 1452 1299 000000   	.space 3
 1453 129c 23000000 	.word 35
 1454 12a0 1B000000 	.word 27
 1455 12a4 14000000 	.word 20
 1456 12a8 00000000 	.space 4
 1457 12ac F3       	.byte -13
 1458 12ad 000000   	.space 3
 1459 12b0 23000000 	.word 35
 1460 12b4 1C000000 	.word 28
 1461 12b8 14000000 	.word 20
 1462 12bc 00000000 	.space 4
 1463 12c0 00       	.byte 0
 1464 12c1 000000   	.space 3
 1465 12c4 00000000 	.word 0
 1466 12c8 00000000 	.word 0
 1467 12cc 00000000 	.word 0
 1468 12d0 00000000 	.space 4
 1469              	.rdata
 1470              	.align 3
 1471              	$LC0:
 1472 0000 00       	.ascii "\000"
 1473 0001 00000000 	.align 3
 1473      000000
 1474              	$LC1:
 1475 0008 6D6F7600 	.ascii "mov\000"
 1476 000c 00000000 	.align 3
 1477              	$LC2:
 1478 0010 61646300 	.ascii "adc\000"
 1479 0014 00000000 	.align 3
 1480              	$LC3:
 1481 0018 73626300 	.ascii "sbc\000"
GAS LISTING  			page 27


 1482 001c 00000000 	.align 3
 1483              	$LC4:
 1484 0020 636D7000 	.ascii "cmp\000"
 1485 0024 00000000 	.align 3
 1486              	$LC5:
 1487 0028 616E6400 	.ascii "and\000"
 1488 002c 00000000 	.align 3
 1489              	$LC6:
 1490 0030 6F7200   	.ascii "or\000"
 1491 0033 00000000 	.align 3
 1491      00
 1492              	$LC7:
 1493 0038 656F7200 	.ascii "eor\000"
 1494 003c 00000000 	.align 3
 1495              	$LC8:
 1496 0040 696E6300 	.ascii "inc\000"
 1497 0044 00000000 	.align 3
 1498              	$LC9:
 1499 0048 64656300 	.ascii "dec\000"
 1500 004c 00000000 	.align 3
 1501              	$LC10:
 1502 0050 61736C00 	.ascii "asl\000"
 1503 0054 00000000 	.align 3
 1504              	$LC11:
 1505 0058 6C737200 	.ascii "lsr\000"
 1506 005c 00000000 	.align 3
 1507              	$LC12:
 1508 0060 726F6C00 	.ascii "rol\000"
 1509 0064 00000000 	.align 3
 1510              	$LC13:
 1511 0068 726F7200 	.ascii "ror\000"
 1512 006c 00000000 	.align 3
 1513              	$LC14:
 1514 0070 78636E00 	.ascii "xcn\000"
 1515 0074 00000000 	.align 3
 1516              	$LC15:
 1517 0078 6D6F7677 	.ascii "movw\000"
 1517      00
 1518 007d 000000   	.align 3
 1519              	$LC16:
 1520 0080 696E6377 	.ascii "incw\000"
 1520      00
 1521 0085 000000   	.align 3
 1522              	$LC17:
 1523 0088 64656377 	.ascii "decw\000"
 1523      00
 1524 008d 000000   	.align 3
 1525              	$LC18:
 1526 0090 61646477 	.ascii "addw\000"
 1526      00
 1527 0095 000000   	.align 3
 1528              	$LC19:
 1529 0098 73756277 	.ascii "subw\000"
 1529      00
 1530 009d 000000   	.align 3
 1531              	$LC20:
 1532 00a0 636D7077 	.ascii "cmpw\000"
GAS LISTING  			page 28


 1532      00
 1533 00a5 000000   	.align 3
 1534              	$LC21:
 1535 00a8 6D756C00 	.ascii "mul\000"
 1536 00ac 00000000 	.align 3
 1537              	$LC22:
 1538 00b0 64697600 	.ascii "div\000"
 1539 00b4 00000000 	.align 3
 1540              	$LC23:
 1541 00b8 64616100 	.ascii "daa\000"
 1542 00bc 00000000 	.align 3
 1543              	$LC24:
 1544 00c0 64617300 	.ascii "das\000"
 1545 00c4 00000000 	.align 3
 1546              	$LC25:
 1547 00c8 62726100 	.ascii "bra\000"
 1548 00cc 00000000 	.align 3
 1549              	$LC26:
 1550 00d0 62657100 	.ascii "beq\000"
 1551 00d4 00000000 	.align 3
 1552              	$LC27:
 1553 00d8 626E6500 	.ascii "bne\000"
 1554 00dc 00000000 	.align 3
 1555              	$LC28:
 1556 00e0 62637300 	.ascii "bcs\000"
 1557 00e4 00000000 	.align 3
 1558              	$LC29:
 1559 00e8 62636300 	.ascii "bcc\000"
 1560 00ec 00000000 	.align 3
 1561              	$LC30:
 1562 00f0 62767300 	.ascii "bvs\000"
 1563 00f4 00000000 	.align 3
 1564              	$LC31:
 1565 00f8 62766300 	.ascii "bvc\000"
 1566 00fc 00000000 	.align 3
 1567              	$LC32:
 1568 0100 626D6900 	.ascii "bmi\000"
 1569 0104 00000000 	.align 3
 1570              	$LC33:
 1571 0108 62706C00 	.ascii "bpl\000"
 1572 010c 00000000 	.align 3
 1573              	$LC34:
 1574 0110 62627300 	.ascii "bbs\000"
 1575 0114 00000000 	.align 3
 1576              	$LC35:
 1577 0118 62626300 	.ascii "bbc\000"
 1578 011c 00000000 	.align 3
 1579              	$LC36:
 1580 0120 63626E65 	.ascii "cbne\000"
 1580      00
 1581 0125 000000   	.align 3
 1582              	$LC37:
 1583 0128 64626E7A 	.ascii "dbnz\000"
 1583      00
 1584 012d 000000   	.align 3
 1585              	$LC38:
 1586 0130 6A6D7000 	.ascii "jmp\000"
GAS LISTING  			page 29


 1587 0134 00000000 	.align 3
 1588              	$LC39:
 1589 0138 63616C6C 	.ascii "call\000"
 1589      00
 1590 013d 000000   	.align 3
 1591              	$LC40:
 1592 0140 7063616C 	.ascii "pcall\000"
 1592      6C00
 1593 0146 0000     	.align 3
 1594              	$LC41:
 1595 0148 7463616C 	.ascii "tcall\000"
 1595      6C00
 1596 014e 0000     	.align 3
 1597              	$LC42:
 1598 0150 62726B00 	.ascii "brk\000"
 1599 0154 00000000 	.align 3
 1600              	$LC43:
 1601 0158 72657400 	.ascii "ret\000"
 1602 015c 00000000 	.align 3
 1603              	$LC44:
 1604 0160 72657469 	.ascii "reti\000"
 1604      00
 1605 0165 000000   	.align 3
 1606              	$LC45:
 1607 0168 70757368 	.ascii "push\000"
 1607      00
 1608 016d 000000   	.align 3
 1609              	$LC46:
 1610 0170 706F7000 	.ascii "pop\000"
 1611 0174 00000000 	.align 3
 1612              	$LC47:
 1613 0178 73657431 	.ascii "set1\000"
 1613      00
 1614 017d 000000   	.align 3
 1615              	$LC48:
 1616 0180 636C7231 	.ascii "clr1\000"
 1616      00
 1617 0185 000000   	.align 3
 1618              	$LC49:
 1619 0188 74736574 	.ascii "tset1\000"
 1619      3100
 1620 018e 0000     	.align 3
 1621              	$LC50:
 1622 0190 74636C72 	.ascii "tclr1\000"
 1622      3100
 1623 0196 0000     	.align 3
 1624              	$LC51:
 1625 0198 616E6431 	.ascii "and1\000"
 1625      00
 1626 019d 000000   	.align 3
 1627              	$LC52:
 1628 01a0 6F723100 	.ascii "or1\000"
 1629 01a4 00000000 	.align 3
 1630              	$LC53:
 1631 01a8 656F7231 	.ascii "eor1\000"
 1631      00
 1632 01ad 000000   	.align 3
GAS LISTING  			page 30


 1633              	$LC54:
 1634 01b0 6E6F7431 	.ascii "not1\000"
 1634      00
 1635 01b5 000000   	.align 3
 1636              	$LC55:
 1637 01b8 6D6F7631 	.ascii "mov1\000"
 1637      00
 1638 01bd 000000   	.align 3
 1639              	$LC56:
 1640 01c0 636C7263 	.ascii "clrc\000"
 1640      00
 1641 01c5 000000   	.align 3
 1642              	$LC57:
 1643 01c8 73657463 	.ascii "setc\000"
 1643      00
 1644 01cd 000000   	.align 3
 1645              	$LC58:
 1646 01d0 6E6F7463 	.ascii "notc\000"
 1646      00
 1647 01d5 000000   	.align 3
 1648              	$LC59:
 1649 01d8 636C7276 	.ascii "clrv\000"
 1649      00
 1650 01dd 000000   	.align 3
 1651              	$LC60:
 1652 01e0 636C7270 	.ascii "clrp\000"
 1652      00
 1653 01e5 000000   	.align 3
 1654              	$LC61:
 1655 01e8 73657470 	.ascii "setp\000"
 1655      00
 1656 01ed 000000   	.align 3
 1657              	$LC62:
 1658 01f0 656900   	.ascii "ei\000"
 1659 01f3 00000000 	.align 3
 1659      00
 1660              	$LC63:
 1661 01f8 646900   	.ascii "di\000"
 1662 01fb 00000000 	.align 3
 1662      00
 1663              	$LC64:
 1664 0200 6E6F7000 	.ascii "nop\000"
 1665 0204 00000000 	.align 3
 1666              	$LC65:
 1667 0208 736C6565 	.ascii "sleep\000"
 1667      7000
 1668 020e 0000     	.align 3
 1669              	$LC66:
 1670 0210 73746F70 	.ascii "stop\000"
 1670      00
 1671              	.data
 1672 12d4 00000000 	.align 3
 1673              	.type _SNDSPC_pMnemonics,@object
 1674              	.size _SNDSPC_pMnemonics,268
 1675              	_SNDSPC_pMnemonics:
 1676 12d8 00000000 	.word $LC0
 1677 12dc 08000000 	.word $LC1
GAS LISTING  			page 31


 1678 12e0 10000000 	.word $LC2
 1679 12e4 18000000 	.word $LC3
 1680 12e8 20000000 	.word $LC4
 1681 12ec 28000000 	.word $LC5
 1682 12f0 30000000 	.word $LC6
 1683 12f4 38000000 	.word $LC7
 1684 12f8 40000000 	.word $LC8
 1685 12fc 48000000 	.word $LC9
 1686 1300 50000000 	.word $LC10
 1687 1304 58000000 	.word $LC11
 1688 1308 60000000 	.word $LC12
 1689 130c 68000000 	.word $LC13
 1690 1310 70000000 	.word $LC14
 1691 1314 78000000 	.word $LC15
 1692 1318 80000000 	.word $LC16
 1693 131c 88000000 	.word $LC17
 1694 1320 90000000 	.word $LC18
 1695 1324 98000000 	.word $LC19
 1696 1328 A0000000 	.word $LC20
 1697 132c A8000000 	.word $LC21
 1698 1330 B0000000 	.word $LC22
 1699 1334 B8000000 	.word $LC23
 1700 1338 C0000000 	.word $LC24
 1701 133c C8000000 	.word $LC25
 1702 1340 D0000000 	.word $LC26
 1703 1344 D8000000 	.word $LC27
 1704 1348 E0000000 	.word $LC28
 1705 134c E8000000 	.word $LC29
 1706 1350 F0000000 	.word $LC30
 1707 1354 F8000000 	.word $LC31
 1708 1358 00010000 	.word $LC32
 1709 135c 08010000 	.word $LC33
 1710 1360 10010000 	.word $LC34
 1711 1364 18010000 	.word $LC35
 1712 1368 20010000 	.word $LC36
 1713 136c 28010000 	.word $LC37
 1714 1370 30010000 	.word $LC38
 1715 1374 38010000 	.word $LC39
 1716 1378 40010000 	.word $LC40
 1717 137c 48010000 	.word $LC41
 1718 1380 50010000 	.word $LC42
 1719 1384 58010000 	.word $LC43
 1720 1388 60010000 	.word $LC44
 1721 138c 68010000 	.word $LC45
 1722 1390 70010000 	.word $LC46
 1723 1394 78010000 	.word $LC47
 1724 1398 80010000 	.word $LC48
 1725 139c 88010000 	.word $LC49
 1726 13a0 90010000 	.word $LC50
 1727 13a4 98010000 	.word $LC51
 1728 13a8 A0010000 	.word $LC52
 1729 13ac A8010000 	.word $LC53
 1730 13b0 B0010000 	.word $LC54
 1731 13b4 B8010000 	.word $LC55
 1732 13b8 C0010000 	.word $LC56
 1733 13bc C8010000 	.word $LC57
 1734 13c0 D0010000 	.word $LC58
GAS LISTING  			page 32


 1735 13c4 D8010000 	.word $LC59
 1736 13c8 E0010000 	.word $LC60
 1737 13cc E8010000 	.word $LC61
 1738 13d0 F0010000 	.word $LC62
 1739 13d4 F8010000 	.word $LC63
 1740 13d8 00020000 	.word $LC64
 1741 13dc 08020000 	.word $LC65
 1742 13e0 10020000 	.word $LC66
 1743 13e4 00000000 	.text
 1744              	.align 2
 1745              	.p2align 3,,7
 1746              	.ent _SNDOpStreamOpen
 1747              	_SNDOpStreamOpen:
 1748              	.frame $sp,0,$31
 1749              	.mask 0x00000000,0
 1750              	.fmask 0x00000000,0
 1751 0000 000086AC 	sw $6,0($4)
 1752 0004 080085AC 	sw $5,8($4)
 1753              	.set noreorder
 1754              	.set nomacro
 1755 0008 0800E003 	j $31
 1756 000c 040086AC 	sw $6,4($4)
 1757              	.set macro
 1758              	.set reorder
 1759              	
 1760              	.end _SNDOpStreamOpen
 1761              	$Lfe1:
 1762              	.size _SNDOpStreamOpen,$Lfe1-_SNDOpStreamOpen
 1763              	.align 2
 1764              	.p2align 3,,7
 1765              	.ent _SNDOpStreamClose
 1766              	_SNDOpStreamClose:
 1767              	.frame $sp,0,$31
 1768              	.mask 0x00000000,0
 1769              	.fmask 0x00000000,0
 1770 0010 0000838C 	lw $3,0($4)
 1771 0014 0400828C 	lw $2,4($4)
 1772              	.set noreorder
 1773              	.set nomacro
 1774 0018 0800E003 	j $31
 1775 001c 23104300 	subu $2,$2,$3
 1776              	.set macro
 1777              	.set reorder
 1778              	
 1779              	.end _SNDOpStreamClose
 1780              	$Lfe2:
 1781              	.size _SNDOpStreamClose,$Lfe2-_SNDOpStreamClose
 1782              	.align 2
 1783              	.p2align 3,,7
 1784              	.ent _SNDOpStreamFetch8
 1785              	_SNDOpStreamFetch8:
 1786              	.frame $sp,0,$31
 1787              	.mask 0x00000000,0
 1788              	.fmask 0x00000000,0
 1789 0020 0800838C 	lw $3,8($4)
 1790 0024 0400858C 	lw $5,4($4)
 1791 0028 00006290 	lbu $2,0($3)
GAS LISTING  			page 33


 1792 002c 01006324 	addu $3,$3,1
 1793 0030 0100A524 	addu $5,$5,1
 1794 0034 080083AC 	sw $3,8($4)
 1795              	.set noreorder
 1796              	.set nomacro
 1797 0038 0800E003 	j $31
 1798 003c 040085AC 	sw $5,4($4)
 1799              	.set macro
 1800              	.set reorder
 1801              	
 1802              	.end _SNDOpStreamFetch8
 1803              	$Lfe3:
 1804              	.size _SNDOpStreamFetch8,$Lfe3-_SNDOpStreamFetch8
 1805              	.align 2
 1806              	.p2align 3,,7
 1807              	.ent _SNDOpStreamFetch16
 1808              	_SNDOpStreamFetch16:
 1809              	.frame $sp,48,$31
 1810              	.mask 0x80030000,-16
 1811              	.fmask 0x00000000,0
 1812 0040 D0FFBD27 	subu $sp,$sp,48
 1813 0044 1000B1FF 	sd $17,16($sp)
 1814 0048 2D888000 	move $17,$4
 1815 004c 2000BFFF 	sd $31,32($sp)
 1816              	.set noreorder
 1817              	.set nomacro
 1818 0050 0800000C 	jal _SNDOpStreamFetch8
 1819 0054 0000B0FF 	sd $16,0($sp)
 1820              	.set macro
 1821              	.set reorder
 1822              	
 1823 0058 2D202002 	move $4,$17
 1824              	.set noreorder
 1825              	.set nomacro
 1826 005c 0800000C 	jal _SNDOpStreamFetch8
 1827 0060 2D804000 	move $16,$2
 1828              	.set macro
 1829              	.set reorder
 1830              	
 1831 0064 1000B1DF 	ld $17,16($sp)
 1832 0068 00120200 	sll $2,$2,8
 1833 006c 2000BFDF 	ld $31,32($sp)
 1834 0070 25800202 	or $16,$16,$2
 1835 0074 FFFF1032 	andi $16,$16,0xffff
 1836 0078 2D100002 	move $2,$16
 1837 007c 0000B0DF 	ld $16,0($sp)
 1838              	
 1839              	.set noreorder
 1840              	.set nomacro
 1841 0080 0800E003 	j $31
 1842 0084 3000BD27 	addu $sp,$sp,48
 1843              	.set macro
 1844              	.set reorder
 1845              	
 1846              	.end _SNDOpStreamFetch16
 1847              	$Lfe4:
 1848              	.size _SNDOpStreamFetch16,$Lfe4-_SNDOpStreamFetch16
GAS LISTING  			page 34


 1849              	.align 2
 1850              	.p2align 3,,7
 1851              	.ent _SNDGetInstDef
 1852              	_SNDGetInstDef:
 1853              	.frame $sp,0,$31
 1854              	.mask 0x00000000,0
 1855              	.fmask 0x00000000,0
 1856 0088 0000023C 	lui $2,%hi(_SNDSPC_InstDefs)
 1857 008c 00004324 	addiu $3,$2,%lo(_SNDSPC_InstDefs)
 1858 0090 0400628C 	lw $2,4($3)
 1859              	
 1860              	.set noreorder
 1861              	.set nomacro
 1862 0094 08004010 	beq $2,$0,$L12
 1863 0098 FF008430 	andi $4,$4,0x00ff
 1864              	.set macro
 1865              	.set reorder
 1866              	
 1867 009c 00006290 	lbu $2,0($3)
 1868              	$L13:
 1869              	.set noreorder
 1870              	.set nomacro
 1871 00a0 06004410 	beq $2,$4,$L5
 1872 00a4 2D286000 	move $5,$3
 1873              	.set macro
 1874              	.set reorder
 1875              	
 1876 00a8 14006324 	addu $3,$3,20
 1877 00ac 0400628C 	lw $2,4($3)
 1878              	
 1879              	.set noreorder
 1880              	.set nomacro
 1881 00b0 FBFF4054 	bnel $2,$0,$L13
 1882 00b4 00006290 	lbu $2,0($3)
 1883              	.set macro
 1884              	.set reorder
 1885              	
 1886              	$L12:
 1887 00b8 2D280000 	move $5,$0
 1888              	$L5:
 1889              	.set noreorder
 1890              	.set nomacro
 1891 00bc 0800E003 	j $31
 1892 00c0 2D10A000 	move $2,$5
 1893              	.set macro
 1894              	.set reorder
 1895              	
 1896              	.end _SNDGetInstDef
 1897              	$Lfe5:
 1898              	.size _SNDGetInstDef,$Lfe5-_SNDGetInstDef
 1899              	.rdata
 1900 0215 000000   	.align 3
 1901              	$LC67:
 1902 0218 4100     	.ascii "A\000"
 1903 021a 00000000 	.align 3
 1903      0000
 1904              	$LC68:
GAS LISTING  			page 35


 1905 0220 5800     	.ascii "X\000"
 1906 0222 00000000 	.align 3
 1906      0000
 1907              	$LC69:
 1908 0228 5900     	.ascii "Y\000"
 1909 022a 00000000 	.align 3
 1909      0000
 1910              	$LC70:
 1911 0230 50535700 	.ascii "PSW\000"
 1912 0234 00000000 	.align 3
 1913              	$LC71:
 1914 0238 594100   	.ascii "YA\000"
 1915 023b 00000000 	.align 3
 1915      00
 1916              	$LC72:
 1917 0240 504300   	.ascii "PC\000"
 1918 0243 00000000 	.align 3
 1918      00
 1919              	$LC73:
 1920 0248 535000   	.ascii "SP\000"
 1921 024b 00000000 	.align 3
 1921      00
 1922              	$LC74:
 1923 0250 23242530 	.ascii "#$%02X\000"
 1923      325800
 1924 0257 00       	.align 3
 1925              	$LC75:
 1926 0258 24253032 	.ascii "$%02X\000"
 1926      5800
 1927 025e 0000     	.align 3
 1928              	$LC76:
 1929 0260 24253032 	.ascii "$%02X+X\000"
 1929      582B5800 
 1930              	.align 3
 1931              	$LC80:
 1932 0268 28242530 	.ascii "($%02X+X)\000"
 1932      32582B58 
 1932      2900
 1933 0272 00000000 	.align 3
 1933      0000
 1934              	$LC81:
 1935 0278 28242530 	.ascii "($%02X)+Y\000"
 1935      3258292B 
 1935      5900
 1936 0282 00000000 	.align 3
 1936      0000
 1937              	$LC82:
 1938 0288 28582900 	.ascii "(X)\000"
 1939 028c 00000000 	.align 3
 1940              	$LC84:
 1941 0290 28592900 	.ascii "(Y)\000"
 1942 0294 00000000 	.align 3
 1943              	$LC83:
 1944 0298 28582B29 	.ascii "(X+)\000"
 1944      00
 1945 029d 000000   	.align 3
 1946              	$LC77:
GAS LISTING  			page 36


 1947 02a0 24253034 	.ascii "$%04X\000"
 1947      5800
 1948 02a6 0000     	.align 3
 1949              	$LC78:
 1950 02a8 24253034 	.ascii "$%04X+X\000"
 1950      582B5800 
 1951              	.align 3
 1952              	$LC79:
 1953 02b0 24253034 	.ascii "$%04X+Y\000"
 1953      582B5900 
 1954              	.align 3
 1955              	$LC86:
 1956 02b8 3F25643F 	.ascii "?%d?\000"
 1956      00
 1957 02bd 000000   	.align 3
 1958              	$LC85:
 1959 02c0 24253032 	.ascii "$%02X.%d\000"
 1959      582E2564 
 1959      00
 1960              	.text
 1961              	.align 2
 1962 00c4 00000000 	.p2align 3,,7
 1963              	.ent _SNDGetOperand
 1964              	_SNDGetOperand:
 1965              	.frame $sp,64,$31
 1966              	.mask 0x80070000,-16
 1967              	.fmask 0x00000000,0
 1968 00c8 C0FFBD27 	subu $sp,$sp,64
 1969 00cc 1D00C22C 	sltu $2,$6,29
 1970 00d0 2000B2FF 	sd $18,32($sp)
 1971 00d4 2D90A000 	move $18,$5
 1972 00d8 1000B1FF 	sd $17,16($sp)
 1973 00dc 2D888000 	move $17,$4
 1974 00e0 0000B0FF 	sd $16,0($sp)
 1975 00e4 2D80C000 	move $16,$6
 1976              	.set noreorder
 1977              	.set nomacro
 1978 00e8 79004010 	beq $2,$0,$L44
 1979 00ec 3000BFFF 	sd $31,48($sp)
 1980              	.set macro
 1981              	.set reorder
 1982              	
 1983 00f0 0000033C 	lui $3,%hi($L45)
 1984 00f4 80100600 	sll $2,$6,2
 1985 00f8 CC026324 	addiu $3,$3,%lo($L45)
 1986 00fc 21104300 	addu $2,$2,$3
 1987 0100 0000448C 	lw $4,0($2)
 1988              	
 1989 0104 08008000 	j $4
 1989      00000000 
 1990              	.rdata
 1991 02c9 000000   	.align 2
 1992              	$L45:
 1993 02cc 0C010000 	.word $L16
 1994 02d0 34010000 	.word $L17
 1995 02d4 50010000 	.word $L18
 1996 02d8 60010000 	.word $L19
GAS LISTING  			page 37


 1997 02dc 70010000 	.word $L20
 1998 02e0 80010000 	.word $L21
 1999 02e4 90010000 	.word $L22
 2000 02e8 A0010000 	.word $L23
 2001 02ec B0010000 	.word $L24
 2002 02f0 D8010000 	.word $L25
 2003 02f4 F4010000 	.word $L26
 2004 02f8 10020000 	.word $L30
 2005 02fc 2C020000 	.word $L31
 2006 0300 48020000 	.word $L33
 2007 0304 58020000 	.word $L35
 2008 0308 68020000 	.word $L34
 2009 030c 78020000 	.word $L27
 2010 0310 94020000 	.word $L28
 2011 0314 B0020000 	.word $L29
 2012 0318 D0020000 	.word $L44
 2013 031c E4020000 	.word $L32
 2014 0320 04030000 	.word $L43
 2015 0324 04030000 	.word $L43
 2016 0328 04030000 	.word $L43
 2017 032c 04030000 	.word $L43
 2018 0330 04030000 	.word $L43
 2019 0334 04030000 	.word $L43
 2020 0338 04030000 	.word $L43
 2021 033c 04030000 	.word $L43
 2022              	.text
 2023              	$L16:
 2024 010c 2D20A000 	move $4,$5
 2025 0110 0000053C 	lui $5,%hi($LC0)
 2026              	.set noreorder
 2027              	.set nomacro
 2028 0114 0000000C 	jal strcpy
 2029 0118 0000A524 	addiu $5,$5,%lo($LC0)
 2030              	.set macro
 2031              	.set reorder
 2032              	
 2033 011c 3000BFDF 	ld $31,48($sp)
 2034              	$L49:
 2035 0120 2000B2DF 	ld $18,32($sp)
 2036 0124 1000B1DF 	ld $17,16($sp)
 2037 0128 0000B0DF 	ld $16,0($sp)
 2038              	
 2039              	.set noreorder
 2040              	.set nomacro
 2041 012c 0800E003 	j $31
 2042 0130 4000BD27 	addu $sp,$sp,64
 2043              	.set macro
 2044              	.set reorder
 2045              	
 2046              	$L17:
 2047 0134 2D20A000 	move $4,$5
 2048 0138 0000053C 	lui $5,%hi($LC67)
 2049 013c 1802A524 	addiu $5,$5,%lo($LC67)
 2050              	.p2align 3
 2051              	$L46:
 2052 0140 0000000C 	jal sprintf
 2052      00000000 
GAS LISTING  			page 38


 2053              	.set noreorder
 2054              	.set nomacro
 2055 0148 F5FF0010 	b $L49
 2056 014c 3000BFDF 	ld $31,48($sp)
 2057              	.set macro
 2058              	.set reorder
 2059              	
 2060              	$L18:
 2061 0150 2D20A000 	move $4,$5
 2062 0154 0000053C 	lui $5,%hi($LC68)
 2063              	.set noreorder
 2064              	.set nomacro
 2065 0158 F9FF0010 	b $L46
 2066 015c 2002A524 	addiu $5,$5,%lo($LC68)
 2067              	.set macro
 2068              	.set reorder
 2069              	
 2070              	$L19:
 2071 0160 2D20A000 	move $4,$5
 2072 0164 0000053C 	lui $5,%hi($LC69)
 2073              	.set noreorder
 2074              	.set nomacro
 2075 0168 F5FF0010 	b $L46
 2076 016c 2802A524 	addiu $5,$5,%lo($LC69)
 2077              	.set macro
 2078              	.set reorder
 2079              	
 2080              	$L20:
 2081 0170 2D20A000 	move $4,$5
 2082 0174 0000053C 	lui $5,%hi($LC70)
 2083              	.set noreorder
 2084              	.set nomacro
 2085 0178 F1FF0010 	b $L46
 2086 017c 3002A524 	addiu $5,$5,%lo($LC70)
 2087              	.set macro
 2088              	.set reorder
 2089              	
 2090              	$L21:
 2091 0180 2D20A000 	move $4,$5
 2092 0184 0000053C 	lui $5,%hi($LC71)
 2093              	.set noreorder
 2094              	.set nomacro
 2095 0188 EDFF0010 	b $L46
 2096 018c 3802A524 	addiu $5,$5,%lo($LC71)
 2097              	.set macro
 2098              	.set reorder
 2099              	
 2100              	$L22:
 2101 0190 2D20A000 	move $4,$5
 2102 0194 0000053C 	lui $5,%hi($LC72)
 2103              	.set noreorder
 2104              	.set nomacro
 2105 0198 E9FF0010 	b $L46
 2106 019c 4002A524 	addiu $5,$5,%lo($LC72)
 2107              	.set macro
 2108              	.set reorder
 2109              	
GAS LISTING  			page 39


 2110              	$L23:
 2111 01a0 2D20A000 	move $4,$5
 2112 01a4 0000053C 	lui $5,%hi($LC73)
 2113              	.set noreorder
 2114              	.set nomacro
 2115 01a8 E5FF0010 	b $L46
 2116 01ac 4802A524 	addiu $5,$5,%lo($LC73)
 2117              	.set macro
 2118              	.set reorder
 2119              	
 2120              	$L24:
 2121              	.set noreorder
 2122              	.set nomacro
 2123 01b0 0800000C 	jal _SNDOpStreamFetch8
 2124 01b4 2D202002 	move $4,$17
 2125              	.set macro
 2126              	.set reorder
 2127              	
 2128 01b8 0000053C 	lui $5,%hi($LC74)
 2129 01bc 2D204002 	move $4,$18
 2130 01c0 2D304000 	move $6,$2
 2131 01c4 5002A524 	addiu $5,$5,%lo($LC74)
 2132              	.p2align 3
 2133              	$L47:
 2134 01c8 0000000C 	jal sprintf
 2134      00000000 
 2135              	.set noreorder
 2136              	.set nomacro
 2137 01d0 D3FF0010 	b $L49
 2138 01d4 3000BFDF 	ld $31,48($sp)
 2139              	.set macro
 2140              	.set reorder
 2141              	
 2142              	$L25:
 2143              	
 2144              	.set noreorder
 2145              	.set nomacro
 2146 01d8 0800000C 	jal _SNDOpStreamFetch8
 2147 01dc 2D202002 	move $4,$17
 2148              	.set macro
 2149              	.set reorder
 2150              	
 2151 01e0 0000053C 	lui $5,%hi($LC75)
 2152 01e4 2D204002 	move $4,$18
 2153 01e8 2D304000 	move $6,$2
 2154              	.set noreorder
 2155              	.set nomacro
 2156 01ec F6FF0010 	b $L47
 2157 01f0 5802A524 	addiu $5,$5,%lo($LC75)
 2158              	.set macro
 2159              	.set reorder
 2160              	
 2161              	$L26:
 2162              	.set noreorder
 2163              	.set nomacro
 2164 01f4 0800000C 	jal _SNDOpStreamFetch8
 2165 01f8 2D202002 	move $4,$17
GAS LISTING  			page 40


 2166              	.set macro
 2167              	.set reorder
 2168              	
 2169 01fc 0000053C 	lui $5,%hi($LC76)
 2170 0200 2D204002 	move $4,$18
 2171 0204 2D304000 	move $6,$2
 2172              	.set noreorder
 2173              	.set nomacro
 2174 0208 EFFF0010 	b $L47
 2175 020c 6002A524 	addiu $5,$5,%lo($LC76)
 2176              	.set macro
 2177              	.set reorder
 2178              	
 2179              	$L30:
 2180              	.set noreorder
 2181              	.set nomacro
 2182 0210 0800000C 	jal _SNDOpStreamFetch8
 2183 0214 2D202002 	move $4,$17
 2184              	.set macro
 2185              	.set reorder
 2186              	
 2187 0218 0000053C 	lui $5,%hi($LC80)
 2188 021c 2D204002 	move $4,$18
 2189 0220 2D304000 	move $6,$2
 2190              	.set noreorder
 2191              	.set nomacro
 2192 0224 E8FF0010 	b $L47
 2193 0228 6802A524 	addiu $5,$5,%lo($LC80)
 2194              	.set macro
 2195              	.set reorder
 2196              	
 2197              	$L31:
 2198              	.set noreorder
 2199              	.set nomacro
 2200 022c 0800000C 	jal _SNDOpStreamFetch8
 2201 0230 2D202002 	move $4,$17
 2202              	.set macro
 2203              	.set reorder
 2204              	
 2205 0234 0000053C 	lui $5,%hi($LC81)
 2206 0238 2D204002 	move $4,$18
 2207 023c 2D304000 	move $6,$2
 2208              	.set noreorder
 2209              	.set nomacro
 2210 0240 E1FF0010 	b $L47
 2211 0244 7802A524 	addiu $5,$5,%lo($LC81)
 2212              	.set macro
 2213              	.set reorder
 2214              	
 2215              	$L33:
 2216 0248 2D20A000 	move $4,$5
 2217 024c 0000053C 	lui $5,%hi($LC82)
 2218              	.set noreorder
 2219              	.set nomacro
 2220 0250 BBFF0010 	b $L46
 2221 0254 8802A524 	addiu $5,$5,%lo($LC82)
 2222              	.set macro
GAS LISTING  			page 41


 2223              	.set reorder
 2224              	
 2225              	$L35:
 2226 0258 2D20A000 	move $4,$5
 2227 025c 0000053C 	lui $5,%hi($LC84)
 2228              	.set noreorder
 2229              	.set nomacro
 2230 0260 B7FF0010 	b $L46
 2231 0264 9002A524 	addiu $5,$5,%lo($LC84)
 2232              	.set macro
 2233              	.set reorder
 2234              	
 2235              	$L34:
 2236 0268 2D20A000 	move $4,$5
 2237 026c 0000053C 	lui $5,%hi($LC83)
 2238              	.set noreorder
 2239              	.set nomacro
 2240 0270 B3FF0010 	b $L46
 2241 0274 9802A524 	addiu $5,$5,%lo($LC83)
 2242              	.set macro
 2243              	.set reorder
 2244              	
 2245              	$L27:
 2246              	.set noreorder
 2247              	.set nomacro
 2248 0278 1000000C 	jal _SNDOpStreamFetch16
 2249 027c 2D202002 	move $4,$17
 2250              	.set macro
 2251              	.set reorder
 2252              	
 2253 0280 2D204002 	move $4,$18
 2254 0284 2D304000 	move $6,$2
 2255              	$L48:
 2256 0288 0000053C 	lui $5,%hi($LC77)
 2257              	.set noreorder
 2258              	.set nomacro
 2259 028c CEFF0010 	b $L47
 2260 0290 A002A524 	addiu $5,$5,%lo($LC77)
 2261              	.set macro
 2262              	.set reorder
 2263              	
 2264              	$L28:
 2265              	.set noreorder
 2266              	.set nomacro
 2267 0294 1000000C 	jal _SNDOpStreamFetch16
 2268 0298 2D202002 	move $4,$17
 2269              	.set macro
 2270              	.set reorder
 2271              	
 2272 029c 0000053C 	lui $5,%hi($LC78)
 2273 02a0 2D204002 	move $4,$18
 2274 02a4 2D304000 	move $6,$2
 2275              	.set noreorder
 2276              	.set nomacro
 2277 02a8 C7FF0010 	b $L47
 2278 02ac A802A524 	addiu $5,$5,%lo($LC78)
 2279              	.set macro
GAS LISTING  			page 42


 2280              	.set reorder
 2281              	
 2282              	$L29:
 2283              	.set noreorder
 2284              	.set nomacro
 2285 02b0 1000000C 	jal _SNDOpStreamFetch16
 2286 02b4 2D202002 	move $4,$17
 2287              	.set macro
 2288              	.set reorder
 2289              	
 2290 02b8 0000053C 	lui $5,%hi($LC79)
 2291 02bc 2D204002 	move $4,$18
 2292 02c0 2D304000 	move $6,$2
 2293              	.set noreorder
 2294              	.set nomacro
 2295 02c4 C0FF0010 	b $L47
 2296 02c8 B002A524 	addiu $5,$5,%lo($LC79)
 2297              	.set macro
 2298              	.set reorder
 2299              	
 2300 02cc 00000000 	.p2align 3
 2301              	$L44:
 2302 02d0 0000053C 	lui $5,%hi($LC86)
 2303 02d4 2D204002 	move $4,$18
 2304 02d8 2D300002 	move $6,$16
 2305              	.set noreorder
 2306              	.set nomacro
 2307 02dc BAFF0010 	b $L47
 2308 02e0 B802A524 	addiu $5,$5,%lo($LC86)
 2309              	.set macro
 2310              	.set reorder
 2311              	
 2312              	$L32:
 2313              	.set noreorder
 2314              	.set nomacro
 2315 02e4 0800000C 	jal _SNDOpStreamFetch8
 2316 02e8 2D202002 	move $4,$17
 2317              	.set macro
 2318              	.set reorder
 2319              	
 2320 02ec 0400268E 	lw $6,4($17)
 2321 02f0 00160200 	sll $2,$2,24
 2322 02f4 2D204002 	move $4,$18
 2323 02f8 03160200 	sra $2,$2,24
 2324              	.set noreorder
 2325              	.set nomacro
 2326 02fc E2FF0010 	b $L48
 2327 0300 2130C200 	addu $6,$6,$2
 2328              	.set macro
 2329              	.set reorder
 2330              	
 2331              	$L43:
 2332              	.set noreorder
 2333              	.set nomacro
 2334 0304 0800000C 	jal _SNDOpStreamFetch8
 2335 0308 2D202002 	move $4,$17
 2336              	.set macro
GAS LISTING  			page 43


 2337              	.set reorder
 2338              	
 2339 030c 0000053C 	lui $5,%hi($LC85)
 2340 0310 2D204002 	move $4,$18
 2341 0314 EBFF0726 	addu $7,$16,-21
 2342 0318 2D304000 	move $6,$2
 2343              	.set noreorder
 2344              	.set nomacro
 2345 031c 0000000C 	jal sprintf
 2346 0320 C002A524 	addiu $5,$5,%lo($LC85)
 2347              	.set macro
 2348              	.set reorder
 2349              	
 2350              	.set noreorder
 2351              	.set nomacro
 2352 0324 7EFF0010 	b $L49
 2353 0328 3000BFDF 	ld $31,48($sp)
 2354              	.set macro
 2355              	.set reorder
 2356              	
 2357              	.end _SNDGetOperand
 2358              	$Lfe6:
 2359              	.size _SNDGetOperand,$Lfe6-_SNDGetOperand
 2360              	.rdata
 2361              	.align 3
 2362              	$LC87:
 2363 0340 444200   	.ascii "DB\000"
 2364 0343 00000000 	.align 3
 2364      00
 2365              	$LC88:
 2366 0348 25732025 	.ascii "%s %s,%s\000"
 2366      732C2573 
 2366      00
 2367 0351 00000000 	.align 3
 2367      000000
 2368              	$LC89:
 2369 0358 25732025 	.ascii "%s %s\000"
 2369      7300
 2370 035e 0000     	.text
 2371              	.align 2
 2372 032c 00000000 	.p2align 3,,7
 2373              	.ent _SNDisasm
 2374              	_SNDisasm:
 2375              	.frame $sp,160,$31
 2376              	.mask 0x801f0000,-16
 2377              	.fmask 0x00000000,0
 2378 0330 60FFBD27 	subu $sp,$sp,160
 2379 0334 9000BFFF 	sd $31,144($sp)
 2380 0338 8000B4FF 	sd $20,128($sp)
 2381 033c 2000B427 	addu $20,$sp,32
 2382 0340 7000B3FF 	sd $19,112($sp)
 2383 0344 2D98A000 	move $19,$5
 2384 0348 6000B2FF 	sd $18,96($sp)
 2385 034c 2D908000 	move $18,$4
 2386 0350 5000B1FF 	sd $17,80($sp)
 2387              	.set noreorder
 2388              	.set nomacro
GAS LISTING  			page 44


 2389 0354 0800000C 	jal _SNDOpStreamFetch8
 2390 0358 4000B0FF 	sd $16,64($sp)
 2391              	.set macro
 2392              	.set reorder
 2393              	
 2394 035c 2D204000 	move $4,$2
 2395              	.set noreorder
 2396              	.set nomacro
 2397 0360 2200000C 	jal _SNDGetInstDef
 2398 0364 2D804000 	move $16,$2
 2399              	.set macro
 2400              	.set reorder
 2401              	
 2402 0368 0000053C 	lui $5,%hi($LC75)
 2403 036c 2D884000 	move $17,$2
 2404 0370 2D300002 	move $6,$16
 2405 0374 0000023C 	lui $2,%hi($LC87)
 2406 0378 2D20A003 	move $4,$sp
 2407 037c 5802A524 	addiu $5,$5,%lo($LC75)
 2408              	.set noreorder
 2409              	.set nomacro
 2410 0380 37002012 	beq $17,$0,$L51
 2411 0384 40035024 	addiu $16,$2,%lo($LC87)
 2412              	.set macro
 2413              	.set reorder
 2414              	
 2415 0388 0400228E 	lw $2,4($17)
 2416 038c 0000033C 	lui $3,%hi(_SNDSPC_pMnemonics)
 2417 0390 D8126324 	addiu $3,$3,%lo(_SNDSPC_pMnemonics)
 2418 0394 10002692 	lbu $6,16($17)
 2419 0398 80100200 	sll $2,$2,2
 2420 039c 2000B427 	addu $20,$sp,32
 2421 03a0 21104300 	addu $2,$2,$3
 2422 03a4 2D204002 	move $4,$18
 2423 03a8 2D28A003 	move $5,$sp
 2424              	.set noreorder
 2425              	.set nomacro
 2426 03ac 2400C014 	bne $6,$0,$L52
 2427 03b0 0000508C 	lw $16,0($2)
 2428              	.set macro
 2429              	.set reorder
 2430              	
 2431              	.set noreorder
 2432              	.set nomacro
 2433 03b4 3200000C 	jal _SNDGetOperand
 2434 03b8 0800268E 	lw $6,8($17)
 2435              	.set macro
 2436              	.set reorder
 2437              	
 2438 03bc 2D288002 	move $5,$20
 2439 03c0 0C00268E 	lw $6,12($17)
 2440 03c4 2D204002 	move $4,$18
 2441              	$L57:
 2442 03c8 3200000C 	jal _SNDGetOperand
 2442      00000000 
 2443              	$L54:
 2444              	.set noreorder
GAS LISTING  			page 45


 2445              	.set nomacro
 2446 03d0 0000000C 	jal strlen
 2447 03d4 2D208002 	move $4,$20
 2448              	.set macro
 2449              	.set reorder
 2450              	
 2451 03d8 2D38A003 	move $7,$sp
 2452 03dc 0000053C 	lui $5,%hi($LC88)
 2453 03e0 2D408002 	move $8,$20
 2454 03e4 2D206002 	move $4,$19
 2455 03e8 4803A524 	addiu $5,$5,%lo($LC88)
 2456              	.set noreorder
 2457              	.set nomacro
 2458 03ec 0C004010 	beq $2,$0,$L55
 2459 03f0 2D300002 	move $6,$16
 2460              	.set macro
 2461              	.set reorder
 2462              	
 2463 03f4 0000000C 	jal sprintf
 2463      00000000 
 2464 03fc 9000BFDF 	ld $31,144($sp)
 2465              	$L58:
 2466 0400 8000B4DF 	ld $20,128($sp)
 2467 0404 7000B3DF 	ld $19,112($sp)
 2468 0408 6000B2DF 	ld $18,96($sp)
 2469 040c 5000B1DF 	ld $17,80($sp)
 2470 0410 4000B0DF 	ld $16,64($sp)
 2471              	
 2472              	.set noreorder
 2473              	.set nomacro
 2474 0414 0800E003 	j $31
 2475 0418 A000BD27 	addu $sp,$sp,160
 2476              	.set macro
 2477              	.set reorder
 2478              	
 2479 041c 00000000 	.p2align 3
 2480              	$L55:
 2481 0420 0000053C 	lui $5,%hi($LC89)
 2482 0424 2D206002 	move $4,$19
 2483 0428 5803A524 	addiu $5,$5,%lo($LC89)
 2484              	.set noreorder
 2485              	.set nomacro
 2486 042c 0000000C 	jal sprintf
 2487 0430 2D38A003 	move $7,$sp
 2488              	.set macro
 2489              	.set reorder
 2490              	
 2491              	.set noreorder
 2492              	.set nomacro
 2493 0434 F2FF0010 	b $L58
 2494 0438 9000BFDF 	ld $31,144($sp)
 2495              	.set macro
 2496              	.set reorder
 2497              	
 2498 043c 00000000 	.p2align 3
 2499              	$L52:
 2500 0440 0C00268E 	lw $6,12($17)
GAS LISTING  			page 46


 2501 0444 2D204002 	move $4,$18
 2502              	.set noreorder
 2503              	.set nomacro
 2504 0448 3200000C 	jal _SNDGetOperand
 2505 044c 2D288002 	move $5,$20
 2506              	.set macro
 2507              	.set reorder
 2508              	
 2509 0450 0800268E 	lw $6,8($17)
 2510 0454 2D204002 	move $4,$18
 2511              	.set noreorder
 2512              	.set nomacro
 2513 0458 DBFF0010 	b $L57
 2514 045c 2D28A003 	move $5,$sp
 2515              	.set macro
 2516              	.set reorder
 2517              	
 2518              	$L51:
 2519 0460 0000000C 	jal sprintf
 2519      00000000 
 2520 0468 0000053C 	lui $5,%hi($LC0)
 2521 046c 2D208002 	move $4,$20
 2522              	.set noreorder
 2523              	.set nomacro
 2524 0470 0000000C 	jal strcpy
 2525 0474 0000A524 	addiu $5,$5,%lo($LC0)
 2526              	.set macro
 2527              	.set reorder
 2528              	
 2529 0478 D5FF0010 	b $L54
 2529      00000000 
 2530              	.end _SNDisasm
 2531              	$Lfe7:
 2532              	.size _SNDisasm,$Lfe7-_SNDisasm
 2533              	.align 2
 2534              	.p2align 3,,7
 2535              	.globl SNSPCDisasm
 2536              	.ent SNSPCDisasm
 2537              	SNSPCDisasm:
 2538              	.frame $sp,48,$31
 2539              	.mask 0x80010000,-16
 2540              	.fmask 0x00000000,0
 2541 0480 D0FFBD27 	subu $sp,$sp,48
 2542 0484 1000B0FF 	sd $16,16($sp)
 2543 0488 2D808000 	move $16,$4
 2544 048c 2000BFFF 	sd $31,32($sp)
 2545              	.set noreorder
 2546              	.set nomacro
 2547 0490 0000000C 	jal _SNDOpStreamOpen
 2548 0494 2D20A003 	move $4,$sp
 2549              	.set macro
 2550              	.set reorder
 2551              	
 2552 0498 2D280002 	move $5,$16
 2553              	.set noreorder
 2554              	.set nomacro
 2555 049c CC00000C 	jal _SNDisasm
GAS LISTING  			page 47


 2556 04a0 2D20A003 	move $4,$sp
 2557              	.set macro
 2558              	.set reorder
 2559              	
 2560              	.set noreorder
 2561              	.set nomacro
 2562 04a4 0400000C 	jal _SNDOpStreamClose
 2563 04a8 2D20A003 	move $4,$sp
 2564              	.set macro
 2565              	.set reorder
 2566              	
 2567 04ac 1000B0DF 	ld $16,16($sp)
 2568 04b0 2000BFDF 	ld $31,32($sp)
 2569              	
 2570              	.set noreorder
 2571              	.set nomacro
 2572 04b4 0800E003 	j $31
 2573 04b8 3000BD27 	addu $sp,$sp,48
 2574              	.set macro
 2575              	.set reorder
 2576              	
 2577              	.end SNSPCDisasm
 2578              	$Lfe8:
 2579              	.size SNSPCDisasm,$Lfe8-SNSPCDisasm
 2580 04bc 00000000 	.ident "GCC: (GNU) 3.2.2"
