GAS LISTING  			page 1


   1              	.file 1 "../../../Gep/Source/common/zlib/crc32.c"
   2              	.section .mdebug.eabi64
   3              	.previous
   4              	.rdata
   5              	.align 3
   6              	.type crc_table,@object
   7              	.size crc_table,2048
   8              	crc_table:
   9 0000 00000000 	.dword 0x0
   9      00000000 
  10 0008 96300777 	.dword 0x77073096
  10      00000000 
  11 0010 2C610EEE 	.dword 0xee0e612c
  11      00000000 
  12 0018 BA510999 	.dword 0x990951ba
  12      00000000 
  13 0020 19C46D07 	.dword 0x76dc419
  13      00000000 
  14 0028 8FF46A70 	.dword 0x706af48f
  14      00000000 
  15 0030 35A563E9 	.dword 0xe963a535
  15      00000000 
  16 0038 A395649E 	.dword 0x9e6495a3
  16      00000000 
  17 0040 3288DB0E 	.dword 0xedb8832
  17      00000000 
  18 0048 A4B8DC79 	.dword 0x79dcb8a4
  18      00000000 
  19 0050 1EE9D5E0 	.dword 0xe0d5e91e
  19      00000000 
  20 0058 88D9D297 	.dword 0x97d2d988
  20      00000000 
  21 0060 2B4CB609 	.dword 0x9b64c2b
  21      00000000 
  22 0068 BD7CB17E 	.dword 0x7eb17cbd
  22      00000000 
  23 0070 072DB8E7 	.dword 0xe7b82d07
  23      00000000 
  24 0078 911DBF90 	.dword 0x90bf1d91
  24      00000000 
  25 0080 6410B71D 	.dword 0x1db71064
  25      00000000 
  26 0088 F220B06A 	.dword 0x6ab020f2
  26      00000000 
  27 0090 4871B9F3 	.dword 0xf3b97148
  27      00000000 
  28 0098 DE41BE84 	.dword 0x84be41de
  28      00000000 
  29 00a0 7DD4DA1A 	.dword 0x1adad47d
  29      00000000 
  30 00a8 EBE4DD6D 	.dword 0x6ddde4eb
  30      00000000 
  31 00b0 51B5D4F4 	.dword 0xf4d4b551
  31      00000000 
  32 00b8 C785D383 	.dword 0x83d385c7
  32      00000000 
  33 00c0 56986C13 	.dword 0x136c9856
GAS LISTING  			page 2


  33      00000000 
  34 00c8 C0A86B64 	.dword 0x646ba8c0
  34      00000000 
  35 00d0 7AF962FD 	.dword 0xfd62f97a
  35      00000000 
  36 00d8 ECC9658A 	.dword 0x8a65c9ec
  36      00000000 
  37 00e0 4F5C0114 	.dword 0x14015c4f
  37      00000000 
  38 00e8 D96C0663 	.dword 0x63066cd9
  38      00000000 
  39 00f0 633D0FFA 	.dword 0xfa0f3d63
  39      00000000 
  40 00f8 F50D088D 	.dword 0x8d080df5
  40      00000000 
  41 0100 C8206E3B 	.dword 0x3b6e20c8
  41      00000000 
  42 0108 5E10694C 	.dword 0x4c69105e
  42      00000000 
  43 0110 E44160D5 	.dword 0xd56041e4
  43      00000000 
  44 0118 727167A2 	.dword 0xa2677172
  44      00000000 
  45 0120 D1E4033C 	.dword 0x3c03e4d1
  45      00000000 
  46 0128 47D4044B 	.dword 0x4b04d447
  46      00000000 
  47 0130 FD850DD2 	.dword 0xd20d85fd
  47      00000000 
  48 0138 6BB50AA5 	.dword 0xa50ab56b
  48      00000000 
  49 0140 FAA8B535 	.dword 0x35b5a8fa
  49      00000000 
  50 0148 6C98B242 	.dword 0x42b2986c
  50      00000000 
  51 0150 D6C9BBDB 	.dword 0xdbbbc9d6
  51      00000000 
  52 0158 40F9BCAC 	.dword 0xacbcf940
  52      00000000 
  53 0160 E36CD832 	.dword 0x32d86ce3
  53      00000000 
  54 0168 755CDF45 	.dword 0x45df5c75
  54      00000000 
  55 0170 CF0DD6DC 	.dword 0xdcd60dcf
  55      00000000 
  56 0178 593DD1AB 	.dword 0xabd13d59
  56      00000000 
  57 0180 AC30D926 	.dword 0x26d930ac
  57      00000000 
  58 0188 3A00DE51 	.dword 0x51de003a
  58      00000000 
  59 0190 8051D7C8 	.dword 0xc8d75180
  59      00000000 
  60 0198 1661D0BF 	.dword 0xbfd06116
  60      00000000 
  61 01a0 B5F4B421 	.dword 0x21b4f4b5
  61      00000000 
GAS LISTING  			page 3


  62 01a8 23C4B356 	.dword 0x56b3c423
  62      00000000 
  63 01b0 9995BACF 	.dword 0xcfba9599
  63      00000000 
  64 01b8 0FA5BDB8 	.dword 0xb8bda50f
  64      00000000 
  65 01c0 9EB80228 	.dword 0x2802b89e
  65      00000000 
  66 01c8 0888055F 	.dword 0x5f058808
  66      00000000 
  67 01d0 B2D90CC6 	.dword 0xc60cd9b2
  67      00000000 
  68 01d8 24E90BB1 	.dword 0xb10be924
  68      00000000 
  69 01e0 877C6F2F 	.dword 0x2f6f7c87
  69      00000000 
  70 01e8 114C6858 	.dword 0x58684c11
  70      00000000 
  71 01f0 AB1D61C1 	.dword 0xc1611dab
  71      00000000 
  72 01f8 3D2D66B6 	.dword 0xb6662d3d
  72      00000000 
  73 0200 9041DC76 	.dword 0x76dc4190
  73      00000000 
  74 0208 0671DB01 	.dword 0x1db7106
  74      00000000 
  75 0210 BC20D298 	.dword 0x98d220bc
  75      00000000 
  76 0218 2A10D5EF 	.dword 0xefd5102a
  76      00000000 
  77 0220 8985B171 	.dword 0x71b18589
  77      00000000 
  78 0228 1FB5B606 	.dword 0x6b6b51f
  78      00000000 
  79 0230 A5E4BF9F 	.dword 0x9fbfe4a5
  79      00000000 
  80 0238 33D4B8E8 	.dword 0xe8b8d433
  80      00000000 
  81 0240 A2C90778 	.dword 0x7807c9a2
  81      00000000 
  82 0248 34F9000F 	.dword 0xf00f934
  82      00000000 
  83 0250 8EA80996 	.dword 0x9609a88e
  83      00000000 
  84 0258 18980EE1 	.dword 0xe10e9818
  84      00000000 
  85 0260 BB0D6A7F 	.dword 0x7f6a0dbb
  85      00000000 
  86 0268 2D3D6D08 	.dword 0x86d3d2d
  86      00000000 
  87 0270 976C6491 	.dword 0x91646c97
  87      00000000 
  88 0278 015C63E6 	.dword 0xe6635c01
  88      00000000 
  89 0280 F4516B6B 	.dword 0x6b6b51f4
  89      00000000 
  90 0288 62616C1C 	.dword 0x1c6c6162
GAS LISTING  			page 4


  90      00000000 
  91 0290 D8306585 	.dword 0x856530d8
  91      00000000 
  92 0298 4E0062F2 	.dword 0xf262004e
  92      00000000 
  93 02a0 ED95066C 	.dword 0x6c0695ed
  93      00000000 
  94 02a8 7BA5011B 	.dword 0x1b01a57b
  94      00000000 
  95 02b0 C1F40882 	.dword 0x8208f4c1
  95      00000000 
  96 02b8 57C40FF5 	.dword 0xf50fc457
  96      00000000 
  97 02c0 C6D9B065 	.dword 0x65b0d9c6
  97      00000000 
  98 02c8 50E9B712 	.dword 0x12b7e950
  98      00000000 
  99 02d0 EAB8BE8B 	.dword 0x8bbeb8ea
  99      00000000 
 100 02d8 7C88B9FC 	.dword 0xfcb9887c
 100      00000000 
 101 02e0 DF1DDD62 	.dword 0x62dd1ddf
 101      00000000 
 102 02e8 492DDA15 	.dword 0x15da2d49
 102      00000000 
 103 02f0 F37CD38C 	.dword 0x8cd37cf3
 103      00000000 
 104 02f8 654CD4FB 	.dword 0xfbd44c65
 104      00000000 
 105 0300 5861B24D 	.dword 0x4db26158
 105      00000000 
 106 0308 CE51B53A 	.dword 0x3ab551ce
 106      00000000 
 107 0310 7400BCA3 	.dword 0xa3bc0074
 107      00000000 
 108 0318 E230BBD4 	.dword 0xd4bb30e2
 108      00000000 
 109 0320 41A5DF4A 	.dword 0x4adfa541
 109      00000000 
 110 0328 D795D83D 	.dword 0x3dd895d7
 110      00000000 
 111 0330 6DC4D1A4 	.dword 0xa4d1c46d
 111      00000000 
 112 0338 FBF4D6D3 	.dword 0xd3d6f4fb
 112      00000000 
 113 0340 6AE96943 	.dword 0x4369e96a
 113      00000000 
 114 0348 FCD96E34 	.dword 0x346ed9fc
 114      00000000 
 115 0350 468867AD 	.dword 0xad678846
 115      00000000 
 116 0358 D0B860DA 	.dword 0xda60b8d0
 116      00000000 
 117 0360 732D0444 	.dword 0x44042d73
 117      00000000 
 118 0368 E51D0333 	.dword 0x33031de5
 118      00000000 
GAS LISTING  			page 5


 119 0370 5F4C0AAA 	.dword 0xaa0a4c5f
 119      00000000 
 120 0378 C97C0DDD 	.dword 0xdd0d7cc9
 120      00000000 
 121 0380 3C710550 	.dword 0x5005713c
 121      00000000 
 122 0388 AA410227 	.dword 0x270241aa
 122      00000000 
 123 0390 10100BBE 	.dword 0xbe0b1010
 123      00000000 
 124 0398 86200CC9 	.dword 0xc90c2086
 124      00000000 
 125 03a0 25B56857 	.dword 0x5768b525
 125      00000000 
 126 03a8 B3856F20 	.dword 0x206f85b3
 126      00000000 
 127 03b0 09D466B9 	.dword 0xb966d409
 127      00000000 
 128 03b8 9FE461CE 	.dword 0xce61e49f
 128      00000000 
 129 03c0 0EF9DE5E 	.dword 0x5edef90e
 129      00000000 
 130 03c8 98C9D929 	.dword 0x29d9c998
 130      00000000 
 131 03d0 2298D0B0 	.dword 0xb0d09822
 131      00000000 
 132 03d8 B4A8D7C7 	.dword 0xc7d7a8b4
 132      00000000 
 133 03e0 173DB359 	.dword 0x59b33d17
 133      00000000 
 134 03e8 810DB42E 	.dword 0x2eb40d81
 134      00000000 
 135 03f0 3B5CBDB7 	.dword 0xb7bd5c3b
 135      00000000 
 136 03f8 AD6CBAC0 	.dword 0xc0ba6cad
 136      00000000 
 137 0400 2083B8ED 	.dword 0xedb88320
 137      00000000 
 138 0408 B6B3BF9A 	.dword 0x9abfb3b6
 138      00000000 
 139 0410 0CE2B603 	.dword 0x3b6e20c
 139      00000000 
 140 0418 9AD2B174 	.dword 0x74b1d29a
 140      00000000 
 141 0420 3947D5EA 	.dword 0xead54739
 141      00000000 
 142 0428 AF77D29D 	.dword 0x9dd277af
 142      00000000 
 143 0430 1526DB04 	.dword 0x4db2615
 143      00000000 
 144 0438 8316DC73 	.dword 0x73dc1683
 144      00000000 
 145 0440 120B63E3 	.dword 0xe3630b12
 145      00000000 
 146 0448 843B6494 	.dword 0x94643b84
 146      00000000 
 147 0450 3E6A6D0D 	.dword 0xd6d6a3e
GAS LISTING  			page 6


 147      00000000 
 148 0458 A85A6A7A 	.dword 0x7a6a5aa8
 148      00000000 
 149 0460 0BCF0EE4 	.dword 0xe40ecf0b
 149      00000000 
 150 0468 9DFF0993 	.dword 0x9309ff9d
 150      00000000 
 151 0470 27AE000A 	.dword 0xa00ae27
 151      00000000 
 152 0478 B19E077D 	.dword 0x7d079eb1
 152      00000000 
 153 0480 44930FF0 	.dword 0xf00f9344
 153      00000000 
 154 0488 D2A30887 	.dword 0x8708a3d2
 154      00000000 
 155 0490 68F2011E 	.dword 0x1e01f268
 155      00000000 
 156 0498 FEC20669 	.dword 0x6906c2fe
 156      00000000 
 157 04a0 5D5762F7 	.dword 0xf762575d
 157      00000000 
 158 04a8 CB676580 	.dword 0x806567cb
 158      00000000 
 159 04b0 71366C19 	.dword 0x196c3671
 159      00000000 
 160 04b8 E7066B6E 	.dword 0x6e6b06e7
 160      00000000 
 161 04c0 761BD4FE 	.dword 0xfed41b76
 161      00000000 
 162 04c8 E02BD389 	.dword 0x89d32be0
 162      00000000 
 163 04d0 5A7ADA10 	.dword 0x10da7a5a
 163      00000000 
 164 04d8 CC4ADD67 	.dword 0x67dd4acc
 164      00000000 
 165 04e0 6FDFB9F9 	.dword 0xf9b9df6f
 165      00000000 
 166 04e8 F9EFBE8E 	.dword 0x8ebeeff9
 166      00000000 
 167 04f0 43BEB717 	.dword 0x17b7be43
 167      00000000 
 168 04f8 D58EB060 	.dword 0x60b08ed5
 168      00000000 
 169 0500 E8A3D6D6 	.dword 0xd6d6a3e8
 169      00000000 
 170 0508 7E93D1A1 	.dword 0xa1d1937e
 170      00000000 
 171 0510 C4C2D838 	.dword 0x38d8c2c4
 171      00000000 
 172 0518 52F2DF4F 	.dword 0x4fdff252
 172      00000000 
 173 0520 F167BBD1 	.dword 0xd1bb67f1
 173      00000000 
 174 0528 6757BCA6 	.dword 0xa6bc5767
 174      00000000 
 175 0530 DD06B53F 	.dword 0x3fb506dd
 175      00000000 
GAS LISTING  			page 7


 176 0538 4B36B248 	.dword 0x48b2364b
 176      00000000 
 177 0540 DA2B0DD8 	.dword 0xd80d2bda
 177      00000000 
 178 0548 4C1B0AAF 	.dword 0xaf0a1b4c
 178      00000000 
 179 0550 F64A0336 	.dword 0x36034af6
 179      00000000 
 180 0558 607A0441 	.dword 0x41047a60
 180      00000000 
 181 0560 C3EF60DF 	.dword 0xdf60efc3
 181      00000000 
 182 0568 55DF67A8 	.dword 0xa867df55
 182      00000000 
 183 0570 EF8E6E31 	.dword 0x316e8eef
 183      00000000 
 184 0578 79BE6946 	.dword 0x4669be79
 184      00000000 
 185 0580 8CB361CB 	.dword 0xcb61b38c
 185      00000000 
 186 0588 1A8366BC 	.dword 0xbc66831a
 186      00000000 
 187 0590 A0D26F25 	.dword 0x256fd2a0
 187      00000000 
 188 0598 36E26852 	.dword 0x5268e236
 188      00000000 
 189 05a0 95770CCC 	.dword 0xcc0c7795
 189      00000000 
 190 05a8 03470BBB 	.dword 0xbb0b4703
 190      00000000 
 191 05b0 B9160222 	.dword 0x220216b9
 191      00000000 
 192 05b8 2F260555 	.dword 0x5505262f
 192      00000000 
 193 05c0 BE3BBAC5 	.dword 0xc5ba3bbe
 193      00000000 
 194 05c8 280BBDB2 	.dword 0xb2bd0b28
 194      00000000 
 195 05d0 925AB42B 	.dword 0x2bb45a92
 195      00000000 
 196 05d8 046AB35C 	.dword 0x5cb36a04
 196      00000000 
 197 05e0 A7FFD7C2 	.dword 0xc2d7ffa7
 197      00000000 
 198 05e8 31CFD0B5 	.dword 0xb5d0cf31
 198      00000000 
 199 05f0 8B9ED92C 	.dword 0x2cd99e8b
 199      00000000 
 200 05f8 1DAEDE5B 	.dword 0x5bdeae1d
 200      00000000 
 201 0600 B0C2649B 	.dword 0x9b64c2b0
 201      00000000 
 202 0608 26F263EC 	.dword 0xec63f226
 202      00000000 
 203 0610 9CA36A75 	.dword 0x756aa39c
 203      00000000 
 204 0618 0A936D02 	.dword 0x26d930a
GAS LISTING  			page 8


 204      00000000 
 205 0620 A906099C 	.dword 0x9c0906a9
 205      00000000 
 206 0628 3F360EEB 	.dword 0xeb0e363f
 206      00000000 
 207 0630 85670772 	.dword 0x72076785
 207      00000000 
 208 0638 13570005 	.dword 0x5005713
 208      00000000 
 209 0640 824ABF95 	.dword 0x95bf4a82
 209      00000000 
 210 0648 147AB8E2 	.dword 0xe2b87a14
 210      00000000 
 211 0650 AE2BB17B 	.dword 0x7bb12bae
 211      00000000 
 212 0658 381BB60C 	.dword 0xcb61b38
 212      00000000 
 213 0660 9B8ED292 	.dword 0x92d28e9b
 213      00000000 
 214 0668 0DBED5E5 	.dword 0xe5d5be0d
 214      00000000 
 215 0670 B7EFDC7C 	.dword 0x7cdcefb7
 215      00000000 
 216 0678 21DFDB0B 	.dword 0xbdbdf21
 216      00000000 
 217 0680 D4D2D386 	.dword 0x86d3d2d4
 217      00000000 
 218 0688 42E2D4F1 	.dword 0xf1d4e242
 218      00000000 
 219 0690 F8B3DD68 	.dword 0x68ddb3f8
 219      00000000 
 220 0698 6E83DA1F 	.dword 0x1fda836e
 220      00000000 
 221 06a0 CD16BE81 	.dword 0x81be16cd
 221      00000000 
 222 06a8 5B26B9F6 	.dword 0xf6b9265b
 222      00000000 
 223 06b0 E177B06F 	.dword 0x6fb077e1
 223      00000000 
 224 06b8 7747B718 	.dword 0x18b74777
 224      00000000 
 225 06c0 E65A0888 	.dword 0x88085ae6
 225      00000000 
 226 06c8 706A0FFF 	.dword 0xff0f6a70
 226      00000000 
 227 06d0 CA3B0666 	.dword 0x66063bca
 227      00000000 
 228 06d8 5C0B0111 	.dword 0x11010b5c
 228      00000000 
 229 06e0 FF9E658F 	.dword 0x8f659eff
 229      00000000 
 230 06e8 69AE62F8 	.dword 0xf862ae69
 230      00000000 
 231 06f0 D3FF6B61 	.dword 0x616bffd3
 231      00000000 
 232 06f8 45CF6C16 	.dword 0x166ccf45
 232      00000000 
GAS LISTING  			page 9


 233 0700 78E20AA0 	.dword 0xa00ae278
 233      00000000 
 234 0708 EED20DD7 	.dword 0xd70dd2ee
 234      00000000 
 235 0710 5483044E 	.dword 0x4e048354
 235      00000000 
 236 0718 C2B30339 	.dword 0x3903b3c2
 236      00000000 
 237 0720 612667A7 	.dword 0xa7672661
 237      00000000 
 238 0728 F71660D0 	.dword 0xd06016f7
 238      00000000 
 239 0730 4D476949 	.dword 0x4969474d
 239      00000000 
 240 0738 DB776E3E 	.dword 0x3e6e77db
 240      00000000 
 241 0740 4A6AD1AE 	.dword 0xaed16a4a
 241      00000000 
 242 0748 DC5AD6D9 	.dword 0xd9d65adc
 242      00000000 
 243 0750 660BDF40 	.dword 0x40df0b66
 243      00000000 
 244 0758 F03BD837 	.dword 0x37d83bf0
 244      00000000 
 245 0760 53AEBCA9 	.dword 0xa9bcae53
 245      00000000 
 246 0768 C59EBBDE 	.dword 0xdebb9ec5
 246      00000000 
 247 0770 7FCFB247 	.dword 0x47b2cf7f
 247      00000000 
 248 0778 E9FFB530 	.dword 0x30b5ffe9
 248      00000000 
 249 0780 1CF2BDBD 	.dword 0xbdbdf21c
 249      00000000 
 250 0788 8AC2BACA 	.dword 0xcabac28a
 250      00000000 
 251 0790 3093B353 	.dword 0x53b39330
 251      00000000 
 252 0798 A6A3B424 	.dword 0x24b4a3a6
 252      00000000 
 253 07a0 0536D0BA 	.dword 0xbad03605
 253      00000000 
 254 07a8 9306D7CD 	.dword 0xcdd70693
 254      00000000 
 255 07b0 2957DE54 	.dword 0x54de5729
 255      00000000 
 256 07b8 BF67D923 	.dword 0x23d967bf
 256      00000000 
 257 07c0 2E7A66B3 	.dword 0xb3667a2e
 257      00000000 
 258 07c8 B84A61C4 	.dword 0xc4614ab8
 258      00000000 
 259 07d0 021B685D 	.dword 0x5d681b02
 259      00000000 
 260 07d8 942B6F2A 	.dword 0x2a6f2b94
 260      00000000 
 261 07e0 37BE0BB4 	.dword 0xb40bbe37
GAS LISTING  			page 10


 261      00000000 
 262 07e8 A18E0CC3 	.dword 0xc30c8ea1
 262      00000000 
 263 07f0 1BDF055A 	.dword 0x5a05df1b
 263      00000000 
 264 07f8 8DEF022D 	.dword 0x2d02ef8d
 264      00000000 
 265              	.text
 266              	.align 2
 267              	.p2align 3,,7
 268              	.globl get_crc_table
 269              	.ent get_crc_table
 270              	get_crc_table:
 271              	.frame $sp,0,$31
 272              	.mask 0x00000000,0
 273              	.fmask 0x00000000,0
 274 0000 0000023C 	lui $2,%hi(crc_table)
 275              	.set noreorder
 276              	.set nomacro
 277 0004 0800E003 	j $31
 278 0008 00004224 	addiu $2,$2,%lo(crc_table)
 279              	.set macro
 280              	.set reorder
 281              	
 282              	.end get_crc_table
 283              	$Lfe1:
 284              	.size get_crc_table,$Lfe1-get_crc_table
 285              	.align 2
 286 000c 00000000 	.p2align 3,,7
 287              	.globl crc32
 288              	.ent crc32
 289              	crc32:
 290              	.frame $sp,0,$31
 291              	.mask 0x00000000,0
 292              	.fmask 0x00000000,0
 293 0010 2D60A000 	move $12,$5
 294 0014 2D68C000 	move $13,$6
 295              	.set noreorder
 296              	.set nomacro
 297 0018 7900A010 	beq $5,$0,$L15
 298 001c 2D100000 	move $2,$0
 299              	.set macro
 300              	.set reorder
 301              	
 302 0020 FFFF023C 	dli $2,0xffffffff
 302      3E100200 
 303 0028 0800C32C 	sltu $3,$6,8
 304              	.set noreorder
 305              	.set nomacro
 306 002c 5F006014 	bne $3,$0,$L14
 307 0030 26208200 	xor $4,$4,$2
 308              	.set macro
 309              	.set reorder
 310              	
 311 0034 0000023C 	lui $2,%hi(crc_table)
 312 0038 00004E24 	addiu $14,$2,%lo(crc_table)
 313 003c 00000000 	.p2align 3
GAS LISTING  			page 11


 314              	$L7:
 315 0040 00008391 	lbu $3,0($12)
 316 0044 3C100400 	dsll $2,$4,32
 317 0048 3F100200 	dsra $2,$2,32
 318 004c 01008C25 	addu $12,$12,1
 319 0050 3A220400 	dsrl $4,$4,8
 320 0054 26104300 	xor $2,$2,$3
 321 0058 00008591 	lbu $5,0($12)
 322 005c FF004230 	andi $2,$2,0xff
 323 0060 01008C25 	addu $12,$12,1
 324 0064 C0100200 	sll $2,$2,3
 325 0068 00008691 	lbu $6,0($12)
 326 006c 21104E00 	addu $2,$2,$14
 327 0070 01008C25 	addu $12,$12,1
 328 0074 000043DC 	ld $3,0($2)
 329 0078 F8FFAD25 	addu $13,$13,-8
 330 007c 00008791 	lbu $7,0($12)
 331 0080 0800AB2D 	sltu $11,$13,8
 332 0084 26206400 	xor $4,$3,$4
 333 0088 01008C25 	addu $12,$12,1
 334 008c 3C100400 	dsll $2,$4,32
 335 0090 3F100200 	dsra $2,$2,32
 336 0094 00008891 	lbu $8,0($12)
 337 0098 26104500 	xor $2,$2,$5
 338 009c 3A220400 	dsrl $4,$4,8
 339 00a0 FF004230 	andi $2,$2,0xff
 340 00a4 01008C25 	addu $12,$12,1
 341 00a8 C0100200 	sll $2,$2,3
 342 00ac 00008591 	lbu $5,0($12)
 343 00b0 21104E00 	addu $2,$2,$14
 344 00b4 01008C25 	addu $12,$12,1
 345 00b8 000043DC 	ld $3,0($2)
 346 00bc 00008991 	lbu $9,0($12)
 347 00c0 01008C25 	addu $12,$12,1
 348 00c4 26206400 	xor $4,$3,$4
 349 00c8 00008A91 	lbu $10,0($12)
 350 00cc 3C100400 	dsll $2,$4,32
 351 00d0 3F100200 	dsra $2,$2,32
 352 00d4 01008C25 	addu $12,$12,1
 353 00d8 26104600 	xor $2,$2,$6
 354 00dc 3A220400 	dsrl $4,$4,8
 355 00e0 FF004230 	andi $2,$2,0xff
 356 00e4 C0100200 	sll $2,$2,3
 357 00e8 21104E00 	addu $2,$2,$14
 358 00ec 000043DC 	ld $3,0($2)
 359              	
 360 00f0 26206400 	xor $4,$3,$4
 361 00f4 3C100400 	dsll $2,$4,32
 362 00f8 3F100200 	dsra $2,$2,32
 363 00fc 3A220400 	dsrl $4,$4,8
 364 0100 26104700 	xor $2,$2,$7
 365 0104 FF004230 	andi $2,$2,0xff
 366 0108 C0100200 	sll $2,$2,3
 367 010c 21104E00 	addu $2,$2,$14
 368 0110 000043DC 	ld $3,0($2)
 369              	
 370 0114 26206400 	xor $4,$3,$4
GAS LISTING  			page 12


 371 0118 3C100400 	dsll $2,$4,32
 372 011c 3F100200 	dsra $2,$2,32
 373 0120 3A220400 	dsrl $4,$4,8
 374 0124 26104800 	xor $2,$2,$8
 375 0128 FF004230 	andi $2,$2,0xff
 376 012c C0100200 	sll $2,$2,3
 377 0130 21104E00 	addu $2,$2,$14
 378 0134 000043DC 	ld $3,0($2)
 379              	
 380 0138 26206400 	xor $4,$3,$4
 381 013c 3C100400 	dsll $2,$4,32
 382 0140 3F100200 	dsra $2,$2,32
 383 0144 3A220400 	dsrl $4,$4,8
 384 0148 26104500 	xor $2,$2,$5
 385 014c FF004230 	andi $2,$2,0xff
 386 0150 C0100200 	sll $2,$2,3
 387 0154 21104E00 	addu $2,$2,$14
 388 0158 000043DC 	ld $3,0($2)
 389              	
 390 015c 26206400 	xor $4,$3,$4
 391 0160 3C100400 	dsll $2,$4,32
 392 0164 3F100200 	dsra $2,$2,32
 393 0168 3A220400 	dsrl $4,$4,8
 394 016c 26104900 	xor $2,$2,$9
 395 0170 FF004230 	andi $2,$2,0xff
 396 0174 C0100200 	sll $2,$2,3
 397 0178 21104E00 	addu $2,$2,$14
 398 017c 000043DC 	ld $3,0($2)
 399              	
 400 0180 26206400 	xor $4,$3,$4
 401 0184 3C100400 	dsll $2,$4,32
 402 0188 3F100200 	dsra $2,$2,32
 403 018c 3A220400 	dsrl $4,$4,8
 404 0190 26104A00 	xor $2,$2,$10
 405 0194 FF004230 	andi $2,$2,0xff
 406 0198 C0100200 	sll $2,$2,3
 407 019c 21104E00 	addu $2,$2,$14
 408 01a0 000043DC 	ld $3,0($2)
 409              	.set noreorder
 410              	.set nomacro
 411 01a4 A6FF6011 	beq $11,$0,$L7
 412 01a8 26206400 	xor $4,$3,$4
 413              	.set macro
 414              	.set reorder
 415              	
 416              	$L14:
 417 01ac 1100A011 	beq $13,$0,$L8
 417      00000000 
 418 01b4 0000023C 	lui $2,%hi(crc_table)
 419 01b8 00004524 	addiu $5,$2,%lo(crc_table)
 420 01bc 00000000 	.p2align 3
 421              	$L9:
 422 01c0 00008391 	lbu $3,0($12)
 423 01c4 3C100400 	dsll $2,$4,32
 424 01c8 3F100200 	dsra $2,$2,32
 425 01cc FFFFAD25 	addu $13,$13,-1
 426 01d0 3A220400 	dsrl $4,$4,8
GAS LISTING  			page 13


 427 01d4 26104300 	xor $2,$2,$3
 428 01d8 01008C25 	addu $12,$12,1
 429 01dc FF004230 	andi $2,$2,0xff
 430 01e0 C0100200 	sll $2,$2,3
 431 01e4 21104500 	addu $2,$2,$5
 432 01e8 000043DC 	ld $3,0($2)
 433              	.set noreorder
 434              	.set nomacro
 435 01ec F4FFA015 	bne $13,$0,$L9
 436 01f0 26206400 	xor $4,$3,$4
 437              	.set macro
 438              	.set reorder
 439              	
 440              	$L8:
 441 01f4 FFFF023C 	dli $2,0xffffffff
 441      3E100200 
 442 01fc 26108200 	xor $2,$4,$2
 443              	$L15:
 444 0200 0800E003 	j $31
 444      00000000 
 445              	.end crc32
 446              	$Lfe2:
 447              	.size crc32,$Lfe2-crc32
 448              	.ident "GCC: (GNU) 3.2.2"
