GAS LISTING  			page 1


   1              	.file 1 "../../Source/common/snrom.cpp"
   2              	.section .mdebug.eabi64
   3              	.previous
   4              	.rdata
   5              	.align 3
   6              	$LC0:
   7 0000 4A617061 	.ascii "Japan\000"
   7      6E00
   8 0006 0000     	.align 3
   9              	$LC1:
  10 0008 55534100 	.ascii "USA\000"
  11 000c 00000000 	.align 3
  12              	$LC2:
  13 0010 41757374 	.ascii "Australia, Europe, Oceania and Asia\000"
  13      72616C69 
  13      612C2045 
  13      75726F70 
  13      652C204F 
  14 0034 00000000 	.align 3
  15              	$LC3:
  16 0038 53776564 	.ascii "Sweden\000"
  16      656E00
  17 003f 00       	.align 3
  18              	$LC4:
  19 0040 46696E6C 	.ascii "Finland\000"
  19      616E6400 
  20              	.align 3
  21              	$LC5:
  22 0048 44656E6D 	.ascii "Denmark\000"
  22      61726B00 
  23              	.align 3
  24              	$LC6:
  25 0050 4672616E 	.ascii "France\000"
  25      636500
  26 0057 00       	.align 3
  27              	$LC7:
  28 0058 486F6C6C 	.ascii "Holland\000"
  28      616E6400 
  29              	.align 3
  30              	$LC8:
  31 0060 53706169 	.ascii "Spain\000"
  31      6E00
  32 0066 0000     	.align 3
  33              	$LC9:
  34 0068 4765726D 	.ascii "Germany, Austria and Switzerland\000"
  34      616E792C 
  34      20417573 
  34      74726961 
  34      20616E64 
  35 0089 00000000 	.align 3
  35      000000
  36              	$LC10:
  37 0090 4974616C 	.ascii "Italy\000"
  37      7900
  38 0096 0000     	.align 3
  39              	$LC11:
  40 0098 486F6E67 	.ascii "Hong Kong and China\000"
GAS LISTING  			page 2


  40      204B6F6E 
  40      6720616E 
  40      64204368 
  40      696E6100 
  41 00ac 00000000 	.align 3
  42              	$LC12:
  43 00b0 496E646F 	.ascii "Indonesia\000"
  43      6E657369 
  43      6100
  44 00ba 00000000 	.align 3
  44      0000
  45              	$LC13:
  46 00c0 4B6F7265 	.ascii "Korea\000"
  46      6100
  47              	.data
  48              	.align 3
  49              	.type _SNRom_Country,@object
  50              	.size _SNRom_Country,112
  51              	_SNRom_Country:
  52 0000 00000000 	.word $LC0
  53 0004 00000000 	.word 0
  54 0008 08000000 	.word $LC1
  55 000c 00000000 	.word 0
  56 0010 10000000 	.word $LC2
  57 0014 01000000 	.word 1
  58 0018 38000000 	.word $LC3
  59 001c 01000000 	.word 1
  60 0020 40000000 	.word $LC4
  61 0024 01000000 	.word 1
  62 0028 48000000 	.word $LC5
  63 002c 01000000 	.word 1
  64 0030 50000000 	.word $LC6
  65 0034 01000000 	.word 1
  66 0038 58000000 	.word $LC7
  67 003c 01000000 	.word 1
  68 0040 60000000 	.word $LC8
  69 0044 01000000 	.word 1
  70 0048 68000000 	.word $LC9
  71 004c 01000000 	.word 1
  72 0050 90000000 	.word $LC10
  73 0054 01000000 	.word 1
  74 0058 98000000 	.word $LC11
  75 005c 01000000 	.word 1
  76 0060 B0000000 	.word $LC12
  77 0064 01000000 	.word 1
  78 0068 C0000000 	.word $LC13
  79 006c 01000000 	.word 1
  80              	.rdata
  81 00c6 0000     	.align 3
  82              	$LC14:
  83 00c8 4E696E74 	.ascii "Nintendo\000"
  83      656E646F 
  83      00
  84 00d1 00000000 	.align 3
  84      000000
  85              	$LC15:
  86 00d8 496D6167 	.ascii "Imagineer-Zoom\000"
GAS LISTING  			page 3


  86      696E6565 
  86      722D5A6F 
  86      6F6D00
  87 00e7 00       	.align 3
  88              	$LC16:
  89 00e8 5A616D75 	.ascii "Zamuse\000"
  89      736500
  90 00ef 00       	.align 3
  91              	$LC17:
  92 00f0 46616C63 	.ascii "Falcom\000"
  92      6F6D00
  93 00f7 00       	.align 3
  94              	$LC18:
  95 00f8 43617063 	.ascii "Capcom\000"
  95      6F6D00
  96 00ff 00       	.align 3
  97              	$LC19:
  98 0100 484F542D 	.ascii "HOT-B\000"
  98      4200
  99 0106 0000     	.align 3
 100              	$LC20:
 101 0108 4A616C65 	.ascii "Jaleco\000"
 101      636F00
 102 010f 00       	.align 3
 103              	$LC21:
 104 0110 436F636F 	.ascii "Coconuts\000"
 104      6E757473 
 104      00
 105 0119 00000000 	.align 3
 105      000000
 106              	$LC22:
 107 0120 52616765 	.ascii "Rage Software\000"
 107      20536F66 
 107      74776172 
 107      6500
 108 012e 0000     	.align 3
 109              	$LC23:
 110 0130 54656368 	.ascii "Technos\000"
 110      6E6F7300 
 111              	.align 3
 112              	$LC24:
 113 0138 4D656269 	.ascii "Mebio Software\000"
 113      6F20536F 
 113      66747761 
 113      726500
 114 0147 00       	.align 3
 115              	$LC25:
 116 0148 4772656D 	.ascii "Gremlin Graphics\000"
 116      6C696E20 
 116      47726170 
 116      68696373 
 116      00
 117 0159 00000000 	.align 3
 117      000000
 118              	$LC26:
 119 0160 456C6563 	.ascii "Electronic Arts\000"
 119      74726F6E 
GAS LISTING  			page 4


 119      69632041 
 119      72747300 
 120              	.align 3
 121              	$LC27:
 122 0170 434F4252 	.ascii "COBRA Team\000"
 122      41205465 
 122      616D00
 123 017b 00000000 	.align 3
 123      00
 124              	$LC28:
 125 0180 48756D61 	.ascii "Human/Field\000"
 125      6E2F4669 
 125      656C6400 
 126 018c 00000000 	.align 3
 127              	$LC29:
 128 0190 4B4F4549 	.ascii "KOEI\000"
 128      00
 129 0195 000000   	.align 3
 130              	$LC30:
 131 0198 48756473 	.ascii "Hudson Soft\000"
 131      6F6E2053 
 131      6F667400 
 132 01a4 00000000 	.align 3
 133              	$LC31:
 134 01a8 59616E6F 	.ascii "Yanoman\000"
 134      6D616E00 
 135              	.align 3
 136              	$LC32:
 137 01b0 5465636D 	.ascii "Tecmo\000"
 137      6F00
 138 01b6 0000     	.align 3
 139              	$LC33:
 140 01b8 4F70656E 	.ascii "Open System\000"
 140      20537973 
 140      74656D00 
 141 01c4 00000000 	.align 3
 142              	$LC34:
 143 01c8 56697267 	.ascii "Virgin Games\000"
 143      696E2047 
 143      616D6573 
 143      00
 144 01d5 000000   	.align 3
 145              	$LC35:
 146 01d8 4B535300 	.ascii "KSS\000"
 147 01dc 00000000 	.align 3
 148              	$LC36:
 149 01e0 53756E73 	.ascii "Sunsoft\000"
 149      6F667400 
 150              	.align 3
 151              	$LC37:
 152 01e8 504F5700 	.ascii "POW\000"
 153 01ec 00000000 	.align 3
 154              	$LC38:
 155 01f0 4D696372 	.ascii "Micro World\000"
 155      6F20576F 
 155      726C6400 
 156 01fc 00000000 	.align 3
GAS LISTING  			page 5


 157              	$LC39:
 158 0200 456E6978 	.ascii "Enix\000"
 158      00
 159 0205 000000   	.align 3
 160              	$LC40:
 161 0208 4C6F7269 	.ascii "Loriciel/Electro Brain\000"
 161      6369656C 
 161      2F456C65 
 161      6374726F 
 161      20427261 
 162 021f 00       	.align 3
 163              	$LC41:
 164 0220 4B656D63 	.ascii "Kemco\000"
 164      6F00
 165 0226 0000     	.align 3
 166              	$LC42:
 167 0228 53657461 	.ascii "Seta Co.,Ltd.\000"
 167      20436F2E 
 167      2C4C7464 
 167      2E00
 168 0236 0000     	.align 3
 169              	$LC43:
 170 0238 56697369 	.ascii "Visit Co.,Ltd.\000"
 170      7420436F 
 170      2E2C4C74 
 170      642E00
 171 0247 00       	.align 3
 172              	$LC44:
 173 0248 43617272 	.ascii "Carrozzeria\000"
 173      6F7A7A65 
 173      72696100 
 174 0254 00000000 	.align 3
 175              	$LC45:
 176 0258 44796E61 	.ascii "Dynamic\000"
 176      6D696300 
 177              	.align 3
 178              	$LC46:
 179 0260 4D616769 	.ascii "Magifact\000"
 179      66616374 
 179      00
 180 0269 00000000 	.align 3
 180      000000
 181              	$LC47:
 182 0270 48656374 	.ascii "Hect\000"
 182      00
 183 0275 000000   	.align 3
 184              	$LC48:
 185 0278 456D7069 	.ascii "Empire Software\000"
 185      72652053 
 185      6F667477 
 185      61726500 
 186              	.align 3
 187              	$LC49:
 188 0288 4C6F7269 	.ascii "Loriciel\000"
 188      6369656C 
 188      00
 189 0291 00000000 	.align 3
GAS LISTING  			page 6


 189      000000
 190              	$LC50:
 191 0298 5365696B 	.ascii "Seika Corp.\000"
 191      6120436F 
 191      72702E00 
 192 02a4 00000000 	.align 3
 193              	$LC51:
 194 02a8 55424920 	.ascii "UBI Soft\000"
 194      536F6674 
 194      00
 195 02b1 00000000 	.align 3
 195      000000
 196              	$LC52:
 197 02b8 53797374 	.ascii "System 3\000"
 197      656D2033 
 197      00
 198 02c1 00000000 	.align 3
 198      000000
 199              	$LC53:
 200 02c8 53706563 	.ascii "Spectrum Holobyte\000"
 200      7472756D 
 200      20486F6C 
 200      6F627974 
 200      6500
 201 02da 00000000 	.align 3
 201      0000
 202              	$LC54:
 203 02e0 4972656D 	.ascii "Irem\000"
 203      00
 204 02e5 000000   	.align 3
 205              	$LC55:
 206 02e8 52617961 	.ascii "Raya Systems/Sculptured Software\000"
 206      20537973 
 206      74656D73 
 206      2F536375 
 206      6C707475 
 207 0309 00000000 	.align 3
 207      000000
 208              	$LC56:
 209 0310 52656E6F 	.ascii "Renovation Products\000"
 209      76617469 
 209      6F6E2050 
 209      726F6475 
 209      63747300 
 210 0324 00000000 	.align 3
 211              	$LC57:
 212 0328 4D616C69 	.ascii "Malibu Games/Black Pearl\000"
 212      62752047 
 212      616D6573 
 212      2F426C61 
 212      636B2050 
 213 0341 00000000 	.align 3
 213      000000
 214              	$LC58:
 215 0348 552E532E 	.ascii "U.S. Gold\000"
 215      20476F6C 
 215      6400
GAS LISTING  			page 7


 216 0352 00000000 	.align 3
 216      0000
 217              	$LC59:
 218 0358 4162736F 	.ascii "Absolute Entertainment\000"
 218      6C757465 
 218      20456E74 
 218      65727461 
 218      696E6D65 
 219 036f 00       	.align 3
 220              	$LC60:
 221 0370 4163636C 	.ascii "Acclaim\000"
 221      61696D00 
 222              	.align 3
 223              	$LC61:
 224 0378 41637469 	.ascii "Activision\000"
 224      76697369 
 224      6F6E00
 225 0383 00000000 	.align 3
 225      00
 226              	$LC62:
 227 0388 416D6572 	.ascii "American Sammy\000"
 227      6963616E 
 227      2053616D 
 227      6D7900
 228 0397 00       	.align 3
 229              	$LC63:
 230 0398 47616D65 	.ascii "GameTek\000"
 230      54656B00 
 231              	.align 3
 232              	$LC64:
 233 03a0 48692054 	.ascii "Hi Tech Expressions\000"
 233      65636820 
 233      45787072 
 233      65737369 
 233      6F6E7300 
 234 03b4 00000000 	.align 3
 235              	$LC65:
 236 03b8 4C4A4E20 	.ascii "LJN Toys\000"
 236      546F7973 
 236      00
 237 03c1 00000000 	.align 3
 237      000000
 238              	$LC66:
 239 03c8 4D696E64 	.ascii "Mindscape\000"
 239      73636170 
 239      6500
 240 03d2 00000000 	.align 3
 240      0000
 241              	$LC67:
 242 03d8 54726164 	.ascii "Tradewest\000"
 242      65776573 
 242      7400
 243 03e2 00000000 	.align 3
 243      0000
 244              	$LC68:
 245 03e8 416D6572 	.ascii "American Softworks Corp.\000"
 245      6963616E 
GAS LISTING  			page 8


 245      20536F66 
 245      74776F72 
 245      6B732043 
 246 0401 00000000 	.align 3
 246      000000
 247              	$LC69:
 248 0408 54697475 	.ascii "Titus\000"
 248      7300
 249 040e 0000     	.align 3
 250              	$LC70:
 251 0410 56697267 	.ascii "Virgin Interactive Entertainment\000"
 251      696E2049 
 251      6E746572 
 251      61637469 
 251      76652045 
 252 0431 00000000 	.align 3
 252      000000
 253              	$LC71:
 254 0438 4D617869 	.ascii "Maxis\000"
 254      7300
 255 043e 0000     	.align 3
 256              	$LC72:
 257 0440 4F636561 	.ascii "Ocean\000"
 257      6E00
 258 0446 0000     	.align 3
 259              	$LC73:
 260 0448 4C617365 	.ascii "Laser Beam\000"
 260      72204265 
 260      616D00
 261 0453 00000000 	.align 3
 261      00
 262              	$LC74:
 263 0458 456C6974 	.ascii "Elite\000"
 263      6500
 264 045e 0000     	.align 3
 265              	$LC75:
 266 0460 456C6563 	.ascii "Electro Brain\000"
 266      74726F20 
 266      42726169 
 266      6E00
 267 046e 0000     	.align 3
 268              	$LC76:
 269 0470 496E666F 	.ascii "Infogrames\000"
 269      6772616D 
 269      657300
 270 047b 00000000 	.align 3
 270      00
 271              	$LC77:
 272 0480 496E7465 	.ascii "Interplay\000"
 272      72706C61 
 272      7900
 273 048a 00000000 	.align 3
 273      0000
 274              	$LC78:
 275 0490 4C756361 	.ascii "LucasArts\000"
 275      73417274 
 275      7300
GAS LISTING  			page 9


 276 049a 00000000 	.align 3
 276      0000
 277              	$LC79:
 278 04a0 5061726B 	.ascii "Parker Brothers\000"
 278      65722042 
 278      726F7468 
 278      65727300 
 279              	.align 3
 280              	$LC80:
 281 04b0 53544F52 	.ascii "STORM\000"
 281      4D00
 282 04b6 0000     	.align 3
 283              	$LC81:
 284 04b8 54485120 	.ascii "THQ Software\000"
 284      536F6674 
 284      77617265 
 284      00
 285 04c5 000000   	.align 3
 286              	$LC82:
 287 04c8 4163636F 	.ascii "Accolade Inc.\000"
 287      6C616465 
 287      20496E63 
 287      2E00
 288 04d6 0000     	.align 3
 289              	$LC83:
 290 04d8 54726966 	.ascii "Triffix Entertainment\000"
 290      66697820 
 290      456E7465 
 290      72746169 
 290      6E6D656E 
 291 04ee 0000     	.align 3
 292              	$LC84:
 293 04f0 4D696372 	.ascii "Microprose\000"
 293      6F70726F 
 293      736500
 294 04fb 00000000 	.align 3
 294      00
 295              	$LC85:
 296 0500 4D697361 	.ascii "Misawa\000"
 296      776100
 297 0507 00       	.align 3
 298              	$LC86:
 299 0508 54656963 	.ascii "Teichio\000"
 299      68696F00 
 300              	.align 3
 301              	$LC87:
 302 0510 4E616D63 	.ascii "Namco Ltd.\000"
 302      6F204C74 
 302      642E00
 303 051b 00000000 	.align 3
 303      00
 304              	$LC88:
 305 0520 4C6F7A63 	.ascii "Lozc\000"
 305      00
 306 0525 000000   	.align 3
 307              	$LC89:
 308 0528 4B6F6569 	.ascii "Koei\000"
GAS LISTING  			page 10


 308      00
 309 052d 000000   	.align 3
 310              	$LC90:
 311 0530 546F6B75 	.ascii "Tokuma Shoten Intermedia\000"
 311      6D612053 
 311      686F7465 
 311      6E20496E 
 311      7465726D 
 312 0549 00000000 	.align 3
 312      000000
 313              	$LC91:
 314 0550 44415441 	.ascii "DATAM-Polystar\000"
 314      4D2D506F 
 314      6C797374 
 314      617200
 315 055f 00       	.align 3
 316              	$LC92:
 317 0560 42756C6C 	.ascii "Bullet-Proof Software\000"
 317      65742D50 
 317      726F6F66 
 317      20536F66 
 317      74776172 
 318 0576 0000     	.align 3
 319              	$LC93:
 320 0578 56696320 	.ascii "Vic Tokai\000"
 320      546F6B61 
 320      6900
 321 0582 00000000 	.align 3
 321      0000
 322              	$LC94:
 323 0588 43686172 	.ascii "Character Soft\000"
 323      61637465 
 323      7220536F 
 323      667400
 324 0597 00       	.align 3
 325              	$LC95:
 326 0598 4927274D 	.ascii "I''Max\000"
 326      617800
 327 059f 00       	.align 3
 328              	$LC96:
 329 05a0 54616B61 	.ascii "Takara\000"
 329      726100
 330 05a7 00       	.align 3
 331              	$LC97:
 332 05a8 4348554E 	.ascii "CHUN Soft\000"
 332      20536F66 
 332      7400
 333 05b2 00000000 	.align 3
 333      0000
 334              	$LC98:
 335 05b8 56696465 	.ascii "Video System Co., Ltd.\000"
 335      6F205379 
 335      7374656D 
 335      20436F2E 
 335      2C204C74 
 336 05cf 00       	.align 3
 337              	$LC99:
GAS LISTING  			page 11


 338 05d0 42454300 	.ascii "BEC\000"
 339 05d4 00000000 	.align 3
 340              	$LC100:
 341 05d8 56617269 	.ascii "Varie\000"
 341      6500
 342 05de 0000     	.align 3
 343              	$LC101:
 344 05e0 4B616E65 	.ascii "Kaneco\000"
 344      636F00
 345 05e7 00       	.align 3
 346              	$LC102:
 347 05e8 5061636B 	.ascii "Pack in Video\000"
 347      20696E20 
 347      56696465 
 347      6F00
 348 05f6 0000     	.align 3
 349              	$LC103:
 350 05f8 4E696368 	.ascii "Nichibutsu\000"
 350      69627574 
 350      737500
 351 0603 00000000 	.align 3
 351      00
 352              	$LC104:
 353 0608 5445434D 	.ascii "TECMO\000"
 353      4F00
 354 060e 0000     	.align 3
 355              	$LC105:
 356 0610 496D6167 	.ascii "Imagineer Co.\000"
 356      696E6565 
 356      7220436F 
 356      2E00
 357 061e 0000     	.align 3
 358              	$LC106:
 359 0620 54656C65 	.ascii "Telenet\000"
 359      6E657400 
 360              	.align 3
 361              	$LC107:
 362 0628 4B6F6E61 	.ascii "Konami\000"
 362      6D6900
 363 062f 00       	.align 3
 364              	$LC108:
 365 0630 4B2E416D 	.ascii "K.Amusement Leasing Co.\000"
 365      7573656D 
 365      656E7420 
 365      4C656173 
 365      696E6720 
 366              	.align 3
 367              	$LC109:
 368 0648 54656368 	.ascii "Technos Jap.\000"
 368      6E6F7320 
 368      4A61702E 
 368      00
 369 0655 000000   	.align 3
 370              	$LC110:
 371 0658 4A564300 	.ascii "JVC\000"
 372 065c 00000000 	.align 3
 373              	$LC111:
GAS LISTING  			page 12


 374 0660 546F6569 	.ascii "Toei Animation\000"
 374      20416E69 
 374      6D617469 
 374      6F6E00
 375 066f 00       	.align 3
 376              	$LC112:
 377 0670 546F686F 	.ascii "Toho\000"
 377      00
 378 0675 000000   	.align 3
 379              	$LC113:
 380 0678 41534349 	.ascii "ASCII Co. Activison\000"
 380      4920436F 
 380      2E204163 
 380      74697669 
 380      736F6E00 
 381 068c 00000000 	.align 3
 382              	$LC114:
 383 0690 42616E44 	.ascii "BanDai America\000"
 383      61692041 
 383      6D657269 
 383      636100
 384 069f 00       	.align 3
 385              	$LC115:
 386 06a0 48616C6B 	.ascii "Halken\000"
 386      656E00
 387 06a7 00       	.align 3
 388              	$LC116:
 389 06a8 43756C74 	.ascii "Culture Brain\000"
 389      75726520 
 389      42726169 
 389      6E00
 390 06b6 0000     	.align 3
 391              	$LC117:
 392 06b8 546F7368 	.ascii "Toshiba EMI\000"
 392      69626120 
 392      454D4900 
 393 06c4 00000000 	.align 3
 394              	$LC118:
 395 06c8 536F6E79 	.ascii "Sony Imagesoft\000"
 395      20496D61 
 395      6765736F 
 395      667400
 396 06d7 00       	.align 3
 397              	$LC119:
 398 06d8 53616D6D 	.ascii "Sammy\000"
 398      7900
 399 06de 0000     	.align 3
 400              	$LC120:
 401 06e0 54616974 	.ascii "Taito\000"
 401      6F00
 402 06e6 0000     	.align 3
 403              	$LC121:
 404 06e8 53717561 	.ascii "Square\000"
 404      726500
 405 06ef 00       	.align 3
 406              	$LC122:
 407 06f0 546F6B75 	.ascii "Tokuma Soft\000"
GAS LISTING  			page 13


 407      6D612053 
 407      6F667400 
 408 06fc 00000000 	.align 3
 409              	$LC123:
 410 0700 44617461 	.ascii "Data East\000"
 410      20456173 
 410      7400
 411 070a 00000000 	.align 3
 411      0000
 412              	$LC124:
 413 0710 546F6E6B 	.ascii "Tonkin House\000"
 413      696E2048 
 413      6F757365 
 413      00
 414 071d 000000   	.align 3
 415              	$LC125:
 416 0720 4B6F6E61 	.ascii "Konami USA\000"
 416      6D692055 
 416      534100
 417 072b 00000000 	.align 3
 417      00
 418              	$LC126:
 419 0730 4E545649 	.ascii "NTVIC\000"
 419      4300
 420 0736 0000     	.align 3
 421              	$LC127:
 422 0738 4D656C64 	.ascii "Meldac\000"
 422      616300
 423 073f 00       	.align 3
 424              	$LC128:
 425 0740 506F6E79 	.ascii "Pony Canyon\000"
 425      2043616E 
 425      796F6E00 
 426 074c 00000000 	.align 3
 427              	$LC129:
 428 0750 536F7473 	.ascii "Sotsu Agency/Sunrise\000"
 428      75204167 
 428      656E6379 
 428      2F53756E 
 428      72697365 
 429 0765 000000   	.align 3
 430              	$LC130:
 431 0768 44697363 	.ascii "Disco/Taito\000"
 431      6F2F5461 
 431      69746F00 
 432 0774 00000000 	.align 3
 433              	$LC131:
 434 0778 536F6665 	.ascii "Sofel\000"
 434      6C00
 435 077e 0000     	.align 3
 436              	$LC132:
 437 0780 51756573 	.ascii "Quest Corp.\000"
 437      7420436F 
 437      72702E00 
 438 078c 00000000 	.align 3
 439              	$LC133:
 440 0790 5369676D 	.ascii "Sigma\000"
GAS LISTING  			page 14


 440      6100
 441 0796 0000     	.align 3
 442              	$LC134:
 443 0798 4E617861 	.ascii "Naxat\000"
 443      7400
 444 079e 0000     	.align 3
 445              	$LC135:
 446 07a0 43617063 	.ascii "Capcom Co., Ltd.\000"
 446      6F6D2043 
 446      6F2E2C20 
 446      4C74642E 
 446      00
 447 07b1 00000000 	.align 3
 447      000000
 448              	$LC136:
 449 07b8 42616E70 	.ascii "Banpresto\000"
 449      72657374 
 449      6F00
 450 07c2 00000000 	.align 3
 450      0000
 451              	$LC137:
 452 07c8 546F6D79 	.ascii "Tomy\000"
 452      00
 453 07cd 000000   	.align 3
 454              	$LC138:
 455 07d0 4E435300 	.ascii "NCS\000"
 456 07d4 00000000 	.align 3
 457              	$LC139:
 458 07d8 48756D61 	.ascii "Human Entertainment\000"
 458      6E20456E 
 458      74657274 
 458      61696E6D 
 458      656E7400 
 459 07ec 00000000 	.align 3
 460              	$LC140:
 461 07f0 416C7472 	.ascii "Altron\000"
 461      6F6E00
 462 07f7 00       	.align 3
 463              	$LC141:
 464 07f8 59757461 	.ascii "Yutaka\000"
 464      6B6100
 465 07ff 00       	.align 3
 466              	$LC142:
 467 0800 54264553 	.ascii "T&ESoft\000"
 467      6F667400 
 468              	.align 3
 469              	$LC143:
 470 0808 45504F43 	.ascii "EPOCH Co.,Ltd.\000"
 470      4820436F 
 470      2E2C4C74 
 470      642E00
 471 0817 00       	.align 3
 472              	$LC144:
 473 0818 41746865 	.ascii "Athena\000"
 473      6E6100
 474 081f 00       	.align 3
 475              	$LC145:
GAS LISTING  			page 15


 476 0820 41736D69 	.ascii "Asmik\000"
 476      6B00
 477 0826 0000     	.align 3
 478              	$LC146:
 479 0828 4E617473 	.ascii "Natsume\000"
 479      756D6500 
 480              	.align 3
 481              	$LC147:
 482 0830 4B696E67 	.ascii "King Records\000"
 482      20526563 
 482      6F726473 
 482      00
 483 083d 000000   	.align 3
 484              	$LC148:
 485 0840 41746C75 	.ascii "Atlus\000"
 485      7300
 486 0846 0000     	.align 3
 487              	$LC149:
 488 0848 536F6E79 	.ascii "Sony Music Entertainment\000"
 488      204D7573 
 488      69632045 
 488      6E746572 
 488      7461696E 
 489 0861 00000000 	.align 3
 489      000000
 490              	$LC150:
 491 0868 49475300 	.ascii "IGS\000"
 492 086c 00000000 	.align 3
 493              	$LC151:
 494 0870 4D6F746F 	.ascii "Motown Software\000"
 494      776E2053 
 494      6F667477 
 494      61726500 
 495              	.align 3
 496              	$LC152:
 497 0880 4C656674 	.ascii "Left Field Entertainment\000"
 497      20466965 
 497      6C642045 
 497      6E746572 
 497      7461696E 
 498 0899 00000000 	.align 3
 498      000000
 499              	$LC153:
 500 08a0 4265616D 	.ascii "Beam Software\000"
 500      20536F66 
 500      74776172 
 500      6500
 501 08ae 0000     	.align 3
 502              	$LC154:
 503 08b0 54656320 	.ascii "Tec Magik\000"
 503      4D616769 
 503      6B00
 504 08ba 00000000 	.align 3
 504      0000
 505              	$LC155:
 506 08c0 43796265 	.ascii "Cybersoft\000"
 506      72736F66 
GAS LISTING  			page 16


 506      7400
 507              	.data
 508              	.align 3
 509              	.type _SNRom_License,@object
 510              	.size _SNRom_License,1240
 511              	_SNRom_License:
 512 0070 01       	.byte 1
 513 0071 000000   	.space 3
 514 0074 C8000000 	.word $LC14
 515 0078 03       	.byte 3
 516 0079 000000   	.space 3
 517 007c D8000000 	.word $LC15
 518 0080 05       	.byte 5
 519 0081 000000   	.space 3
 520 0084 E8000000 	.word $LC16
 521 0088 06       	.byte 6
 522 0089 000000   	.space 3
 523 008c F0000000 	.word $LC17
 524 0090 08       	.byte 8
 525 0091 000000   	.space 3
 526 0094 F8000000 	.word $LC18
 527 0098 09       	.byte 9
 528 0099 000000   	.space 3
 529 009c 00010000 	.word $LC19
 530 00a0 0A       	.byte 10
 531 00a1 000000   	.space 3
 532 00a4 08010000 	.word $LC20
 533 00a8 0B       	.byte 11
 534 00a9 000000   	.space 3
 535 00ac 10010000 	.word $LC21
 536 00b0 0C       	.byte 12
 537 00b1 000000   	.space 3
 538 00b4 20010000 	.word $LC22
 539 00b8 0E       	.byte 14
 540 00b9 000000   	.space 3
 541 00bc 30010000 	.word $LC23
 542 00c0 0F       	.byte 15
 543 00c1 000000   	.space 3
 544 00c4 38010000 	.word $LC24
 545 00c8 12       	.byte 18
 546 00c9 000000   	.space 3
 547 00cc 48010000 	.word $LC25
 548 00d0 13       	.byte 19
 549 00d1 000000   	.space 3
 550 00d4 60010000 	.word $LC26
 551 00d8 15       	.byte 21
 552 00d9 000000   	.space 3
 553 00dc 70010000 	.word $LC27
 554 00e0 16       	.byte 22
 555 00e1 000000   	.space 3
 556 00e4 80010000 	.word $LC28
 557 00e8 17       	.byte 23
 558 00e9 000000   	.space 3
 559 00ec 90010000 	.word $LC29
 560 00f0 18       	.byte 24
 561 00f1 000000   	.space 3
 562 00f4 98010000 	.word $LC30
GAS LISTING  			page 17


 563 00f8 1A       	.byte 26
 564 00f9 000000   	.space 3
 565 00fc A8010000 	.word $LC31
 566 0100 1C       	.byte 28
 567 0101 000000   	.space 3
 568 0104 B0010000 	.word $LC32
 569 0108 1E       	.byte 30
 570 0109 000000   	.space 3
 571 010c B8010000 	.word $LC33
 572 0110 1F       	.byte 31
 573 0111 000000   	.space 3
 574 0114 C8010000 	.word $LC34
 575 0118 20       	.byte 32
 576 0119 000000   	.space 3
 577 011c D8010000 	.word $LC35
 578 0120 21       	.byte 33
 579 0121 000000   	.space 3
 580 0124 E0010000 	.word $LC36
 581 0128 22       	.byte 34
 582 0129 000000   	.space 3
 583 012c E8010000 	.word $LC37
 584 0130 23       	.byte 35
 585 0131 000000   	.space 3
 586 0134 F0010000 	.word $LC38
 587 0138 26       	.byte 38
 588 0139 000000   	.space 3
 589 013c 00020000 	.word $LC39
 590 0140 27       	.byte 39
 591 0141 000000   	.space 3
 592 0144 08020000 	.word $LC40
 593 0148 28       	.byte 40
 594 0149 000000   	.space 3
 595 014c 20020000 	.word $LC41
 596 0150 29       	.byte 41
 597 0151 000000   	.space 3
 598 0154 28020000 	.word $LC42
 599 0158 2D       	.byte 45
 600 0159 000000   	.space 3
 601 015c 38020000 	.word $LC43
 602 0160 31       	.byte 49
 603 0161 000000   	.space 3
 604 0164 48020000 	.word $LC44
 605 0168 32       	.byte 50
 606 0169 000000   	.space 3
 607 016c 58020000 	.word $LC45
 608 0170 33       	.byte 51
 609 0171 000000   	.space 3
 610 0174 C8000000 	.word $LC14
 611 0178 34       	.byte 52
 612 0179 000000   	.space 3
 613 017c 60020000 	.word $LC46
 614 0180 35       	.byte 53
 615 0181 000000   	.space 3
 616 0184 70020000 	.word $LC47
 617 0188 3C       	.byte 60
 618 0189 000000   	.space 3
 619 018c 78020000 	.word $LC48
GAS LISTING  			page 18


 620 0190 3D       	.byte 61
 621 0191 000000   	.space 3
 622 0194 88020000 	.word $LC49
 623 0198 40       	.byte 64
 624 0199 000000   	.space 3
 625 019c 98020000 	.word $LC50
 626 01a0 41       	.byte 65
 627 01a1 000000   	.space 3
 628 01a4 A8020000 	.word $LC51
 629 01a8 46       	.byte 70
 630 01a9 000000   	.space 3
 631 01ac B8020000 	.word $LC52
 632 01b0 47       	.byte 71
 633 01b1 000000   	.space 3
 634 01b4 C8020000 	.word $LC53
 635 01b8 49       	.byte 73
 636 01b9 000000   	.space 3
 637 01bc E0020000 	.word $LC54
 638 01c0 4B       	.byte 75
 639 01c1 000000   	.space 3
 640 01c4 E8020000 	.word $LC55
 641 01c8 4C       	.byte 76
 642 01c9 000000   	.space 3
 643 01cc 10030000 	.word $LC56
 644 01d0 4D       	.byte 77
 645 01d1 000000   	.space 3
 646 01d4 28030000 	.word $LC57
 647 01d8 4F       	.byte 79
 648 01d9 000000   	.space 3
 649 01dc 48030000 	.word $LC58
 650 01e0 50       	.byte 80
 651 01e1 000000   	.space 3
 652 01e4 58030000 	.word $LC59
 653 01e8 51       	.byte 81
 654 01e9 000000   	.space 3
 655 01ec 70030000 	.word $LC60
 656 01f0 52       	.byte 82
 657 01f1 000000   	.space 3
 658 01f4 78030000 	.word $LC61
 659 01f8 53       	.byte 83
 660 01f9 000000   	.space 3
 661 01fc 88030000 	.word $LC62
 662 0200 54       	.byte 84
 663 0201 000000   	.space 3
 664 0204 98030000 	.word $LC63
 665 0208 55       	.byte 85
 666 0209 000000   	.space 3
 667 020c A0030000 	.word $LC64
 668 0210 56       	.byte 86
 669 0211 000000   	.space 3
 670 0214 B8030000 	.word $LC65
 671 0218 5A       	.byte 90
 672 0219 000000   	.space 3
 673 021c C8030000 	.word $LC66
 674 0220 5D       	.byte 93
 675 0221 000000   	.space 3
 676 0224 D8030000 	.word $LC67
GAS LISTING  			page 19


 677 0228 5F       	.byte 95
 678 0229 000000   	.space 3
 679 022c E8030000 	.word $LC68
 680 0230 60       	.byte 96
 681 0231 000000   	.space 3
 682 0234 08040000 	.word $LC69
 683 0238 61       	.byte 97
 684 0239 000000   	.space 3
 685 023c 10040000 	.word $LC70
 686 0240 62       	.byte 98
 687 0241 000000   	.space 3
 688 0244 38040000 	.word $LC71
 689 0248 67       	.byte 103
 690 0249 000000   	.space 3
 691 024c 40040000 	.word $LC72
 692 0250 69       	.byte 105
 693 0251 000000   	.space 3
 694 0254 60010000 	.word $LC26
 695 0258 6B       	.byte 107
 696 0259 000000   	.space 3
 697 025c 48040000 	.word $LC73
 698 0260 6E       	.byte 110
 699 0261 000000   	.space 3
 700 0264 58040000 	.word $LC74
 701 0268 6F       	.byte 111
 702 0269 000000   	.space 3
 703 026c 60040000 	.word $LC75
 704 0270 70       	.byte 112
 705 0271 000000   	.space 3
 706 0274 70040000 	.word $LC76
 707 0278 71       	.byte 113
 708 0279 000000   	.space 3
 709 027c 80040000 	.word $LC77
 710 0280 72       	.byte 114
 711 0281 000000   	.space 3
 712 0284 90040000 	.word $LC78
 713 0288 73       	.byte 115
 714 0289 000000   	.space 3
 715 028c A0040000 	.word $LC79
 716 0290 75       	.byte 117
 717 0291 000000   	.space 3
 718 0294 B0040000 	.word $LC80
 719 0298 78       	.byte 120
 720 0299 000000   	.space 3
 721 029c B8040000 	.word $LC81
 722 02a0 79       	.byte 121
 723 02a1 000000   	.space 3
 724 02a4 C8040000 	.word $LC82
 725 02a8 7A       	.byte 122
 726 02a9 000000   	.space 3
 727 02ac D8040000 	.word $LC83
 728 02b0 7C       	.byte 124
 729 02b1 000000   	.space 3
 730 02b4 F0040000 	.word $LC84
 731 02b8 7F       	.byte 127
 732 02b9 000000   	.space 3
 733 02bc 20020000 	.word $LC41
GAS LISTING  			page 20


 734 02c0 80       	.byte -128
 735 02c1 000000   	.space 3
 736 02c4 00050000 	.word $LC85
 737 02c8 81       	.byte -127
 738 02c9 000000   	.space 3
 739 02cc 08050000 	.word $LC86
 740 02d0 82       	.byte -126
 741 02d1 000000   	.space 3
 742 02d4 10050000 	.word $LC87
 743 02d8 83       	.byte -125
 744 02d9 000000   	.space 3
 745 02dc 20050000 	.word $LC88
 746 02e0 84       	.byte -124
 747 02e1 000000   	.space 3
 748 02e4 28050000 	.word $LC89
 749 02e8 86       	.byte -122
 750 02e9 000000   	.space 3
 751 02ec 30050000 	.word $LC90
 752 02f0 88       	.byte -120
 753 02f1 000000   	.space 3
 754 02f4 50050000 	.word $LC91
 755 02f8 8B       	.byte -117
 756 02f9 000000   	.space 3
 757 02fc 60050000 	.word $LC92
 758 0300 8C       	.byte -116
 759 0301 000000   	.space 3
 760 0304 78050000 	.word $LC93
 761 0308 8E       	.byte -114
 762 0309 000000   	.space 3
 763 030c 88050000 	.word $LC94
 764 0310 8F       	.byte -113
 765 0311 000000   	.space 3
 766 0314 98050000 	.word $LC95
 767 0318 90       	.byte -112
 768 0319 000000   	.space 3
 769 031c A0050000 	.word $LC96
 770 0320 91       	.byte -111
 771 0321 000000   	.space 3
 772 0324 A8050000 	.word $LC97
 773 0328 92       	.byte -110
 774 0329 000000   	.space 3
 775 032c B8050000 	.word $LC98
 776 0330 93       	.byte -109
 777 0331 000000   	.space 3
 778 0334 D0050000 	.word $LC99
 779 0338 95       	.byte -107
 780 0339 000000   	.space 3
 781 033c D8050000 	.word $LC100
 782 0340 97       	.byte -105
 783 0341 000000   	.space 3
 784 0344 E0050000 	.word $LC101
 785 0348 99       	.byte -103
 786 0349 000000   	.space 3
 787 034c E8050000 	.word $LC102
 788 0350 9A       	.byte -102
 789 0351 000000   	.space 3
 790 0354 F8050000 	.word $LC103
GAS LISTING  			page 21


 791 0358 9B       	.byte -101
 792 0359 000000   	.space 3
 793 035c 08060000 	.word $LC104
 794 0360 9C       	.byte -100
 795 0361 000000   	.space 3
 796 0364 10060000 	.word $LC105
 797 0368 A0       	.byte -96
 798 0369 000000   	.space 3
 799 036c 20060000 	.word $LC106
 800 0370 A4       	.byte -92
 801 0371 000000   	.space 3
 802 0374 28060000 	.word $LC107
 803 0378 A5       	.byte -91
 804 0379 000000   	.space 3
 805 037c 30060000 	.word $LC108
 806 0380 A7       	.byte -89
 807 0381 000000   	.space 3
 808 0384 A0050000 	.word $LC96
 809 0388 A9       	.byte -87
 810 0389 000000   	.space 3
 811 038c 48060000 	.word $LC109
 812 0390 AA       	.byte -86
 813 0391 000000   	.space 3
 814 0394 58060000 	.word $LC110
 815 0398 AC       	.byte -84
 816 0399 000000   	.space 3
 817 039c 60060000 	.word $LC111
 818 03a0 AD       	.byte -83
 819 03a1 000000   	.space 3
 820 03a4 70060000 	.word $LC112
 821 03a8 AF       	.byte -81
 822 03a9 000000   	.space 3
 823 03ac 10050000 	.word $LC87
 824 03b0 B1       	.byte -79
 825 03b1 000000   	.space 3
 826 03b4 78060000 	.word $LC113
 827 03b8 B2       	.byte -78
 828 03b9 000000   	.space 3
 829 03bc 90060000 	.word $LC114
 830 03c0 B4       	.byte -76
 831 03c1 000000   	.space 3
 832 03c4 00020000 	.word $LC39
 833 03c8 B6       	.byte -74
 834 03c9 000000   	.space 3
 835 03cc A0060000 	.word $LC115
 836 03d0 BA       	.byte -70
 837 03d1 000000   	.space 3
 838 03d4 A8060000 	.word $LC116
 839 03d8 BB       	.byte -69
 840 03d9 000000   	.space 3
 841 03dc E0010000 	.word $LC36
 842 03e0 BC       	.byte -68
 843 03e1 000000   	.space 3
 844 03e4 B8060000 	.word $LC117
 845 03e8 BD       	.byte -67
 846 03e9 000000   	.space 3
 847 03ec C8060000 	.word $LC118
GAS LISTING  			page 22


 848 03f0 BF       	.byte -65
 849 03f1 000000   	.space 3
 850 03f4 D8060000 	.word $LC119
 851 03f8 C0       	.byte -64
 852 03f9 000000   	.space 3
 853 03fc E0060000 	.word $LC120
 854 0400 C2       	.byte -62
 855 0401 000000   	.space 3
 856 0404 20020000 	.word $LC41
 857 0408 C3       	.byte -61
 858 0409 000000   	.space 3
 859 040c E8060000 	.word $LC121
 860 0410 C4       	.byte -60
 861 0411 000000   	.space 3
 862 0414 F0060000 	.word $LC122
 863 0418 C5       	.byte -59
 864 0419 000000   	.space 3
 865 041c 00070000 	.word $LC123
 866 0420 C6       	.byte -58
 867 0421 000000   	.space 3
 868 0424 10070000 	.word $LC124
 869 0428 C8       	.byte -56
 870 0429 000000   	.space 3
 871 042c 90010000 	.word $LC29
 872 0430 CA       	.byte -54
 873 0431 000000   	.space 3
 874 0434 20070000 	.word $LC125
 875 0438 CB       	.byte -53
 876 0439 000000   	.space 3
 877 043c 30070000 	.word $LC126
 878 0440 CD       	.byte -51
 879 0441 000000   	.space 3
 880 0444 38070000 	.word $LC127
 881 0448 CE       	.byte -50
 882 0449 000000   	.space 3
 883 044c 40070000 	.word $LC128
 884 0450 CF       	.byte -49
 885 0451 000000   	.space 3
 886 0454 50070000 	.word $LC129
 887 0458 D0       	.byte -48
 888 0459 000000   	.space 3
 889 045c 68070000 	.word $LC130
 890 0460 D1       	.byte -47
 891 0461 000000   	.space 3
 892 0464 78070000 	.word $LC131
 893 0468 D2       	.byte -46
 894 0469 000000   	.space 3
 895 046c 80070000 	.word $LC132
 896 0470 D3       	.byte -45
 897 0471 000000   	.space 3
 898 0474 90070000 	.word $LC133
 899 0478 D6       	.byte -42
 900 0479 000000   	.space 3
 901 047c 98070000 	.word $LC134
 902 0480 D8       	.byte -40
 903 0481 000000   	.space 3
 904 0484 A0070000 	.word $LC135
GAS LISTING  			page 23


 905 0488 D9       	.byte -39
 906 0489 000000   	.space 3
 907 048c B8070000 	.word $LC136
 908 0490 DA       	.byte -38
 909 0491 000000   	.space 3
 910 0494 C8070000 	.word $LC137
 911 0498 DB       	.byte -37
 912 0499 000000   	.space 3
 913 049c 70030000 	.word $LC60
 914 04a0 DD       	.byte -35
 915 04a1 000000   	.space 3
 916 04a4 D0070000 	.word $LC138
 917 04a8 DE       	.byte -34
 918 04a9 000000   	.space 3
 919 04ac D8070000 	.word $LC139
 920 04b0 DF       	.byte -33
 921 04b1 000000   	.space 3
 922 04b4 F0070000 	.word $LC140
 923 04b8 E0       	.byte -32
 924 04b9 000000   	.space 3
 925 04bc 08010000 	.word $LC20
 926 04c0 E2       	.byte -30
 927 04c1 000000   	.space 3
 928 04c4 F8070000 	.word $LC141
 929 04c8 E4       	.byte -28
 930 04c9 000000   	.space 3
 931 04cc 00080000 	.word $LC142
 932 04d0 E5       	.byte -27
 933 04d1 000000   	.space 3
 934 04d4 08080000 	.word $LC143
 935 04d8 E7       	.byte -25
 936 04d9 000000   	.space 3
 937 04dc 18080000 	.word $LC144
 938 04e0 E8       	.byte -24
 939 04e1 000000   	.space 3
 940 04e4 20080000 	.word $LC145
 941 04e8 E9       	.byte -23
 942 04e9 000000   	.space 3
 943 04ec 28080000 	.word $LC146
 944 04f0 EA       	.byte -22
 945 04f1 000000   	.space 3
 946 04f4 30080000 	.word $LC147
 947 04f8 EB       	.byte -21
 948 04f9 000000   	.space 3
 949 04fc 40080000 	.word $LC148
 950 0500 EC       	.byte -20
 951 0501 000000   	.space 3
 952 0504 48080000 	.word $LC149
 953 0508 EE       	.byte -18
 954 0509 000000   	.space 3
 955 050c 68080000 	.word $LC150
 956 0510 F1       	.byte -15
 957 0511 000000   	.space 3
 958 0514 70080000 	.word $LC151
 959 0518 F2       	.byte -14
 960 0519 000000   	.space 3
 961 051c 80080000 	.word $LC152
GAS LISTING  			page 24


 962 0520 F3       	.byte -13
 963 0521 000000   	.space 3
 964 0524 A0080000 	.word $LC153
 965 0528 F4       	.byte -12
 966 0529 000000   	.space 3
 967 052c B0080000 	.word $LC154
 968 0530 F9       	.byte -7
 969 0531 000000   	.space 3
 970 0534 C0080000 	.word $LC155
 971 0538 FF       	.byte -1
 972 0539 000000   	.space 3
 973 053c 98010000 	.word $LC30
 974 0540 00       	.byte 0
 975 0541 000000   	.space 3
 976 0544 00000000 	.word 0
 977              	.text
 978              	.align 2
 979              	.p2align 3,,7
 980              	.ent _Z16_SNRomGetCountryh
 981              	_Z16_SNRomGetCountryh:
 982              	.frame $sp,0,$31
 983              	.mask 0x00000000,0
 984              	.fmask 0x00000000,0
 985 0000 FF008430 	andi $4,$4,0x00ff
 986 0004 0000023C 	lui $2,%hi(_SNRom_Country)
 987 0008 C0180400 	sll $3,$4,3
 988 000c 00004224 	addiu $2,$2,%lo(_SNRom_Country)
 989 0010 0E00842C 	sltu $4,$4,14
 990              	.set noreorder
 991              	.set nomacro
 992 0014 02008014 	bne $4,$0,$L4
 993 0018 21106200 	addu $2,$3,$2
 994              	.set macro
 995              	.set reorder
 996              	
 997 001c 2D100000 	move $2,$0
 998              	$L4:
 999 0020 0800E003 	j $31
 999      00000000 
 1000              	.end _Z16_SNRomGetCountryh
 1001              	$Lfe1:
 1002              	.size _Z16_SNRomGetCountryh,$Lfe1-_Z16_SNRomGetCountryh
 1003              	.align 2
 1004              	.p2align 3,,7
 1005              	.ent _Z16_SNRomGetLicenseh
 1006              	_Z16_SNRomGetLicenseh:
 1007              	.frame $sp,0,$31
 1008              	.mask 0x00000000,0
 1009              	.fmask 0x00000000,0
 1010 0028 0000023C 	lui $2,%hi(_SNRom_License)
 1011 002c 70004324 	addiu $3,$2,%lo(_SNRom_License)
 1012 0030 0400628C 	lw $2,4($3)
 1013              	
 1014              	.set noreorder
 1015              	.set nomacro
 1016 0034 08004010 	beq $2,$0,$L12
 1017 0038 FF008430 	andi $4,$4,0x00ff
GAS LISTING  			page 25


 1018              	.set macro
 1019              	.set reorder
 1020              	
 1021 003c 00006290 	lbu $2,0($3)
 1022              	$L13:
 1023              	.set noreorder
 1024              	.set nomacro
 1025 0040 06004410 	beq $2,$4,$L5
 1026 0044 2D286000 	move $5,$3
 1027              	.set macro
 1028              	.set reorder
 1029              	
 1030 0048 08006324 	addu $3,$3,8
 1031 004c 0400628C 	lw $2,4($3)
 1032              	
 1033              	.set noreorder
 1034              	.set nomacro
 1035 0050 FBFF4054 	bnel $2,$0,$L13
 1036 0054 00006290 	lbu $2,0($3)
 1037              	.set macro
 1038              	.set reorder
 1039              	
 1040              	$L12:
 1041 0058 2D280000 	move $5,$0
 1042              	$L5:
 1043              	.set noreorder
 1044              	.set nomacro
 1045 005c 0800E003 	j $31
 1046 0060 2D10A000 	move $2,$5
 1047              	.set macro
 1048              	.set reorder
 1049              	
 1050              	.end _Z16_SNRomGetLicenseh
 1051              	$Lfe2:
 1052              	.size _Z16_SNRomGetLicenseh,$Lfe2-_Z16_SNRomGetLicenseh
 1053              	.align 2
 1054 0064 00000000 	.p2align 3,,7
 1055              	.globl _ZN7SnesRom15SNRomGetHdrTypeEP9SNRomHdrU
 1056              	.ent _ZN7SnesRom15SNRomGetHdrTypeEP9SNRomHdrU
 1057              	_ZN7SnesRom15SNRomGetHdrTypeEP9SNRomHdrU:
 1058              	.frame $sp,0,$31
 1059              	.mask 0x00000000,0
 1060              	.fmask 0x00000000,0
 1061 0068 08008394 	lhu $3,8($4)
 1062 006c AABB0234 	li $2,48042
 1063              	.set noreorder
 1064              	.set nomacro
 1065 0070 05006210 	beq $3,$2,$L16
 1066 0074 01000524 	li $5,1
 1067              	.set macro
 1068              	.set reorder
 1069              	
 1070 0078 2D280000 	move $5,$0
 1071              	$L17:
 1072              	.set noreorder
 1073              	.set nomacro
 1074 007c 0800E003 	j $31
GAS LISTING  			page 26


 1075 0080 2D10A000 	move $2,$5
 1076              	.set macro
 1077              	.set reorder
 1078              	
 1079 0084 00000000 	.p2align 3
 1080              	$L16:
 1081 0088 0A008390 	lbu $3,10($4)
 1082 008c 04000224 	li $2,4
 1083              	.set noreorder
 1084              	.set nomacro
 1085 0090 FAFF6254 	bnel $3,$2,$L17
 1086 0094 2D280000 	move $5,$0
 1087              	.set macro
 1088              	.set reorder
 1089              	
 1090 0098 F8FF0010 	b $L17
 1090      00000000 
 1091              	.end _ZN7SnesRom15SNRomGetHdrTypeEP9SNRomHdrU
 1092              	$Lfe3:
 1093              	.size _ZN7SnesRom15SNRomGetHdrTypeEP9SNRomHdrU,$Lfe3-_ZN7SnesRom15SNRomGetHdrTypeEP9SNRomHdrU
 1094              	.align 2
 1095              	.p2align 3,,7
 1096              	.ent _Z21_SNRomIsValidCartInfoP10SNRomInfoT
 1097              	_Z21_SNRomIsValidCartInfoP10SNRomInfoT:
 1098              	.frame $sp,0,$31
 1099              	.mask 0x00000000,0
 1100              	.fmask 0x00000000,0
 1101              	.set noreorder
 1102              	.set nomacro
 1103 00a0 06008010 	beq $4,$0,$L20
 1104 00a4 2D100000 	move $2,$0
 1105              	.set macro
 1106              	.set reorder
 1107              	
 1108 00a8 1E008394 	lhu $3,30($4)
 1109 00ac 1C008294 	lhu $2,28($4)
 1110              	
 1111 00b0 26104300 	xor $2,$2,$3
 1112 00b4 FFFF4238 	xori $2,$2,0xffff
 1113 00b8 0100422C 	sltu $2,$2,1
 1114              	$L20:
 1115 00bc 0800E003 	j $31
 1115      00000000 
 1116              	.end _Z21_SNRomIsValidCartInfoP10SNRomInfoT
 1117              	$Lfe4:
 1118              	.size _Z21_SNRomIsValidCartInfoP10SNRomInfoT,$Lfe4-_Z21_SNRomIsValidCartInfoP10SNRomInfoT
 1119              	.align 2
 1120 00c4 00000000 	.p2align 3,,7
 1121              	.globl _ZN7SnesRomC2Ev
 1122              	.ent _ZN7SnesRomC2Ev
 1123              	_ZN7SnesRomC2Ev:
 1124              	.frame $sp,32,$31
 1125              	.mask 0x80010000,-16
 1126              	.fmask 0x00000000,0
 1127 00c8 E0FFBD27 	subu $sp,$sp,32
 1128 00cc 1000BFFF 	sd $31,16($sp)
 1129 00d0 0000B0FF 	sd $16,0($sp)
GAS LISTING  			page 27


 1130              	.set noreorder
 1131              	.set nomacro
 1132 00d4 0000000C 	jal _ZN7CEmuRomC2Ev
 1133 00d8 2D808000 	move $16,$4
 1134              	.set macro
 1135              	.set reorder
 1136              	
 1137 00dc 1000BFDF 	ld $31,16($sp)
 1138 00e0 0000023C 	lui $2,%hi(_ZTV7SnesRom+8)
 1139 00e4 080000AE 	sw $0,8($16)
 1140 00e8 08004224 	addiu $2,$2,%lo(_ZTV7SnesRom+8)
 1141 00ec 040000A2 	sb $0,4($16)
 1142 00f0 000002AE 	sw $2,0($16)
 1143 00f4 0C0000AE 	sw $0,12($16)
 1144 00f8 100000AE 	sw $0,16($16)
 1145 00fc 140000AE 	sw $0,20($16)
 1146 0100 0000B0DF 	ld $16,0($sp)
 1147              	
 1148              	.set noreorder
 1149              	.set nomacro
 1150 0104 0800E003 	j $31
 1151 0108 2000BD27 	addu $sp,$sp,32
 1152              	.set macro
 1153              	.set reorder
 1154              	
 1155              	.end _ZN7SnesRomC2Ev
 1156              	$Lfe5:
 1157              	.size _ZN7SnesRomC2Ev,$Lfe5-_ZN7SnesRomC2Ev
 1158              	.align 2
 1159 010c 00000000 	.p2align 3,,7
 1160              	.globl _ZN7SnesRomC1Ev
 1161              	.ent _ZN7SnesRomC1Ev
 1162              	_ZN7SnesRomC1Ev:
 1163              	.frame $sp,32,$31
 1164              	.mask 0x80010000,-16
 1165              	.fmask 0x00000000,0
 1166 0110 E0FFBD27 	subu $sp,$sp,32
 1167 0114 1000BFFF 	sd $31,16($sp)
 1168 0118 0000B0FF 	sd $16,0($sp)
 1169              	.set noreorder
 1170              	.set nomacro
 1171 011c 0000000C 	jal _ZN7CEmuRomC2Ev
 1172 0120 2D808000 	move $16,$4
 1173              	.set macro
 1174              	.set reorder
 1175              	
 1176 0124 1000BFDF 	ld $31,16($sp)
 1177 0128 0000023C 	lui $2,%hi(_ZTV7SnesRom+8)
 1178 012c 080000AE 	sw $0,8($16)
 1179 0130 08004224 	addiu $2,$2,%lo(_ZTV7SnesRom+8)
 1180 0134 040000A2 	sb $0,4($16)
 1181 0138 000002AE 	sw $2,0($16)
 1182 013c 0C0000AE 	sw $0,12($16)
 1183 0140 100000AE 	sw $0,16($16)
 1184 0144 140000AE 	sw $0,20($16)
 1185 0148 0000B0DF 	ld $16,0($sp)
 1186              	
GAS LISTING  			page 28


 1187              	.set noreorder
 1188              	.set nomacro
 1189 014c 0800E003 	j $31
 1190 0150 2000BD27 	addu $sp,$sp,32
 1191              	.set macro
 1192              	.set reorder
 1193              	
 1194              	.end _ZN7SnesRomC1Ev
 1195              	$Lfe6:
 1196              	.size _ZN7SnesRomC1Ev,$Lfe6-_ZN7SnesRomC1Ev
 1197              	.align 2
 1198 0154 00000000 	.p2align 3,,7
 1199              	.globl _ZN7SnesRomD2Ev
 1200              	.ent _ZN7SnesRomD2Ev
 1201              	_ZN7SnesRomD2Ev:
 1202              	.frame $sp,32,$31
 1203              	.mask 0x80010000,-16
 1204              	.fmask 0x00000000,0
 1205 0158 0000023C 	lui $2,%hi(_ZTV7SnesRom+8)
 1206 015c E0FFBD27 	subu $sp,$sp,32
 1207 0160 08004224 	addiu $2,$2,%lo(_ZTV7SnesRom+8)
 1208 0164 0000B0FF 	sd $16,0($sp)
 1209 0168 000082AC 	sw $2,0($4)
 1210 016c 1000BFFF 	sd $31,16($sp)
 1211              	.set noreorder
 1212              	.set nomacro
 1213 0170 0000000C 	jal _ZN7SnesRom6UnloadEv
 1214 0174 2D808000 	move $16,$4
 1215              	.set macro
 1216              	.set reorder
 1217              	
 1218              	.set noreorder
 1219              	.set nomacro
 1220 0178 0000000C 	jal _ZN7CEmuRomD2Ev
 1221 017c 2D200002 	move $4,$16
 1222              	.set macro
 1223              	.set reorder
 1224              	
 1225 0180 0000B0DF 	ld $16,0($sp)
 1226 0184 1000BFDF 	ld $31,16($sp)
 1227              	
 1228              	.set noreorder
 1229              	.set nomacro
 1230 0188 0800E003 	j $31
 1231 018c 2000BD27 	addu $sp,$sp,32
 1232              	.set macro
 1233              	.set reorder
 1234              	
 1235              	.end _ZN7SnesRomD2Ev
 1236              	$Lfe7:
 1237              	.size _ZN7SnesRomD2Ev,$Lfe7-_ZN7SnesRomD2Ev
 1238              	.align 2
 1239              	.p2align 3,,7
 1240              	.globl _ZN7SnesRomD1Ev
 1241              	.ent _ZN7SnesRomD1Ev
 1242              	_ZN7SnesRomD1Ev:
 1243              	.frame $sp,32,$31
GAS LISTING  			page 29


 1244              	.mask 0x80010000,-16
 1245              	.fmask 0x00000000,0
 1246 0190 0000023C 	lui $2,%hi(_ZTV7SnesRom+8)
 1247 0194 E0FFBD27 	subu $sp,$sp,32
 1248 0198 08004224 	addiu $2,$2,%lo(_ZTV7SnesRom+8)
 1249 019c 0000B0FF 	sd $16,0($sp)
 1250 01a0 000082AC 	sw $2,0($4)
 1251 01a4 1000BFFF 	sd $31,16($sp)
 1252              	.set noreorder
 1253              	.set nomacro
 1254 01a8 0000000C 	jal _ZN7SnesRom6UnloadEv
 1255 01ac 2D808000 	move $16,$4
 1256              	.set macro
 1257              	.set reorder
 1258              	
 1259              	.set noreorder
 1260              	.set nomacro
 1261 01b0 0000000C 	jal _ZN7CEmuRomD2Ev
 1262 01b4 2D200002 	move $4,$16
 1263              	.set macro
 1264              	.set reorder
 1265              	
 1266 01b8 0000B0DF 	ld $16,0($sp)
 1267 01bc 1000BFDF 	ld $31,16($sp)
 1268              	
 1269              	.set noreorder
 1270              	.set nomacro
 1271 01c0 0800E003 	j $31
 1272 01c4 2000BD27 	addu $sp,$sp,32
 1273              	.set macro
 1274              	.set reorder
 1275              	
 1276              	.end _ZN7SnesRomD1Ev
 1277              	$Lfe8:
 1278              	.size _ZN7SnesRomD1Ev,$Lfe8-_ZN7SnesRomD1Ev
 1279              	.align 2
 1280              	.p2align 3,,7
 1281              	.globl _ZN7SnesRomD0Ev
 1282              	.ent _ZN7SnesRomD0Ev
 1283              	_ZN7SnesRomD0Ev:
 1284              	.frame $sp,32,$31
 1285              	.mask 0x80010000,-16
 1286              	.fmask 0x00000000,0
 1287 01c8 0000023C 	lui $2,%hi(_ZTV7SnesRom+8)
 1288 01cc E0FFBD27 	subu $sp,$sp,32
 1289 01d0 08004224 	addiu $2,$2,%lo(_ZTV7SnesRom+8)
 1290 01d4 0000B0FF 	sd $16,0($sp)
 1291 01d8 000082AC 	sw $2,0($4)
 1292 01dc 1000BFFF 	sd $31,16($sp)
 1293              	.set noreorder
 1294              	.set nomacro
 1295 01e0 0000000C 	jal _ZN7SnesRom6UnloadEv
 1296 01e4 2D808000 	move $16,$4
 1297              	.set macro
 1298              	.set reorder
 1299              	
 1300              	.set noreorder
GAS LISTING  			page 30


 1301              	.set nomacro
 1302 01e8 0000000C 	jal _ZN7CEmuRomD2Ev
 1303 01ec 2D200002 	move $4,$16
 1304              	.set macro
 1305              	.set reorder
 1306              	
 1307              	.set noreorder
 1308              	.set nomacro
 1309 01f0 0000000C 	jal _ZdlPv
 1310 01f4 2D200002 	move $4,$16
 1311              	.set macro
 1312              	.set reorder
 1313              	
 1314 01f8 0000B0DF 	ld $16,0($sp)
 1315 01fc 1000BFDF 	ld $31,16($sp)
 1316              	
 1317              	.set noreorder
 1318              	.set nomacro
 1319 0200 0800E003 	j $31
 1320 0204 2000BD27 	addu $sp,$sp,32
 1321              	.set macro
 1322              	.set reorder
 1323              	
 1324              	.end _ZN7SnesRomD0Ev
 1325              	$Lfe9:
 1326              	.size _ZN7SnesRomD0Ev,$Lfe9-_ZN7SnesRomD0Ev
 1327              	.align 2
 1328              	.p2align 3,,7
 1329              	.globl _ZN7SnesRom11GetCartInfoEj
 1330              	.ent _ZN7SnesRom11GetCartInfoEj
 1331              	_ZN7SnesRom11GetCartInfoEj:
 1332              	.frame $sp,0,$31
 1333              	.mask 0x00000000,0
 1334              	.fmask 0x00000000,0
 1335 0208 1000828C 	lw $2,16($4)
 1336 020c 2000A624 	addu $6,$5,32
 1337              	.set noreorder
 1338              	.set nomacro
 1339 0210 05004010 	beq $2,$0,$L36
 1340 0214 21184500 	addu $3,$2,$5
 1341              	.set macro
 1342              	.set reorder
 1343              	
 1344 0218 0800828C 	lw $2,8($4)
 1345              	
 1346 021c 2B104600 	sltu $2,$2,$6
 1347 0220 02004010 	beq $2,$0,$L35
 1347      00000000 
 1348              	$L36:
 1349 0228 2D180000 	move $3,$0
 1350              	$L35:
 1351              	.set noreorder
 1352              	.set nomacro
 1353 022c 0800E003 	j $31
 1354 0230 2D106000 	move $2,$3
 1355              	.set macro
 1356              	.set reorder
GAS LISTING  			page 31


 1357              	
 1358              	.end _ZN7SnesRom11GetCartInfoEj
 1359              	$Lfe10:
 1360              	.size _ZN7SnesRom11GetCartInfoEj,$Lfe10-_ZN7SnesRom11GetCartInfoEj
 1361              	.align 2
 1362 0234 00000000 	.p2align 3,,7
 1363              	.globl _ZN7SnesRom11SetCartInfoEP10SNRomInfoT
 1364              	.ent _ZN7SnesRom11SetCartInfoEP10SNRomInfoT
 1365              	_ZN7SnesRom11SetCartInfoEP10SNRomInfoT:
 1366              	.frame $sp,64,$31
 1367              	.mask 0x80070000,-16
 1368              	.fmask 0x00000000,0
 1369 0238 C0FFBD27 	subu $sp,$sp,64
 1370 023c 1000B1FF 	sd $17,16($sp)
 1371 0240 2D888000 	move $17,$4
 1372 0244 0000B0FF 	sd $16,0($sp)
 1373 0248 2D80A000 	move $16,$5
 1374 024c 3000BFFF 	sd $31,48($sp)
 1375 0250 2000B2FF 	sd $18,32($sp)
 1376              	.set noreorder
 1377              	.set nomacro
 1378 0254 4E00A010 	beq $5,$0,$L39
 1379 0258 140025AE 	sw $5,20($17)
 1380              	.set macro
 1381              	.set reorder
 1382              	
 1383              	.set noreorder
 1384              	.set nomacro
 1385 025c 0000000C 	jal _Z16_SNRomGetCountryh
 1386 0260 1900A490 	lbu $4,25($5)
 1387              	.set macro
 1388              	.set reorder
 1389              	
 1390              	
 1391 0264 1A000492 	lbu $4,26($16)
 1392              	.set noreorder
 1393              	.set nomacro
 1394 0268 0A00000C 	jal _Z16_SNRomGetLicenseh
 1395 026c 2D904000 	move $18,$2
 1396              	.set macro
 1397              	.set reorder
 1398              	
 1399              	.set noreorder
 1400              	.set nomacro
 1401 0270 02004012 	beq $18,$0,$L41
 1402 0274 2D100000 	move $2,$0
 1403              	.set macro
 1404              	.set reorder
 1405              	
 1406 0278 0400428E 	lw $2,4($18)
 1407              	$L41:
 1408 027c 200122AE 	sw $2,288($17)
 1409 0280 01000324 	li $3,1
 1410 0284 17000292 	lbu $2,23($16)
 1411              	
 1412 0288 F9FF4224 	addu $2,$2,-7
 1413 028c 04104300 	sll $2,$3,$2
GAS LISTING  			page 32


 1414 0290 240122AE 	sw $2,292($17)
 1415 0294 18000492 	lbu $4,24($16)
 1416              	
 1417              	.set noreorder
 1418              	.set nomacro
 1419 0298 3B008310 	beq $4,$3,$L70
 1420 029c 10000224 	li $2,16
 1421              	.set macro
 1422              	.set reorder
 1423              	
 1424 02a0 02008228 	slt $2,$4,2
 1425              	.set noreorder
 1426              	.set nomacro
 1427 02a4 08004054 	bnel $2,$0,$L42
 1428 02a8 280120AE 	sw $0,296($17)
 1429              	.set macro
 1430              	.set reorder
 1431              	
 1432 02ac 02000224 	li $2,2
 1433              	.set noreorder
 1434              	.set nomacro
 1435 02b0 35008210 	beq $4,$2,$L70
 1436 02b4 20000224 	li $2,32
 1437              	.set macro
 1438              	.set reorder
 1439              	
 1440 02b8 03000224 	li $2,3
 1441              	.set noreorder
 1442              	.set nomacro
 1443 02bc 31008210 	beq $4,$2,$L47
 1444 02c0 40000224 	li $2,64
 1445              	.set macro
 1446              	.set reorder
 1447              	
 1448 02c4 280120AE 	sw $0,296($17)
 1449              	$L42:
 1450 02c8 16000592 	lbu $5,22($16)
 1451 02cc 04000224 	li $2,4
 1452              	.set noreorder
 1453              	.set nomacro
 1454 02d0 1500A210 	beq $5,$2,$L71
 1455 02d4 0B000224 	li $2,11
 1456              	.set macro
 1457              	.set reorder
 1458              	
 1459 02d8 0500A228 	slt $2,$5,5
 1460              	.set noreorder
 1461              	.set nomacro
 1462 02dc 18004010 	beq $2,$0,$L62
 1463 02e0 13000224 	li $2,19
 1464              	.set macro
 1465              	.set reorder
 1466              	
 1467 02e4 01000324 	li $3,1
 1468              	.set noreorder
 1469              	.set nomacro
 1470 02e8 0F00A310 	beq $5,$3,$L71
GAS LISTING  			page 33


 1471 02ec 03000224 	li $2,3
 1472              	.set macro
 1473              	.set reorder
 1474              	
 1475 02f0 0200A228 	slt $2,$5,2
 1476              	.set noreorder
 1477              	.set nomacro
 1478 02f4 0E004014 	bne $2,$0,$L68
 1479 02f8 02000224 	li $2,2
 1480              	.set macro
 1481              	.set reorder
 1482              	
 1483              	.set noreorder
 1484              	.set nomacro
 1485 02fc 0A00A210 	beq $5,$2,$L71
 1486 0300 05000224 	li $2,5
 1487              	.set macro
 1488              	.set reorder
 1489              	
 1490 0304 03000224 	li $2,3
 1491              	.set noreorder
 1492              	.set nomacro
 1493 0308 0700A210 	beq $5,$2,$L54
 1494 030c 09000224 	li $2,9
 1495              	.set macro
 1496              	.set reorder
 1497              	
 1498              	.p2align 3
 1499              	$L38:
 1500 0310 3000BFDF 	ld $31,48($sp)
 1501              	$L69:
 1502 0314 2000B2DF 	ld $18,32($sp)
 1503 0318 1000B1DF 	ld $17,16($sp)
 1504 031c 0000B0DF 	ld $16,0($sp)
 1505              	
 1506              	.set noreorder
 1507              	.set nomacro
 1508 0320 0800E003 	j $31
 1509 0324 4000BD27 	addu $sp,$sp,64
 1510              	.set macro
 1511              	.set reorder
 1512              	
 1513              	$L54:
 1514              	.p2align 3
 1515              	$L67:
 1516              	$L71:
 1517              	.set noreorder
 1518              	.set nomacro
 1519 0328 F9FF0010 	b $L38
 1520 032c 180122AE 	sw $2,280($17)
 1521              	.set macro
 1522              	.set reorder
 1523              	
 1524              	$L68:
 1525              	.set noreorder
 1526              	.set nomacro
 1527 0330 F7FFA050 	beql $5,$0,$L38
GAS LISTING  			page 34


 1528 0334 180123AE 	sw $3,280($17)
 1529              	.set macro
 1530              	.set reorder
 1531              	
 1532              	.set noreorder
 1533              	.set nomacro
 1534 0338 F6FF0010 	b $L69
 1535 033c 3000BFDF 	ld $31,48($sp)
 1536              	.set macro
 1537              	.set reorder
 1538              	
 1539              	.p2align 3
 1540              	$L62:
 1541              	.set noreorder
 1542              	.set nomacro
 1543 0340 F9FFA210 	beq $5,$2,$L71
 1544 0344 11000224 	li $2,17
 1545              	.set macro
 1546              	.set reorder
 1547              	
 1548 0348 1400A228 	slt $2,$5,20
 1549              	.set noreorder
 1550              	.set nomacro
 1551 034c 06004010 	beq $2,$0,$L64
 1552 0350 E3000224 	li $2,227
 1553              	.set macro
 1554              	.set reorder
 1555              	
 1556 0354 05000224 	li $2,5
 1557              	.set noreorder
 1558              	.set nomacro
 1559 0358 EEFFA214 	bne $5,$2,$L69
 1560 035c 3000BFDF 	ld $31,48($sp)
 1561              	.set macro
 1562              	.set reorder
 1563              	
 1564              	.set noreorder
 1565              	.set nomacro
 1566 0360 F1FF0010 	b $L67
 1567 0364 0D000224 	li $2,13
 1568              	.set macro
 1569              	.set reorder
 1570              	
 1571              	$L64:
 1572              	.set noreorder
 1573              	.set nomacro
 1574 0368 EFFFA210 	beq $5,$2,$L71
 1575 036c 23000224 	li $2,35
 1576              	.set macro
 1577              	.set reorder
 1578              	
 1579 0370 F6000224 	li $2,246
 1580              	.set noreorder
 1581              	.set nomacro
 1582 0374 E7FFA214 	bne $5,$2,$L69
 1583 0378 3000BFDF 	ld $31,48($sp)
 1584              	.set macro
GAS LISTING  			page 35


 1585              	.set reorder
 1586              	
 1587              	.set noreorder
 1588              	.set nomacro
 1589 037c EAFF0010 	b $L67
 1590 0380 41000224 	li $2,65
 1591              	.set macro
 1592              	.set reorder
 1593              	
 1594              	$L47:
 1595 0384 00000000 	.p2align 3
 1596              	$L66:
 1597              	$L70:
 1598              	.set noreorder
 1599              	.set nomacro
 1600 0388 CFFF0010 	b $L42
 1601 038c 280122AE 	sw $2,296($17)
 1602              	.set macro
 1603              	.set reorder
 1604              	
 1605              	.p2align 3
 1606              	$L39:
 1607 0390 01000224 	li $2,1
 1608 0394 280180AC 	sw $0,296($4)
 1609 0398 180182AC 	sw $2,280($4)
 1610 039c 200180AC 	sw $0,288($4)
 1611              	.set noreorder
 1612              	.set nomacro
 1613 03a0 DBFF0010 	b $L38
 1614 03a4 240180AC 	sw $0,292($4)
 1615              	.set macro
 1616              	.set reorder
 1617              	
 1618              	.end _ZN7SnesRom11SetCartInfoEP10SNRomInfoT
 1619              	$Lfe11:
 1620              	.size _ZN7SnesRom11SetCartInfoEP10SNRomInfoT,$Lfe11-_ZN7SnesRom11SetCartInfoEP10SNRomInfoT
 1621              	.align 2
 1622              	.p2align 3,,7
 1623              	.globl _ZN7SnesRom16GetNumRomRegionsEv
 1624              	.ent _ZN7SnesRom16GetNumRomRegionsEv
 1625              	_ZN7SnesRom16GetNumRomRegionsEv:
 1626              	.frame $sp,0,$31
 1627              	.mask 0x00000000,0
 1628              	.fmask 0x00000000,0
 1629              	.set noreorder
 1630              	.set nomacro
 1631 03a8 0800E003 	j $31
 1632 03ac 01000224 	li $2,1
 1633              	.set macro
 1634              	.set reorder
 1635              	
 1636              	.end _ZN7SnesRom16GetNumRomRegionsEv
 1637              	$Lfe12:
 1638              	.size _ZN7SnesRom16GetNumRomRegionsEv,$Lfe12-_ZN7SnesRom16GetNumRomRegionsEv
 1639              	.rdata
 1640 08ca 00000000 	.align 3
 1640      0000
GAS LISTING  			page 36


 1641              	$LC156:
 1642 08d0 524F4D00 	.ascii "ROM\000"
 1643              	.text
 1644              	.align 2
 1645              	.p2align 3,,7
 1646              	.globl _ZN7SnesRom16GetRomRegionNameEj
 1647              	.ent _ZN7SnesRom16GetRomRegionNameEj
 1648              	_ZN7SnesRom16GetRomRegionNameEj:
 1649              	.frame $sp,0,$31
 1650              	.mask 0x00000000,0
 1651              	.fmask 0x00000000,0
 1652 03b0 0000023C 	lui $2,%hi($LC156)
 1653              	.set noreorder
 1654              	.set nomacro
 1655 03b4 0200A010 	beq $5,$0,$L78
 1656 03b8 D0084224 	addiu $2,$2,%lo($LC156)
 1657              	.set macro
 1658              	.set reorder
 1659              	
 1660 03bc 2D100000 	move $2,$0
 1661              	$L78:
 1662 03c0 0800E003 	j $31
 1662      00000000 
 1663              	.end _ZN7SnesRom16GetRomRegionNameEj
 1664              	$Lfe13:
 1665              	.size _ZN7SnesRom16GetRomRegionNameEj,$Lfe13-_ZN7SnesRom16GetRomRegionNameEj
 1666              	.align 2
 1667              	.p2align 3,,7
 1668              	.globl _ZN7SnesRom16GetRomRegionSizeEj
 1669              	.ent _ZN7SnesRom16GetRomRegionSizeEj
 1670              	_ZN7SnesRom16GetRomRegionSizeEj:
 1671              	.frame $sp,0,$31
 1672              	.mask 0x00000000,0
 1673              	.fmask 0x00000000,0
 1674              	.set noreorder
 1675              	.set nomacro
 1676 03c8 0200A014 	bne $5,$0,$L84
 1677 03cc 2D100000 	move $2,$0
 1678              	.set macro
 1679              	.set reorder
 1680              	
 1681 03d0 0800828C 	lw $2,8($4)
 1682              	$L84:
 1683 03d4 0800E003 	j $31
 1683      00000000 
 1684              	.end _ZN7SnesRom16GetRomRegionSizeEj
 1685              	$Lfe14:
 1686              	.size _ZN7SnesRom16GetRomRegionSizeEj,$Lfe14-_ZN7SnesRom16GetRomRegionSizeEj
 1687              	.align 2
 1688 03dc 00000000 	.p2align 3,,7
 1689              	.globl _ZN7SnesRom11GetRomTitleEv
 1690              	.ent _ZN7SnesRom11GetRomTitleEv
 1691              	_ZN7SnesRom11GetRomTitleEv:
 1692              	.frame $sp,0,$31
 1693              	.mask 0x00000000,0
 1694              	.fmask 0x00000000,0
 1695              	.set noreorder
GAS LISTING  			page 37


 1696              	.set nomacro
 1697 03e0 0800E003 	j $31
 1698 03e4 1400828C 	lw $2,20($4)
 1699              	.set macro
 1700              	.set reorder
 1701              	
 1702              	.end _ZN7SnesRom11GetRomTitleEv
 1703              	$Lfe15:
 1704              	.size _ZN7SnesRom11GetRomTitleEv,$Lfe15-_ZN7SnesRom11GetRomTitleEv
 1705              	.align 2
 1706              	.p2align 3,,7
 1707              	.globl _ZN7SnesRom7LoadRomEP7CDataIOPhj
 1708              	.ent _ZN7SnesRom7LoadRomEP7CDataIOPhj
 1709              	_ZN7SnesRom7LoadRomEP7CDataIOPhj:
 1710              	.frame $sp,608,$31
 1711              	.mask 0x801f0000,-16
 1712              	.fmask 0x00000000,0
 1713 03e8 A0FDBD27 	subu $sp,$sp,608
 1714 03ec 5002BFFF 	sd $31,592($sp)
 1715 03f0 4002B4FF 	sd $20,576($sp)
 1716 03f4 2DA0C000 	move $20,$6
 1717 03f8 3002B3FF 	sd $19,560($sp)
 1718 03fc 02000624 	li $6,2
 1719 0400 2002B2FF 	sd $18,544($sp)
 1720 0404 2D98E000 	move $19,$7
 1721 0408 1002B1FF 	sd $17,528($sp)
 1722 040c 2D908000 	move $18,$4
 1723 0410 0002B0FF 	sd $16,512($sp)
 1724 0414 2D88A000 	move $17,$5
 1725 0418 2D202002 	move $4,$17
 1726 041c 0000A38C 	lw $3,0($5)
 1727              	
 1728 0420 1400628C 	lw $2,20($3)
 1729              	
 1730              	.set noreorder
 1731              	.set nomacro
 1732 0424 09F84000 	jal $31,$2
 1733 0428 2D280000 	move $5,$0
 1734              	.set macro
 1735              	.set reorder
 1736              	
 1737 042c 0000238E 	lw $3,0($17)
 1738              	
 1739 0430 1800628C 	lw $2,24($3)
 1740              	
 1741              	.set noreorder
 1742              	.set nomacro
 1743 0434 09F84000 	jal $31,$2
 1744 0438 2D202002 	move $4,$17
 1745              	.set macro
 1746              	.set reorder
 1747              	
 1748 043c 2D280000 	move $5,$0
 1749 0440 0000238E 	lw $3,0($17)
 1750 0444 3C800200 	dsll $16,$2,32
 1751 0448 3F801000 	dsra $16,$16,32
 1752 044c 2D300000 	move $6,$0
GAS LISTING  			page 38


 1753 0450 1400628C 	lw $2,20($3)
 1754              	
 1755              	.set noreorder
 1756              	.set nomacro
 1757 0454 09F84000 	jal $31,$2
 1758 0458 2D202002 	move $4,$17
 1759              	.set macro
 1760              	.set reorder
 1761              	
 1762              	.set noreorder
 1763              	.set nomacro
 1764 045c 0C000012 	beq $16,$0,$L87
 1765 0460 03000324 	li $3,3
 1766              	.set macro
 1767              	.set reorder
 1768              	
 1769 0464 FF1F0332 	andi $3,$16,0x1fff
 1770              	.set noreorder
 1771              	.set nomacro
 1772 0468 03006010 	beq $3,$0,$L89
 1773 046c 23800302 	subu $16,$16,$3
 1774              	.set macro
 1775              	.set reorder
 1776              	
 1777 0470 00026238 	xori $2,$3,0x200
 1778 0474 0B180200 	movn $3,$0,$2
 1779              	$L89:
 1780 0478 00020224 	li $2,512
 1781              	.set noreorder
 1782              	.set nomacro
 1783 047c 50006210 	beq $3,$2,$L108
 1784 0480 1C0140AE 	sw $0,284($18)
 1785              	.set macro
 1786              	.set reorder
 1787              	
 1788              	$L90:
 1789 0484 080050AE 	sw $16,8($18)
 1790              	.set noreorder
 1791              	.set nomacro
 1792 0488 0B000016 	bne $16,$0,$L109
 1793 048c 04000324 	li $3,4
 1794              	.set macro
 1795              	.set reorder
 1796              	
 1797              	$L87:
 1798 0490 5002BFDF 	ld $31,592($sp)
 1799              	$L111:
 1800 0494 2D106000 	move $2,$3
 1801 0498 4002B4DF 	ld $20,576($sp)
 1802 049c 3002B3DF 	ld $19,560($sp)
 1803 04a0 2002B2DF 	ld $18,544($sp)
 1804 04a4 1002B1DF 	ld $17,528($sp)
 1805 04a8 0002B0DF 	ld $16,512($sp)
 1806              	
 1807              	.set noreorder
 1808              	.set nomacro
 1809 04ac 0800E003 	j $31
GAS LISTING  			page 39


 1810 04b0 6002BD27 	addu $sp,$sp,608
 1811              	.set macro
 1812              	.set reorder
 1813              	
 1814 04b4 00000000 	.p2align 3
 1815              	$L109:
 1816 04b8 0C0040AE 	sw $0,12($18)
 1817 04bc 2D280002 	move $5,$16
 1818 04c0 0000238E 	lw $3,0($17)
 1819              	
 1820 04c4 0C00628C 	lw $2,12($3)
 1821              	
 1822              	.set noreorder
 1823              	.set nomacro
 1824 04c8 09F84000 	jal $31,$2
 1825 04cc 2D202002 	move $4,$17
 1826              	.set macro
 1827              	.set reorder
 1828              	
 1829              	.set noreorder
 1830              	.set nomacro
 1831 04d0 18004014 	bne $2,$0,$L97
 1832 04d4 100042AE 	sw $2,16($18)
 1833              	.set macro
 1834              	.set reorder
 1835              	
 1836 04d8 30008012 	beq $20,$0,$L98
 1836      00000000 
 1837 04e0 0800428E 	lw $2,8($18)
 1838              	
 1839 04e4 2B105300 	sltu $2,$2,$19
 1840              	.set noreorder
 1841              	.set nomacro
 1842 04e8 E9FF4010 	beq $2,$0,$L87
 1843 04ec 07000324 	li $3,7
 1844              	.set macro
 1845              	.set reorder
 1846              	
 1847 04f0 100054AE 	sw $20,16($18)
 1848 04f4 0C0040AE 	sw $0,12($18)
 1849              	$L101:
 1850 04f8 0000238E 	lw $3,0($17)
 1851 04fc 2D202002 	move $4,$17
 1852 0500 1000458E 	lw $5,16($18)
 1853 0504 0800628C 	lw $2,8($3)
 1854              	
 1855              	.set noreorder
 1856              	.set nomacro
 1857 0508 09F84000 	jal $31,$2
 1858 050c 0800468E 	lw $6,8($18)
 1859              	.set macro
 1860              	.set reorder
 1861              	
 1862 0510 0800439E 	lwu $3,8($18)
 1863              	
 1864              	.set noreorder
 1865              	.set nomacro
GAS LISTING  			page 40


 1866 0514 08004350 	beql $2,$3,$L112
 1867 0518 2D204002 	move $4,$18
 1868              	.set macro
 1869              	.set reorder
 1870              	
 1871 051c 0000438E 	lw $3,0($18)
 1872              	
 1873 0520 0C00628C 	lw $2,12($3)
 1874              	
 1875              	.set noreorder
 1876              	.set nomacro
 1877 0524 09F84000 	jal $31,$2
 1878 0528 2D204002 	move $4,$18
 1879              	.set macro
 1880              	.set reorder
 1881              	
 1882              	.set noreorder
 1883              	.set nomacro
 1884 052c D8FF0010 	b $L87
 1885 0530 05000324 	li $3,5
 1886              	.set macro
 1887              	.set reorder
 1888              	
 1889              	$L97:
 1890 0534 2D204002 	move $4,$18
 1891              	$L112:
 1892              	.set noreorder
 1893              	.set nomacro
 1894 0538 0000000C 	jal _ZN7SnesRom11GetCartInfoEj
 1895 053c C07F0524 	li $5,32704
 1896              	.set macro
 1897              	.set reorder
 1898              	
 1899 0540 2D204000 	move $4,$2
 1900              	.set noreorder
 1901              	.set nomacro
 1902 0544 2800000C 	jal _Z21_SNRomIsValidCartInfoP10SNRomInfoT
 1903 0548 2D804000 	move $16,$2
 1904              	.set macro
 1905              	.set reorder
 1906              	
 1907              	.set noreorder
 1908              	.set nomacro
 1909 054c 09004050 	beql $2,$0,$L104
 1910 0550 2D204002 	move $4,$18
 1911              	.set macro
 1912              	.set reorder
 1913              	
 1914 0554 1C0140AE 	sw $0,284($18)
 1915              	$L105:
 1916 0558 2D280002 	move $5,$16
 1917              	.set noreorder
 1918              	.set nomacro
 1919 055c 0000000C 	jal _ZN7SnesRom11SetCartInfoEP10SNRomInfoT
 1920 0560 2D204002 	move $4,$18
 1921              	.set macro
 1922              	.set reorder
GAS LISTING  			page 41


 1923              	
 1924 0564 01000224 	li $2,1
 1925 0568 040042A2 	sb $2,4($18)
 1926              	.set noreorder
 1927              	.set nomacro
 1928 056c C8FF0010 	b $L87
 1929 0570 2D180000 	move $3,$0
 1930              	.set macro
 1931              	.set reorder
 1932              	
 1933              	$L104:
 1934              	.set noreorder
 1935              	.set nomacro
 1936 0574 0000000C 	jal _ZN7SnesRom11GetCartInfoEj
 1937 0578 C0FF0534 	li $5,65472
 1938              	.set macro
 1939              	.set reorder
 1940              	
 1941 057c 2D204000 	move $4,$2
 1942              	.set noreorder
 1943              	.set nomacro
 1944 0580 2800000C 	jal _Z21_SNRomIsValidCartInfoP10SNRomInfoT
 1945 0584 2D804000 	move $16,$2
 1946              	.set macro
 1947              	.set reorder
 1948              	
 1949              	.set noreorder
 1950              	.set nomacro
 1951 0588 F3FF4050 	beql $2,$0,$L105
 1952 058c 2D800000 	move $16,$0
 1953              	.set macro
 1954              	.set reorder
 1955              	
 1956 0590 01000224 	li $2,1
 1957              	.set noreorder
 1958              	.set nomacro
 1959 0594 F0FF0010 	b $L105
 1960 0598 1C0142AE 	sw $2,284($18)
 1961              	.set macro
 1962              	.set reorder
 1963              	
 1964              	$L98:
 1965              	.set noreorder
 1966              	.set nomacro
 1967 059c 0000000C 	jal malloc
 1968 05a0 0800449E 	lwu $4,8($18)
 1969              	.set macro
 1970              	.set reorder
 1971              	
 1972 05a4 07000324 	li $3,7
 1973 05a8 100042AE 	sw $2,16($18)
 1974              	.set noreorder
 1975              	.set nomacro
 1976 05ac D2FF4014 	bne $2,$0,$L101
 1977 05b0 0C0042AE 	sw $2,12($18)
 1978              	.set macro
 1979              	.set reorder
GAS LISTING  			page 42


 1980              	
 1981              	.set noreorder
 1982              	.set nomacro
 1983 05b4 B7FF0010 	b $L111
 1984 05b8 5002BFDF 	ld $31,592($sp)
 1985              	.set macro
 1986              	.set reorder
 1987              	
 1988 05bc 00000000 	.p2align 3
 1989              	$L108:
 1990 05c0 0000238E 	lw $3,0($17)
 1991 05c4 2D28A003 	move $5,$sp
 1992 05c8 00020624 	li $6,512
 1993 05cc 0800628C 	lw $2,8($3)
 1994              	
 1995              	.set noreorder
 1996              	.set nomacro
 1997 05d0 09F84000 	jal $31,$2
 1998 05d4 2D202002 	move $4,$17
 1999              	.set macro
 2000              	.set reorder
 2001              	
 2002              	.set noreorder
 2003              	.set nomacro
 2004 05d8 0000000C 	jal _ZN7SnesRom15SNRomGetHdrTypeEP9SNRomHdrU
 2005 05dc 2D20A003 	move $4,$sp
 2006              	.set macro
 2007              	.set reorder
 2008              	
 2009              	.set noreorder
 2010              	.set nomacro
 2011 05e0 04004010 	beq $2,$0,$L94
 2012 05e4 2D184000 	move $3,$2
 2013              	.set macro
 2014              	.set reorder
 2015              	
 2016 05e8 01000224 	li $2,1
 2017              	.set noreorder
 2018              	.set nomacro
 2019 05ec 03006210 	beq $3,$2,$L110
 2020 05f0 0200A293 	lbu $2,2($sp)
 2021              	.set macro
 2022              	.set reorder
 2023              	
 2024              	$L94:
 2025              	.set noreorder
 2026              	.set nomacro
 2027 05f4 A3FF0010 	b $L90
 2028 05f8 1C0140AE 	sw $0,284($18)
 2029              	.set macro
 2030              	.set reorder
 2031              	
 2032              	$L110:
 2033 05fc 0000A397 	lhu $3,0($sp)
 2034 0600 02110200 	srl $2,$2,4
 2035 0604 01004230 	andi $2,$2,0x1
 2036 0608 40830300 	sll $16,$3,13
GAS LISTING  			page 43


 2037              	.set noreorder
 2038              	.set nomacro
 2039 060c 9DFF0010 	b $L90
 2040 0610 1C0142AE 	sw $2,284($18)
 2041              	.set macro
 2042              	.set reorder
 2043              	
 2044              	.end _ZN7SnesRom7LoadRomEP7CDataIOPhj
 2045              	$Lfe16:
 2046              	.size _ZN7SnesRom7LoadRomEP7CDataIOPhj,$Lfe16-_ZN7SnesRom7LoadRomEP7CDataIOPhj
 2047              	.align 2
 2048 0614 00000000 	.p2align 3,,7
 2049              	.globl _ZN7SnesRom6UnloadEv
 2050              	.ent _ZN7SnesRom6UnloadEv
 2051              	_ZN7SnesRom6UnloadEv:
 2052              	.frame $sp,32,$31
 2053              	.mask 0x80010000,-16
 2054              	.fmask 0x00000000,0
 2055 0618 E0FFBD27 	subu $sp,$sp,32
 2056 061c 0000B0FF 	sd $16,0($sp)
 2057 0620 2D808000 	move $16,$4
 2058 0624 1000BFFF 	sd $31,16($sp)
 2059 0628 0C00828C 	lw $2,12($4)
 2060              	
 2061              	.set noreorder
 2062              	.set nomacro
 2063 062c 0A004014 	bne $2,$0,$L115
 2064 0630 2D204000 	move $4,$2
 2065              	.set macro
 2066              	.set reorder
 2067              	
 2068              	$L114:
 2069 0634 040000A2 	sb $0,4($16)
 2070 0638 140000AE 	sw $0,20($16)
 2071 063c 100000AE 	sw $0,16($16)
 2072 0640 080000AE 	sw $0,8($16)
 2073 0644 1000BFDF 	ld $31,16($sp)
 2074 0648 0000B0DF 	ld $16,0($sp)
 2075              	
 2076              	.set noreorder
 2077              	.set nomacro
 2078 064c 0800E003 	j $31
 2079 0650 2000BD27 	addu $sp,$sp,32
 2080              	.set macro
 2081              	.set reorder
 2082              	
 2083 0654 00000000 	.p2align 3
 2084              	$L115:
 2085 0658 0000000C 	jal free
 2085      00000000 
 2086              	.set noreorder
 2087              	.set nomacro
 2088 0660 F4FF0010 	b $L114
 2089 0664 0C0000AE 	sw $0,12($16)
 2090              	.set macro
 2091              	.set reorder
 2092              	
GAS LISTING  			page 44


 2093              	.end _ZN7SnesRom6UnloadEv
 2094              	$Lfe17:
 2095              	.size _ZN7SnesRom6UnloadEv,$Lfe17-_ZN7SnesRom6UnloadEv
 2096              	.align 2
 2097              	.p2align 3,,7
 2098              	.globl _ZN7SnesRom10GetNumExtsEv
 2099              	.ent _ZN7SnesRom10GetNumExtsEv
 2100              	_ZN7SnesRom10GetNumExtsEv:
 2101              	.frame $sp,0,$31
 2102              	.mask 0x00000000,0
 2103              	.fmask 0x00000000,0
 2104              	.set noreorder
 2105              	.set nomacro
 2106 0668 0800E003 	j $31
 2107 066c 02000224 	li $2,2
 2108              	.set macro
 2109              	.set reorder
 2110              	
 2111              	.end _ZN7SnesRom10GetNumExtsEv
 2112              	$Lfe18:
 2113              	.size _ZN7SnesRom10GetNumExtsEv,$Lfe18-_ZN7SnesRom10GetNumExtsEv
 2114              	.rdata
 2115 08d4 00000000 	.align 3
 2116              	$LC157:
 2117 08d8 736D6300 	.ascii "smc\000"
 2118 08dc 00000000 	.align 3
 2119              	$LC158:
 2120 08e0 66696700 	.ascii "fig\000"
 2121 08e4 00000000 	.text
 2122              	.align 2
 2123              	.p2align 3,,7
 2124              	.globl _ZN7SnesRom10GetExtNameEj
 2125              	.ent _ZN7SnesRom10GetExtNameEj
 2126              	_ZN7SnesRom10GetExtNameEj:
 2127              	.frame $sp,0,$31
 2128              	.mask 0x00000000,0
 2129              	.fmask 0x00000000,0
 2130 0670 0000023C 	lui $2,%hi($LC157)
 2131              	.set noreorder
 2132              	.set nomacro
 2133 0674 0600A010 	beq $5,$0,$L117
 2134 0678 D8084324 	addiu $3,$2,%lo($LC157)
 2135              	.set macro
 2136              	.set reorder
 2137              	
 2138 067c 0000033C 	lui $3,%hi($LC158)
 2139 0680 01000224 	li $2,1
 2140              	.set noreorder
 2141              	.set nomacro
 2142 0684 0200A210 	beq $5,$2,$L117
 2143 0688 E0086324 	addiu $3,$3,%lo($LC158)
 2144              	.set macro
 2145              	.set reorder
 2146              	
 2147 068c 2D180000 	move $3,$0
 2148              	$L117:
 2149              	.set noreorder
GAS LISTING  			page 45


 2150              	.set nomacro
 2151 0690 0800E003 	j $31
 2152 0694 2D106000 	move $2,$3
 2153              	.set macro
 2154              	.set reorder
 2155              	
 2156              	.end _ZN7SnesRom10GetExtNameEj
 2157              	$Lfe19:
 2158              	.size _ZN7SnesRom10GetExtNameEj,$Lfe19-_ZN7SnesRom10GetExtNameEj
 2159              	.weak _ZTV7SnesRom
 2160              	.section .gnu.linkonce.d._ZTV7SnesRom,"aw",@progbits
 2161              	.align 3
 2162              	.type _ZTV7SnesRom,@object
 2163              	.size _ZTV7SnesRom,52
 2164              	_ZTV7SnesRom:
 2165 0000 00000000 	.word 0
 2166 0004 00000000 	.word 0
 2167 0008 00000000 	.word _ZN7SnesRomD1Ev
 2168 000c 00000000 	.word _ZN7SnesRomD0Ev
 2169 0010 00000000 	.word _ZN7SnesRom7LoadRomEP7CDataIOPhj
 2170 0014 00000000 	.word _ZN7SnesRom6UnloadEv
 2171 0018 00000000 	.word _ZN7SnesRom10GetNumExtsEv
 2172 001c 00000000 	.word _ZN7SnesRom10GetExtNameEj
 2173 0020 00000000 	.word _ZN7SnesRom16GetNumRomRegionsEv
 2174 0024 00000000 	.word _ZN7SnesRom16GetRomRegionNameEj
 2175 0028 00000000 	.word _ZN7SnesRom16GetRomRegionSizeEj
 2176 002c 00000000 	.word _ZN7SnesRom11GetRomTitleEv
 2177 0030 00000000 	.word _ZN7CEmuRom13GetMapperNameEv
 2178 0034 00000000 	.section .gnu.linkonce.t._ZN7CEmuRom13GetMapperNameEv,"ax",@progbits
 2179              	.align 2
 2180              	.p2align 3,,7
 2181              	.weak _ZN7CEmuRom13GetMapperNameEv
 2182              	.ent _ZN7CEmuRom13GetMapperNameEv
 2183              	_ZN7CEmuRom13GetMapperNameEv:
 2184              	.frame $sp,0,$31
 2185              	.mask 0x00000000,0
 2186              	.fmask 0x00000000,0
 2187              	.set noreorder
 2188              	.set nomacro
 2189 0000 0800E003 	j $31
 2190 0004 2D100000 	move $2,$0
 2191              	.set macro
 2192              	.set reorder
 2193              	
 2194              	.end _ZN7CEmuRom13GetMapperNameEv
 2195              	$Lfe20:
 2196              	.size _ZN7CEmuRom13GetMapperNameEv,$Lfe20-_ZN7CEmuRom13GetMapperNameEv
 2197              	.ident "GCC: (GNU) 3.2.2"
